MPRINT(EM_DIAGRAM):    data _null_;
MPRINT(EM_DIAGRAM):   call symput('NLDATE', strip(put(date(), NLDATE.)));
MPRINT(EM_DIAGRAM):   call symput('NLTIME', strip(put(datetime(), NLTIME.)));
MPRINT(EM_DIAGRAM):   run;
MPRINT(EM_DIAGRAM):   data _null_;
MPRINT(EM_DIAGRAM):   nldate= sasmsg("sashelp.dmine", "log_date_note", 'N', "November 04, 2015" );
MPRINT(EM_DIAGRAM):   nltime= sasmsg("sashelp.dmine", "log_time_note", 'N', "07:38:38" );
MPRINT(EM_DIAGRAM):   put "*------------------------------------------------------------*";
MPRINT(EM_DIAGRAM):   put "* Report Log";
MPRINT(EM_DIAGRAM):   put nldate;
MPRINT(EM_DIAGRAM):   put nltime;
MPRINT(EM_DIAGRAM):   put "*------------------------------------------------------------*";
MPRINT(EM_DIAGRAM):   run;
*------------------------------------------------------------*
* Report Log
Date:                November 04, 2015
Time:                07:38:38
*------------------------------------------------------------*
MPRINT(EM_DIAGRAM):    filename O2IY6RQG "C:\Users\sakerb01\Desktop\SAS EM 12.3 Tutorials _ Projects\Project_3\Workspaces\EMWS1\Part\EMREPORT.out" encoding="UTF-8" NOBOM;
MPRINT(EM_DIAGRAM):   proc printto print=O2IY6RQG new;
MPRINT(EM_DIAGRAM):   run;
MPRINT(EM_DIAGRAM):    data WORK.M0ERN67X;
MPRINT(EM_DIAGRAM):   set WORK.M0ERN67X;
MPRINT(EM_DIAGRAM):   where(ROLE = "TARGET" or ROLE = "FREQ");
MPRINT(EM_DIAGRAM):   run;
27118      *------------------------------------------------------------*;
MPRINT(EM_DIAGRAM):    *------------------------------------------------------------*;
27119      * Part: Computing statistics for class target variables;
MPRINT(EM_DIAGRAM):   * Part: Computing statistics for class target variables;
27120      *------------------------------------------------------------*;
MPRINT(EM_DIAGRAM):   *------------------------------------------------------------*;
27121      ods listing close;
MPRINT(EM_DIAGRAM):   ods listing close;
27122      ods output onewayfreqs=WORK.TEMPFREQ;
MPRINT(EM_DIAGRAM):   ods output onewayfreqs=WORK.TEMPFREQ;
27123      proc freq data = EMWS1.Ids_DATA order=formatted addnames;
MPRINT(EM_DIAGRAM):   proc freq data = EMWS1.Ids_DATA order=formatted addnames;
27124      table BAD / missing;
MPRINT(EM_DIAGRAM):   table BAD / missing;
27125      run;
MPRINT(EM_DIAGRAM):   run;

NOTE: View EMWS1.IDS_DATA.VIEW used (Total process time):
      real time           0.12 seconds
      cpu time            0.12 seconds
      
NOTE: There were 5960 observations read from the data set SAMPSIO.HMEQ.
NOTE: The data set WORK.TEMPFREQ has 2 observations and 8 variables.
NOTE: There were 5960 observations read from the data set EMWS1.IDS_DATA.
NOTE: PROCEDURE FREQ used (Total process time):
      real time           0.14 seconds
      cpu time            0.14 seconds
      

MPRINT(EM_DIAGRAM):   quit;
27126      quit;
27127      ods listing;
MPRINT(EM_DIAGRAM):   ods listing;
27128      data WORK.Part_BAR(keep=_VARIABLE_ TYPE COUNT PERCENT _X_ _XLABEL_);
MPRINT(EM_DIAGRAM):    data WORK.Part_BAR(keep=_VARIABLE_ TYPE COUNT PERCENT _X_ _XLABEL_);
27129      label _VARIABLE_ = "%sysfunc(sasmsg(sashelp.dmine, rpt_variable_vlabel, NOQUOTE))" Type = "%sysfunc(sasmsg(sashelp.dmine, rpt_type_vlabel,         NOQUOTE))" _X_ = "%sysfunc(sasmsg(sashelp.dmine, rpt_numValue_vlabel, NOQUOTE))" _XLABEL_ =
27130         "%sysfunc(sasmsg(sashelp.dmine, rpt_fmtValue_vlabel ,    NOQUOTE))" COUNT = "%sysfunc(sasmsg(sashelp.dmine, rpt_count_vlabel,        NOQUOTE))" PERCENT = "%sysfunc(sasmsg(sashelp.dmine, rpt_percent_vlabel,      NOQUOTE))";
MPRINT(EM_DIAGRAM):   label _VARIABLE_ = "Variable" Type = "Type" _X_ = "Numeric Value" _XLABEL_ = "Formatted Value" COUNT = "Frequency Count" PERCENT = "Percent";
27131      dsid = open("WORK.TEMPFREQ");
MPRINT(EM_DIAGRAM):   dsid = open("WORK.TEMPFREQ");
27132      varnum = varnum(dsid, 'VARIABLE');
MPRINT(EM_DIAGRAM):   varnum = varnum(dsid, 'VARIABLE');
27133      freqnum = varnum(dsid, 'FREQUENCY');
MPRINT(EM_DIAGRAM):   freqnum = varnum(dsid, 'FREQUENCY');
27134      pvarnum = varnum(dsid, 'PERCENT');
MPRINT(EM_DIAGRAM):   pvarnum = varnum(dsid, 'PERCENT');
27135      typenum = varnum(dsid, '_TYPE_');
MPRINT(EM_DIAGRAM):   typenum = varnum(dsid, '_TYPE_');
27136      length _VARIABLE_ $32 TYPE $1 _XLABEL_ $32;
MPRINT(EM_DIAGRAM):   length _VARIABLE_ $32 TYPE $1 _XLABEL_ $32;
27137      do while(^fetch(dsid));
MPRINT(EM_DIAGRAM):   do while(^fetch(dsid));
27138      _VARIABLE_ = strip(getvarc(dsid, varnum));
MPRINT(EM_DIAGRAM):   _VARIABLE_ = strip(getvarc(dsid, varnum));
27139      count = getvarn(dsid, freqnum);
MPRINT(EM_DIAGRAM):   count = getvarn(dsid, freqnum);
27140      percent= getvarn(dsid, pvarnum);
MPRINT(EM_DIAGRAM):   percent= getvarn(dsid, pvarnum);
27141      vvarnum = varnum(dsid, _VARIABLE_);
MPRINT(EM_DIAGRAM):   vvarnum = varnum(dsid, _VARIABLE_);
27142      type = vartype(dsid, vvarnum);
MPRINT(EM_DIAGRAM):   type = vartype(dsid, vvarnum);
27143      fvarnum = varnum(dsid, 'F_'!!substr(_VARIABLE_, 1, 30));
MPRINT(EM_DIAGRAM):   fvarnum = varnum(dsid, 'F_'!!substr(_VARIABLE_, 1, 30));
27144      _XLABEL_ = left(getvarc(dsid, fvarnum));
MPRINT(EM_DIAGRAM):   _XLABEL_ = left(getvarc(dsid, fvarnum));
27145      _X_ = .;
MPRINT(EM_DIAGRAM):   _X_ = .;
27146      if TYPE eq 'N' then _X_ = getvarn(dsid, vvarnum);
MPRINT(EM_DIAGRAM):   if TYPE eq 'N' then _X_ = getvarn(dsid, vvarnum);
27147      output;
MPRINT(EM_DIAGRAM):   output;
27148      end;
MPRINT(EM_DIAGRAM):   end;
27149      dsid = close(dsid);
MPRINT(EM_DIAGRAM):   dsid = close(dsid);
27150      run;
MPRINT(EM_DIAGRAM):   run;

NOTE: The data set WORK.PART_BAR has 2 observations and 6 variables.
NOTE: DATA statement used (Total process time):
      real time           0.06 seconds
      cpu time            0.06 seconds
      

27151      proc sort data=WORK.Part_BAR NOTHREADS;
MPRINT(EM_DIAGRAM):   proc sort data=WORK.Part_BAR NOTHREADS;
27152      by _VARIABLE_;
MPRINT(EM_DIAGRAM):   by _VARIABLE_;
27153      run;
MPRINT(EM_DIAGRAM):   run;

NOTE: There were 2 observations read from the data set WORK.PART_BAR.
NOTE: The data set WORK.PART_BAR has 2 observations and 6 variables.
NOTE: PROCEDURE SORT used (Total process time):
      real time           0.01 seconds
      cpu time            0.01 seconds
      

27154      proc sort data=WORK.M0ERN67X;
MPRINT(EM_DIAGRAM):   proc sort data=WORK.M0ERN67X;
27155      by Name;
MPRINT(EM_DIAGRAM):   by Name;
27156      run;
MPRINT(EM_DIAGRAM):   run;

NOTE: There were 1 observations read from the data set WORK.M0ERN67X.
NOTE: The data set WORK.M0ERN67X has 1 observations and 21 variables.
NOTE: PROCEDURE SORT used (Total process time):
      real time           0.01 seconds
      cpu time            0.01 seconds
      

27157      data WORK.Part_BAR;
MPRINT(EM_DIAGRAM):   data WORK.Part_BAR;
27158      merge WORK.Part_BAR(in=_a) WORK.M0ERN67X(keep=Name Label Role rename=(Name=_Variable_ Label=_Label_));
MPRINT(EM_DIAGRAM):   merge WORK.Part_BAR(in=_a) WORK.M0ERN67X(keep=Name Label Role rename=(Name=_Variable_ Label=_Label_));
27159      by _Variable_;
MPRINT(EM_DIAGRAM):   by _Variable_;
27160      label Role = "%sysfunc(sasmsg(sashelp.dmine, meta_role_vlabel ,  NOQUOTE))";
MPRINT(EM_DIAGRAM):   label Role = "Role";
27161      label Label = "%sysfunc(sasmsg(sashelp.dmine, meta_label_vlabel , NOQUOTE))";
MPRINT(EM_DIAGRAM):   label Label = "Label";
27162      if _a then output;
MPRINT(EM_DIAGRAM):   if _a then output;
27163      run;
MPRINT(EM_DIAGRAM):   run;

NOTE: Variable Label is uninitialized.
WARNING: Multiple lengths were specified for the BY variable _VARIABLE_ by input data sets. This might cause unexpected results.
NOTE: There were 2 observations read from the data set WORK.PART_BAR.
NOTE: There were 1 observations read from the data set WORK.M0ERN67X.
NOTE: The data set WORK.PART_BAR has 2 observations and 8 variables.
NOTE: DATA statement used (Total process time):
      real time           0.03 seconds
      cpu time            0.03 seconds
      

27164      data EMWS1.Part_CLASS;
MPRINT(EM_DIAGRAM):    data EMWS1.Part_CLASS;
27165      length DATA $8;
MPRINT(EM_DIAGRAM):   length DATA $8;
27166      set WORK.Part_BAR;
MPRINT(EM_DIAGRAM):   set WORK.Part_BAR;
27167      DATA = "DATA";
MPRINT(EM_DIAGRAM):   DATA = "DATA";
27168      run;
MPRINT(EM_DIAGRAM):   run;

NOTE: There were 2 observations read from the data set WORK.PART_BAR.
NOTE: The data set EMWS1.PART_CLASS has 2 observations and 9 variables.
NOTE: DATA statement used (Total process time):
      real time           0.01 seconds
      cpu time            0.01 seconds
      

27169      *------------------------------------------------------------*;
MPRINT(EM_DIAGRAM):    *------------------------------------------------------------*;
27170      * Part: Computing statistics for interval target variables;
MPRINT(EM_DIAGRAM):   * Part: Computing statistics for interval target variables;
27171      *------------------------------------------------------------*;
MPRINT(EM_DIAGRAM):   *------------------------------------------------------------*;
27172      *------------------------------------------------------------*;
MPRINT(EM_DIAGRAM):   *------------------------------------------------------------*;
27173      * Part: Computing statistics for class target variables;
MPRINT(EM_DIAGRAM):   * Part: Computing statistics for class target variables;
27174      *------------------------------------------------------------*;
MPRINT(EM_DIAGRAM):   *------------------------------------------------------------*;
27175      ods listing close;
MPRINT(EM_DIAGRAM):   ods listing close;
27176      ods output onewayfreqs=WORK.TEMPFREQ;
MPRINT(EM_DIAGRAM):   ods output onewayfreqs=WORK.TEMPFREQ;
27177      proc freq data = EMWS1.Part_TRAIN order=formatted addnames;
MPRINT(EM_DIAGRAM):   proc freq data = EMWS1.Part_TRAIN order=formatted addnames;
27178      table BAD / missing;
MPRINT(EM_DIAGRAM):   table BAD / missing;
27179      run;
MPRINT(EM_DIAGRAM):   run;

NOTE: The data set WORK.TEMPFREQ has 2 observations and 8 variables.
NOTE: There were 2979 observations read from the data set EMWS1.PART_TRAIN.
NOTE: PROCEDURE FREQ used (Total process time):
      real time           0.03 seconds
      cpu time            0.03 seconds
      

MPRINT(EM_DIAGRAM):   quit;
27180      quit;
27181      ods listing;
MPRINT(EM_DIAGRAM):   ods listing;
27182      data WORK.Part_BAR(keep=_VARIABLE_ TYPE COUNT PERCENT _X_ _XLABEL_);
MPRINT(EM_DIAGRAM):    data WORK.Part_BAR(keep=_VARIABLE_ TYPE COUNT PERCENT _X_ _XLABEL_);
27183      label _VARIABLE_ = "%sysfunc(sasmsg(sashelp.dmine, rpt_variable_vlabel, NOQUOTE))" Type = "%sysfunc(sasmsg(sashelp.dmine, rpt_type_vlabel,         NOQUOTE))" _X_ = "%sysfunc(sasmsg(sashelp.dmine, rpt_numValue_vlabel, NOQUOTE))" _XLABEL_ =
27184         "%sysfunc(sasmsg(sashelp.dmine, rpt_fmtValue_vlabel ,    NOQUOTE))" COUNT = "%sysfunc(sasmsg(sashelp.dmine, rpt_count_vlabel,        NOQUOTE))" PERCENT = "%sysfunc(sasmsg(sashelp.dmine, rpt_percent_vlabel,      NOQUOTE))";
MPRINT(EM_DIAGRAM):   label _VARIABLE_ = "Variable" Type = "Type" _X_ = "Numeric Value" _XLABEL_ = "Formatted Value" COUNT = "Frequency Count" PERCENT = "Percent";
27185      dsid = open("WORK.TEMPFREQ");
MPRINT(EM_DIAGRAM):   dsid = open("WORK.TEMPFREQ");
27186      varnum = varnum(dsid, 'VARIABLE');
MPRINT(EM_DIAGRAM):   varnum = varnum(dsid, 'VARIABLE');
27187      freqnum = varnum(dsid, 'FREQUENCY');
MPRINT(EM_DIAGRAM):   freqnum = varnum(dsid, 'FREQUENCY');
27188      pvarnum = varnum(dsid, 'PERCENT');
MPRINT(EM_DIAGRAM):   pvarnum = varnum(dsid, 'PERCENT');
27189      typenum = varnum(dsid, '_TYPE_');
MPRINT(EM_DIAGRAM):   typenum = varnum(dsid, '_TYPE_');
27190      length _VARIABLE_ $32 TYPE $1 _XLABEL_ $32;
MPRINT(EM_DIAGRAM):   length _VARIABLE_ $32 TYPE $1 _XLABEL_ $32;
27191      do while(^fetch(dsid));
MPRINT(EM_DIAGRAM):   do while(^fetch(dsid));
27192      _VARIABLE_ = strip(getvarc(dsid, varnum));
MPRINT(EM_DIAGRAM):   _VARIABLE_ = strip(getvarc(dsid, varnum));
27193      count = getvarn(dsid, freqnum);
MPRINT(EM_DIAGRAM):   count = getvarn(dsid, freqnum);
27194      percent= getvarn(dsid, pvarnum);
MPRINT(EM_DIAGRAM):   percent= getvarn(dsid, pvarnum);
27195      vvarnum = varnum(dsid, _VARIABLE_);
MPRINT(EM_DIAGRAM):   vvarnum = varnum(dsid, _VARIABLE_);
27196      type = vartype(dsid, vvarnum);
MPRINT(EM_DIAGRAM):   type = vartype(dsid, vvarnum);
27197      fvarnum = varnum(dsid, 'F_'!!substr(_VARIABLE_, 1, 30));
MPRINT(EM_DIAGRAM):   fvarnum = varnum(dsid, 'F_'!!substr(_VARIABLE_, 1, 30));
27198      _XLABEL_ = left(getvarc(dsid, fvarnum));
MPRINT(EM_DIAGRAM):   _XLABEL_ = left(getvarc(dsid, fvarnum));
27199      _X_ = .;
MPRINT(EM_DIAGRAM):   _X_ = .;
27200      if TYPE eq 'N' then _X_ = getvarn(dsid, vvarnum);
MPRINT(EM_DIAGRAM):   if TYPE eq 'N' then _X_ = getvarn(dsid, vvarnum);
27201      output;
MPRINT(EM_DIAGRAM):   output;
27202      end;
MPRINT(EM_DIAGRAM):   end;
27203      dsid = close(dsid);
MPRINT(EM_DIAGRAM):   dsid = close(dsid);
27204      run;
MPRINT(EM_DIAGRAM):   run;

NOTE: The data set WORK.PART_BAR has 2 observations and 6 variables.
NOTE: DATA statement used (Total process time):
      real time           0.04 seconds
      cpu time            0.04 seconds
      

27205      proc sort data=WORK.Part_BAR NOTHREADS;
MPRINT(EM_DIAGRAM):   proc sort data=WORK.Part_BAR NOTHREADS;
27206      by _VARIABLE_;
MPRINT(EM_DIAGRAM):   by _VARIABLE_;
27207      run;
MPRINT(EM_DIAGRAM):   run;

NOTE: There were 2 observations read from the data set WORK.PART_BAR.
NOTE: The data set WORK.PART_BAR has 2 observations and 6 variables.
NOTE: PROCEDURE SORT used (Total process time):
      real time           0.01 seconds
      cpu time            0.01 seconds
      

27208      proc sort data=WORK.M0ERN67X;
MPRINT(EM_DIAGRAM):   proc sort data=WORK.M0ERN67X;
27209      by Name;
MPRINT(EM_DIAGRAM):   by Name;
27210      run;
MPRINT(EM_DIAGRAM):   run;

NOTE: Input data set is already sorted, no sorting done.
NOTE: PROCEDURE SORT used (Total process time):
      real time           0.00 seconds
      cpu time            0.00 seconds
      

27211      data WORK.Part_BAR;
MPRINT(EM_DIAGRAM):   data WORK.Part_BAR;
27212      merge WORK.Part_BAR(in=_a) WORK.M0ERN67X(keep=Name Label Role rename=(Name=_Variable_ Label=_Label_));
MPRINT(EM_DIAGRAM):   merge WORK.Part_BAR(in=_a) WORK.M0ERN67X(keep=Name Label Role rename=(Name=_Variable_ Label=_Label_));
27213      by _Variable_;
MPRINT(EM_DIAGRAM):   by _Variable_;
27214      label Role = "%sysfunc(sasmsg(sashelp.dmine, meta_role_vlabel ,  NOQUOTE))";
MPRINT(EM_DIAGRAM):   label Role = "Role";
27215      label Label = "%sysfunc(sasmsg(sashelp.dmine, meta_label_vlabel , NOQUOTE))";
MPRINT(EM_DIAGRAM):   label Label = "Label";
27216      if _a then output;
MPRINT(EM_DIAGRAM):   if _a then output;
27217      run;
MPRINT(EM_DIAGRAM):   run;

NOTE: Variable Label is uninitialized.
WARNING: Multiple lengths were specified for the BY variable _VARIABLE_ by input data sets. This might cause unexpected results.
NOTE: There were 2 observations read from the data set WORK.PART_BAR.
NOTE: There were 1 observations read from the data set WORK.M0ERN67X.
NOTE: The data set WORK.PART_BAR has 2 observations and 8 variables.
NOTE: DATA statement used (Total process time):
      real time           0.03 seconds
      cpu time            0.03 seconds
      

27218      data WORK.Part_BAR;
MPRINT(EM_DIAGRAM):    data WORK.Part_BAR;
27219      length DATA $8;
MPRINT(EM_DIAGRAM):   length DATA $8;
27220      set WORK.Part_BAR;
MPRINT(EM_DIAGRAM):   set WORK.Part_BAR;
27221      DATA = "TRAIN";
MPRINT(EM_DIAGRAM):   DATA = "TRAIN";
27222      run;
MPRINT(EM_DIAGRAM):   run;

NOTE: There were 2 observations read from the data set WORK.PART_BAR.
NOTE: The data set WORK.PART_BAR has 2 observations and 9 variables.
NOTE: DATA statement used (Total process time):
      real time           0.01 seconds
      cpu time            0.01 seconds
      

27223      data EMWS1.Part_CLASS;
MPRINT(EM_DIAGRAM):   data EMWS1.Part_CLASS;
27224      set EMWS1.Part_CLASS WORK.Part_BAR;
MPRINT(EM_DIAGRAM):   set EMWS1.Part_CLASS WORK.Part_BAR;
27225      run;
MPRINT(EM_DIAGRAM):   run;

NOTE: There were 2 observations read from the data set EMWS1.PART_CLASS.
NOTE: There were 2 observations read from the data set WORK.PART_BAR.
NOTE: The data set EMWS1.PART_CLASS has 4 observations and 9 variables.
NOTE: DATA statement used (Total process time):
      real time           0.01 seconds
      cpu time            0.01 seconds
      

27226      *------------------------------------------------------------*;
MPRINT(EM_DIAGRAM):    *------------------------------------------------------------*;
27227      * Part: Computing statistics for interval target variables;
MPRINT(EM_DIAGRAM):   * Part: Computing statistics for interval target variables;
27228      *------------------------------------------------------------*;
MPRINT(EM_DIAGRAM):   *------------------------------------------------------------*;
27229      *------------------------------------------------------------*;
MPRINT(EM_DIAGRAM):   *------------------------------------------------------------*;
27230      * Part: Computing statistics for class target variables;
MPRINT(EM_DIAGRAM):   * Part: Computing statistics for class target variables;
27231      *------------------------------------------------------------*;
MPRINT(EM_DIAGRAM):   *------------------------------------------------------------*;
27232      ods listing close;
MPRINT(EM_DIAGRAM):   ods listing close;
27233      ods output onewayfreqs=WORK.TEMPFREQ;
MPRINT(EM_DIAGRAM):   ods output onewayfreqs=WORK.TEMPFREQ;
27234      proc freq data = EMWS1.Part_VALIDATE order=formatted addnames;
MPRINT(EM_DIAGRAM):   proc freq data = EMWS1.Part_VALIDATE order=formatted addnames;
27235      table BAD / missing;
MPRINT(EM_DIAGRAM):   table BAD / missing;
27236      run;
MPRINT(EM_DIAGRAM):   run;

NOTE: The data set WORK.TEMPFREQ has 2 observations and 8 variables.
NOTE: There were 2981 observations read from the data set EMWS1.PART_VALIDATE.
NOTE: PROCEDURE FREQ used (Total process time):
      real time           0.03 seconds
      cpu time            0.03 seconds
      

MPRINT(EM_DIAGRAM):   quit;
27237      quit;
27238      ods listing;
MPRINT(EM_DIAGRAM):   ods listing;
27239      data WORK.Part_BAR(keep=_VARIABLE_ TYPE COUNT PERCENT _X_ _XLABEL_);
MPRINT(EM_DIAGRAM):    data WORK.Part_BAR(keep=_VARIABLE_ TYPE COUNT PERCENT _X_ _XLABEL_);
27240      label _VARIABLE_ = "%sysfunc(sasmsg(sashelp.dmine, rpt_variable_vlabel, NOQUOTE))" Type = "%sysfunc(sasmsg(sashelp.dmine, rpt_type_vlabel,         NOQUOTE))" _X_ = "%sysfunc(sasmsg(sashelp.dmine, rpt_numValue_vlabel, NOQUOTE))" _XLABEL_ =
27241         "%sysfunc(sasmsg(sashelp.dmine, rpt_fmtValue_vlabel ,    NOQUOTE))" COUNT = "%sysfunc(sasmsg(sashelp.dmine, rpt_count_vlabel,        NOQUOTE))" PERCENT = "%sysfunc(sasmsg(sashelp.dmine, rpt_percent_vlabel,      NOQUOTE))";
MPRINT(EM_DIAGRAM):   label _VARIABLE_ = "Variable" Type = "Type" _X_ = "Numeric Value" _XLABEL_ = "Formatted Value" COUNT = "Frequency Count" PERCENT = "Percent";
27242      dsid = open("WORK.TEMPFREQ");
MPRINT(EM_DIAGRAM):   dsid = open("WORK.TEMPFREQ");
27243      varnum = varnum(dsid, 'VARIABLE');
MPRINT(EM_DIAGRAM):   varnum = varnum(dsid, 'VARIABLE');
27244      freqnum = varnum(dsid, 'FREQUENCY');
MPRINT(EM_DIAGRAM):   freqnum = varnum(dsid, 'FREQUENCY');
27245      pvarnum = varnum(dsid, 'PERCENT');
MPRINT(EM_DIAGRAM):   pvarnum = varnum(dsid, 'PERCENT');
27246      typenum = varnum(dsid, '_TYPE_');
MPRINT(EM_DIAGRAM):   typenum = varnum(dsid, '_TYPE_');
27247      length _VARIABLE_ $32 TYPE $1 _XLABEL_ $32;
MPRINT(EM_DIAGRAM):   length _VARIABLE_ $32 TYPE $1 _XLABEL_ $32;
27248      do while(^fetch(dsid));
MPRINT(EM_DIAGRAM):   do while(^fetch(dsid));
27249      _VARIABLE_ = strip(getvarc(dsid, varnum));
MPRINT(EM_DIAGRAM):   _VARIABLE_ = strip(getvarc(dsid, varnum));
27250      count = getvarn(dsid, freqnum);
MPRINT(EM_DIAGRAM):   count = getvarn(dsid, freqnum);
27251      percent= getvarn(dsid, pvarnum);
MPRINT(EM_DIAGRAM):   percent= getvarn(dsid, pvarnum);
27252      vvarnum = varnum(dsid, _VARIABLE_);
MPRINT(EM_DIAGRAM):   vvarnum = varnum(dsid, _VARIABLE_);
27253      type = vartype(dsid, vvarnum);
MPRINT(EM_DIAGRAM):   type = vartype(dsid, vvarnum);
27254      fvarnum = varnum(dsid, 'F_'!!substr(_VARIABLE_, 1, 30));
MPRINT(EM_DIAGRAM):   fvarnum = varnum(dsid, 'F_'!!substr(_VARIABLE_, 1, 30));
27255      _XLABEL_ = left(getvarc(dsid, fvarnum));
MPRINT(EM_DIAGRAM):   _XLABEL_ = left(getvarc(dsid, fvarnum));
27256      _X_ = .;
MPRINT(EM_DIAGRAM):   _X_ = .;
27257      if TYPE eq 'N' then _X_ = getvarn(dsid, vvarnum);
MPRINT(EM_DIAGRAM):   if TYPE eq 'N' then _X_ = getvarn(dsid, vvarnum);
27258      output;
MPRINT(EM_DIAGRAM):   output;
27259      end;
MPRINT(EM_DIAGRAM):   end;
27260      dsid = close(dsid);
MPRINT(EM_DIAGRAM):   dsid = close(dsid);
27261      run;
MPRINT(EM_DIAGRAM):   run;

NOTE: The data set WORK.PART_BAR has 2 observations and 6 variables.
NOTE: DATA statement used (Total process time):
      real time           0.04 seconds
      cpu time            0.04 seconds
      

27262      proc sort data=WORK.Part_BAR NOTHREADS;
MPRINT(EM_DIAGRAM):   proc sort data=WORK.Part_BAR NOTHREADS;
27263      by _VARIABLE_;
MPRINT(EM_DIAGRAM):   by _VARIABLE_;
27264      run;
MPRINT(EM_DIAGRAM):   run;

NOTE: There were 2 observations read from the data set WORK.PART_BAR.
NOTE: The data set WORK.PART_BAR has 2 observations and 6 variables.
NOTE: PROCEDURE SORT used (Total process time):
      real time           0.01 seconds
      cpu time            0.01 seconds
      

27265      proc sort data=WORK.M0ERN67X;
MPRINT(EM_DIAGRAM):   proc sort data=WORK.M0ERN67X;
27266      by Name;
MPRINT(EM_DIAGRAM):   by Name;
27267      run;
MPRINT(EM_DIAGRAM):   run;

NOTE: Input data set is already sorted, no sorting done.
NOTE: PROCEDURE SORT used (Total process time):
      real time           0.00 seconds
      cpu time            0.00 seconds
      

27268      data WORK.Part_BAR;
MPRINT(EM_DIAGRAM):   data WORK.Part_BAR;
27269      merge WORK.Part_BAR(in=_a) WORK.M0ERN67X(keep=Name Label Role rename=(Name=_Variable_ Label=_Label_));
MPRINT(EM_DIAGRAM):   merge WORK.Part_BAR(in=_a) WORK.M0ERN67X(keep=Name Label Role rename=(Name=_Variable_ Label=_Label_));
27270      by _Variable_;
MPRINT(EM_DIAGRAM):   by _Variable_;
27271      label Role = "%sysfunc(sasmsg(sashelp.dmine, meta_role_vlabel ,  NOQUOTE))";
MPRINT(EM_DIAGRAM):   label Role = "Role";
27272      label Label = "%sysfunc(sasmsg(sashelp.dmine, meta_label_vlabel , NOQUOTE))";
MPRINT(EM_DIAGRAM):   label Label = "Label";
27273      if _a then output;
MPRINT(EM_DIAGRAM):   if _a then output;
27274      run;
MPRINT(EM_DIAGRAM):   run;

NOTE: Variable Label is uninitialized.
WARNING: Multiple lengths were specified for the BY variable _VARIABLE_ by input data sets. This might cause unexpected results.
NOTE: There were 2 observations read from the data set WORK.PART_BAR.
NOTE: There were 1 observations read from the data set WORK.M0ERN67X.
NOTE: The data set WORK.PART_BAR has 2 observations and 8 variables.
NOTE: DATA statement used (Total process time):
      real time           0.03 seconds
      cpu time            0.03 seconds
      

27275      data WORK.Part_BAR;
MPRINT(EM_DIAGRAM):    data WORK.Part_BAR;
27276      length DATA $8;
MPRINT(EM_DIAGRAM):   length DATA $8;
27277      set WORK.Part_BAR;
MPRINT(EM_DIAGRAM):   set WORK.Part_BAR;
27278      DATA = "VALIDATE";
MPRINT(EM_DIAGRAM):   DATA = "VALIDATE";
27279      run;
MPRINT(EM_DIAGRAM):   run;

NOTE: There were 2 observations read from the data set WORK.PART_BAR.
NOTE: The data set WORK.PART_BAR has 2 observations and 9 variables.
NOTE: DATA statement used (Total process time):
      real time           0.01 seconds
      cpu time            0.01 seconds
      

27280      data EMWS1.Part_CLASS;
MPRINT(EM_DIAGRAM):   data EMWS1.Part_CLASS;
27281      set EMWS1.Part_CLASS WORK.Part_BAR;
MPRINT(EM_DIAGRAM):   set EMWS1.Part_CLASS WORK.Part_BAR;
27282      run;
MPRINT(EM_DIAGRAM):   run;

NOTE: There were 4 observations read from the data set EMWS1.PART_CLASS.
NOTE: There were 2 observations read from the data set WORK.PART_BAR.
NOTE: The data set EMWS1.PART_CLASS has 6 observations and 9 variables.
NOTE: DATA statement used (Total process time):
      real time           0.01 seconds
      cpu time            0.01 seconds
      

27283      *------------------------------------------------------------*;
MPRINT(EM_DIAGRAM):    *------------------------------------------------------------*;
27284      * Part: Computing statistics for interval target variables;
MPRINT(EM_DIAGRAM):   * Part: Computing statistics for interval target variables;
27285      *------------------------------------------------------------*;
MPRINT(EM_DIAGRAM):   *------------------------------------------------------------*;
27286      data EMWS1.Part_CLASS(rename=(_VARIABLE_=VARIABLE _X_=VALUE _XLABEL_=FORMATTEDVALUE));
MPRINT(EM_DIAGRAM):   data EMWS1.Part_CLASS(rename=(_VARIABLE_=VARIABLE _X_=VALUE _XLABEL_=FORMATTEDVALUE));
27287      label DATA = "%sysfunc(sasmsg(sashelp.dmine, rpt_data_vlabel ,   NOQUOTE))";
MPRINT(EM_DIAGRAM):   label DATA = "Data";
27288      set EMWS1.Part_CLASS;
MPRINT(EM_DIAGRAM):   set EMWS1.Part_CLASS;
27289      drop type role;
MPRINT(EM_DIAGRAM):   drop type role;
27290      run;
MPRINT(EM_DIAGRAM):   run;

NOTE: There were 6 observations read from the data set EMWS1.PART_CLASS.
NOTE: The data set EMWS1.PART_CLASS has 6 observations and 7 variables.
NOTE: DATA statement used (Total process time):
      real time           0.03 seconds
      cpu time            0.03 seconds
      

27291      proc sort data=EMWS1.Part_CLASS NOTHREADS;
MPRINT(EM_DIAGRAM):   proc sort data=EMWS1.Part_CLASS NOTHREADS;
27292      by DATA;
MPRINT(EM_DIAGRAM):   by DATA;
27293      run;
MPRINT(EM_DIAGRAM):   run;

NOTE: There were 6 observations read from the data set EMWS1.PART_CLASS.
NOTE: The data set EMWS1.PART_CLASS has 6 observations and 7 variables.
NOTE: PROCEDURE SORT used (Total process time):
      real time           0.01 seconds
      cpu time            0.01 seconds
      

27294      %let _cn = %sysfunc(getoption(CENTER));
27295      %let _nb = %sysfunc(getoption(NUMBER));
27296      options nonumber nocenter;
MPRINT(EM_DIAGRAM):   options nonumber nocenter;
27297      proc print data=EMWS1.Part_CLASS noobs label;
MPRINT(EM_DIAGRAM):   proc print data=EMWS1.Part_CLASS noobs label;
27298      by DATA;
MPRINT(EM_DIAGRAM):   by DATA;
27299      title9 ' ';
MPRINT(EM_DIAGRAM):   title9 ' ';
27300      title10 "%sysfunc(sasmsg(sashelp.dmine, rpt_classTargetStats_title, NOQUOTE))";
MPRINT(EM_DIAGRAM):   title10 "Summary Statistics for Class Targets";
MPRINT(EM_DIAGRAM):   run;
27301      run;

NOTE: There were 6 observations read from the data set EMWS1.PART_CLASS.
NOTE: The PROCEDURE PRINT printed page 6.
NOTE: PROCEDURE PRINT used (Total process time):
      real time           0.04 seconds
      cpu time            0.03 seconds
      

27302      title10;
MPRINT(EM_DIAGRAM):   title10;
27303      options &_cn &_nb;
MPRINT(EM_DIAGRAM):   options NOCENTER NONUMBER;
MPRINT(EM_DIAGRAM):    proc printto;
MPRINT(EM_DIAGRAM):   run;
