MPRINT(EM_DIAGRAM):    data _null_;
MPRINT(EM_DIAGRAM):   call symput('NLDATE', strip(put(date(), NLDATE.)));
MPRINT(EM_DIAGRAM):   call symput('NLTIME', strip(put(datetime(), NLTIME.)));
MPRINT(EM_DIAGRAM):   run;
MPRINT(EM_DIAGRAM):   data _null_;
MPRINT(EM_DIAGRAM):   nldate= sasmsg("sashelp.dmine", "log_date_note", 'N', "November 04, 2015" );
MPRINT(EM_DIAGRAM):   nltime= sasmsg("sashelp.dmine", "log_time_note", 'N', "07:39:05" );
MPRINT(EM_DIAGRAM):   put "*------------------------------------------------------------*";
MPRINT(EM_DIAGRAM):   put "* Training Log";
MPRINT(EM_DIAGRAM):   put nldate;
MPRINT(EM_DIAGRAM):   put nltime;
MPRINT(EM_DIAGRAM):   put "*------------------------------------------------------------*";
MPRINT(EM_DIAGRAM):   run;
*------------------------------------------------------------*
* Training Log
Date:                November 04, 2015
Time:                07:39:05
*------------------------------------------------------------*
MPRINT(EM_DIAGRAM):    filename O18T07S8 "C:\Users\sakerb01\Desktop\SAS EM 12.3 Tutorials _ Projects\Project_3\Workspaces\EMWS1\Varsel\EMTRAIN.out" encoding="UTF-8" NOBOM;
MPRINT(EM_DIAGRAM):   proc printto print=O18T07S8 new;
MPRINT(EM_DIAGRAM):   run;
MPRINT(EM_DIAGRAM):    filename _LOG "C:\Users\sakerb01\Desktop\SAS EM 12.3 Tutorials _ Projects\Project_3\Workspaces\EMWS1\Varsel\EMLOG.log" encoding="UTF-8" NOBOM;
MPRINT(EM_DIAGRAM):    data _null_;
MPRINT(EM_DIAGRAM):   call symput('NLDATE', strip(put(date(), NLDATE.)));
MPRINT(EM_DIAGRAM):   call symput('NLTIME', strip(put(datetime(), NLTIME.)));
MPRINT(EM_DIAGRAM):   run;
MPRINT(EM_DIAGRAM):   data _null_;
MPRINT(EM_DIAGRAM):   nldate= sasmsg("sashelp.dmine", "log_date_note", 'N', "November 04, 2015" );
MPRINT(EM_DIAGRAM):   nltime= sasmsg("sashelp.dmine", "log_time_note", 'N', "07:39:05" );
MPRINT(EM_DIAGRAM):   file _LOG;
MPRINT(EM_DIAGRAM):   put "*------------------------------------------------------------*";
MPRINT(EM_DIAGRAM):   put "User:                sakerb01";
MPRINT(EM_DIAGRAM):   put nldate;
MPRINT(EM_DIAGRAM):   put nltime;
MPRINT(EM_DIAGRAM):   put "Site:                70080760";
MPRINT(EM_DIAGRAM):   put "Platform:            X64_7PRO";
MPRINT(EM_DIAGRAM):   put "Maintenance Release: 9.04.01M1P120413";
MPRINT(EM_DIAGRAM):   put "EM Version:          13.1";
MPRINT(EM_DIAGRAM):   put "* ";
MPRINT(EM_DIAGRAM):   run;
MPRINT(EM_DIAGRAM):    filename _LOGIN "C:\Users\sakerb01\Desktop\SAS EM 12.3 Tutorials _ Projects\Project_3\Workspaces\EMWS1\Varsel\EMTRAIN.log" encoding="UTF-8" NOBOM;
MPRINT(EM_COPYFILE):   data _null_;
MPRINT(EM_COPYFILE):   length line $20000;
MPRINT(EM_COPYFILE):   file _LOG MOD lrecl=20000;
MPRINT(EM_COPYFILE):   fid=fopen("_LOGIN",'i',20000,'v');
MPRINT(EM_COPYFILE):   if fid > 0 then do;
MPRINT(EM_COPYFILE):   do while(^fread(fid));
MPRINT(EM_COPYFILE):   rlen = frlen(fid);
MPRINT(EM_COPYFILE):   rc= fget(fid,line,20000);
MPRINT(EM_COPYFILE):   start = length(line)-length(left(line))+1;
MPRINT(EM_COPYFILE):   line=strip(line);
MPRINT(EM_COPYFILE):   put @start line;
MPRINT(EM_COPYFILE):   end;
MPRINT(EM_COPYFILE):   if fid > 0 then rc=fclose(fid);
MPRINT(EM_COPYFILE):   end;
MPRINT(EM_COPYFILE):   run;
MPRINT(EM_DIAGRAM):  ;
MPRINT(EM_DIAGRAM):   filename _LOGIN;
MPRINT(EM_DIAGRAM):    data _null_;
MPRINT(EM_DIAGRAM):   file _LOG mod;
MPRINT(EM_DIAGRAM):   put _page_;
MPRINT(EM_DIAGRAM):   run;
MPRINT(EM_DIAGRAM):   filename _LOGIN "C:\Users\sakerb01\Desktop\SAS EM 12.3 Tutorials _ Projects\Project_3\Workspaces\EMWS1\Varsel\EMSCORE.log" encoding="UTF-8" NOBOM;
MPRINT(EM_DIAGRAM):  ;
MPRINT(EM_DIAGRAM):   data _null_;
MPRINT(EM_DIAGRAM):   file _LOG mod;
MPRINT(EM_DIAGRAM):   put _page_;
MPRINT(EM_DIAGRAM):   run;
MPRINT(EM_DIAGRAM):    filename _LOGIN "C:\Users\sakerb01\Desktop\SAS EM 12.3 Tutorials _ Projects\Project_3\Workspaces\EMWS1\Varsel\EMREPORT.log" encoding="UTF-8" NOBOM;
MPRINT(EM_DIAGRAM):  ;
MPRINT(EM_DIAGRAM):   filename _LOGIN;
MPRINT(EM_DIAGRAM):    filename _LOG;
MPRINT(EM_DIAGRAM):    filename _OUT "C:\Users\sakerb01\Desktop\SAS EM 12.3 Tutorials _ Projects\Project_3\Workspaces\EMWS1\Varsel\EMOUTPUT.out" encoding="UTF-8" NOBOM;
MPRINT(EM_DIAGRAM):    data _null_;
MPRINT(EM_DIAGRAM):   call symput('NLDATE', strip(put(date(), NLDATE.)));
MPRINT(EM_DIAGRAM):   call symput('NLTIME', strip(put(datetime(), NLTIME.)));
MPRINT(EM_DIAGRAM):   run;
MPRINT(EM_DIAGRAM):   data _null_;
MPRINT(EM_DIAGRAM):   nldate= sasmsg("sashelp.dmine", "log_date_note", 'N', "November 04, 2015" );
MPRINT(EM_DIAGRAM):   nltime= sasmsg("sashelp.dmine", "log_time_note", 'N', "07:39:05" );
MPRINT(EM_DIAGRAM):   file _OUT;
MPRINT(EM_DIAGRAM):   put "*------------------------------------------------------------*";
MPRINT(EM_DIAGRAM):   put "User:                sakerb01";
MPRINT(EM_DIAGRAM):   put nldate;
MPRINT(EM_DIAGRAM):   put nltime;
MPRINT(EM_DIAGRAM):   put "*------------------------------------------------------------*";
MPRINT(EM_DIAGRAM):   put "* Training Output";
MPRINT(EM_DIAGRAM):   put "*------------------------------------------------------------*";
MPRINT(EM_DIAGRAM):   run;
MPRINT(EM_DIAGRAM):    filename _OUTIN "C:\Users\sakerb01\Desktop\SAS EM 12.3 Tutorials _ Projects\Project_3\Workspaces\EMWS1\Varsel\EMTRAIN.out" encoding="UTF-8" NOBOM;
MPRINT(EM_DIAGRAM):   ;
MPRINT(EM_COPYFILE):   data _null_;
MPRINT(EM_COPYFILE):   length line $20000;
MPRINT(EM_COPYFILE):   file _OUT MOD lrecl=20000;
MPRINT(EM_COPYFILE):   fid=fopen("_OUTIN",'i',20000,'v');
MPRINT(EM_COPYFILE):   if fid > 0 then do;
MPRINT(EM_COPYFILE):   do while(^fread(fid));
MPRINT(EM_COPYFILE):   rlen = frlen(fid);
MPRINT(EM_COPYFILE):   rc= fget(fid,line,20000);
MPRINT(EM_COPYFILE):   start = length(line)-length(left(line))+1;
MPRINT(EM_COPYFILE):   line=strip(line);
MPRINT(EM_COPYFILE):   put @start line;
MPRINT(EM_COPYFILE):   end;
MPRINT(EM_COPYFILE):   if fid > 0 then rc=fclose(fid);
MPRINT(EM_COPYFILE):   end;
MPRINT(EM_COPYFILE):   run;
MPRINT(EM_DIAGRAM):  ;
MPRINT(EM_DIAGRAM):   filename _OUTIN;
MPRINT(EM_DIAGRAM):    data _null_;
MPRINT(EM_DIAGRAM):   file _OUT mod;
MPRINT(EM_DIAGRAM):   put _page_;
MPRINT(EM_DIAGRAM):   put // "*------------------------------------------------------------*";
MPRINT(EM_DIAGRAM):   put "* Score Output";
MPRINT(EM_DIAGRAM):   put "*------------------------------------------------------------*";
MPRINT(EM_DIAGRAM):   run;
MPRINT(EM_DIAGRAM):    filename _OUTIN "C:\Users\sakerb01\Desktop\SAS EM 12.3 Tutorials _ Projects\Project_3\Workspaces\EMWS1\Varsel\EMSCORE.out" encoding="UTF-8" NOBOM;
MPRINT(EM_DIAGRAM):  ;
MPRINT(EM_DIAGRAM):   filename _OUTIN;
MPRINT(EM_DIAGRAM):    data _null_;
MPRINT(EM_DIAGRAM):   file _OUT mod;
MPRINT(EM_DIAGRAM):   put _page_;
MPRINT(EM_DIAGRAM):   put // "*------------------------------------------------------------*";
MPRINT(EM_DIAGRAM):   put "* Report Output";
MPRINT(EM_DIAGRAM):   put "*------------------------------------------------------------*";
MPRINT(EM_DIAGRAM):   run;
MPRINT(EM_DIAGRAM):    filename _OUTIN "C:\Users\sakerb01\Desktop\SAS EM 12.3 Tutorials _ Projects\Project_3\Workspaces\EMWS1\Varsel\EMREPORT.out" encoding="UTF-8" NOBOM;
MPRINT(EM_DIAGRAM):  ;
MPRINT(EM_DIAGRAM):   filename _OUTIN;
MPRINT(EM_DIAGRAM):    filename _OUT;
MPRINT(EM_DIAGRAM):    filename _emtool_ 'C:\Users\sakerb01\Desktop\SAS EM 12.3 Tutorials _ Projects\Project_3\Workspaces\EMWS1\Varsel\EMRUNSTATUS.xml' encoding="UTF-8" NOBOM;
26914      proc freq data=EMWS1.Varsel_VariableSet noprint;
MPRINT(EM_DIAGRAM):    proc freq data=EMWS1.Varsel_VariableSet noprint;
26915      table ROLE*LEVEL/out=WORK.VarselMETA;
MPRINT(EM_DIAGRAM):   table ROLE*LEVEL/out=WORK.VarselMETA;
26916      run;
MPRINT(EM_DIAGRAM):   run;

NOTE: There were 13 observations read from the data set EMWS1.VARSEL_VARIABLESET.
NOTE: The data set WORK.VARSELMETA has 3 observations and 4 variables.
NOTE: PROCEDURE FREQ used (Total process time):
      real time           0.04 seconds
      cpu time            0.04 seconds
      

26917      proc print data=WORK.VarselMETA label noobs;
MPRINT(EM_DIAGRAM):   proc print data=WORK.VarselMETA label noobs;
26918      var ROLE LEVEL COUNT;
MPRINT(EM_DIAGRAM):   var ROLE LEVEL COUNT;
26919      label ROLE = "%sysfunc(sasmsg(sashelp.dmine, meta_role_vlabel, NOQUOTE))" LEVEL = "%sysfunc(sasmsg(sashelp.dmine, meta_level_vlabel, NOQUOTE))" COUNT = "%sysfunc(sasmsg(sashelp.dmine, rpt_count_vlabel, NOQUOTE))";
MPRINT(EM_DIAGRAM):   label ROLE = "Role" LEVEL = "Measurement Level" COUNT = "Frequency Count";
26920      title9 ' ';
MPRINT(EM_DIAGRAM):   title9 ' ';
26921      title10 "%sysfunc(sasmsg(sashelp.dmine, rpt_varSummary_title  , NOQUOTE))";
MPRINT(EM_DIAGRAM):   title10 "Variable Summary";
MPRINT(EM_DIAGRAM):   run;
26922      run;

NOTE: There were 3 observations read from the data set WORK.VARSELMETA.
NOTE: The PROCEDURE PRINT printed page 4.
NOTE: PROCEDURE PRINT used (Total process time):
      real time           0.03 seconds
      cpu time            0.03 seconds
      

26923      title10;
MPRINT(EM_DIAGRAM):   title10;
26924      data WORK.M1DV0UDO;
MPRINT(EM_DIAGRAM):    data WORK.M1DV0UDO;
26925      set WORK.M1DV0UDO;
MPRINT(EM_DIAGRAM):   set WORK.M1DV0UDO;
26926      if role = 'TARGET' and use = 'Y' then do;
MPRINT(EM_DIAGRAM):   if role = 'TARGET' and use = 'Y' then do;
26927      role = 'TARGET';
MPRINT(EM_DIAGRAM):   role = 'TARGET';
26928      output;
MPRINT(EM_DIAGRAM):   output;
26929      end;
MPRINT(EM_DIAGRAM):   end;
26930      if role = 'INPUT' and use in ('Y','D','N') then do;
MPRINT(EM_DIAGRAM):   if role = 'INPUT' and use in ('Y','D','N') then do;
26931      role = 'INPUT';
MPRINT(EM_DIAGRAM):   role = 'INPUT';
26932      output;
MPRINT(EM_DIAGRAM):   output;
26933      end;
MPRINT(EM_DIAGRAM):   end;
26934      if role = 'REJECTED' and use = 'Y' then do;
MPRINT(EM_DIAGRAM):   if role = 'REJECTED' and use = 'Y' then do;
26935      role = 'INPUT';
MPRINT(EM_DIAGRAM):   role = 'INPUT';
26936      output;
MPRINT(EM_DIAGRAM):   output;
26937      end;
MPRINT(EM_DIAGRAM):   end;
26938      if role = 'FREQ' and use in ('Y', 'D') then do;
MPRINT(EM_DIAGRAM):   if role = 'FREQ' and use in ('Y', 'D') then do;
26939      role = 'FREQ';
MPRINT(EM_DIAGRAM):   role = 'FREQ';
26940      output;
MPRINT(EM_DIAGRAM):   output;
26941      end;
MPRINT(EM_DIAGRAM):   end;
26942      if role = 'REJECTED' and use in ('N', 'D') then do;
MPRINT(EM_DIAGRAM):   if role = 'REJECTED' and use in ('N', 'D') then do;
26943      role = 'REJECTED';
MPRINT(EM_DIAGRAM):   role = 'REJECTED';
26944      output;
MPRINT(EM_DIAGRAM):   output;
26945      end;
MPRINT(EM_DIAGRAM):   end;
26946      run;
MPRINT(EM_DIAGRAM):   run;

NOTE: There were 13 observations read from the data set WORK.M1DV0UDO.
NOTE: The data set WORK.M1DV0UDO has 13 observations and 21 variables.
NOTE: DATA statement used (Total process time):
      real time           0.01 seconds
      cpu time            0.01 seconds
      

26947      /*by pass cmeta */
26948      data WORK.M1DV0UDO;
MPRINT(EM_DIAGRAM):    data WORK.M1DV0UDO;
26949      set WORK.M1DV0UDO;
MPRINT(EM_DIAGRAM):   set WORK.M1DV0UDO;
26950      run;
MPRINT(EM_DIAGRAM):   run;

NOTE: There were 13 observations read from the data set WORK.M1DV0UDO.
NOTE: The data set WORK.M1DV0UDO has 13 observations and 21 variables.
NOTE: DATA statement used (Total process time):
      real time           0.01 seconds
      cpu time            0.01 seconds
      

26951      data WORK.M2BPM2RQ;
MPRINT(EM_DIAGRAM):    data WORK.M2BPM2RQ;
26952      set WORK.M2BPM2RQ;
MPRINT(EM_DIAGRAM):   set WORK.M2BPM2RQ;
26953      if role = 'INPUT' and use in ('N') then delete;
MPRINT(EM_DIAGRAM):   if role = 'INPUT' and use in ('N') then delete;
26954      if role = 'REJECTED' and use in ('N', 'D') then delete;
MPRINT(EM_DIAGRAM):   if role = 'REJECTED' and use in ('N', 'D') then delete;
26955      run;
MPRINT(EM_DIAGRAM):   run;

NOTE: There were 13 observations read from the data set WORK.M2BPM2RQ.
NOTE: The data set WORK.M2BPM2RQ has 13 observations and 21 variables.
NOTE: DATA statement used (Total process time):
      real time           0.01 seconds
      cpu time            0.01 seconds
      

NOTE: Run proc dmdb with the specified maxlevel criterion. 
26956      *------------------------------------------------------------* ;
MPRINT(EM_DIAGRAM):    *------------------------------------------------------------* ;
26957      * EM: DMDBClass Macro ;
MPRINT(EM_DIAGRAM):   * EM: DMDBClass Macro ;
26958      *------------------------------------------------------------* ;
MPRINT(EM_DIAGRAM):   *------------------------------------------------------------* ;
26959      %macro DMDBClass;
26960          BAD(DESC) IMP_JOB(ASC) IMP_REASON(ASC)
26961      %mend DMDBClass;
26962      *------------------------------------------------------------* ;
MPRINT(EM_DIAGRAM):   *------------------------------------------------------------* ;
26963      * EM: DMDBVar Macro ;
MPRINT(EM_DIAGRAM):   * EM: DMDBVar Macro ;
26964      *------------------------------------------------------------* ;
MPRINT(EM_DIAGRAM):   *------------------------------------------------------------* ;
26965      %macro DMDBVar;
26966          IMP_CLAGE IMP_CLNO IMP_DEBTINC IMP_DELINQ IMP_DEROG IMP_MORTDUE IMP_NINQ
26967         IMP_VALUE IMP_YOJ LOAN
26968      %mend DMDBVar;
26969      *------------------------------------------------------------*;
MPRINT(EM_DIAGRAM):   *------------------------------------------------------------*;
26970      * EM: Create DMDB;
MPRINT(EM_DIAGRAM):   * EM: Create DMDB;
26971      *------------------------------------------------------------*;
MPRINT(EM_DIAGRAM):   *------------------------------------------------------------*;
26972      libname _spdslib SPDE "C:\Users\sakerb01\AppData\Local\Temp\SAS Temporary Files\_TD4856_COB-IT-M11_\Prc2";
MPRINT(EM_DIAGRAM):   libname _spdslib SPDE "C:\Users\sakerb01\AppData\Local\Temp\SAS Temporary Files\_TD4856_COB-IT-M11_\Prc2";
NOTE: Libref _SPDSLIB was successfully assigned as follows: 
      Engine:        SPDE 
      Physical Name: C:\Users\sakerb01\AppData\Local\Temp\SAS Temporary Files\_TD4856_COB-IT-M11_\Prc2\
26973      proc dmdb batch data=EMWS1.Impt_TRAIN
26974      dmdbcat=WORK.EM_DMDB
26975      maxlevel = 101
26976      out=_spdslib.EM_DMDB
26977      ;
MPRINT(EM_DIAGRAM):   proc dmdb batch data=EMWS1.Impt_TRAIN dmdbcat=WORK.EM_DMDB maxlevel = 101 out=_spdslib.EM_DMDB ;
MPRINT(EM_DIAGRAM):   class
26978      class %DMDBClass;
MPRINT(DMDBCLASS):   BAD(DESC) IMP_JOB(ASC) IMP_REASON(ASC)
MPRINT(EM_DIAGRAM):  ;
MPRINT(EM_DIAGRAM):   var
26979      var %DMDBVar;
MPRINT(DMDBVAR):   IMP_CLAGE IMP_CLNO IMP_DEBTINC IMP_DELINQ IMP_DEROG IMP_MORTDUE IMP_NINQ IMP_VALUE IMP_YOJ LOAN
MPRINT(EM_DIAGRAM):  ;
26980      target
26981      BAD
26982      ;
MPRINT(EM_DIAGRAM):   target BAD ;
26983      run;
MPRINT(EM_DIAGRAM):   run;

NOTE: Records processed = 2979   Memory used = 511K.
NOTE: View EMWS1.IMPT_TRAIN.VIEW used (Total process time):
      real time           0.12 seconds
      cpu time            0.09 seconds
      
NOTE: There were 2979 observations read from the data set EMWS1.PART_TRAIN.
NOTE: There were 2979 observations read from the data set EMWS1.IMPT_TRAIN.
NOTE: The data set _SPDSLIB.EM_DMDB has 2979 observations and 13 variables.
NOTE: PROCEDURE DMDB used (Total process time):
      real time           0.14 seconds
      cpu time            0.11 seconds
      

MPRINT(EM_DIAGRAM):   quit;
26984      quit;

MPRINT(EM_DIAGRAM):   reset noprint;
MPRINT(EM_DIAGRAM):   select count(*) into :_tmpnobs from EMWS1.Impt_TRAIN;
NOTE: View EMWS1.IMPT_TRAIN.VIEW used (Total process time):
      real time           0.04 seconds
      cpu time            0.04 seconds
      
NOTE: There were 2979 observations read from the data set EMWS1.PART_TRAIN.
MPRINT(EM_DIAGRAM):   quit;
26985      *------------------------------------------------------------* ;
MPRINT(EM_DIAGRAM):    *------------------------------------------------------------* ;
26986      * Varsel: Input Variables Macro ;
MPRINT(EM_DIAGRAM):   * Varsel: Input Variables Macro ;
26987      *------------------------------------------------------------* ;
MPRINT(EM_DIAGRAM):   *------------------------------------------------------------* ;
26988      %macro INPUTS;
26989                     IMP_CLAGE IMP_CLNO IMP_DEBTINC IMP_DELINQ IMP_DEROG IMP_JOB IMP_MORTDUE
26990         IMP_NINQ IMP_REASON IMP_VALUE IMP_YOJ LOAN
26991      %mend INPUTS;
26992      proc dmine data=_spdslib.EM_DMDB dmdbcat=WORK.EM_DMDB
26993      minr2=0.005 maxrows=3000 stopr2=0.0005 NOAOV16 NOINTER USEGROUPS OUTGROUP=EMWS1.Varsel_OUTGROUP outest=EMWS1.Varsel_OUTESTDMINE outeffect=EMWS1.Varsel_OUTEFFECT outrsquare =EMWS1.Varsel_OUTRSQUARE
26994      NOMONITOR
26995      PSHORT
26996      ;
MPRINT(EM_DIAGRAM):   proc dmine data=_spdslib.EM_DMDB dmdbcat=WORK.EM_DMDB minr2=0.005 maxrows=3000 stopr2=0.0005 NOAOV16 NOINTER USEGROUPS OUTGROUP=EMWS1.Varsel_OUTGROUP outest=EMWS1.Varsel_OUTESTDMINE outeffect=EMWS1.Varsel_OUTEFFECT outrsquare 
=EMWS1.Varsel_OUTRSQUARE NOMONITOR PSHORT ;
MPRINT(EM_DIAGRAM):   var
26997      var %INPUTS;
MPRINT(INPUTS):   IMP_CLAGE IMP_CLNO IMP_DEBTINC IMP_DELINQ IMP_DEROG IMP_JOB IMP_MORTDUE IMP_NINQ IMP_REASON IMP_VALUE IMP_YOJ LOAN
MPRINT(EM_DIAGRAM):  ;
26998      target BAD;
MPRINT(EM_DIAGRAM):   target BAD;
26999      code file="C:\Users\sakerb01\Desktop\SAS EM 12.3 Tutorials _ Projects\Project_3\Workspaces\EMWS1\Varsel\EMFLOWSCORE.sas";
MPRINT(EM_DIAGRAM):   code file="C:\Users\sakerb01\Desktop\SAS EM 12.3 Tutorials _ Projects\Project_3\Workspaces\EMWS1\Varsel\EMFLOWSCORE.sas";
27000      code file="C:\Users\sakerb01\Desktop\SAS EM 12.3 Tutorials _ Projects\Project_3\Workspaces\EMWS1\Varsel\EMPUBLISHSCORE.sas";
MPRINT(EM_DIAGRAM):   code file="C:\Users\sakerb01\Desktop\SAS EM 12.3 Tutorials _ Projects\Project_3\Workspaces\EMWS1\Varsel\EMPUBLISHSCORE.sas";
27001      run;
MPRINT(EM_DIAGRAM):   run;

NOTE: Checking database engine with sqluse...
NOTE: Number of threads reset to 1 because of fewer partitions.

Initial pass to compute R2s for all targets
2979 records read
NOTE: The full X'X matrix has 12 rows and columns.

Building X'X  for target: BAD rows=13 memory=0.00 meg.
2979 records read
2979 records read
NOTE: External file C:\Users\sakerb01\Desktop\SAS EM 12.3 Tutorials _ Projects\Project_3\Workspaces\EMWS1\Varsel\EMFLOWSCORE.sas opened.
NOTE: External file C:\Users\sakerb01\Desktop\SAS EM 12.3 Tutorials _ Projects\Project_3\Workspaces\EMWS1\Varsel\EMPUBLISHSCORE.sas opened.
NOTE: There were 2979 observations read from the data set _SPDSLIB.EM_DMDB.
NOTE: The data set EMWS1.VARSEL_OUTGROUP has 6 observations and 8 variables.
NOTE: The data set EMWS1.VARSEL_OUTESTDMINE has 10 observations and 23 variables.
NOTE: The data set EMWS1.VARSEL_OUTEFFECT has 7 observations and 6 variables.
NOTE: The data set EMWS1.VARSEL_OUTRSQUARE has 25 observations and 4 variables.
NOTE: The PROCEDURE DMINE printed pages 5-9.
NOTE: PROCEDURE DMINE used (Total process time):
      real time           0.32 seconds
      cpu time            0.10 seconds
      

MPRINT(EM_DIAGRAM):   quit;
MPRINT(EM_DIAGRAM):   run;
27002      quit;
27003      /*      proc print data =EMWS1.Varsel_OUTEFFECT;      proc print data =EMWS1.Varsel_OUTRSQUARE;      */
27004      run;

27005      data EMWS1.Varsel_OUTESTDMINE;
MPRINT(EM_DIAGRAM):    data EMWS1.Varsel_OUTESTDMINE;
27006      set EMWS1.Varsel_OUTESTDMINE;
MPRINT(EM_DIAGRAM):   set EMWS1.Varsel_OUTESTDMINE;
27007      _uname_=upcase(_name_);
MPRINT(EM_DIAGRAM):   _uname_=upcase(_name_);
27008      run;
MPRINT(EM_DIAGRAM):   run;

NOTE: There were 10 observations read from the data set EMWS1.VARSEL_OUTESTDMINE.
NOTE: The data set EMWS1.VARSEL_OUTESTDMINE has 10 observations and 24 variables.
NOTE: DATA statement used (Total process time):
      real time           0.01 seconds
      cpu time            0.01 seconds
      

27009      proc sql;
MPRINT(EM_DIAGRAM):    proc sql;
27010      create table _tmpoutgroup as select distinct VARIABLE from EMWS1.Varsel_OUTGROUP where VARTYPE='GROUP';
MPRINT(EM_DIAGRAM):   create table _tmpoutgroup as select distinct VARIABLE from EMWS1.Varsel_OUTGROUP where VARTYPE='GROUP';
NOTE: Table WORK._TMPOUTGROUP created, with 1 rows and 1 columns.

27011      quit;
MPRINT(EM_DIAGRAM):   quit;
NOTE: PROCEDURE SQL used (Total process time):
      real time           0.01 seconds
      cpu time            0.01 seconds
      

MPRINT(EM_DIAGRAM):   run;
27012      run;

27013      data EMWS1.Varsel_OUTAOV16;
MPRINT(EM_DIAGRAM):    data EMWS1.Varsel_OUTAOV16;
27014      set EMWS1.Varsel_OUTGROUP;
MPRINT(EM_DIAGRAM):   set EMWS1.Varsel_OUTGROUP;
27015      if STRIP(VARTYPE) eq 'AOV16' then output;
MPRINT(EM_DIAGRAM):   if STRIP(VARTYPE) eq 'AOV16' then output;
27016      DROP VARTYPE LEVEL LEVEL2 VARIABLE2;
MPRINT(EM_DIAGRAM):   DROP VARTYPE LEVEL LEVEL2 VARIABLE2;
27017      label NAME= "Name";
MPRINT(EM_DIAGRAM):   label NAME= "Name";
27018      label GROUP = "Group";
MPRINT(EM_DIAGRAM):   label GROUP = "Group";
27019      label VARIABLE = "Variable";
MPRINT(EM_DIAGRAM):   label VARIABLE = "Variable";
27020      label BIN = "Bin Cutoff";
MPRINT(EM_DIAGRAM):   label BIN = "Bin Cutoff";
27021      run;
MPRINT(EM_DIAGRAM):   run;

NOTE: There were 6 observations read from the data set EMWS1.VARSEL_OUTGROUP.
NOTE: The data set EMWS1.VARSEL_OUTAOV16 has 0 observations and 4 variables.
NOTE: DATA statement used (Total process time):
      real time           0.01 seconds
      cpu time            0.00 seconds
      

27022      data EMWS1.Varsel_OUTGINT;
MPRINT(EM_DIAGRAM):   data EMWS1.Varsel_OUTGINT;
27023      set EMWS1.Varsel_OUTGROUP;
MPRINT(EM_DIAGRAM):   set EMWS1.Varsel_OUTGROUP;
27024      if STRIP(VARTYPE) eq 'GINTER' then output;
MPRINT(EM_DIAGRAM):   if STRIP(VARTYPE) eq 'GINTER' then output;
27025      DROP VARTYPE BIN;
MPRINT(EM_DIAGRAM):   DROP VARTYPE BIN;
27026      label NAME= "Name";
MPRINT(EM_DIAGRAM):   label NAME= "Name";
27027      label GROUP = "Group";
MPRINT(EM_DIAGRAM):   label GROUP = "Group";
27028      label VARIABLE = "Variable 1";
MPRINT(EM_DIAGRAM):   label VARIABLE = "Variable 1";
27029      label VARIABLE2 = "Variable 2";
MPRINT(EM_DIAGRAM):   label VARIABLE2 = "Variable 2";
27030      label LEVEL = "Level 1";
MPRINT(EM_DIAGRAM):   label LEVEL = "Level 1";
27031      label LEVEL2 = "Level 2";
MPRINT(EM_DIAGRAM):   label LEVEL2 = "Level 2";
27032      run;
MPRINT(EM_DIAGRAM):   run;

NOTE: There were 6 observations read from the data set EMWS1.VARSEL_OUTGROUP.
NOTE: The data set EMWS1.VARSEL_OUTGINT has 0 observations and 6 variables.
NOTE: DATA statement used (Total process time):
      real time           0.01 seconds
      cpu time            0.01 seconds
      

27033      data EMWS1.Varsel_OUTGVAR;
MPRINT(EM_DIAGRAM):   data EMWS1.Varsel_OUTGVAR;
27034      set EMWS1.Varsel_OUTGROUP;
MPRINT(EM_DIAGRAM):   set EMWS1.Varsel_OUTGROUP;
27035      if STRIP(VARTYPE) eq 'GROUP' then output;
MPRINT(EM_DIAGRAM):   if STRIP(VARTYPE) eq 'GROUP' then output;
27036      DROP VARTYPE BIN VARIABLE2 LEVEL2;
MPRINT(EM_DIAGRAM):   DROP VARTYPE BIN VARIABLE2 LEVEL2;
27037      label NAME= "Name";
MPRINT(EM_DIAGRAM):   label NAME= "Name";
27038      label GROUP = "Group";
MPRINT(EM_DIAGRAM):   label GROUP = "Group";
27039      label VARIABLE = "Variable";
MPRINT(EM_DIAGRAM):   label VARIABLE = "Variable";
27040      label LEVEL = "Level";
MPRINT(EM_DIAGRAM):   label LEVEL = "Level";
27041      run;
MPRINT(EM_DIAGRAM):   run;

NOTE: There were 6 observations read from the data set EMWS1.VARSEL_OUTGROUP.
NOTE: The data set EMWS1.VARSEL_OUTGVAR has 6 observations and 4 variables.
NOTE: DATA statement used (Total process time):
      real time           0.01 seconds
      cpu time            0.01 seconds
      

MPRINT(EM_DIAGRAM):   quit;
27042      quit;

27043      options nonotes nosource;
MPRINT(EM_DIAGRAM):    options nonotes nosource;
MPRINT(EM_DIAGRAM):   data _null_;
MPRINT(EM_DIAGRAM):   file print;
MPRINT(EM_DIAGRAM):   put ' ';
MPRINT(EM_DIAGRAM):   put '-------------------------------------------------------------------';
MPRINT(EM_DIAGRAM):   put "Summary of Variable Selection from Training";
MPRINT(EM_DIAGRAM):   put '-------------------------------------------------------------------';
MPRINT(EM_DIAGRAM):   put ' ';
MPRINT(EM_DIAGRAM):   put ' ';
MPRINT(EM_DIAGRAM):   put "Target Name : BAD";
MPRINT(EM_DIAGRAM):   put "Target Level : BINARY";
MPRINT(EM_DIAGRAM):   put "Variable Selection Model : R-Square";
MPRINT(EM_DIAGRAM):   put '  ';
MPRINT(EM_DIAGRAM):   put "Total number of inputs : 12";
MPRINT(EM_DIAGRAM):   put "Total number of used inputs : 12";
MPRINT(EM_DIAGRAM):   put "Total number of unused inputs : 0";
MPRINT(EM_DIAGRAM):   put "Total number of rejected inputs : 6";
MPRINT(EM_DIAGRAM):   put ' ';
MPRINT(EM_DIAGRAM):   put "Maximum missing percentage : 10";
MPRINT(EM_DIAGRAM):   put "NOTE: There is no rejected variable by maximum missing percentage";
MPRINT(EM_DIAGRAM):   put ' ';
MPRINT(EM_DIAGRAM):   put "Maximum class level : 100";
MPRINT(EM_DIAGRAM):   put "NOTE:There is no rejected variable by maximum class level";
MPRINT(EM_DIAGRAM):   put ' ';
MPRINT(EM_DIAGRAM):   put "NOTE: 1 group variable has been created";
MPRINT(EM_DIAGRAM):   options notes source;
MPRINT(EM_DIAGRAM):   run;
27069      run;

NOTE: 15 lines were written to file PRINT.
NOTE: The DATA step printed page 10.
NOTE: DATA statement used (Total process time):
      real time           0.09 seconds
      cpu time            0.09 seconds
      

27070      data EMWS1.Varsel_RESULTEDVARS;
MPRINT(EM_DIAGRAM):    data EMWS1.Varsel_RESULTEDVARS;
27071      run;
MPRINT(EM_DIAGRAM):   run;

NOTE: The data set EMWS1.VARSEL_RESULTEDVARS has 1 observations and 0 variables.
NOTE: DATA statement used (Total process time):
      real time           0.01 seconds
      cpu time            0.00 seconds
      

27072      libname _spdslib;
MPRINT(EM_DIAGRAM):    libname _spdslib;
NOTE: Libref _SPDSLIB has been deassigned.
27073      *;
MPRINT(EM_DIAGRAM):    *;
27074      data EMWS1.Varsel_EMSCOREVAR;
MPRINT(EM_DIAGRAM):   data EMWS1.Varsel_EMSCOREVAR;
27075      length Name $32 formula $70 file $200;
MPRINT(EM_DIAGRAM):   length Name $32 formula $70 file $200;
27076      keep NAME Formula file;
MPRINT(EM_DIAGRAM):   keep NAME Formula file;
27077      name = "G_IMP_JOB";
MPRINT(EM_DIAGRAM):   name = "G_IMP_JOB";
27078      file="VARSELCODE\G_IMP_JOB.sas";
MPRINT(EM_DIAGRAM):   file="VARSELCODE\G_IMP_JOB.sas";
27079      output;
MPRINT(EM_DIAGRAM):   output;
27080      run;
MPRINT(EM_DIAGRAM):   run;

NOTE: Variable formula is uninitialized.
NOTE: The data set EMWS1.VARSEL_EMSCOREVAR has 1 observations and 3 variables.
NOTE: DATA statement used (Total process time):
      real time           0.03 seconds
      cpu time            0.03 seconds
      

MPRINT(EM_DIAGRAM):    proc printto;
MPRINT(EM_DIAGRAM):   run;
