MPRINT(EM_DIAGRAM):    data _null_;
MPRINT(EM_DIAGRAM):   call symput('NLDATE', strip(put(date(), NLDATE.)));
MPRINT(EM_DIAGRAM):   call symput('NLTIME', strip(put(datetime(), NLTIME.)));
MPRINT(EM_DIAGRAM):   run;
MPRINT(EM_DIAGRAM):   data _null_;
MPRINT(EM_DIAGRAM):   nldate= sasmsg("sashelp.dmine", "log_date_note", 'N', "November 04, 2015" );
MPRINT(EM_DIAGRAM):   nltime= sasmsg("sashelp.dmine", "log_time_note", 'N', "07:38:58" );
MPRINT(EM_DIAGRAM):   put "*------------------------------------------------------------*";
MPRINT(EM_DIAGRAM):   put "* Training Log";
MPRINT(EM_DIAGRAM):   put nldate;
MPRINT(EM_DIAGRAM):   put nltime;
MPRINT(EM_DIAGRAM):   put "*------------------------------------------------------------*";
MPRINT(EM_DIAGRAM):   run;
*------------------------------------------------------------*
* Training Log
Date:                November 04, 2015
Time:                07:38:58
*------------------------------------------------------------*
MPRINT(EM_DIAGRAM):    filename O3WLRGNE "C:\Users\sakerb01\Desktop\SAS EM 12.3 Tutorials _ Projects\Project_3\Workspaces\EMWS1\Impt\EMTRAIN.out" encoding="UTF-8" NOBOM;
MPRINT(EM_DIAGRAM):   proc printto print=O3WLRGNE new;
MPRINT(EM_DIAGRAM):   run;
MPRINT(EM_DIAGRAM):    filename _LOG "C:\Users\sakerb01\Desktop\SAS EM 12.3 Tutorials _ Projects\Project_3\Workspaces\EMWS1\Impt\EMLOG.log" encoding="UTF-8" NOBOM;
MPRINT(EM_DIAGRAM):    data _null_;
MPRINT(EM_DIAGRAM):   call symput('NLDATE', strip(put(date(), NLDATE.)));
MPRINT(EM_DIAGRAM):   call symput('NLTIME', strip(put(datetime(), NLTIME.)));
MPRINT(EM_DIAGRAM):   run;
MPRINT(EM_DIAGRAM):   data _null_;
MPRINT(EM_DIAGRAM):   nldate= sasmsg("sashelp.dmine", "log_date_note", 'N', "November 04, 2015" );
MPRINT(EM_DIAGRAM):   nltime= sasmsg("sashelp.dmine", "log_time_note", 'N', "07:38:58" );
MPRINT(EM_DIAGRAM):   file _LOG;
MPRINT(EM_DIAGRAM):   put "*------------------------------------------------------------*";
MPRINT(EM_DIAGRAM):   put "User:                sakerb01";
MPRINT(EM_DIAGRAM):   put nldate;
MPRINT(EM_DIAGRAM):   put nltime;
MPRINT(EM_DIAGRAM):   put "Site:                70080760";
MPRINT(EM_DIAGRAM):   put "Platform:            X64_7PRO";
MPRINT(EM_DIAGRAM):   put "Maintenance Release: 9.04.01M1P120413";
MPRINT(EM_DIAGRAM):   put "EM Version:          13.1";
MPRINT(EM_DIAGRAM):   put "* ";
MPRINT(EM_DIAGRAM):   run;
MPRINT(EM_DIAGRAM):    filename _LOGIN "C:\Users\sakerb01\Desktop\SAS EM 12.3 Tutorials _ Projects\Project_3\Workspaces\EMWS1\Impt\EMTRAIN.log" encoding="UTF-8" NOBOM;
MPRINT(EM_COPYFILE):   data _null_;
MPRINT(EM_COPYFILE):   length line $20000;
MPRINT(EM_COPYFILE):   file _LOG MOD lrecl=20000;
MPRINT(EM_COPYFILE):   fid=fopen("_LOGIN",'i',20000,'v');
MPRINT(EM_COPYFILE):   if fid > 0 then do;
MPRINT(EM_COPYFILE):   do while(^fread(fid));
MPRINT(EM_COPYFILE):   rlen = frlen(fid);
MPRINT(EM_COPYFILE):   rc= fget(fid,line,20000);
MPRINT(EM_COPYFILE):   start = length(line)-length(left(line))+1;
MPRINT(EM_COPYFILE):   line=strip(line);
MPRINT(EM_COPYFILE):   put @start line;
MPRINT(EM_COPYFILE):   end;
MPRINT(EM_COPYFILE):   if fid > 0 then rc=fclose(fid);
MPRINT(EM_COPYFILE):   end;
MPRINT(EM_COPYFILE):   run;
MPRINT(EM_DIAGRAM):  ;
MPRINT(EM_DIAGRAM):   filename _LOGIN;
MPRINT(EM_DIAGRAM):    data _null_;
MPRINT(EM_DIAGRAM):   file _LOG mod;
MPRINT(EM_DIAGRAM):   put _page_;
MPRINT(EM_DIAGRAM):   run;
MPRINT(EM_DIAGRAM):   filename _LOGIN "C:\Users\sakerb01\Desktop\SAS EM 12.3 Tutorials _ Projects\Project_3\Workspaces\EMWS1\Impt\EMSCORE.log" encoding="UTF-8" NOBOM;
MPRINT(EM_DIAGRAM):  ;
MPRINT(EM_DIAGRAM):   data _null_;
MPRINT(EM_DIAGRAM):   file _LOG mod;
MPRINT(EM_DIAGRAM):   put _page_;
MPRINT(EM_DIAGRAM):   run;
MPRINT(EM_DIAGRAM):    filename _LOGIN "C:\Users\sakerb01\Desktop\SAS EM 12.3 Tutorials _ Projects\Project_3\Workspaces\EMWS1\Impt\EMREPORT.log" encoding="UTF-8" NOBOM;
MPRINT(EM_DIAGRAM):  ;
MPRINT(EM_DIAGRAM):   filename _LOGIN;
MPRINT(EM_DIAGRAM):    filename _LOG;
MPRINT(EM_DIAGRAM):    filename _OUT "C:\Users\sakerb01\Desktop\SAS EM 12.3 Tutorials _ Projects\Project_3\Workspaces\EMWS1\Impt\EMOUTPUT.out" encoding="UTF-8" NOBOM;
MPRINT(EM_DIAGRAM):    data _null_;
MPRINT(EM_DIAGRAM):   call symput('NLDATE', strip(put(date(), NLDATE.)));
MPRINT(EM_DIAGRAM):   call symput('NLTIME', strip(put(datetime(), NLTIME.)));
MPRINT(EM_DIAGRAM):   run;
MPRINT(EM_DIAGRAM):   data _null_;
MPRINT(EM_DIAGRAM):   nldate= sasmsg("sashelp.dmine", "log_date_note", 'N', "November 04, 2015" );
MPRINT(EM_DIAGRAM):   nltime= sasmsg("sashelp.dmine", "log_time_note", 'N', "07:38:58" );
MPRINT(EM_DIAGRAM):   file _OUT;
MPRINT(EM_DIAGRAM):   put "*------------------------------------------------------------*";
MPRINT(EM_DIAGRAM):   put "User:                sakerb01";
MPRINT(EM_DIAGRAM):   put nldate;
MPRINT(EM_DIAGRAM):   put nltime;
MPRINT(EM_DIAGRAM):   put "*------------------------------------------------------------*";
MPRINT(EM_DIAGRAM):   put "* Training Output";
MPRINT(EM_DIAGRAM):   put "*------------------------------------------------------------*";
MPRINT(EM_DIAGRAM):   run;
MPRINT(EM_DIAGRAM):    filename _OUTIN "C:\Users\sakerb01\Desktop\SAS EM 12.3 Tutorials _ Projects\Project_3\Workspaces\EMWS1\Impt\EMTRAIN.out" encoding="UTF-8" NOBOM;
MPRINT(EM_DIAGRAM):   ;
MPRINT(EM_COPYFILE):   data _null_;
MPRINT(EM_COPYFILE):   length line $20000;
MPRINT(EM_COPYFILE):   file _OUT MOD lrecl=20000;
MPRINT(EM_COPYFILE):   fid=fopen("_OUTIN",'i',20000,'v');
MPRINT(EM_COPYFILE):   if fid > 0 then do;
MPRINT(EM_COPYFILE):   do while(^fread(fid));
MPRINT(EM_COPYFILE):   rlen = frlen(fid);
MPRINT(EM_COPYFILE):   rc= fget(fid,line,20000);
MPRINT(EM_COPYFILE):   start = length(line)-length(left(line))+1;
MPRINT(EM_COPYFILE):   line=strip(line);
MPRINT(EM_COPYFILE):   put @start line;
MPRINT(EM_COPYFILE):   end;
MPRINT(EM_COPYFILE):   if fid > 0 then rc=fclose(fid);
MPRINT(EM_COPYFILE):   end;
MPRINT(EM_COPYFILE):   run;
MPRINT(EM_DIAGRAM):  ;
MPRINT(EM_DIAGRAM):   filename _OUTIN;
MPRINT(EM_DIAGRAM):    data _null_;
MPRINT(EM_DIAGRAM):   file _OUT mod;
MPRINT(EM_DIAGRAM):   put _page_;
MPRINT(EM_DIAGRAM):   put // "*------------------------------------------------------------*";
MPRINT(EM_DIAGRAM):   put "* Score Output";
MPRINT(EM_DIAGRAM):   put "*------------------------------------------------------------*";
MPRINT(EM_DIAGRAM):   run;
MPRINT(EM_DIAGRAM):    filename _OUTIN "C:\Users\sakerb01\Desktop\SAS EM 12.3 Tutorials _ Projects\Project_3\Workspaces\EMWS1\Impt\EMSCORE.out" encoding="UTF-8" NOBOM;
MPRINT(EM_DIAGRAM):  ;
MPRINT(EM_DIAGRAM):   filename _OUTIN;
MPRINT(EM_DIAGRAM):    data _null_;
MPRINT(EM_DIAGRAM):   file _OUT mod;
MPRINT(EM_DIAGRAM):   put _page_;
MPRINT(EM_DIAGRAM):   put // "*------------------------------------------------------------*";
MPRINT(EM_DIAGRAM):   put "* Report Output";
MPRINT(EM_DIAGRAM):   put "*------------------------------------------------------------*";
MPRINT(EM_DIAGRAM):   run;
MPRINT(EM_DIAGRAM):    filename _OUTIN "C:\Users\sakerb01\Desktop\SAS EM 12.3 Tutorials _ Projects\Project_3\Workspaces\EMWS1\Impt\EMREPORT.out" encoding="UTF-8" NOBOM;
MPRINT(EM_DIAGRAM):  ;
MPRINT(EM_DIAGRAM):   filename _OUTIN;
MPRINT(EM_DIAGRAM):    filename _OUT;
MPRINT(EM_DIAGRAM):    filename _emtool_ 'C:\Users\sakerb01\Desktop\SAS EM 12.3 Tutorials _ Projects\Project_3\Workspaces\EMWS1\Impt\EMRUNSTATUS.xml' encoding="UTF-8" NOBOM;
20735      proc freq data=EMWS1.Impt_VariableSet noprint;
MPRINT(EM_DIAGRAM):    proc freq data=EMWS1.Impt_VariableSet noprint;
20736      table ROLE*LEVEL/out=WORK.ImptMETA;
MPRINT(EM_DIAGRAM):   table ROLE*LEVEL/out=WORK.ImptMETA;
20737      run;
MPRINT(EM_DIAGRAM):   run;

NOTE: There were 13 observations read from the data set EMWS1.IMPT_VARIABLESET.
NOTE: The data set WORK.IMPTMETA has 3 observations and 4 variables.
NOTE: PROCEDURE FREQ used (Total process time):
      real time           0.04 seconds
      cpu time            0.04 seconds
      

20738      proc print data=WORK.ImptMETA label noobs;
MPRINT(EM_DIAGRAM):   proc print data=WORK.ImptMETA label noobs;
20739      var ROLE LEVEL COUNT;
MPRINT(EM_DIAGRAM):   var ROLE LEVEL COUNT;
20740      label ROLE = "%sysfunc(sasmsg(sashelp.dmine, meta_role_vlabel, NOQUOTE))" LEVEL = "%sysfunc(sasmsg(sashelp.dmine, meta_level_vlabel, NOQUOTE))" COUNT = "%sysfunc(sasmsg(sashelp.dmine, rpt_count_vlabel, NOQUOTE))";
MPRINT(EM_DIAGRAM):   label ROLE = "Role" LEVEL = "Measurement Level" COUNT = "Frequency Count";
20741      title9 ' ';
MPRINT(EM_DIAGRAM):   title9 ' ';
20742      title10 "%sysfunc(sasmsg(sashelp.dmine, rpt_varSummary_title  , NOQUOTE))";
MPRINT(EM_DIAGRAM):   title10 "Variable Summary";
MPRINT(EM_DIAGRAM):   run;
20743      run;

NOTE: There were 3 observations read from the data set WORK.IMPTMETA.
NOTE: The PROCEDURE PRINT printed page 1.
NOTE: PROCEDURE PRINT used (Total process time):
      real time           0.03 seconds
      cpu time            0.03 seconds
      

20744      title10;
MPRINT(EM_DIAGRAM):   title10;
MPRINT(EM_DIAGRAM):    *------------------------------------------------------------*;
MPRINT(EM_DIAGRAM):   * Impt: Preparing metadata for training;
MPRINT(EM_DIAGRAM):   ;
MPRINT(EM_DIAGRAM):   *------------------------------------------------------------*;
MPRINT(EM_DIAGRAM):   data WORK.M1CA3O8U;
MPRINT(EM_DIAGRAM):   set WORK.M1CA3O8U;
MPRINT(EM_DIAGRAM):   where(use = 'Y' or (ROLE ne 'REJECTED' and USE = 'D'));
MPRINT(EM_DIAGRAM):   if (role = 'REJECTED') then role = 'INPUT';
MPRINT(EM_DIAGRAM):   if role = 'INPUT' and METHOD='DEFAULT' then do;
MPRINT(EM_DIAGRAM):   if level ne 'INTERVAL' then METHOD = "COUNT";
MPRINT(EM_DIAGRAM):   else METHOD = "MEAN";
MPRINT(EM_DIAGRAM):   end;
MPRINT(EM_DIAGRAM):   else if role = 'TARGET' and METHOD='DEFAULT' then do;
MPRINT(EM_DIAGRAM):   if level ne 'INTERVAL' then METHOD = "NONE";
MPRINT(EM_DIAGRAM):   else METHOD = "NONE";
MPRINT(EM_DIAGRAM):   end;
MPRINT(EM_DIAGRAM):   run;
20762      data WORK.Impt_TREEINPUTS;
MPRINT(EM_DIAGRAM):    data WORK.Impt_TREEINPUTS;
20763      set WORK.M1B9E29Q;
MPRINT(EM_DIAGRAM):   set WORK.M1B9E29Q;
20764      if ROLE ne 'FREQ' then do;
MPRINT(EM_DIAGRAM):   if ROLE ne 'FREQ' then do;
20765      if ((ROLE in('TARGET','REJECTED') and useTree='D') or useTree='N') then delete;
MPRINT(EM_DIAGRAM):   if ((ROLE in('TARGET','REJECTED') and useTree='D') or useTree='N') then delete;
20766      ROLE = 'INPUT';
MPRINT(EM_DIAGRAM):   ROLE = 'INPUT';
20767      end;
MPRINT(EM_DIAGRAM):   end;
20768      run;
MPRINT(EM_DIAGRAM):   run;

NOTE: There were 13 observations read from the data set WORK.M1B9E29Q.
NOTE: The data set WORK.IMPT_TREEINPUTS has 12 observations and 23 variables.
NOTE: DATA statement used (Total process time):
      real time           0.01 seconds
      cpu time            0.01 seconds
      

20769      data WORK.M1B9E29Q;
MPRINT(EM_DIAGRAM):   data WORK.M1B9E29Q;
20770      set WORK.M1B9E29Q;
MPRINT(EM_DIAGRAM):   set WORK.M1B9E29Q;
20771      if METHOD in("TREE", "TREESURR") then role = 'TARGET';
MPRINT(EM_DIAGRAM):   if METHOD in("TREE", "TREESURR") then role = 'TARGET';
20772      else if (role = 'REJECTED') then role = 'INPUT';
MPRINT(EM_DIAGRAM):   else if (role = 'REJECTED') then role = 'INPUT';
20773      run;
MPRINT(EM_DIAGRAM):   run;

NOTE: There were 13 observations read from the data set WORK.M1B9E29Q.
NOTE: The data set WORK.M1B9E29Q has 13 observations and 23 variables.
NOTE: DATA statement used (Total process time):
      real time           0.00 seconds
      cpu time            0.00 seconds
      

20774      *------------------------------------------------------------* ;
MPRINT(EM_DIAGRAM):    *------------------------------------------------------------* ;
20775      * Impt: DMDBClass Macro ;
MPRINT(EM_DIAGRAM):   * Impt: DMDBClass Macro ;
20776      *------------------------------------------------------------* ;
MPRINT(EM_DIAGRAM):   *------------------------------------------------------------* ;
20777      %macro DMDBClass;
20778          BAD(DESC) JOB(ASC) REASON(ASC)
20779      %mend DMDBClass;
20780      *------------------------------------------------------------* ;
MPRINT(EM_DIAGRAM):   *------------------------------------------------------------* ;
20781      * Impt: DMDBVar Macro ;
MPRINT(EM_DIAGRAM):   * Impt: DMDBVar Macro ;
20782      *------------------------------------------------------------* ;
MPRINT(EM_DIAGRAM):   *------------------------------------------------------------* ;
20783      %macro DMDBVar;
20784          CLAGE CLNO DEBTINC DELINQ DEROG LOAN MORTDUE NINQ VALUE YOJ
20785      %mend DMDBVar;
20786      *------------------------------------------------------------*;
MPRINT(EM_DIAGRAM):   *------------------------------------------------------------*;
20787      * Impt: Create DMDB;
MPRINT(EM_DIAGRAM):   * Impt: Create DMDB;
20788      *------------------------------------------------------------*;
MPRINT(EM_DIAGRAM):   *------------------------------------------------------------*;
20789      proc dmdb batch data=EMWS1.Part_TRAIN
20790      dmdbcat=WORK.Impt_DMDB
20791      classout=WORK.Impt_DMDBCLASSOUT
20792      varout=WORK.IMPUTE_05QWVHF_DMDBVAROUT
20793      maxlevel = 513
20794      ;
MPRINT(EM_DIAGRAM):   proc dmdb batch data=EMWS1.Part_TRAIN dmdbcat=WORK.Impt_DMDB classout=WORK.Impt_DMDBCLASSOUT varout=WORK.IMPUTE_05QWVHF_DMDBVAROUT maxlevel = 513 ;
MPRINT(EM_DIAGRAM):   class
20795      class %DMDBClass;
MPRINT(DMDBCLASS):   BAD(DESC) JOB(ASC) REASON(ASC)
MPRINT(EM_DIAGRAM):  ;
MPRINT(EM_DIAGRAM):   var
20796      var %DMDBVar;
MPRINT(DMDBVAR):   CLAGE CLNO DEBTINC DELINQ DEROG LOAN MORTDUE NINQ VALUE YOJ
MPRINT(EM_DIAGRAM):  ;
20797      target
20798      BAD
20799      ;
MPRINT(EM_DIAGRAM):   target BAD ;
20800      run;
MPRINT(EM_DIAGRAM):   run;

NOTE: Records processed = 2979   Memory used = 511K.
NOTE: There were 2979 observations read from the data set EMWS1.PART_TRAIN.
NOTE: The data set WORK.IMPT_DMDBCLASSOUT has 12 observations and 9 variables.
NOTE: The data set WORK.IMPUTE_05QWVHF_DMDBVAROUT has 10 observations and 9 variables.
NOTE: PROCEDURE DMDB used (Total process time):
      real time           0.03 seconds
      cpu time            0.01 seconds
      

MPRINT(EM_DIAGRAM):   quit;
MPRINT(EM_DIAGRAM):   *--- end code ---*;
20801      quit;
20802      *--- end code ---*;

20803      proc sort data=WORK.Impt_DMDBCLASSOUT;
MPRINT(EM_DIAGRAM):    proc sort data=WORK.Impt_DMDBCLASSOUT;
20804      by NAME;
MPRINT(EM_DIAGRAM):   by NAME;
20805      run;
MPRINT(EM_DIAGRAM):   run;

NOTE: There were 12 observations read from the data set WORK.IMPT_DMDBCLASSOUT.
NOTE: The data set WORK.IMPT_DMDBCLASSOUT has 12 observations and 9 variables.
NOTE: PROCEDURE SORT used (Total process time):
      real time           0.01 seconds
      cpu time            0.01 seconds
      

20806      data WORK.Impt_DMDBCLASSOUT;
MPRINT(EM_DIAGRAM):   data WORK.Impt_DMDBCLASSOUT;
20807      retain missFlag;
MPRINT(EM_DIAGRAM):   retain missFlag;
20808      set WORK.Impt_DMDBCLASSOUT;
MPRINT(EM_DIAGRAM):   set WORK.Impt_DMDBCLASSOUT;
20809      by NAME;
MPRINT(EM_DIAGRAM):   by NAME;
20810      output;
MPRINT(EM_DIAGRAM):   output;
20811      if first.name then missflag = 0;
MPRINT(EM_DIAGRAM):   if first.name then missflag = 0;
20812      if (TYPE='C' and CRAW='') or (TYPE='N' and NRAW=.) then missflag = 1;
MPRINT(EM_DIAGRAM):   if (TYPE='C' and CRAW='') or (TYPE='N' and NRAW=.) then missflag = 1;
20813      if last.name and ^missFlag then do;
MPRINT(EM_DIAGRAM):   if last.name and ^missFlag then do;
20814      if type = 'C' then do;
MPRINT(EM_DIAGRAM):   if type = 'C' then do;
20815      LEVEL= '';
MPRINT(EM_DIAGRAM):   LEVEL= '';
20816      CRAW = '';
MPRINT(EM_DIAGRAM):   CRAW = '';
20817      NRAW = .;
MPRINT(EM_DIAGRAM):   NRAW = .;
20818      end;
MPRINT(EM_DIAGRAM):   end;
20819      else do;
MPRINT(EM_DIAGRAM):   else do;
20820      LEVEL='.';
MPRINT(EM_DIAGRAM):   LEVEL='.';
20821      CRAW = '.';
MPRINT(EM_DIAGRAM):   CRAW = '.';
20822      NRAW= .;
MPRINT(EM_DIAGRAM):   NRAW= .;
20823      end;
MPRINT(EM_DIAGRAM):   end;
20824      FREQUENCY = 0;
MPRINT(EM_DIAGRAM):   FREQUENCY = 0;
20825      FREQPERCENT = 0;
MPRINT(EM_DIAGRAM):   FREQPERCENT = 0;
20826      NMISSPERCENT = 0;
MPRINT(EM_DIAGRAM):   NMISSPERCENT = 0;
20827      output;
MPRINT(EM_DIAGRAM):   output;
20828      end;
MPRINT(EM_DIAGRAM):   end;
20829      run;
MPRINT(EM_DIAGRAM):   run;

NOTE: There were 12 observations read from the data set WORK.IMPT_DMDBCLASSOUT.
NOTE: The data set WORK.IMPT_DMDBCLASSOUT has 13 observations and 10 variables.
NOTE: DATA statement used (Total process time):
      real time           0.03 seconds
      cpu time            0.03 seconds
      

20830      data WORK.Impt_MISS(KEEP=NAME NMISS PERCENTMISS);
MPRINT(EM_DIAGRAM):    data WORK.Impt_MISS(KEEP=NAME NMISS PERCENTMISS);
20831      length NAME $32;
MPRINT(EM_DIAGRAM):   length NAME $32;
20832      set
20833      WORK.Impt_DMDBCLASSOUT(rename=(freqpercent=PERCENTMISS frequency=NMISS) where=((TYPE='C' and CRAW='') or (TYPE='N' and NRAW=.)))
20834      WORK.IMPUTE_05QWVHF_DMDBVAROUT
20835      ;
MPRINT(EM_DIAGRAM):   set WORK.Impt_DMDBCLASSOUT(rename=(freqpercent=PERCENTMISS frequency=NMISS) where=((TYPE='C' and CRAW='') or (TYPE='N' and NRAW=.))) WORK.IMPUTE_05QWVHF_DMDBVAROUT ;
20836      if (NMISS ne . and N ne .) then PERCENTMISS = (NMISS/(NMISS+N))*100;
MPRINT(EM_DIAGRAM):   if (NMISS ne . and N ne .) then PERCENTMISS = (NMISS/(NMISS+N))*100;
20837      run;
MPRINT(EM_DIAGRAM):   run;

NOTE: There were 3 observations read from the data set WORK.IMPT_DMDBCLASSOUT.
      WHERE ((TYPE='C') and (CRAW=' ')) or ((TYPE='N') and (NRAW=.));
NOTE: There were 10 observations read from the data set WORK.IMPUTE_05QWVHF_DMDBVAROUT.
NOTE: The data set WORK.IMPT_MISS has 13 observations and 3 variables.
NOTE: DATA statement used (Total process time):
      real time           0.01 seconds
      cpu time            0.01 seconds
      

20838      proc sort data=WORK.M1CA3O8U NOTHREADS;
MPRINT(EM_DIAGRAM):   proc sort data=WORK.M1CA3O8U NOTHREADS;
20839      by NAME;
MPRINT(EM_DIAGRAM):   by NAME;
20840      run;
MPRINT(EM_DIAGRAM):   run;

NOTE: There were 13 observations read from the data set WORK.M1CA3O8U.
NOTE: The data set WORK.M1CA3O8U has 13 observations and 23 variables.
NOTE: PROCEDURE SORT used (Total process time):
      real time           0.01 seconds
      cpu time            0.01 seconds
      

20841      proc sort data=WORK.Impt_MISS NOTHREADS;
MPRINT(EM_DIAGRAM):   proc sort data=WORK.Impt_MISS NOTHREADS;
20842      by NAME;
MPRINT(EM_DIAGRAM):   by NAME;
20843      run;
MPRINT(EM_DIAGRAM):   run;

NOTE: There were 13 observations read from the data set WORK.IMPT_MISS.
NOTE: The data set WORK.IMPT_MISS has 13 observations and 3 variables.
NOTE: PROCEDURE SORT used (Total process time):
      real time           0.01 seconds
      cpu time            0.01 seconds
      

20844      data WORK.M1CA3O8U;
MPRINT(EM_DIAGRAM):   data WORK.M1CA3O8U;
20845      merge WORK.M1CA3O8U WORK.Impt_MISS(in=_b);
MPRINT(EM_DIAGRAM):   merge WORK.M1CA3O8U WORK.Impt_MISS(in=_b);
20846      by NAME;
MPRINT(EM_DIAGRAM):   by NAME;
20847      if _b then output;
MPRINT(EM_DIAGRAM):   if _b then output;
20848      run;
MPRINT(EM_DIAGRAM):   run;

NOTE: There were 13 observations read from the data set WORK.M1CA3O8U.
NOTE: There were 13 observations read from the data set WORK.IMPT_MISS.
NOTE: The data set WORK.M1CA3O8U has 13 observations and 25 variables.
NOTE: DATA statement used (Total process time):
      real time           0.01 seconds
      cpu time            0.01 seconds
      

20849      data WORK.M1CA3O8U;
MPRINT(EM_DIAGRAM):   data WORK.M1CA3O8U;
20850      set WORK.M1CA3O8U;
MPRINT(EM_DIAGRAM):   set WORK.M1CA3O8U;
20851      if 0<PERCENTMISS<50 and method ne 'NONE' then IMPUTE = 1;
MPRINT(EM_DIAGRAM):   if 0<PERCENTMISS<50 and method ne 'NONE' then IMPUTE = 1;
20852      else IMPUTE = 0;
MPRINT(EM_DIAGRAM):   else IMPUTE = 0;
20853      run;
MPRINT(EM_DIAGRAM):   run;

NOTE: There were 13 observations read from the data set WORK.M1CA3O8U.
NOTE: The data set WORK.M1CA3O8U has 13 observations and 26 variables.
NOTE: DATA statement used (Total process time):
      real time           0.00 seconds
      cpu time            0.00 seconds
      

20854      proc dmdb data=WORK.M1CA3O8U outtable=WORK.NEWNAMES nameserver;
MPRINT(EM_DIAGRAM):    proc dmdb data=WORK.M1CA3O8U outtable=WORK.NEWNAMES nameserver;
20855      names NAME;
MPRINT(EM_DIAGRAM):   names NAME;
20856      prefix M_ IMP_;
MPRINT(EM_DIAGRAM):   prefix M_ IMP_;
20857      where IMPUTE=1;
MPRINT(EM_DIAGRAM):   where IMPUTE=1;
20858      run;
MPRINT(EM_DIAGRAM):   run;

NOTE: There were 11 observations read from the data set WORK.M1CA3O8U.
      WHERE IMPUTE=1;
NOTE: The data set WORK.NEWNAMES has 11 observations and 3 variables.
NOTE: PROCEDURE DMDB used (Total process time):
      real time           0.09 seconds
      cpu time            0.03 seconds
      

20859      data WORK.M1CA3O8U;
MPRINT(EM_DIAGRAM):   data WORK.M1CA3O8U;
20860      merge WORK.M1CA3O8U WORK.NEWNAMES;
MPRINT(EM_DIAGRAM):   merge WORK.M1CA3O8U WORK.NEWNAMES;
20861      by NAME;
MPRINT(EM_DIAGRAM):   by NAME;
20862      run;
MPRINT(EM_DIAGRAM):   run;

NOTE: There were 13 observations read from the data set WORK.M1CA3O8U.
NOTE: There were 11 observations read from the data set WORK.NEWNAMES.
NOTE: The data set WORK.M1CA3O8U has 13 observations and 28 variables.
NOTE: DATA statement used (Total process time):
      real time           0.03 seconds
      cpu time            0.03 seconds
      

20863      proc dmdb data=WORK.M1CA3O8U outtable=WORK.NEWNAMES nameserver;
MPRINT(EM_DIAGRAM):   proc dmdb data=WORK.M1CA3O8U outtable=WORK.NEWNAMES nameserver;
20864      names NAME;
MPRINT(EM_DIAGRAM):   names NAME;
20865      prefix M_;
MPRINT(EM_DIAGRAM):   prefix M_;
20866      where IMPUTE=0;
MPRINT(EM_DIAGRAM):   where IMPUTE=0;
20867      run;
MPRINT(EM_DIAGRAM):   run;

NOTE: There were 2 observations read from the data set WORK.M1CA3O8U.
      WHERE IMPUTE=0;
NOTE: The data set WORK.NEWNAMES has 2 observations and 2 variables.
NOTE: PROCEDURE DMDB used (Total process time):
      real time           0.01 seconds
      cpu time            0.01 seconds
      

20868      data WORK.M1CA3O8U;
MPRINT(EM_DIAGRAM):   data WORK.M1CA3O8U;
20869      merge WORK.M1CA3O8U WORK.NEWNAMES;
MPRINT(EM_DIAGRAM):   merge WORK.M1CA3O8U WORK.NEWNAMES;
20870      by NAME;
MPRINT(EM_DIAGRAM):   by NAME;
20871      run;
MPRINT(EM_DIAGRAM):   run;

NOTE: There were 13 observations read from the data set WORK.M1CA3O8U.
NOTE: There were 2 observations read from the data set WORK.NEWNAMES.
NOTE: The data set WORK.M1CA3O8U has 13 observations and 28 variables.
NOTE: DATA statement used (Total process time):
      real time           0.01 seconds
      cpu time            0.01 seconds
      

20872      data WORK.Impt;
MPRINT(EM_DIAGRAM):    data WORK.Impt;
20873      run;
MPRINT(EM_DIAGRAM):   run;

NOTE: The data set WORK.IMPT has 1 observations and 0 variables.
NOTE: DATA statement used (Total process time):
      real time           0.00 seconds
      cpu time            0.00 seconds
      

20874      data WORK._IMPUTEDS;
MPRINT(EM_DIAGRAM):    data WORK._IMPUTEDS;
20875      JOB = 'Other';
MPRINT(EM_DIAGRAM):   JOB = 'Other';
20876      REASON = 'DebtCon';
MPRINT(EM_DIAGRAM):   REASON = 'DebtCon';
20877      run;
MPRINT(EM_DIAGRAM):   run;

NOTE: The data set WORK._IMPUTEDS has 1 observations and 2 variables.
NOTE: DATA statement used (Total process time):
      real time           0.01 seconds
      cpu time            0.01 seconds
      

20878      data WORK.Impt;
MPRINT(EM_DIAGRAM):   data WORK.Impt;
20879      merge WORK.Impt WORK._IMPUTEDS;
MPRINT(EM_DIAGRAM):   merge WORK.Impt WORK._IMPUTEDS;
20880      run;
MPRINT(EM_DIAGRAM):   run;

NOTE: There were 1 observations read from the data set WORK.IMPT.
NOTE: There were 1 observations read from the data set WORK._IMPUTEDS.
NOTE: The data set WORK.IMPT has 1 observations and 2 variables.
NOTE: DATA statement used (Total process time):
      real time           0.01 seconds
      cpu time            0.01 seconds
      

20881      proc sort data=WORK.METASET2B2XCDJ out=_imputevar(keep=NAME METHOD);
MPRINT(EM_DIAGRAM):    proc sort data=WORK.METASET2B2XCDJ out=_imputevar(keep=NAME METHOD);
20882      by NAME;
MPRINT(EM_DIAGRAM):   by NAME;
20883      run;
MPRINT(EM_DIAGRAM):   run;

NOTE: There were 9 observations read from the data set WORK.METASET2B2XCDJ.
NOTE: The data set WORK._IMPUTEVAR has 9 observations and 2 variables.
NOTE: PROCEDURE SORT used (Total process time):
      real time           0.01 seconds
      cpu time            0.01 seconds
      

20884      proc sort data=WORK.IMPUTE_05QWVHF_DMDBVAROUT;
MPRINT(EM_DIAGRAM):   proc sort data=WORK.IMPUTE_05QWVHF_DMDBVAROUT;
20885      by NAME;
MPRINT(EM_DIAGRAM):   by NAME;
20886      run;
MPRINT(EM_DIAGRAM):   run;

NOTE: There were 10 observations read from the data set WORK.IMPUTE_05QWVHF_DMDBVAROUT.
NOTE: The data set WORK.IMPUTE_05QWVHF_DMDBVAROUT has 10 observations and 9 variables.
NOTE: PROCEDURE SORT used (Total process time):
      real time           0.01 seconds
      cpu time            0.01 seconds
      

20887      data _null_;
MPRINT(EM_DIAGRAM):   data _null_;
20888      merge WORK.IMPUTE_05QWVHF_DMDBVAROUT(in=_a) _imputeVar(in=_b);
MPRINT(EM_DIAGRAM):   merge WORK.IMPUTE_05QWVHF_DMDBVAROUT(in=_a) _imputeVar(in=_b);
20889      by NAME;
MPRINT(EM_DIAGRAM):   by NAME;
20890      if _N_=1 then do;
MPRINT(EM_DIAGRAM):   if _N_=1 then do;
20891      call execute("data WORK._IMPUTEDMDB;");
MPRINT(EM_DIAGRAM):   call execute("data WORK._IMPUTEDMDB;");
20892      end;
MPRINT(EM_DIAGRAM):   end;
20893      if _a and _b then do;
MPRINT(EM_DIAGRAM):   if _a and _b then do;
20894      select(METHOD);
MPRINT(EM_DIAGRAM):   select(METHOD);
20895      when('MEAN') value=mean;
MPRINT(EM_DIAGRAM):   when('MEAN') value=mean;
20896      when('MIN') value=min;
MPRINT(EM_DIAGRAM):   when('MIN') value=min;
20897      when('MAX') value=max;
MPRINT(EM_DIAGRAM):   when('MAX') value=max;
20898      when('RANGE') value=(max-min)/2;
MPRINT(EM_DIAGRAM):   when('RANGE') value=(max-min)/2;
20899      when('MIDRANGE') value=(max-min)/2;
MPRINT(EM_DIAGRAM):   when('MIDRANGE') value=(max-min)/2;
20900      otherwise;
MPRINT(EM_DIAGRAM):   otherwise;
20901      end;
MPRINT(EM_DIAGRAM):   end;
20902      call execute(NAME!!'='!!strip(put(value, best.))!!';');
MPRINT(EM_DIAGRAM):   call execute(NAME!!'='!!strip(put(value, best.))!!';');
20903      end;
MPRINT(EM_DIAGRAM):   end;
20904      run;
MPRINT(EM_DIAGRAM):   run;

WARNING: Multiple lengths were specified for the BY variable NAME by input data sets. This might cause unexpected results.
MPRINT(EM_DIAGRAM):   data WORK._IMPUTEDMDB;
MPRINT(EM_DIAGRAM):   CLAGE =181.15305208;
MPRINT(EM_DIAGRAM):   CLNO =21.277078966;
MPRINT(EM_DIAGRAM):   DEBTINC =33.786945547;
MPRINT(EM_DIAGRAM):   DELINQ =0.4622255303;
MPRINT(EM_DIAGRAM):   DEROG =0.2409592691;
MPRINT(EM_DIAGRAM):   MORTDUE =73574.90271;
MPRINT(EM_DIAGRAM):   NINQ =1.1569852941;
MPRINT(EM_DIAGRAM):   VALUE =102480.61861;
MPRINT(EM_DIAGRAM):   YOJ =8.868358373;
NOTE: There were 10 observations read from the data set WORK.IMPUTE_05QWVHF_DMDBVAROUT.
NOTE: There were 9 observations read from the data set WORK._IMPUTEVAR.
NOTE: DATA statement used (Total process time):
      real time           0.01 seconds
      cpu time            0.01 seconds
      

NOTE: CALL EXECUTE generated line.
1         + data WORK._IMPUTEDMDB;
2         + CLAGE                           =181.15305208;
3         + CLNO                            =21.277078966;
4         + DEBTINC                         =33.786945547;
5         + DELINQ                          =0.4622255303;
6         + DEROG                           =0.2409592691;
7         + MORTDUE                         =73574.90271;
8         + NINQ                            =1.1569852941;
9         + VALUE                           =102480.61861;
10        + YOJ                             =8.868358373;

NOTE: The data set WORK._IMPUTEDMDB has 1 observations and 9 variables.
NOTE: DATA statement used (Total process time):
      real time           0.01 seconds
      cpu time            0.01 seconds
      

20905      data WORK.Impt;
MPRINT(EM_DIAGRAM):   data WORK.Impt;
20906      merge WORK.Impt WORK._IMPUTEDMDB;
MPRINT(EM_DIAGRAM):   merge WORK.Impt WORK._IMPUTEDMDB;
20907      run;
MPRINT(EM_DIAGRAM):   run;

NOTE: There were 1 observations read from the data set WORK.IMPT.
NOTE: There were 1 observations read from the data set WORK._IMPUTEDMDB.
NOTE: The data set WORK.IMPT has 1 observations and 11 variables.
NOTE: DATA statement used (Total process time):
      real time           0.01 seconds
      cpu time            0.01 seconds
      

20908      proc transpose data=WORK.Impt out=WORK._IMPVALUE(drop =_LABEL_ rename=(_NAME_=NAME COL1=VALUE));
MPRINT(EM_DIAGRAM):    proc transpose data=WORK.Impt out=WORK._IMPVALUE(drop =_LABEL_ rename=(_NAME_=NAME COL1=VALUE));
20909      var
20910      JOB
20911      REASON
20912      CLAGE
20913      CLNO
20914      DEBTINC
20915      DELINQ
20916      DEROG
20917      MORTDUE
20918      NINQ
20919      VALUE
20920      YOJ
20921      ;
MPRINT(EM_DIAGRAM):   var JOB REASON CLAGE CLNO DEBTINC DELINQ DEROG MORTDUE NINQ VALUE YOJ ;
20922      run;
MPRINT(EM_DIAGRAM):   run;

NOTE: Numeric variables in the input data set will be converted to character in the output data set.
WARNING: The variable _LABEL_ in the DROP, KEEP, or RENAME list has never been referenced.
NOTE: There were 1 observations read from the data set WORK.IMPT.
NOTE: The data set WORK._IMPVALUE has 11 observations and 2 variables.
NOTE: PROCEDURE TRANSPOSE used (Total process time):
      real time           0.01 seconds
      cpu time            0.01 seconds
      

20923      proc sort data=WORK._IMPVALUE NOTHREADS;
MPRINT(EM_DIAGRAM):   proc sort data=WORK._IMPVALUE NOTHREADS;
20924      by NAME;
MPRINT(EM_DIAGRAM):   by NAME;
20925      run;
MPRINT(EM_DIAGRAM):   run;

NOTE: There were 11 observations read from the data set WORK._IMPVALUE.
NOTE: The data set WORK._IMPVALUE has 11 observations and 2 variables.
NOTE: PROCEDURE SORT used (Total process time):
      real time           0.01 seconds
      cpu time            0.01 seconds
      

20926      data EMWS1.Impt_META;
MPRINT(EM_DIAGRAM):   data EMWS1.Impt_META;
20927      merge WORK.M1CA3O8U WORK._IMPVALUE;
MPRINT(EM_DIAGRAM):   merge WORK.M1CA3O8U WORK._IMPVALUE;
20928      by NAME;
MPRINT(EM_DIAGRAM):   by NAME;
20929      run;
MPRINT(EM_DIAGRAM):   run;

NOTE: There were 13 observations read from the data set WORK.M1CA3O8U.
NOTE: There were 11 observations read from the data set WORK._IMPVALUE.
NOTE: The data set EMWS1.IMPT_META has 13 observations and 29 variables.
NOTE: DATA statement used (Total process time):
      real time           0.01 seconds
      cpu time            0.01 seconds
      

20930      proc print data=EMWS1.Impt_META(obs=500) label noobs;
MPRINT(EM_DIAGRAM):    proc print data=EMWS1.Impt_META(obs=500) label noobs;
20931      label NAME = "%sysfunc(sasmsg(sashelp.dmine, meta_name_vlabel,          NOQUOTE))" LABEL = "%sysfunc(sasmsg(sashelp.dmine, meta_label_vlabel,         NOQUOTE))" PERCENTMISS = "%sysfunc(sasmsg(sashelp.dmine, rpt_percentmissing_vlabel, NOQUOTE))";
MPRINT(EM_DIAGRAM):   label NAME = "Variable Name" LABEL = "Label" PERCENTMISS = "Percent Missing";
20932      var NAME LABEL PERCENTMISS;
MPRINT(EM_DIAGRAM):   var NAME LABEL PERCENTMISS;
20933      where IMP eq '' and PERCENTMISS>50;
MPRINT(EM_DIAGRAM):   where IMP eq '' and PERCENTMISS>50;
20934      title9 "%sysfunc(sasmsg(sashelp.dmine, rpt_rejectedsummary_title, NOQUOTE))";
MPRINT(EM_DIAGRAM):   title9 "Rejected Variables Summary";
20935      title10 "%sysfunc(sasmsg(sashelp.dmine, rpt_numberobs_title,         NOQUOTE))";
MPRINT(EM_DIAGRAM):   title10 "Number Of Observations";
MPRINT(EM_DIAGRAM):   run;
20936      run;

NOTE: No observations were selected from data set EMWS1.IMPT_META.
NOTE: There were 0 observations read from the data set EMWS1.IMPT_META.
      WHERE (IMP=' ') and (PERCENTMISS>50);
NOTE: PROCEDURE PRINT used (Total process time):
      real time           0.04 seconds
      cpu time            0.06 seconds
      

MPRINT(EM_DIAGRAM):    proc printto;
MPRINT(EM_DIAGRAM):   run;
