 
                                                                                                                                                                                                                                                                
 
 
Variable Summary

            Measurement    Frequency
Role           Level         Count

INPUT        ORDINAL            4   
REJECTED     INTERVAL          10   
REJECTED     NOMINAL            2   
TARGET       BINARY             1   
 
                                                                                                                                                                                                                                                                
 
 
Model Events

                                  Number
                   Measurement      of
Target    Event       Level       Levels      Order       Label

 BAD        1        BINARY          2      Descending         
 
                                                                                                                                                                                                                                                                
 
 
Predicted and decision variables

Type         Variable    Label

TARGET        BAD                        
PREDICTED     P_BAD1     Predicted: BAD=1
RESIDUAL      R_BAD1     Residual: BAD=1 
PREDICTED     P_BAD0     Predicted: BAD=0
RESIDUAL      R_BAD0     Residual: BAD=0 
FROM          F_BAD      From: BAD       
INTO          I_BAD      Into: BAD       
 
                                                                                                                                                                                                                                                                
 
 

The NEURAL Procedure

Preliminary       Starting         Objective         Number
 Training          Random           Function           of        Terminating
    Run             Seed             Value         Iterations     Criteria

        1               12345    0.369581755518           10                
        2           469969696    0.367714237943           10                
        3           196765887    0.370924086506           10                
        4          2080999529    0.369947752955           10                
        5          1258498424    0.372777034957           10                
 
                                                                                                                                                                                                                                                                
 
 

The NEURAL Procedure

                                           Optimization Start
                                           Parameter Estimates
                                                Gradient           Lower           Upper    Active
                                               Objective           Bound           Bound    Bound
  N Parameter                   Estimate        Function      Constraint      Constraint    Constraint

  1 GRP_IMP_CLAGE2_H11          0.897351        0.004164           1E-10               .                
  2 GRP_IMP_CLAGE3_H11          0.713471        0.004406           1E-10               .                
  3 GRP_IMP_CLAGE4_H11          0.888831        0.005473           1E-10               .                
  4 GRP_IMP_DEBTINC2_H11        1.122110       -0.004445           1E-10               .                
  5 GRP_IMP_DEBTINC3_H11        0.120216        0.003398           1E-10               .                
  6 GRP_IMP_DEBTINC4_H11           1E-10        0.005203           1E-10               .     Lower BC   
  7 GRP_IMP_NINQ1_H11           0.375496       -0.001248           1E-10               .                
  8 GRP_IMP_NINQ2_H11           0.301345        0.004330           1E-10               .                
  9 GRP_IMP_NINQ3_H11       9.999999E-11        0.006366           1E-10               .     Lower BC   
 10 GRP_INDELINQ3_H11              1E-10       -0.002933           1E-10               .     Lower BC   
 11 GRP_IMP_CLAGE2_H12          0.364935       -0.002686           1E-10               .                
 12 GRP_IMP_CLAGE3_H12          1.872883       -0.005682           1E-10               .                
 13 GRP_IMP_CLAGE4_H12             1E-10       -0.007410           1E-10               .     Lower BC   
 14 GRP_IMP_DEBTINC2_H12        1.879109        0.005281           1E-10               .                
 15 GRP_IMP_DEBTINC3_H12           1E-10       -0.004923           1E-10               .     Lower BC   
 16 GRP_IMP_DEBTINC4_H12    9.999999E-11       -0.005079           1E-10               .     Lower BC   
 17 GRP_IMP_NINQ1_H12           0.250995        0.001234           1E-10               .                
 18 GRP_IMP_NINQ2_H12           0.236287       -0.005577           1E-10               .                
 19 GRP_IMP_NINQ3_H12           0.930467       -0.006855           1E-10               .                
 20 GRP_INDELINQ3_H12              1E-10        0.001136           1E-10               .     Lower BC   
 21 GRP_IMP_CLAGE2_H13          0.163378    -0.000091605           1E-10               .                
 22 GRP_IMP_CLAGE3_H13          0.820141       -0.000197           1E-10               .                
 23 GRP_IMP_CLAGE4_H13             1E-10        0.000825           1E-10               .     Lower BC   
 24 GRP_IMP_DEBTINC2_H13        1.355545        0.000877           1E-10               .                
 25 GRP_IMP_DEBTINC3_H13           1E-10     0.000039434           1E-10               .     Lower BC   
 26 GRP_IMP_DEBTINC4_H13        0.475511     0.000039662           1E-10               .                
 27 GRP_IMP_NINQ1_H13              1E-10        0.001079           1E-10               .     Lower BC   
 28 GRP_IMP_NINQ2_H13           0.492786       -0.001030           1E-10               .                
 29 GRP_IMP_NINQ3_H13              1E-10       -0.000397           1E-10               .     Lower BC   
 30 GRP_INDELINQ3_H13           1.421836        0.001476           1E-10               .                
 31 GRP_IMP_CLAGE2_H14             1E-10       -0.001819           1E-10               .     Lower BC   
 32 GRP_IMP_CLAGE3_H14          0.387251        0.000849           1E-10               .                
 33 GRP_IMP_CLAGE4_H14          0.191994        0.007303           1E-10               .                
 34 GRP_IMP_DEBTINC2_H14        0.303432       -0.008959           1E-10               .                
 35 GRP_IMP_DEBTINC3_H14        0.498870        0.002630           1E-10               .                
 36 GRP_IMP_DEBTINC4_H14           1E-10        0.006624           1E-10               .     Lower BC   
 37 GRP_IMP_NINQ1_H14              1E-10       -0.007803           1E-10               .     Lower BC   
 38 GRP_IMP_NINQ2_H14           0.058157        0.008855           1E-10               .                
 39 GRP_IMP_NINQ3_H14           0.037959        0.008619           1E-10               .                
 40 GRP_INDELINQ3_H14           0.007987       -0.001424           1E-10               .                
 41 GRP_IMP_CLAGE2_H15             1E-10       -0.001458           1E-10               .     Lower BC   
 42 GRP_IMP_CLAGE3_H15      9.999999E-11       -0.001079           1E-10               .     Lower BC   
 43 GRP_IMP_CLAGE4_H15          0.597163       -0.004658           1E-10               .                
 44 GRP_IMP_DEBTINC2_H15        1.214575        0.000602           1E-10               .                
 45 GRP_IMP_DEBTINC3_H15           1E-10       -0.004932           1E-10               .     Lower BC   
 46 GRP_IMP_DEBTINC4_H15        0.666516       -0.005400           1E-10               .                
 47 GRP_IMP_NINQ1_H15       9.999999E-11        0.004937           1E-10               .     Lower BC   
 48 GRP_IMP_NINQ2_H15           0.299997       -0.005497           1E-10               .                
 49 GRP_IMP_NINQ3_H15           0.130750       -0.005319           1E-10               .                
 50 GRP_INDELINQ3_H15           0.423567       -0.000981           1E-10               .                
 51 BIAS_H11                    1.342369       -0.008583               .               .                
 52 BIAS_H12                    1.045511        0.011196               .               .                
 53 BIAS_H13                   -2.256143        0.001591               .               .                
 54 BIAS_H14                   -0.413684       -0.019011               .               .                
 55 BIAS_H15                    1.532742        0.009035               .               .                
 56 H11_BAD1                   -2.622512        0.004036               .               .                
 57 H12_BAD1                    2.397073        0.002707               .               .                
 58 H13_BAD1                    1.112157       -0.005983               .               .                
 59 H14_BAD1                   -3.899848       -0.004040               .               .                
 60 H15_BAD1                    2.968115        0.005539               .               .                
 61 BIAS_BAD1                  -3.655804        0.008049               .               .                

Value of Objective Function = 0.3677142379



          First Order Lagrange Multipliers
                          
 
                                            Lagrange
         Active Constraint                Multiplier

                GRP_IMP_CLAGE2_H11                 0
                GRP_IMP_CLAGE2_H11                 0
                GRP_IMP_CLAGE2_H11                 0
                GRP_IMP_CLAGE2_H11                 0
                GRP_IMP_CLAGE2_H11                 0
                GRP_IMP_CLAGE2_H11                 0
                GRP_IMP_CLAGE2_H11                 0
                GRP_IMP_CLAGE2_H11                 0
                GRP_IMP_CLAGE2_H11                 0
                GRP_IMP_CLAGE2_H11                 0
                GRP_IMP_CLAGE2_H11                 0
                GRP_IMP_CLAGE2_H11                 0
                GRP_IMP_CLAGE2_H11                 0
                GRP_IMP_CLAGE2_H11                 0
                GRP_IMP_CLAGE2_H11                 0
                GRP_IMP_CLAGE2_H11                 0
                GRP_IMP_CLAGE2_H11                 0
                GRP_IMP_CLAGE2_H11                 0


  Projected Gradient
 
     Free    Projected
Dimension     Gradient

        1     0.004164
        2     0.004164
        3     0.004164
        4     0.004164
        5     0.004164
        6     0.004164
        7     0.004164
        8     0.004164
        9     0.004164
       10     0.004164
       11     0.004164
       12     0.004164
       13     0.004164
       14     0.004164
       15     0.004164
       16     0.004164
       17     0.004164
       18     0.004164
       19     0.004164
       20     0.004164
       21     0.004164
       22     0.004164
       23     0.004164
       24     0.004164
       25     0.004164
       26     0.004164
       27     0.004164
       28     0.004164
       29     0.004164
       30     0.004164
       31     0.004164
       32     0.004164
       33     0.004164
       34     0.004164
       35     0.004164
       36     0.004164
       37     0.004164
       38     0.004164
       39     0.004164
       40     0.004164
       41     0.004164
       42     0.004164
       43     0.004164
 
                                                                                                                                                                                                                                                                
 
 

The NEURAL Procedure

Levenberg-Marquardt Optimization


Minimum Iterations                                    0
Maximum Iterations                                   50
Maximum Function Calls                       2147483647
Maximum CPU Time                                  14400
ABSGCONV Gradient Criterion                     0.00001
GCONV Gradient Criterion                           1E-8
GCONV2 Gradient Criterion                             0
ABSFCONV Function Criterion                           0
FCONV Function Criterion                         0.0001
FCONV2 Function Criterion                             0
FSIZE Parameter                                       0
ABSXCONV Parameter Change Criterion                   0
XCONV Parameter Change Criterion                      0
XSIZE Parameter                                       0
ABSCONV Function Criterion                 0.0018348522
Trust Region Initial Radius Factor                    1
Singularity Tolerance (SINGULAR)                   1E-8
Constraint Precision (LCEPS)                       1E-8
Linearly Dependent Constraints (LCSING)            1E-8
Releasing Active Constraints (LCDEACT)                .

Levenberg-Marquardt Optimization

Scaling Update of More (1978)

Parameter Estimates              61
Lower Bounds                     50
Upper Bounds                      0

                                             Optimization Start

Active Constraints (+)                             17  Objective Function                       0.3677142379
Max Abs Gradient Element                 0.0190107564  Radius                                              1


                                                                                                         Ratio
                                                                                                       Between
                                                                                                        Actual
                                                                 Objective     Max Abs                     and
                     Function         Active        Objective     Function    Gradient               Predicted
Iter     Restarts       Calls    Constraints         Function       Change     Element     Lambda       Change

   1            0           3             16'         0.36694     0.000770     0.00820     0.0313        0.542
   2            0           4             16'         0.36663     0.000310     0.00671     0.0304        0.414
   3            0           5             15'         0.36624     0.000393     0.00621     0.0372        0.564
   4            0           6             14'         0.36579     0.000451     0.00181     0.0287        0.865
   5            0           7             13'         0.36512     0.000669     0.00439     0.0138        0.846
   6            0           9             13'         0.36466     0.000462     0.00478     0.0455        0.728
   7            0          10             12'         0.36426     0.000396     0.00193     0.0449        0.732
   8            0          11             11'         0.36394     0.000319     0.00137     0.0372        0.761
   9            0          12             10'         0.36359     0.000359     0.00322    0.00984        0.736
  10            0          13              9'         0.36340     0.000184     0.00529    0.00901        0.360
  11            0          14              9'         0.36311     0.000289     0.00566    0.00924        0.392
  12            0          15              9'         0.36290     0.000215     0.00461     0.0108        0.289
  13            0          17              9'         0.36274     0.000157     0.00523     0.0509        0.297
  14            0          18              8'         0.36250     0.000240     0.00230     0.0268        0.639
  15            0          20              8'         0.36247     0.000029     0.00226      0.112        0.314
  16            0          22              8'         0.36245     0.000022     0.00261      0.363        0.355
  17            0          23              7'         0.36242     0.000028    0.000910      0.229        0.736
  18            0          24              7          0.36240     0.000017    0.000459      0.241        0.900
  19            0          25              7          0.36238     0.000026    0.000681      0.104        1.004
  20            0          26              7          0.36233     0.000050    0.000647     0.0479        1.034
  21            0          27              7          0.36219     0.000136     0.00134     0.0141        1.039
  22            0          28              7          0.36196     0.000235     0.00196    0.00590        1.022
  23            0          29              8'         0.36164     0.000321     0.00382    0.00194        0.905
  24            0          31              9'         0.36148     0.000156     0.00311    0.00588        0.815
  25            0          33              9'         0.36141     0.000073     0.00458    0.00695        0.558
  26            0          35             10'         0.36138     0.000024     0.00521     0.0137        0.223
  27            0          37             10'         0.36137     0.000011     0.00574     0.0482        0.116
  28            0          38             10'         0.36136     0.000015     0.00522     0.0285        0.171
  29            0          40             10'         0.36134     0.000021     0.00432      0.176        0.306
  30            0          41             10'         0.36133     4.694E-6     0.00390     0.0738        0.113
  31            0          43             10'         0.36132     0.000015     0.00242      0.551        0.468
  32            0          45             11          0.36131     4.832E-6     0.00102      0.833        0.484
  33            0          46             11          0.36131      2.16E-6    0.000523      0.259        0.724
  34            0          47             11          0.36131      1.12E-6    0.000184      0.231        0.909
  35            0          48             11          0.36131     1.876E-6    0.000168      0.110        0.989
  36            0          49             11          0.36130     3.533E-6    0.000088     0.0520        0.998
  37            0          50             11          0.36129     9.583E-6    0.000110     0.0154        0.990
  38            0          51             11          0.36128     0.000016    0.000078    0.00646        0.984
  39            0          52             11          0.36125     0.000027    0.000089    0.00257        0.992
  40            0          53             11          0.36120     0.000050     0.00337    0.00063        0.701
  41            0          54             10'         0.36111     0.000088     0.00413    0.00083        0.564
  42            0          55             10'         0.36099     0.000126     0.00292    0.00076        0.694
  43            0          57             10'         0.36097     0.000019     0.00492    0.00446        0.218
  44            0          58             10'         0.36092     0.000044     0.00395    0.00363        0.450
  45            0          59             10'         0.36091     0.000017     0.00556    0.00472        0.188
  46            0          60             10'         0.36085     0.000061     0.00369    0.00428        0.529
  47            0          61             10'         0.36085     1.742E-6     0.00696    0.00531       0.0184
  48            0          62             10'         0.36078     0.000064     0.00392     0.0119        0.514
  49            0          65             10'         0.36077     0.000014     0.00364      0.156        0.324
  50            0          66              9'         0.36075     0.000018     0.00151     0.0791        0.684

                                            Optimization Results

Iterations                                         50  Function Calls                                     68
Jacobian Calls                                     52  Active Constraints (+)                             10
Objective Function                       0.3607500533  Max Abs Gradient Element                 0.0015077067
Lambda                                   0.0790812733  Actual Over Pred Change                   0.683860825
Radius                                   0.0094148467                                                       

LEVMAR needs more than 50 iterations or 2147483647 function calls.                                

WARNING: LEVMAR Optimization cannot be completed.

 
                                                                                                                                                                                                                                                                
 
 

The NEURAL Procedure

                          Optimization Results
                           Parameter Estimates
                                                Gradient    Active
                                               Objective    Bound
  N Parameter                   Estimate        Function    Constraint

  1 GRP_IMP_CLAGE2_H11          1.613466     0.000065884                
  2 GRP_IMP_CLAGE3_H11          1.337994     0.000062261                
  3 GRP_IMP_CLAGE4_H11          0.874226     0.000035718                
  4 GRP_IMP_DEBTINC2_H11        0.689831    -0.000029089                
  5 GRP_IMP_DEBTINC3_H11        1.518912     0.000033664                
  6 GRP_IMP_DEBTINC4_H11           1E-10        0.000700     Lower BC   
  7 GRP_IMP_NINQ1_H11           1.599539    -0.000024153                
  8 GRP_IMP_NINQ2_H11           0.295231     0.000052194                
  9 GRP_IMP_NINQ3_H11              1E-10        0.000604     Lower BC   
 10 GRP_INDELINQ3_H11           0.399200       -0.000128                
 11 GRP_IMP_CLAGE2_H12          2.868276    -0.000035282                
 12 GRP_IMP_CLAGE3_H12          4.954689    -0.000052334                
 13 GRP_IMP_CLAGE4_H12          2.358855    -0.000042317                
 14 GRP_IMP_DEBTINC2_H12        3.696910     0.000041519                
 15 GRP_IMP_DEBTINC3_H12        1.709236    -0.000005705                
 16 GRP_IMP_DEBTINC4_H12    9.999999E-11        0.001440     Lower BC   
 17 GRP_IMP_NINQ1_H12           3.070448     0.000020654                
 18 GRP_IMP_NINQ2_H12              1E-10        0.000544     Lower BC   
 19 GRP_IMP_NINQ3_H12           0.487590    -0.000036258                
 20 GRP_INDELINQ3_H12           0.439000     0.000044172                
 21 GRP_IMP_CLAGE2_H13          0.012489        0.000654                
 22 GRP_IMP_CLAGE3_H13          1.340362        0.000624                
 23 GRP_IMP_CLAGE4_H13             1E-10        0.002909     Lower BC   
 24 GRP_IMP_DEBTINC2_H13        1.123950        0.000894                
 25 GRP_IMP_DEBTINC3_H13        0.778392       -0.000116                
 26 GRP_IMP_DEBTINC4_H13        0.102521       -0.000366                
 27 GRP_IMP_NINQ1_H13           0.234270        0.000456                
 28 GRP_IMP_NINQ2_H13           1.275802       -0.000717                
 29 GRP_IMP_NINQ3_H13              1E-10     0.000032474     Lower BC   
 30 GRP_INDELINQ3_H13           1.210462        0.001356                
 31 GRP_IMP_CLAGE2_H14          0.083581       -0.001001                
 32 GRP_IMP_CLAGE3_H14          1.023970       -0.000711                
 33 GRP_IMP_CLAGE4_H14          0.239530        0.000200                
 34 GRP_IMP_DEBTINC2_H14        0.788634       -0.000909                
 35 GRP_IMP_DEBTINC3_H14        1.040911    -0.000025302                
 36 GRP_IMP_DEBTINC4_H14           1E-10        0.003853     Lower BC   
 37 GRP_IMP_NINQ1_H14           0.278789       -0.000390                
 38 GRP_IMP_NINQ2_H14           0.937298        0.000709                
 39 GRP_IMP_NINQ3_H14              1E-10        0.001030     Lower BC   
 40 GRP_INDELINQ3_H14           0.753593       -0.001357                
 41 GRP_IMP_CLAGE2_H15          0.095022        0.000241                
 42 GRP_IMP_CLAGE3_H15             1E-10       -0.000961     Lower BC   
 43 GRP_IMP_CLAGE4_H15          0.205315       -0.000158                
 44 GRP_IMP_DEBTINC2_H15        0.752511        0.000406                
 45 GRP_IMP_DEBTINC3_H15           1E-10        0.005259     Lower BC   
 46 GRP_IMP_DEBTINC4_H15        0.114241       -0.000178                
 47 GRP_IMP_NINQ1_H15           0.140124        0.000115                
 48 GRP_IMP_NINQ2_H15           0.397278       -0.000277                
 49 GRP_IMP_NINQ3_H15           0.123199       -0.000356                
 50 GRP_INDELINQ3_H15           0.392054        0.000370                
 51 BIAS_H11                    1.614442    -0.000081762                
 52 BIAS_H12                    2.699083     0.000057103                
 53 BIAS_H13                   -2.058348        0.001508                
 54 BIAS_H14                   -1.507698       -0.001431                
 55 BIAS_H15                    0.686207        0.000660                
 56 H11_BAD1                   -4.873572        0.000369                
 57 H12_BAD1                    3.517775        0.000333                
 58 H13_BAD1                    6.043770       -0.000171                
 59 H14_BAD1                   -7.126366       -0.000121                
 60 H15_BAD1                    4.232231        0.000234                
 61 BIAS_BAD1                  -3.229074        0.000419                

Value of Objective Function = 0.3607500533



          First Order Lagrange Multipliers
                          
 
                                            Lagrange
         Active Constraint                Multiplier

 Lower BC       GRP_IMP_DEBTINC4_H11        0.000700
 Lower BC       GRP_IMP_NINQ3_H11           0.000604
 Lower BC       GRP_IMP_DEBTINC4_H12        0.001440
 Lower BC       GRP_IMP_NINQ2_H12           0.000544
 Lower BC       GRP_IMP_CLAGE4_H13          0.002909
 Lower BC       GRP_IMP_NINQ3_H13        0.000032474
 Lower BC       GRP_IMP_DEBTINC4_H14        0.003853
 Lower BC       GRP_IMP_NINQ3_H14           0.001030
 Lower BC       GRP_IMP_CLAGE3_H15         -0.000961
 Lower BC       GRP_IMP_DEBTINC3_H15        0.005259


  Projected Gradient
 
     Free    Projected
Dimension     Gradient

        1  0.000065884
        2  0.000062261
        3  0.000035718
        4 -0.000029089
        5  0.000033664
        6 -0.000024153
        7  0.000052194
        8    -0.000128
        9 -0.000035282
       10 -0.000052334
       11 -0.000042317
       12  0.000041519
       13 -0.000005705
       14  0.000020654
       15 -0.000036258
       16  0.000044172
       17     0.000654
       18     0.000624
       19     0.000894
       20    -0.000116
       21    -0.000366
       22     0.000456
       23    -0.000717
       24     0.001356
       25    -0.001001
       26    -0.000711
       27     0.000200
       28    -0.000909
       29 -0.000025302
       30    -0.000390
       31     0.000709
       32    -0.001357
       33     0.000241
       34    -0.000158
       35     0.000406
       36    -0.000178
       37     0.000115
       38    -0.000277
       39    -0.000356
       40     0.000370
       41 -0.000081762
       42  0.000057103
       43     0.001508
       44    -0.001431
       45     0.000660
       46     0.000369
       47     0.000333
       48    -0.000171
       49    -0.000121
       50     0.000234
       51     0.000419
