MPRINT(EM_DIAGRAM):    data _null_;
MPRINT(EM_DIAGRAM):   call symput('NLDATE', strip(put(date(), NLDATE.)));
MPRINT(EM_DIAGRAM):   call symput('NLTIME', strip(put(datetime(), NLTIME.)));
MPRINT(EM_DIAGRAM):   run;
MPRINT(EM_DIAGRAM):   data _null_;
MPRINT(EM_DIAGRAM):   nldate= sasmsg("sashelp.dmine", "log_date_note", 'N', "November 04, 
2015" );
MPRINT(EM_DIAGRAM):   nltime= sasmsg("sashelp.dmine", "log_time_note", 'N', "07:50:56" );
MPRINT(EM_DIAGRAM):   put "*------------------------------------------------------------*";
MPRINT(EM_DIAGRAM):   put "* Score Log";
MPRINT(EM_DIAGRAM):   put nldate;
MPRINT(EM_DIAGRAM):   put nltime;
MPRINT(EM_DIAGRAM):   put "*------------------------------------------------------------*";
MPRINT(EM_DIAGRAM):   run;
*------------------------------------------------------------*
* Score Log
Date:                November 04, 2015
Time:                07:50:56
*------------------------------------------------------------*
MPRINT(EM_DIAGRAM):    filename O1K5J9L8 "C:\Users\sakerb01\Desktop\SAS EM 12.3 Tutorials _ 
Projects\Project_3\Workspaces\EMWS1\Neural6\EMSCORE.out" encoding="UTF-8" NOBOM;
MPRINT(EM_DIAGRAM):   proc printto print=O1K5J9L8 new;
MPRINT(EM_DIAGRAM):   run;
38566      data work.outkey;
MPRINT(EM_DIAGRAM):    data work.outkey;
38567      set EMWS1.Neural6_OUTKEY;
MPRINT(EM_DIAGRAM):   set EMWS1.Neural6_OUTKEY;
38568      if upcase(ROLE) = 'HIDDEN';
MPRINT(EM_DIAGRAM):   if upcase(ROLE) = 'HIDDEN';
38569      run;
MPRINT(EM_DIAGRAM):   run;

NOTE: There were 23 observations read from the data set EMWS1.NEURAL6_OUTKEY.
NOTE: The data set WORK.OUTKEY has 1 observations and 8 variables.
NOTE: DATA statement used (Total process time):
      real time           0.01 seconds
      cpu time            0.01 seconds
      

38570      filename emflow "C:\Users\sakerb01\Desktop\SAS EM 12.3 Tutorials _
38570    ! Projects\Project_3\Workspaces\EMWS1\Neural6\EMFLOWSCORE.sas";
MPRINT(EM_DIAGRAM):    filename emflow "C:\Users\sakerb01\Desktop\SAS EM 12.3 Tutorials _ 
Projects\Project_3\Workspaces\EMWS1\Neural6\EMFLOWSCORE.sas";
MPRINT(EM_DIAGRAM):   *------------------------------------------------------------*;
MPRINT(EM_DIAGRAM):   * Neural6: Scoring DATA data;
MPRINT(EM_DIAGRAM):   *------------------------------------------------------------*;
38571      *------------------------------------------------------------*;
38572      * Neural6: Scoring DATA data;
38573      *------------------------------------------------------------*;
38574      data EMWS1.Neural6_TRAIN
38575      / view=EMWS1.Neural6_TRAIN
38576      ;
MPRINT(EM_DIAGRAM):   data EMWS1.Neural6_TRAIN / view=EMWS1.Neural6_TRAIN ;
38577      set EMWS1.BINNING_TRAIN
38578      ;
MPRINT(EM_DIAGRAM):   set EMWS1.BINNING_TRAIN ;
38579      %inc emflow;
NOTE: %INCLUDE (level 1) file EMFLOW is file C:\Users\sakerb01\Desktop\SAS EM 12.3 Tutorials _ 
      Projects\Project_3\Workspaces\EMWS1\Neural6\EMFLOWSCORE.sas.
38580     +***********************************;
MPRINT(EM_DIAGRAM):   ***********************************;
38581     +*** Begin Scoring Code for Neural;
MPRINT(EM_DIAGRAM):   *** Begin Scoring Code for Neural;
38582     +***********************************;
MPRINT(EM_DIAGRAM):   ***********************************;
38583     +DROP _DM_BAD _EPS _NOCL_ _MAX_ _MAXP_ _SUM_ _NTRIALS;
MPRINT(EM_DIAGRAM):   DROP _DM_BAD _EPS _NOCL_ _MAX_ _MAXP_ _SUM_ _NTRIALS;
38584     + _DM_BAD = 0;
MPRINT(EM_DIAGRAM):   _DM_BAD = 0;
38585     + _NOCL_ = .;
MPRINT(EM_DIAGRAM):   _NOCL_ = .;
38586     + _MAX_ = .;
MPRINT(EM_DIAGRAM):   _MAX_ = .;
38587     + _MAXP_ = .;
MPRINT(EM_DIAGRAM):   _MAXP_ = .;
38588     + _SUM_ = .;
MPRINT(EM_DIAGRAM):   _SUM_ = .;
38589     + _NTRIALS = .;
MPRINT(EM_DIAGRAM):   _NTRIALS = .;
38590     + _EPS =                1E-10;
MPRINT(EM_DIAGRAM):   _EPS = 1E-10;
38591     +LENGTH _WARN_ $4
38592     +      F_BAD  $ 12
38593     +;
MPRINT(EM_DIAGRAM):   LENGTH _WARN_ $4 F_BAD $ 12 ;
38594     +      label GRP_IMP_CLAGE2 = 'Dummy: GRP_IMP_CLAGE=2' ;
MPRINT(EM_DIAGRAM):   label GRP_IMP_CLAGE2 = 'Dummy: GRP_IMP_CLAGE=2' ;
38595     +
38596     +      label GRP_IMP_CLAGE3 = 'Dummy: GRP_IMP_CLAGE=3' ;
MPRINT(EM_DIAGRAM):   label GRP_IMP_CLAGE3 = 'Dummy: GRP_IMP_CLAGE=3' ;
38597     +
38598     +      label GRP_IMP_CLAGE4 = 'Dummy: GRP_IMP_CLAGE=4' ;
MPRINT(EM_DIAGRAM):   label GRP_IMP_CLAGE4 = 'Dummy: GRP_IMP_CLAGE=4' ;
38599     +
38600     +      label GRP_IMP_DEBTINC2 = 'Dummy: GRP_IMP_DEBTINC=2' ;
MPRINT(EM_DIAGRAM):   label GRP_IMP_DEBTINC2 = 'Dummy: GRP_IMP_DEBTINC=2' ;
38601     +
38602     +      label GRP_IMP_DEBTINC3 = 'Dummy: GRP_IMP_DEBTINC=3' ;
MPRINT(EM_DIAGRAM):   label GRP_IMP_DEBTINC3 = 'Dummy: GRP_IMP_DEBTINC=3' ;
38603     +
38604     +      label GRP_IMP_DEBTINC4 = 'Dummy: GRP_IMP_DEBTINC=4' ;
MPRINT(EM_DIAGRAM):   label GRP_IMP_DEBTINC4 = 'Dummy: GRP_IMP_DEBTINC=4' ;
38605     +
38606     +      label GRP_IMP_NINQ1 = 'Dummy: GRP_IMP_NINQ=1' ;
MPRINT(EM_DIAGRAM):   label GRP_IMP_NINQ1 = 'Dummy: GRP_IMP_NINQ=1' ;
38607     +
38608     +      label GRP_IMP_NINQ2 = 'Dummy: GRP_IMP_NINQ=2' ;
MPRINT(EM_DIAGRAM):   label GRP_IMP_NINQ2 = 'Dummy: GRP_IMP_NINQ=2' ;
38609     +
38610     +      label GRP_IMP_NINQ3 = 'Dummy: GRP_IMP_NINQ=3' ;
MPRINT(EM_DIAGRAM):   label GRP_IMP_NINQ3 = 'Dummy: GRP_IMP_NINQ=3' ;
38611     +
38612     +      label GRP_INDELINQ3 = 'Dummy: GRP_INDELINQ=3' ;
MPRINT(EM_DIAGRAM):   label GRP_INDELINQ3 = 'Dummy: GRP_INDELINQ=3' ;
38613     +
38614     +      label H11 = 'Hidden: H1=1' ;
MPRINT(EM_DIAGRAM):   label H11 = 'Hidden: H1=1' ;
38615     +
38616     +      label I_BAD = 'Into: BAD' ;
MPRINT(EM_DIAGRAM):   label I_BAD = 'Into: BAD' ;
38617     +
38618     +      label F_BAD = 'From: BAD' ;
MPRINT(EM_DIAGRAM):   label F_BAD = 'From: BAD' ;
38619     +
38620     +      label U_BAD = 'Unnormalized Into: BAD' ;
MPRINT(EM_DIAGRAM):   label U_BAD = 'Unnormalized Into: BAD' ;
38621     +
38622     +      label P_BAD1 = 'Predicted: BAD=1' ;
MPRINT(EM_DIAGRAM):   label P_BAD1 = 'Predicted: BAD=1' ;
38623     +
38624     +      label R_BAD1 = 'Residual: BAD=1' ;
MPRINT(EM_DIAGRAM):   label R_BAD1 = 'Residual: BAD=1' ;
38625     +
38626     +      label P_BAD0 = 'Predicted: BAD=0' ;
MPRINT(EM_DIAGRAM):   label P_BAD0 = 'Predicted: BAD=0' ;
38627     +
38628     +      label R_BAD0 = 'Residual: BAD=0' ;
MPRINT(EM_DIAGRAM):   label R_BAD0 = 'Residual: BAD=0' ;
38629     +
38630     +      label  _WARN_ = "Warnings";
MPRINT(EM_DIAGRAM):   label _WARN_ = "Warnings";
38631     +
38632     +*** Generate dummy variables for GRP_IMP_CLAGE ;
MPRINT(EM_DIAGRAM):   *** Generate dummy variables for GRP_IMP_CLAGE ;
38633     +drop GRP_IMP_CLAGE2 GRP_IMP_CLAGE3 GRP_IMP_CLAGE4 ;
MPRINT(EM_DIAGRAM):   drop GRP_IMP_CLAGE2 GRP_IMP_CLAGE3 GRP_IMP_CLAGE4 ;
38634     +if missing( GRP_IMP_CLAGE ) then do;
MPRINT(EM_DIAGRAM):   if missing( GRP_IMP_CLAGE ) then do;
38635     +   GRP_IMP_CLAGE2 = .;
MPRINT(EM_DIAGRAM):   GRP_IMP_CLAGE2 = .;
38636     +   GRP_IMP_CLAGE3 = .;
MPRINT(EM_DIAGRAM):   GRP_IMP_CLAGE3 = .;
38637     +   GRP_IMP_CLAGE4 = .;
MPRINT(EM_DIAGRAM):   GRP_IMP_CLAGE4 = .;
38638     +   substr(_warn_,1,1) = 'M';
MPRINT(EM_DIAGRAM):   substr(_warn_,1,1) = 'M';
38639     +   _DM_BAD = 1;
MPRINT(EM_DIAGRAM):   _DM_BAD = 1;
38640     +end;
MPRINT(EM_DIAGRAM):   end;
38641     +else do;
MPRINT(EM_DIAGRAM):   else do;
38642     +   length _dm12 $ 12; drop _dm12 ;
MPRINT(EM_DIAGRAM):   length _dm12 $ 12;
MPRINT(EM_DIAGRAM):   drop _dm12 ;
38643     +   _dm12 = put( GRP_IMP_CLAGE , BEST12. );
MPRINT(EM_DIAGRAM):   _dm12 = put( GRP_IMP_CLAGE , BEST12. );
38644     +   %DMNORMIP( _dm12 )
MPRINT(DMNORMIP):   call dmnorm(_dm12,
MPRINT(DMNORLEN):  32
MPRINT(DMNORMIP):  );
38645     +   if _dm12 = '3'  then do;
MPRINT(EM_DIAGRAM):   if _dm12 = '3' then do;
38646     +      GRP_IMP_CLAGE2 = 0.63245553203367;
MPRINT(EM_DIAGRAM):   GRP_IMP_CLAGE2 = 0.63245553203367;
38647     +      GRP_IMP_CLAGE3 = -0.63245553203367;
MPRINT(EM_DIAGRAM):   GRP_IMP_CLAGE3 = -0.63245553203367;
38648     +      GRP_IMP_CLAGE4 = -0.63245553203367;
MPRINT(EM_DIAGRAM):   GRP_IMP_CLAGE4 = -0.63245553203367;
38649     +   end;
MPRINT(EM_DIAGRAM):   end;
38650     +   else if _dm12 = '5'  then do;
MPRINT(EM_DIAGRAM):   else if _dm12 = '5' then do;
38651     +      GRP_IMP_CLAGE2 = 0.63245553203367;
MPRINT(EM_DIAGRAM):   GRP_IMP_CLAGE2 = 0.63245553203367;
38652     +      GRP_IMP_CLAGE3 = 0.63245553203367;
MPRINT(EM_DIAGRAM):   GRP_IMP_CLAGE3 = 0.63245553203367;
38653     +      GRP_IMP_CLAGE4 = 0.63245553203367;
MPRINT(EM_DIAGRAM):   GRP_IMP_CLAGE4 = 0.63245553203367;
38654     +   end;
MPRINT(EM_DIAGRAM):   end;
38655     +   else if _dm12 = '2'  then do;
MPRINT(EM_DIAGRAM):   else if _dm12 = '2' then do;
38656     +      GRP_IMP_CLAGE2 = -0.63245553203367;
MPRINT(EM_DIAGRAM):   GRP_IMP_CLAGE2 = -0.63245553203367;
38657     +      GRP_IMP_CLAGE3 = -0.63245553203367;
MPRINT(EM_DIAGRAM):   GRP_IMP_CLAGE3 = -0.63245553203367;
38658     +      GRP_IMP_CLAGE4 = -0.63245553203367;
MPRINT(EM_DIAGRAM):   GRP_IMP_CLAGE4 = -0.63245553203367;
38659     +   end;
MPRINT(EM_DIAGRAM):   end;
38660     +   else if _dm12 = '4'  then do;
MPRINT(EM_DIAGRAM):   else if _dm12 = '4' then do;
38661     +      GRP_IMP_CLAGE2 = 0.63245553203367;
MPRINT(EM_DIAGRAM):   GRP_IMP_CLAGE2 = 0.63245553203367;
38662     +      GRP_IMP_CLAGE3 = 0.63245553203367;
MPRINT(EM_DIAGRAM):   GRP_IMP_CLAGE3 = 0.63245553203367;
38663     +      GRP_IMP_CLAGE4 = -0.63245553203367;
MPRINT(EM_DIAGRAM):   GRP_IMP_CLAGE4 = -0.63245553203367;
38664     +   end;
MPRINT(EM_DIAGRAM):   end;
38665     +   else do;
MPRINT(EM_DIAGRAM):   else do;
38666     +      GRP_IMP_CLAGE2 = .;
MPRINT(EM_DIAGRAM):   GRP_IMP_CLAGE2 = .;
38667     +      GRP_IMP_CLAGE3 = .;
MPRINT(EM_DIAGRAM):   GRP_IMP_CLAGE3 = .;
38668     +      GRP_IMP_CLAGE4 = .;
MPRINT(EM_DIAGRAM):   GRP_IMP_CLAGE4 = .;
38669     +      substr(_warn_,2,1) = 'U';
MPRINT(EM_DIAGRAM):   substr(_warn_,2,1) = 'U';
38670     +      _DM_BAD = 1;
MPRINT(EM_DIAGRAM):   _DM_BAD = 1;
38671     +   end;
MPRINT(EM_DIAGRAM):   end;
38672     +end;
MPRINT(EM_DIAGRAM):   end;
38673     +
38674     +*** Generate dummy variables for GRP_IMP_DEBTINC ;
MPRINT(EM_DIAGRAM):   *** Generate dummy variables for GRP_IMP_DEBTINC ;
38675     +drop GRP_IMP_DEBTINC2 GRP_IMP_DEBTINC3 GRP_IMP_DEBTINC4 ;
MPRINT(EM_DIAGRAM):   drop GRP_IMP_DEBTINC2 GRP_IMP_DEBTINC3 GRP_IMP_DEBTINC4 ;
38676     +if missing( GRP_IMP_DEBTINC ) then do;
MPRINT(EM_DIAGRAM):   if missing( GRP_IMP_DEBTINC ) then do;
38677     +   GRP_IMP_DEBTINC2 = .;
MPRINT(EM_DIAGRAM):   GRP_IMP_DEBTINC2 = .;
38678     +   GRP_IMP_DEBTINC3 = .;
MPRINT(EM_DIAGRAM):   GRP_IMP_DEBTINC3 = .;
38679     +   GRP_IMP_DEBTINC4 = .;
MPRINT(EM_DIAGRAM):   GRP_IMP_DEBTINC4 = .;
38680     +   substr(_warn_,1,1) = 'M';
MPRINT(EM_DIAGRAM):   substr(_warn_,1,1) = 'M';
38681     +   _DM_BAD = 1;
MPRINT(EM_DIAGRAM):   _DM_BAD = 1;
38682     +end;
MPRINT(EM_DIAGRAM):   end;
38683     +else do;
MPRINT(EM_DIAGRAM):   else do;
38684     +   length _dm12 $ 12; drop _dm12 ;
MPRINT(EM_DIAGRAM):   length _dm12 $ 12;
MPRINT(EM_DIAGRAM):   drop _dm12 ;
38685     +   _dm12 = put( GRP_IMP_DEBTINC , BEST12. );
MPRINT(EM_DIAGRAM):   _dm12 = put( GRP_IMP_DEBTINC , BEST12. );
38686     +   %DMNORMIP( _dm12 )
MPRINT(DMNORMIP):   call dmnorm(_dm12,
MPRINT(DMNORLEN):  32
MPRINT(DMNORMIP):  );
38687     +   if _dm12 = '3'  then do;
MPRINT(EM_DIAGRAM):   if _dm12 = '3' then do;
38688     +      GRP_IMP_DEBTINC2 = 0.63245553203367;
MPRINT(EM_DIAGRAM):   GRP_IMP_DEBTINC2 = 0.63245553203367;
38689     +      GRP_IMP_DEBTINC3 = -0.63245553203367;
MPRINT(EM_DIAGRAM):   GRP_IMP_DEBTINC3 = -0.63245553203367;
38690     +      GRP_IMP_DEBTINC4 = -0.63245553203367;
MPRINT(EM_DIAGRAM):   GRP_IMP_DEBTINC4 = -0.63245553203367;
38691     +   end;
MPRINT(EM_DIAGRAM):   end;
38692     +   else if _dm12 = '2'  then do;
MPRINT(EM_DIAGRAM):   else if _dm12 = '2' then do;
38693     +      GRP_IMP_DEBTINC2 = -0.63245553203367;
MPRINT(EM_DIAGRAM):   GRP_IMP_DEBTINC2 = -0.63245553203367;
38694     +      GRP_IMP_DEBTINC3 = -0.63245553203367;
MPRINT(EM_DIAGRAM):   GRP_IMP_DEBTINC3 = -0.63245553203367;
38695     +      GRP_IMP_DEBTINC4 = -0.63245553203367;
MPRINT(EM_DIAGRAM):   GRP_IMP_DEBTINC4 = -0.63245553203367;
38696     +   end;
MPRINT(EM_DIAGRAM):   end;
38697     +   else if _dm12 = '5'  then do;
MPRINT(EM_DIAGRAM):   else if _dm12 = '5' then do;
38698     +      GRP_IMP_DEBTINC2 = 0.63245553203367;
MPRINT(EM_DIAGRAM):   GRP_IMP_DEBTINC2 = 0.63245553203367;
38699     +      GRP_IMP_DEBTINC3 = 0.63245553203367;
MPRINT(EM_DIAGRAM):   GRP_IMP_DEBTINC3 = 0.63245553203367;
38700     +      GRP_IMP_DEBTINC4 = 0.63245553203367;
MPRINT(EM_DIAGRAM):   GRP_IMP_DEBTINC4 = 0.63245553203367;
38701     +   end;
MPRINT(EM_DIAGRAM):   end;
38702     +   else if _dm12 = '4'  then do;
MPRINT(EM_DIAGRAM):   else if _dm12 = '4' then do;
38703     +      GRP_IMP_DEBTINC2 = 0.63245553203367;
MPRINT(EM_DIAGRAM):   GRP_IMP_DEBTINC2 = 0.63245553203367;
38704     +      GRP_IMP_DEBTINC3 = 0.63245553203367;
MPRINT(EM_DIAGRAM):   GRP_IMP_DEBTINC3 = 0.63245553203367;
38705     +      GRP_IMP_DEBTINC4 = -0.63245553203367;
MPRINT(EM_DIAGRAM):   GRP_IMP_DEBTINC4 = -0.63245553203367;
38706     +   end;
MPRINT(EM_DIAGRAM):   end;
38707     +   else do;
MPRINT(EM_DIAGRAM):   else do;
38708     +      GRP_IMP_DEBTINC2 = .;
MPRINT(EM_DIAGRAM):   GRP_IMP_DEBTINC2 = .;
38709     +      GRP_IMP_DEBTINC3 = .;
MPRINT(EM_DIAGRAM):   GRP_IMP_DEBTINC3 = .;
38710     +      GRP_IMP_DEBTINC4 = .;
MPRINT(EM_DIAGRAM):   GRP_IMP_DEBTINC4 = .;
38711     +      substr(_warn_,2,1) = 'U';
MPRINT(EM_DIAGRAM):   substr(_warn_,2,1) = 'U';
38712     +      _DM_BAD = 1;
MPRINT(EM_DIAGRAM):   _DM_BAD = 1;
38713     +   end;
MPRINT(EM_DIAGRAM):   end;
38714     +end;
MPRINT(EM_DIAGRAM):   end;
38715     +
38716     +*** Generate dummy variables for GRP_IMP_NINQ ;
MPRINT(EM_DIAGRAM):   *** Generate dummy variables for GRP_IMP_NINQ ;
38717     +drop GRP_IMP_NINQ1 GRP_IMP_NINQ2 GRP_IMP_NINQ3 ;
MPRINT(EM_DIAGRAM):   drop GRP_IMP_NINQ1 GRP_IMP_NINQ2 GRP_IMP_NINQ3 ;
38718     +if missing( GRP_IMP_NINQ ) then do;
MPRINT(EM_DIAGRAM):   if missing( GRP_IMP_NINQ ) then do;
38719     +   GRP_IMP_NINQ1 = .;
MPRINT(EM_DIAGRAM):   GRP_IMP_NINQ1 = .;
38720     +   GRP_IMP_NINQ2 = .;
MPRINT(EM_DIAGRAM):   GRP_IMP_NINQ2 = .;
38721     +   GRP_IMP_NINQ3 = .;
MPRINT(EM_DIAGRAM):   GRP_IMP_NINQ3 = .;
38722     +   substr(_warn_,1,1) = 'M';
MPRINT(EM_DIAGRAM):   substr(_warn_,1,1) = 'M';
38723     +   _DM_BAD = 1;
MPRINT(EM_DIAGRAM):   _DM_BAD = 1;
38724     +end;
MPRINT(EM_DIAGRAM):   end;
38725     +else do;
MPRINT(EM_DIAGRAM):   else do;
38726     +   length _dm12 $ 12; drop _dm12 ;
MPRINT(EM_DIAGRAM):   length _dm12 $ 12;
MPRINT(EM_DIAGRAM):   drop _dm12 ;
38727     +   _dm12 = put( GRP_IMP_NINQ , BEST12. );
MPRINT(EM_DIAGRAM):   _dm12 = put( GRP_IMP_NINQ , BEST12. );
38728     +   %DMNORMIP( _dm12 )
MPRINT(DMNORMIP):   call dmnorm(_dm12,
MPRINT(DMNORLEN):  32
MPRINT(DMNORMIP):  );
38729     +   if _dm12 = '1'  then do;
MPRINT(EM_DIAGRAM):   if _dm12 = '1' then do;
38730     +      GRP_IMP_NINQ1 = -0.63245553203367;
MPRINT(EM_DIAGRAM):   GRP_IMP_NINQ1 = -0.63245553203367;
38731     +      GRP_IMP_NINQ2 = -0.63245553203367;
MPRINT(EM_DIAGRAM):   GRP_IMP_NINQ2 = -0.63245553203367;
38732     +      GRP_IMP_NINQ3 = -0.63245553203367;
MPRINT(EM_DIAGRAM):   GRP_IMP_NINQ3 = -0.63245553203367;
38733     +   end;
MPRINT(EM_DIAGRAM):   end;
38734     +   else if _dm12 = '2'  then do;
MPRINT(EM_DIAGRAM):   else if _dm12 = '2' then do;
38735     +      GRP_IMP_NINQ1 = 0.63245553203367;
MPRINT(EM_DIAGRAM):   GRP_IMP_NINQ1 = 0.63245553203367;
38736     +      GRP_IMP_NINQ2 = -0.63245553203367;
MPRINT(EM_DIAGRAM):   GRP_IMP_NINQ2 = -0.63245553203367;
38737     +      GRP_IMP_NINQ3 = -0.63245553203367;
MPRINT(EM_DIAGRAM):   GRP_IMP_NINQ3 = -0.63245553203367;
38738     +   end;
MPRINT(EM_DIAGRAM):   end;
38739     +   else if _dm12 = '4'  then do;
MPRINT(EM_DIAGRAM):   else if _dm12 = '4' then do;
38740     +      GRP_IMP_NINQ1 = 0.63245553203367;
MPRINT(EM_DIAGRAM):   GRP_IMP_NINQ1 = 0.63245553203367;
38741     +      GRP_IMP_NINQ2 = 0.63245553203367;
MPRINT(EM_DIAGRAM):   GRP_IMP_NINQ2 = 0.63245553203367;
38742     +      GRP_IMP_NINQ3 = 0.63245553203367;
MPRINT(EM_DIAGRAM):   GRP_IMP_NINQ3 = 0.63245553203367;
38743     +   end;
MPRINT(EM_DIAGRAM):   end;
38744     +   else if _dm12 = '3'  then do;
MPRINT(EM_DIAGRAM):   else if _dm12 = '3' then do;
38745     +      GRP_IMP_NINQ1 = 0.63245553203367;
MPRINT(EM_DIAGRAM):   GRP_IMP_NINQ1 = 0.63245553203367;
38746     +      GRP_IMP_NINQ2 = 0.63245553203367;
MPRINT(EM_DIAGRAM):   GRP_IMP_NINQ2 = 0.63245553203367;
38747     +      GRP_IMP_NINQ3 = -0.63245553203367;
MPRINT(EM_DIAGRAM):   GRP_IMP_NINQ3 = -0.63245553203367;
38748     +   end;
MPRINT(EM_DIAGRAM):   end;
38749     +   else do;
MPRINT(EM_DIAGRAM):   else do;
38750     +      GRP_IMP_NINQ1 = .;
MPRINT(EM_DIAGRAM):   GRP_IMP_NINQ1 = .;
38751     +      GRP_IMP_NINQ2 = .;
MPRINT(EM_DIAGRAM):   GRP_IMP_NINQ2 = .;
38752     +      GRP_IMP_NINQ3 = .;
MPRINT(EM_DIAGRAM):   GRP_IMP_NINQ3 = .;
38753     +      substr(_warn_,2,1) = 'U';
MPRINT(EM_DIAGRAM):   substr(_warn_,2,1) = 'U';
38754     +      _DM_BAD = 1;
MPRINT(EM_DIAGRAM):   _DM_BAD = 1;
38755     +   end;
MPRINT(EM_DIAGRAM):   end;
38756     +end;
MPRINT(EM_DIAGRAM):   end;
38757     +
38758     +*** Generate dummy variables for GRP_INDELINQ ;
MPRINT(EM_DIAGRAM):   *** Generate dummy variables for GRP_INDELINQ ;
38759     +drop GRP_INDELINQ3 ;
MPRINT(EM_DIAGRAM):   drop GRP_INDELINQ3 ;
38760     +if missing( GRP_INDELINQ ) then do;
MPRINT(EM_DIAGRAM):   if missing( GRP_INDELINQ ) then do;
38761     +   GRP_INDELINQ3 = .;
MPRINT(EM_DIAGRAM):   GRP_INDELINQ3 = .;
38762     +   substr(_warn_,1,1) = 'M';
MPRINT(EM_DIAGRAM):   substr(_warn_,1,1) = 'M';
38763     +   _DM_BAD = 1;
MPRINT(EM_DIAGRAM):   _DM_BAD = 1;
38764     +end;
MPRINT(EM_DIAGRAM):   end;
38765     +else do;
MPRINT(EM_DIAGRAM):   else do;
38766     +   length _dm12 $ 12; drop _dm12 ;
MPRINT(EM_DIAGRAM):   length _dm12 $ 12;
MPRINT(EM_DIAGRAM):   drop _dm12 ;
38767     +   _dm12 = put( GRP_INDELINQ , BEST12. );
MPRINT(EM_DIAGRAM):   _dm12 = put( GRP_INDELINQ , BEST12. );
38768     +   %DMNORMIP( _dm12 )
MPRINT(DMNORMIP):   call dmnorm(_dm12,
MPRINT(DMNORLEN):  32
MPRINT(DMNORMIP):  );
38769     +   if _dm12 = '3'  then do;
MPRINT(EM_DIAGRAM):   if _dm12 = '3' then do;
38770     +      GRP_INDELINQ3 = -1;
MPRINT(EM_DIAGRAM):   GRP_INDELINQ3 = -1;
38771     +   end;
MPRINT(EM_DIAGRAM):   end;
38772     +   else if _dm12 = '4'  then do;
MPRINT(EM_DIAGRAM):   else if _dm12 = '4' then do;
38773     +      GRP_INDELINQ3 = 1;
MPRINT(EM_DIAGRAM):   GRP_INDELINQ3 = 1;
38774     +   end;
MPRINT(EM_DIAGRAM):   end;
38775     +   else do;
MPRINT(EM_DIAGRAM):   else do;
38776     +      GRP_INDELINQ3 = .;
MPRINT(EM_DIAGRAM):   GRP_INDELINQ3 = .;
38777     +      substr(_warn_,2,1) = 'U';
MPRINT(EM_DIAGRAM):   substr(_warn_,2,1) = 'U';
38778     +      _DM_BAD = 1;
MPRINT(EM_DIAGRAM):   _DM_BAD = 1;
38779     +   end;
MPRINT(EM_DIAGRAM):   end;
38780     +end;
MPRINT(EM_DIAGRAM):   end;
38781     +*** *************************;
MPRINT(EM_DIAGRAM):   *** *************************;
38782     +*** Writing the Node ord ;
MPRINT(EM_DIAGRAM):   *** Writing the Node ord ;
38783     +*** *************************;
MPRINT(EM_DIAGRAM):   *** *************************;
38784     +*** *************************;
MPRINT(EM_DIAGRAM):   *** *************************;
38785     +*** Writing the Node H1 ;
MPRINT(EM_DIAGRAM):   *** Writing the Node H1 ;
38786     +*** *************************;
MPRINT(EM_DIAGRAM):   *** *************************;
38787     +IF _DM_BAD EQ 0 THEN DO;
MPRINT(EM_DIAGRAM):   IF _DM_BAD EQ 0 THEN DO;
38788     +   H11  =  1.0000000827403E-10 * GRP_IMP_CLAGE2  +  1.0000000827403E-10 *
38789     +        GRP_IMP_CLAGE3  +  9.9999994396249E-11 * GRP_IMP_CLAGE4
38790     +          +     0.39611532196021 * GRP_IMP_DEBTINC2  +  9.9999994396249E-11 *
38791     +        GRP_IMP_DEBTINC3  +  1.0000000827403E-10 * GRP_IMP_DEBTINC4
38792     +          +  1.0000000827403E-10 * GRP_IMP_NINQ1  +     0.11502747149719 *
38793     +        GRP_IMP_NINQ2  +     0.10024614185186 * GRP_IMP_NINQ3
38794     +          +     0.19716792178802 * GRP_INDELINQ3 ;
MPRINT(EM_DIAGRAM):   H11 = 1.0000000827403E-10 * GRP_IMP_CLAGE2 + 1.0000000827403E-10 * 
GRP_IMP_CLAGE3 + 9.9999994396249E-11 * GRP_IMP_CLAGE4 + 0.39611532196021 * GRP_IMP_DEBTINC2 + 
9.9999994396249E-11 * GRP_IMP_DEBTINC3 + 1.0000000827403E-10 * GRP_IMP_DEBTINC4 + 
1.0000000827403E-10 * GRP_IMP_NINQ1 + 0.11502747149719 * GRP_IMP_NINQ2 + 0.10024614185186 * 
GRP_IMP_NINQ3 + 0.19716792178802 * GRP_INDELINQ3 ;
38795     +   H11  =     0.39348243075107 + H11 ;
MPRINT(EM_DIAGRAM):   H11 = 0.39348243075107 + H11 ;
38796     +   H11  = TANH(H11 );
MPRINT(EM_DIAGRAM):   H11 = TANH(H11 );
38797     +END;
MPRINT(EM_DIAGRAM):   END;
38798     +ELSE DO;
MPRINT(EM_DIAGRAM):   ELSE DO;
38799     +   H11  = .;
MPRINT(EM_DIAGRAM):   H11 = .;
38800     +END;
MPRINT(EM_DIAGRAM):   END;
38801     +*** *************************;
MPRINT(EM_DIAGRAM):   *** *************************;
38802     +*** Writing the Node BAD ;
MPRINT(EM_DIAGRAM):   *** Writing the Node BAD ;
38803     +*** *************************;
MPRINT(EM_DIAGRAM):   *** *************************;
38804     +
38805     +*** Generate dummy variables for BAD ;
MPRINT(EM_DIAGRAM):   *** Generate dummy variables for BAD ;
38806     +drop BAD1 BAD0 ;
MPRINT(EM_DIAGRAM):   drop BAD1 BAD0 ;
38807     +label F_BAD = 'From: BAD' ;
MPRINT(EM_DIAGRAM):   label F_BAD = 'From: BAD' ;
38808     +length F_BAD $ 12;
MPRINT(EM_DIAGRAM):   length F_BAD $ 12;
38809     +F_BAD = put( BAD , BEST12. );
MPRINT(EM_DIAGRAM):   F_BAD = put( BAD , BEST12. );
38810     +%DMNORMIP( F_BAD )
MPRINT(DMNORMIP):   call dmnorm(F_BAD,
MPRINT(DMNORLEN):  32
MPRINT(DMNORMIP):  );
38811     +if missing( BAD ) then do;
MPRINT(EM_DIAGRAM):   if missing( BAD ) then do;
38812     +   BAD1 = .;
MPRINT(EM_DIAGRAM):   BAD1 = .;
38813     +   BAD0 = .;
MPRINT(EM_DIAGRAM):   BAD0 = .;
38814     +end;
MPRINT(EM_DIAGRAM):   end;
38815     +else do;
MPRINT(EM_DIAGRAM):   else do;
38816     +   if F_BAD = '0'  then do;
MPRINT(EM_DIAGRAM):   if F_BAD = '0' then do;
38817     +      BAD1 = 0;
MPRINT(EM_DIAGRAM):   BAD1 = 0;
38818     +      BAD0 = 1;
MPRINT(EM_DIAGRAM):   BAD0 = 1;
38819     +   end;
MPRINT(EM_DIAGRAM):   end;
38820     +   else if F_BAD = '1'  then do;
MPRINT(EM_DIAGRAM):   else if F_BAD = '1' then do;
38821     +      BAD1 = 1;
MPRINT(EM_DIAGRAM):   BAD1 = 1;
38822     +      BAD0 = 0;
MPRINT(EM_DIAGRAM):   BAD0 = 0;
38823     +   end;
MPRINT(EM_DIAGRAM):   end;
38824     +   else do;
MPRINT(EM_DIAGRAM):   else do;
38825     +      BAD1 = .;
MPRINT(EM_DIAGRAM):   BAD1 = .;
38826     +      BAD0 = .;
MPRINT(EM_DIAGRAM):   BAD0 = .;
38827     +   end;
MPRINT(EM_DIAGRAM):   end;
38828     +end;
MPRINT(EM_DIAGRAM):   end;
38829     +IF _DM_BAD EQ 0 THEN DO;
MPRINT(EM_DIAGRAM):   IF _DM_BAD EQ 0 THEN DO;
38830     +   P_BAD1  =      4.2492734342721 * H11 ;
MPRINT(EM_DIAGRAM):   P_BAD1 = 4.2492734342721 * H11 ;
38831     +   P_BAD1  =    -3.07454550795861 + P_BAD1 ;
MPRINT(EM_DIAGRAM):   P_BAD1 = -3.07454550795861 + P_BAD1 ;
38832     +   P_BAD0  = 0;
MPRINT(EM_DIAGRAM):   P_BAD0 = 0;
38833     +   _MAX_ = MAX (P_BAD1 , P_BAD0 );
MPRINT(EM_DIAGRAM):   _MAX_ = MAX (P_BAD1 , P_BAD0 );
38834     +   _SUM_ = 0.;
MPRINT(EM_DIAGRAM):   _SUM_ = 0.;
38835     +   P_BAD1  = EXP(P_BAD1  - _MAX_);
MPRINT(EM_DIAGRAM):   P_BAD1 = EXP(P_BAD1 - _MAX_);
38836     +   _SUM_ = _SUM_ + P_BAD1 ;
MPRINT(EM_DIAGRAM):   _SUM_ = _SUM_ + P_BAD1 ;
38837     +   P_BAD0  = EXP(P_BAD0  - _MAX_);
MPRINT(EM_DIAGRAM):   P_BAD0 = EXP(P_BAD0 - _MAX_);
38838     +   _SUM_ = _SUM_ + P_BAD0 ;
MPRINT(EM_DIAGRAM):   _SUM_ = _SUM_ + P_BAD0 ;
38839     +   P_BAD1  = P_BAD1  / _SUM_;
MPRINT(EM_DIAGRAM):   P_BAD1 = P_BAD1 / _SUM_;
38840     +   P_BAD0  = P_BAD0  / _SUM_;
MPRINT(EM_DIAGRAM):   P_BAD0 = P_BAD0 / _SUM_;
38841     +END;
MPRINT(EM_DIAGRAM):   END;
38842     +ELSE DO;
MPRINT(EM_DIAGRAM):   ELSE DO;
38843     +   P_BAD1  = .;
MPRINT(EM_DIAGRAM):   P_BAD1 = .;
38844     +   P_BAD0  = .;
MPRINT(EM_DIAGRAM):   P_BAD0 = .;
38845     +END;
MPRINT(EM_DIAGRAM):   END;
38846     +IF _DM_BAD EQ 1 THEN DO;
MPRINT(EM_DIAGRAM):   IF _DM_BAD EQ 1 THEN DO;
38847     +   P_BAD1  =     0.19939577039274;
MPRINT(EM_DIAGRAM):   P_BAD1 = 0.19939577039274;
38848     +   P_BAD0  =     0.80060422960725;
MPRINT(EM_DIAGRAM):   P_BAD0 = 0.80060422960725;
38849     +END;
MPRINT(EM_DIAGRAM):   END;
38850     +*** *****************************;
MPRINT(EM_DIAGRAM):   *** *****************************;
38851     +*** Writing the Residuals  of the Node BAD ;
MPRINT(EM_DIAGRAM):   *** Writing the Residuals of the Node BAD ;
38852     +*** ******************************;
MPRINT(EM_DIAGRAM):   *** ******************************;
38853     +IF MISSING( BAD1 ) THEN R_BAD1  = . ;
MPRINT(EM_DIAGRAM):   IF MISSING( BAD1 ) THEN R_BAD1 = . ;
38854     +ELSE R_BAD1  = BAD1  - P_BAD1 ;
MPRINT(EM_DIAGRAM):   ELSE R_BAD1 = BAD1 - P_BAD1 ;
38855     +IF MISSING( BAD0 ) THEN R_BAD0  = . ;
MPRINT(EM_DIAGRAM):   IF MISSING( BAD0 ) THEN R_BAD0 = . ;
38856     +ELSE R_BAD0  = BAD0  - P_BAD0 ;
MPRINT(EM_DIAGRAM):   ELSE R_BAD0 = BAD0 - P_BAD0 ;
38857     +*** *************************;
MPRINT(EM_DIAGRAM):   *** *************************;
38858     +*** Writing the I_BAD  AND U_BAD ;
MPRINT(EM_DIAGRAM):   *** Writing the I_BAD AND U_BAD ;
38859     +*** *************************;
MPRINT(EM_DIAGRAM):   *** *************************;
38860     +_MAXP_ = P_BAD1 ;
MPRINT(EM_DIAGRAM):   _MAXP_ = P_BAD1 ;
38861     +I_BAD  = "1           " ;
MPRINT(EM_DIAGRAM):   I_BAD = "1           " ;
38862     +U_BAD  =                    1;
MPRINT(EM_DIAGRAM):   U_BAD = 1;
38863     +IF( _MAXP_ LT P_BAD0  ) THEN DO;
MPRINT(EM_DIAGRAM):   IF( _MAXP_ LT P_BAD0 ) THEN DO;
38864     +   _MAXP_ = P_BAD0 ;
MPRINT(EM_DIAGRAM):   _MAXP_ = P_BAD0 ;
38865     +   I_BAD  = "0           " ;
MPRINT(EM_DIAGRAM):   I_BAD = "0           " ;
38866     +   U_BAD  =                    0;
MPRINT(EM_DIAGRAM):   U_BAD = 0;
38867     +END;
MPRINT(EM_DIAGRAM):   END;
38868     +********************************;
MPRINT(EM_DIAGRAM):   ********************************;
38869     +*** End Scoring Code for Neural;
MPRINT(EM_DIAGRAM):   *** End Scoring Code for Neural;
38870     +********************************;
MPRINT(EM_DIAGRAM):   ********************************;
38871     +drop
38872     +H11
38873     +;
MPRINT(EM_DIAGRAM):   drop H11 ;
NOTE: %INCLUDE (level 1) ending.
MPRINT(EM_DIAGRAM):   run;
38874      run;

NOTE: DATA STEP view saved on file EMWS1.NEURAL6_TRAIN.
NOTE: A stored DATA STEP view cannot run under a different operating system.
NOTE: View EMWS1.BINNING_TRAIN.VIEW used (Total process time):
      real time           0.23 seconds
      cpu time            0.23 seconds
      
NOTE: DATA statement used (Total process time):
      real time           0.26 seconds
      cpu time            0.26 seconds
      

MPRINT(EM_DIAGRAM):   quit;
38875      quit;
38876      filename emflow;
MPRINT(EM_DIAGRAM):   filename emflow;
NOTE: Fileref EMFLOW has been deassigned.
38877      filename emflow "C:\Users\sakerb01\Desktop\SAS EM 12.3 Tutorials _
38877    ! Projects\Project_3\Workspaces\EMWS1\Neural6\EMFLOWSCORE.sas";
MPRINT(EM_DIAGRAM):    filename emflow "C:\Users\sakerb01\Desktop\SAS EM 12.3 Tutorials _ 
Projects\Project_3\Workspaces\EMWS1\Neural6\EMFLOWSCORE.sas";
MPRINT(EM_DIAGRAM):   *------------------------------------------------------------*;
MPRINT(EM_DIAGRAM):   * Neural6: Scoring VALIDATE data;
MPRINT(EM_DIAGRAM):   *------------------------------------------------------------*;
38878      *------------------------------------------------------------*;
38879      * Neural6: Scoring VALIDATE data;
38880      *------------------------------------------------------------*;
38881      data EMWS1.Neural6_VALIDATE
38882      / view=EMWS1.Neural6_VALIDATE
38883      ;
MPRINT(EM_DIAGRAM):   data EMWS1.Neural6_VALIDATE / view=EMWS1.Neural6_VALIDATE ;
38884      set EMWS1.BINNING_VALIDATE
38885      ;
MPRINT(EM_DIAGRAM):   set EMWS1.BINNING_VALIDATE ;
38886      %inc emflow;
NOTE: %INCLUDE (level 1) file EMFLOW is file C:\Users\sakerb01\Desktop\SAS EM 12.3 Tutorials _ 
      Projects\Project_3\Workspaces\EMWS1\Neural6\EMFLOWSCORE.sas.
38887     +***********************************;
MPRINT(EM_DIAGRAM):   ***********************************;
38888     +*** Begin Scoring Code for Neural;
MPRINT(EM_DIAGRAM):   *** Begin Scoring Code for Neural;
38889     +***********************************;
MPRINT(EM_DIAGRAM):   ***********************************;
38890     +DROP _DM_BAD _EPS _NOCL_ _MAX_ _MAXP_ _SUM_ _NTRIALS;
MPRINT(EM_DIAGRAM):   DROP _DM_BAD _EPS _NOCL_ _MAX_ _MAXP_ _SUM_ _NTRIALS;
38891     + _DM_BAD = 0;
MPRINT(EM_DIAGRAM):   _DM_BAD = 0;
38892     + _NOCL_ = .;
MPRINT(EM_DIAGRAM):   _NOCL_ = .;
38893     + _MAX_ = .;
MPRINT(EM_DIAGRAM):   _MAX_ = .;
38894     + _MAXP_ = .;
MPRINT(EM_DIAGRAM):   _MAXP_ = .;
38895     + _SUM_ = .;
MPRINT(EM_DIAGRAM):   _SUM_ = .;
38896     + _NTRIALS = .;
MPRINT(EM_DIAGRAM):   _NTRIALS = .;
38897     + _EPS =                1E-10;
MPRINT(EM_DIAGRAM):   _EPS = 1E-10;
38898     +LENGTH _WARN_ $4
38899     +      F_BAD  $ 12
38900     +;
MPRINT(EM_DIAGRAM):   LENGTH _WARN_ $4 F_BAD $ 12 ;
38901     +      label GRP_IMP_CLAGE2 = 'Dummy: GRP_IMP_CLAGE=2' ;
MPRINT(EM_DIAGRAM):   label GRP_IMP_CLAGE2 = 'Dummy: GRP_IMP_CLAGE=2' ;
38902     +
38903     +      label GRP_IMP_CLAGE3 = 'Dummy: GRP_IMP_CLAGE=3' ;
MPRINT(EM_DIAGRAM):   label GRP_IMP_CLAGE3 = 'Dummy: GRP_IMP_CLAGE=3' ;
38904     +
38905     +      label GRP_IMP_CLAGE4 = 'Dummy: GRP_IMP_CLAGE=4' ;
MPRINT(EM_DIAGRAM):   label GRP_IMP_CLAGE4 = 'Dummy: GRP_IMP_CLAGE=4' ;
38906     +
38907     +      label GRP_IMP_DEBTINC2 = 'Dummy: GRP_IMP_DEBTINC=2' ;
MPRINT(EM_DIAGRAM):   label GRP_IMP_DEBTINC2 = 'Dummy: GRP_IMP_DEBTINC=2' ;
38908     +
38909     +      label GRP_IMP_DEBTINC3 = 'Dummy: GRP_IMP_DEBTINC=3' ;
MPRINT(EM_DIAGRAM):   label GRP_IMP_DEBTINC3 = 'Dummy: GRP_IMP_DEBTINC=3' ;
38910     +
38911     +      label GRP_IMP_DEBTINC4 = 'Dummy: GRP_IMP_DEBTINC=4' ;
MPRINT(EM_DIAGRAM):   label GRP_IMP_DEBTINC4 = 'Dummy: GRP_IMP_DEBTINC=4' ;
38912     +
38913     +      label GRP_IMP_NINQ1 = 'Dummy: GRP_IMP_NINQ=1' ;
MPRINT(EM_DIAGRAM):   label GRP_IMP_NINQ1 = 'Dummy: GRP_IMP_NINQ=1' ;
38914     +
38915     +      label GRP_IMP_NINQ2 = 'Dummy: GRP_IMP_NINQ=2' ;
MPRINT(EM_DIAGRAM):   label GRP_IMP_NINQ2 = 'Dummy: GRP_IMP_NINQ=2' ;
38916     +
38917     +      label GRP_IMP_NINQ3 = 'Dummy: GRP_IMP_NINQ=3' ;
MPRINT(EM_DIAGRAM):   label GRP_IMP_NINQ3 = 'Dummy: GRP_IMP_NINQ=3' ;
38918     +
38919     +      label GRP_INDELINQ3 = 'Dummy: GRP_INDELINQ=3' ;
MPRINT(EM_DIAGRAM):   label GRP_INDELINQ3 = 'Dummy: GRP_INDELINQ=3' ;
38920     +
38921     +      label H11 = 'Hidden: H1=1' ;
MPRINT(EM_DIAGRAM):   label H11 = 'Hidden: H1=1' ;
38922     +
38923     +      label I_BAD = 'Into: BAD' ;
MPRINT(EM_DIAGRAM):   label I_BAD = 'Into: BAD' ;
38924     +
38925     +      label F_BAD = 'From: BAD' ;
MPRINT(EM_DIAGRAM):   label F_BAD = 'From: BAD' ;
38926     +
38927     +      label U_BAD = 'Unnormalized Into: BAD' ;
MPRINT(EM_DIAGRAM):   label U_BAD = 'Unnormalized Into: BAD' ;
38928     +
38929     +      label P_BAD1 = 'Predicted: BAD=1' ;
MPRINT(EM_DIAGRAM):   label P_BAD1 = 'Predicted: BAD=1' ;
38930     +
38931     +      label R_BAD1 = 'Residual: BAD=1' ;
MPRINT(EM_DIAGRAM):   label R_BAD1 = 'Residual: BAD=1' ;
38932     +
38933     +      label P_BAD0 = 'Predicted: BAD=0' ;
MPRINT(EM_DIAGRAM):   label P_BAD0 = 'Predicted: BAD=0' ;
38934     +
38935     +      label R_BAD0 = 'Residual: BAD=0' ;
MPRINT(EM_DIAGRAM):   label R_BAD0 = 'Residual: BAD=0' ;
38936     +
38937     +      label  _WARN_ = "Warnings";
MPRINT(EM_DIAGRAM):   label _WARN_ = "Warnings";
38938     +
38939     +*** Generate dummy variables for GRP_IMP_CLAGE ;
MPRINT(EM_DIAGRAM):   *** Generate dummy variables for GRP_IMP_CLAGE ;
38940     +drop GRP_IMP_CLAGE2 GRP_IMP_CLAGE3 GRP_IMP_CLAGE4 ;
MPRINT(EM_DIAGRAM):   drop GRP_IMP_CLAGE2 GRP_IMP_CLAGE3 GRP_IMP_CLAGE4 ;
38941     +if missing( GRP_IMP_CLAGE ) then do;
MPRINT(EM_DIAGRAM):   if missing( GRP_IMP_CLAGE ) then do;
38942     +   GRP_IMP_CLAGE2 = .;
MPRINT(EM_DIAGRAM):   GRP_IMP_CLAGE2 = .;
38943     +   GRP_IMP_CLAGE3 = .;
MPRINT(EM_DIAGRAM):   GRP_IMP_CLAGE3 = .;
38944     +   GRP_IMP_CLAGE4 = .;
MPRINT(EM_DIAGRAM):   GRP_IMP_CLAGE4 = .;
38945     +   substr(_warn_,1,1) = 'M';
MPRINT(EM_DIAGRAM):   substr(_warn_,1,1) = 'M';
38946     +   _DM_BAD = 1;
MPRINT(EM_DIAGRAM):   _DM_BAD = 1;
38947     +end;
MPRINT(EM_DIAGRAM):   end;
38948     +else do;
MPRINT(EM_DIAGRAM):   else do;
38949     +   length _dm12 $ 12; drop _dm12 ;
MPRINT(EM_DIAGRAM):   length _dm12 $ 12;
MPRINT(EM_DIAGRAM):   drop _dm12 ;
38950     +   _dm12 = put( GRP_IMP_CLAGE , BEST12. );
MPRINT(EM_DIAGRAM):   _dm12 = put( GRP_IMP_CLAGE , BEST12. );
38951     +   %DMNORMIP( _dm12 )
MPRINT(DMNORMIP):   call dmnorm(_dm12,
MPRINT(DMNORLEN):  32
MPRINT(DMNORMIP):  );
38952     +   if _dm12 = '3'  then do;
MPRINT(EM_DIAGRAM):   if _dm12 = '3' then do;
38953     +      GRP_IMP_CLAGE2 = 0.63245553203367;
MPRINT(EM_DIAGRAM):   GRP_IMP_CLAGE2 = 0.63245553203367;
38954     +      GRP_IMP_CLAGE3 = -0.63245553203367;
MPRINT(EM_DIAGRAM):   GRP_IMP_CLAGE3 = -0.63245553203367;
38955     +      GRP_IMP_CLAGE4 = -0.63245553203367;
MPRINT(EM_DIAGRAM):   GRP_IMP_CLAGE4 = -0.63245553203367;
38956     +   end;
MPRINT(EM_DIAGRAM):   end;
38957     +   else if _dm12 = '5'  then do;
MPRINT(EM_DIAGRAM):   else if _dm12 = '5' then do;
38958     +      GRP_IMP_CLAGE2 = 0.63245553203367;
MPRINT(EM_DIAGRAM):   GRP_IMP_CLAGE2 = 0.63245553203367;
38959     +      GRP_IMP_CLAGE3 = 0.63245553203367;
MPRINT(EM_DIAGRAM):   GRP_IMP_CLAGE3 = 0.63245553203367;
38960     +      GRP_IMP_CLAGE4 = 0.63245553203367;
MPRINT(EM_DIAGRAM):   GRP_IMP_CLAGE4 = 0.63245553203367;
38961     +   end;
MPRINT(EM_DIAGRAM):   end;
38962     +   else if _dm12 = '2'  then do;
MPRINT(EM_DIAGRAM):   else if _dm12 = '2' then do;
38963     +      GRP_IMP_CLAGE2 = -0.63245553203367;
MPRINT(EM_DIAGRAM):   GRP_IMP_CLAGE2 = -0.63245553203367;
38964     +      GRP_IMP_CLAGE3 = -0.63245553203367;
MPRINT(EM_DIAGRAM):   GRP_IMP_CLAGE3 = -0.63245553203367;
38965     +      GRP_IMP_CLAGE4 = -0.63245553203367;
MPRINT(EM_DIAGRAM):   GRP_IMP_CLAGE4 = -0.63245553203367;
38966     +   end;
MPRINT(EM_DIAGRAM):   end;
38967     +   else if _dm12 = '4'  then do;
MPRINT(EM_DIAGRAM):   else if _dm12 = '4' then do;
38968     +      GRP_IMP_CLAGE2 = 0.63245553203367;
MPRINT(EM_DIAGRAM):   GRP_IMP_CLAGE2 = 0.63245553203367;
38969     +      GRP_IMP_CLAGE3 = 0.63245553203367;
MPRINT(EM_DIAGRAM):   GRP_IMP_CLAGE3 = 0.63245553203367;
38970     +      GRP_IMP_CLAGE4 = -0.63245553203367;
MPRINT(EM_DIAGRAM):   GRP_IMP_CLAGE4 = -0.63245553203367;
38971     +   end;
MPRINT(EM_DIAGRAM):   end;
38972     +   else do;
MPRINT(EM_DIAGRAM):   else do;
38973     +      GRP_IMP_CLAGE2 = .;
MPRINT(EM_DIAGRAM):   GRP_IMP_CLAGE2 = .;
38974     +      GRP_IMP_CLAGE3 = .;
MPRINT(EM_DIAGRAM):   GRP_IMP_CLAGE3 = .;
38975     +      GRP_IMP_CLAGE4 = .;
MPRINT(EM_DIAGRAM):   GRP_IMP_CLAGE4 = .;
38976     +      substr(_warn_,2,1) = 'U';
MPRINT(EM_DIAGRAM):   substr(_warn_,2,1) = 'U';
38977     +      _DM_BAD = 1;
MPRINT(EM_DIAGRAM):   _DM_BAD = 1;
38978     +   end;
MPRINT(EM_DIAGRAM):   end;
38979     +end;
MPRINT(EM_DIAGRAM):   end;
38980     +
38981     +*** Generate dummy variables for GRP_IMP_DEBTINC ;
MPRINT(EM_DIAGRAM):   *** Generate dummy variables for GRP_IMP_DEBTINC ;
38982     +drop GRP_IMP_DEBTINC2 GRP_IMP_DEBTINC3 GRP_IMP_DEBTINC4 ;
MPRINT(EM_DIAGRAM):   drop GRP_IMP_DEBTINC2 GRP_IMP_DEBTINC3 GRP_IMP_DEBTINC4 ;
38983     +if missing( GRP_IMP_DEBTINC ) then do;
MPRINT(EM_DIAGRAM):   if missing( GRP_IMP_DEBTINC ) then do;
38984     +   GRP_IMP_DEBTINC2 = .;
MPRINT(EM_DIAGRAM):   GRP_IMP_DEBTINC2 = .;
38985     +   GRP_IMP_DEBTINC3 = .;
MPRINT(EM_DIAGRAM):   GRP_IMP_DEBTINC3 = .;
38986     +   GRP_IMP_DEBTINC4 = .;
MPRINT(EM_DIAGRAM):   GRP_IMP_DEBTINC4 = .;
38987     +   substr(_warn_,1,1) = 'M';
MPRINT(EM_DIAGRAM):   substr(_warn_,1,1) = 'M';
38988     +   _DM_BAD = 1;
MPRINT(EM_DIAGRAM):   _DM_BAD = 1;
38989     +end;
MPRINT(EM_DIAGRAM):   end;
38990     +else do;
MPRINT(EM_DIAGRAM):   else do;
38991     +   length _dm12 $ 12; drop _dm12 ;
MPRINT(EM_DIAGRAM):   length _dm12 $ 12;
MPRINT(EM_DIAGRAM):   drop _dm12 ;
38992     +   _dm12 = put( GRP_IMP_DEBTINC , BEST12. );
MPRINT(EM_DIAGRAM):   _dm12 = put( GRP_IMP_DEBTINC , BEST12. );
38993     +   %DMNORMIP( _dm12 )
MPRINT(DMNORMIP):   call dmnorm(_dm12,
MPRINT(DMNORLEN):  32
MPRINT(DMNORMIP):  );
38994     +   if _dm12 = '3'  then do;
MPRINT(EM_DIAGRAM):   if _dm12 = '3' then do;
38995     +      GRP_IMP_DEBTINC2 = 0.63245553203367;
MPRINT(EM_DIAGRAM):   GRP_IMP_DEBTINC2 = 0.63245553203367;
38996     +      GRP_IMP_DEBTINC3 = -0.63245553203367;
MPRINT(EM_DIAGRAM):   GRP_IMP_DEBTINC3 = -0.63245553203367;
38997     +      GRP_IMP_DEBTINC4 = -0.63245553203367;
MPRINT(EM_DIAGRAM):   GRP_IMP_DEBTINC4 = -0.63245553203367;
38998     +   end;
MPRINT(EM_DIAGRAM):   end;
38999     +   else if _dm12 = '2'  then do;
MPRINT(EM_DIAGRAM):   else if _dm12 = '2' then do;
39000     +      GRP_IMP_DEBTINC2 = -0.63245553203367;
MPRINT(EM_DIAGRAM):   GRP_IMP_DEBTINC2 = -0.63245553203367;
39001     +      GRP_IMP_DEBTINC3 = -0.63245553203367;
MPRINT(EM_DIAGRAM):   GRP_IMP_DEBTINC3 = -0.63245553203367;
39002     +      GRP_IMP_DEBTINC4 = -0.63245553203367;
MPRINT(EM_DIAGRAM):   GRP_IMP_DEBTINC4 = -0.63245553203367;
39003     +   end;
MPRINT(EM_DIAGRAM):   end;
39004     +   else if _dm12 = '5'  then do;
MPRINT(EM_DIAGRAM):   else if _dm12 = '5' then do;
39005     +      GRP_IMP_DEBTINC2 = 0.63245553203367;
MPRINT(EM_DIAGRAM):   GRP_IMP_DEBTINC2 = 0.63245553203367;
39006     +      GRP_IMP_DEBTINC3 = 0.63245553203367;
MPRINT(EM_DIAGRAM):   GRP_IMP_DEBTINC3 = 0.63245553203367;
39007     +      GRP_IMP_DEBTINC4 = 0.63245553203367;
MPRINT(EM_DIAGRAM):   GRP_IMP_DEBTINC4 = 0.63245553203367;
39008     +   end;
MPRINT(EM_DIAGRAM):   end;
39009     +   else if _dm12 = '4'  then do;
MPRINT(EM_DIAGRAM):   else if _dm12 = '4' then do;
39010     +      GRP_IMP_DEBTINC2 = 0.63245553203367;
MPRINT(EM_DIAGRAM):   GRP_IMP_DEBTINC2 = 0.63245553203367;
39011     +      GRP_IMP_DEBTINC3 = 0.63245553203367;
MPRINT(EM_DIAGRAM):   GRP_IMP_DEBTINC3 = 0.63245553203367;
39012     +      GRP_IMP_DEBTINC4 = -0.63245553203367;
MPRINT(EM_DIAGRAM):   GRP_IMP_DEBTINC4 = -0.63245553203367;
39013     +   end;
MPRINT(EM_DIAGRAM):   end;
39014     +   else do;
MPRINT(EM_DIAGRAM):   else do;
39015     +      GRP_IMP_DEBTINC2 = .;
MPRINT(EM_DIAGRAM):   GRP_IMP_DEBTINC2 = .;
39016     +      GRP_IMP_DEBTINC3 = .;
MPRINT(EM_DIAGRAM):   GRP_IMP_DEBTINC3 = .;
39017     +      GRP_IMP_DEBTINC4 = .;
MPRINT(EM_DIAGRAM):   GRP_IMP_DEBTINC4 = .;
39018     +      substr(_warn_,2,1) = 'U';
MPRINT(EM_DIAGRAM):   substr(_warn_,2,1) = 'U';
39019     +      _DM_BAD = 1;
MPRINT(EM_DIAGRAM):   _DM_BAD = 1;
39020     +   end;
MPRINT(EM_DIAGRAM):   end;
39021     +end;
MPRINT(EM_DIAGRAM):   end;
39022     +
39023     +*** Generate dummy variables for GRP_IMP_NINQ ;
MPRINT(EM_DIAGRAM):   *** Generate dummy variables for GRP_IMP_NINQ ;
39024     +drop GRP_IMP_NINQ1 GRP_IMP_NINQ2 GRP_IMP_NINQ3 ;
MPRINT(EM_DIAGRAM):   drop GRP_IMP_NINQ1 GRP_IMP_NINQ2 GRP_IMP_NINQ3 ;
39025     +if missing( GRP_IMP_NINQ ) then do;
MPRINT(EM_DIAGRAM):   if missing( GRP_IMP_NINQ ) then do;
39026     +   GRP_IMP_NINQ1 = .;
MPRINT(EM_DIAGRAM):   GRP_IMP_NINQ1 = .;
39027     +   GRP_IMP_NINQ2 = .;
MPRINT(EM_DIAGRAM):   GRP_IMP_NINQ2 = .;
39028     +   GRP_IMP_NINQ3 = .;
MPRINT(EM_DIAGRAM):   GRP_IMP_NINQ3 = .;
39029     +   substr(_warn_,1,1) = 'M';
MPRINT(EM_DIAGRAM):   substr(_warn_,1,1) = 'M';
39030     +   _DM_BAD = 1;
MPRINT(EM_DIAGRAM):   _DM_BAD = 1;
39031     +end;
MPRINT(EM_DIAGRAM):   end;
39032     +else do;
MPRINT(EM_DIAGRAM):   else do;
39033     +   length _dm12 $ 12; drop _dm12 ;
MPRINT(EM_DIAGRAM):   length _dm12 $ 12;
MPRINT(EM_DIAGRAM):   drop _dm12 ;
39034     +   _dm12 = put( GRP_IMP_NINQ , BEST12. );
MPRINT(EM_DIAGRAM):   _dm12 = put( GRP_IMP_NINQ , BEST12. );
39035     +   %DMNORMIP( _dm12 )
MPRINT(DMNORMIP):   call dmnorm(_dm12,
MPRINT(DMNORLEN):  32
MPRINT(DMNORMIP):  );
39036     +   if _dm12 = '1'  then do;
MPRINT(EM_DIAGRAM):   if _dm12 = '1' then do;
39037     +      GRP_IMP_NINQ1 = -0.63245553203367;
MPRINT(EM_DIAGRAM):   GRP_IMP_NINQ1 = -0.63245553203367;
39038     +      GRP_IMP_NINQ2 = -0.63245553203367;
MPRINT(EM_DIAGRAM):   GRP_IMP_NINQ2 = -0.63245553203367;
39039     +      GRP_IMP_NINQ3 = -0.63245553203367;
MPRINT(EM_DIAGRAM):   GRP_IMP_NINQ3 = -0.63245553203367;
39040     +   end;
MPRINT(EM_DIAGRAM):   end;
39041     +   else if _dm12 = '2'  then do;
MPRINT(EM_DIAGRAM):   else if _dm12 = '2' then do;
39042     +      GRP_IMP_NINQ1 = 0.63245553203367;
MPRINT(EM_DIAGRAM):   GRP_IMP_NINQ1 = 0.63245553203367;
39043     +      GRP_IMP_NINQ2 = -0.63245553203367;
MPRINT(EM_DIAGRAM):   GRP_IMP_NINQ2 = -0.63245553203367;
39044     +      GRP_IMP_NINQ3 = -0.63245553203367;
MPRINT(EM_DIAGRAM):   GRP_IMP_NINQ3 = -0.63245553203367;
39045     +   end;
MPRINT(EM_DIAGRAM):   end;
39046     +   else if _dm12 = '4'  then do;
MPRINT(EM_DIAGRAM):   else if _dm12 = '4' then do;
39047     +      GRP_IMP_NINQ1 = 0.63245553203367;
MPRINT(EM_DIAGRAM):   GRP_IMP_NINQ1 = 0.63245553203367;
39048     +      GRP_IMP_NINQ2 = 0.63245553203367;
MPRINT(EM_DIAGRAM):   GRP_IMP_NINQ2 = 0.63245553203367;
39049     +      GRP_IMP_NINQ3 = 0.63245553203367;
MPRINT(EM_DIAGRAM):   GRP_IMP_NINQ3 = 0.63245553203367;
39050     +   end;
MPRINT(EM_DIAGRAM):   end;
39051     +   else if _dm12 = '3'  then do;
MPRINT(EM_DIAGRAM):   else if _dm12 = '3' then do;
39052     +      GRP_IMP_NINQ1 = 0.63245553203367;
MPRINT(EM_DIAGRAM):   GRP_IMP_NINQ1 = 0.63245553203367;
39053     +      GRP_IMP_NINQ2 = 0.63245553203367;
MPRINT(EM_DIAGRAM):   GRP_IMP_NINQ2 = 0.63245553203367;
39054     +      GRP_IMP_NINQ3 = -0.63245553203367;
MPRINT(EM_DIAGRAM):   GRP_IMP_NINQ3 = -0.63245553203367;
39055     +   end;
MPRINT(EM_DIAGRAM):   end;
39056     +   else do;
MPRINT(EM_DIAGRAM):   else do;
39057     +      GRP_IMP_NINQ1 = .;
MPRINT(EM_DIAGRAM):   GRP_IMP_NINQ1 = .;
39058     +      GRP_IMP_NINQ2 = .;
MPRINT(EM_DIAGRAM):   GRP_IMP_NINQ2 = .;
39059     +      GRP_IMP_NINQ3 = .;
MPRINT(EM_DIAGRAM):   GRP_IMP_NINQ3 = .;
39060     +      substr(_warn_,2,1) = 'U';
MPRINT(EM_DIAGRAM):   substr(_warn_,2,1) = 'U';
39061     +      _DM_BAD = 1;
MPRINT(EM_DIAGRAM):   _DM_BAD = 1;
39062     +   end;
MPRINT(EM_DIAGRAM):   end;
39063     +end;
MPRINT(EM_DIAGRAM):   end;
39064     +
39065     +*** Generate dummy variables for GRP_INDELINQ ;
MPRINT(EM_DIAGRAM):   *** Generate dummy variables for GRP_INDELINQ ;
39066     +drop GRP_INDELINQ3 ;
MPRINT(EM_DIAGRAM):   drop GRP_INDELINQ3 ;
39067     +if missing( GRP_INDELINQ ) then do;
MPRINT(EM_DIAGRAM):   if missing( GRP_INDELINQ ) then do;
39068     +   GRP_INDELINQ3 = .;
MPRINT(EM_DIAGRAM):   GRP_INDELINQ3 = .;
39069     +   substr(_warn_,1,1) = 'M';
MPRINT(EM_DIAGRAM):   substr(_warn_,1,1) = 'M';
39070     +   _DM_BAD = 1;
MPRINT(EM_DIAGRAM):   _DM_BAD = 1;
39071     +end;
MPRINT(EM_DIAGRAM):   end;
39072     +else do;
MPRINT(EM_DIAGRAM):   else do;
39073     +   length _dm12 $ 12; drop _dm12 ;
MPRINT(EM_DIAGRAM):   length _dm12 $ 12;
MPRINT(EM_DIAGRAM):   drop _dm12 ;
39074     +   _dm12 = put( GRP_INDELINQ , BEST12. );
MPRINT(EM_DIAGRAM):   _dm12 = put( GRP_INDELINQ , BEST12. );
39075     +   %DMNORMIP( _dm12 )
MPRINT(DMNORMIP):   call dmnorm(_dm12,
MPRINT(DMNORLEN):  32
MPRINT(DMNORMIP):  );
39076     +   if _dm12 = '3'  then do;
MPRINT(EM_DIAGRAM):   if _dm12 = '3' then do;
39077     +      GRP_INDELINQ3 = -1;
MPRINT(EM_DIAGRAM):   GRP_INDELINQ3 = -1;
39078     +   end;
MPRINT(EM_DIAGRAM):   end;
39079     +   else if _dm12 = '4'  then do;
MPRINT(EM_DIAGRAM):   else if _dm12 = '4' then do;
39080     +      GRP_INDELINQ3 = 1;
MPRINT(EM_DIAGRAM):   GRP_INDELINQ3 = 1;
39081     +   end;
MPRINT(EM_DIAGRAM):   end;
39082     +   else do;
MPRINT(EM_DIAGRAM):   else do;
39083     +      GRP_INDELINQ3 = .;
MPRINT(EM_DIAGRAM):   GRP_INDELINQ3 = .;
39084     +      substr(_warn_,2,1) = 'U';
MPRINT(EM_DIAGRAM):   substr(_warn_,2,1) = 'U';
39085     +      _DM_BAD = 1;
MPRINT(EM_DIAGRAM):   _DM_BAD = 1;
39086     +   end;
MPRINT(EM_DIAGRAM):   end;
39087     +end;
MPRINT(EM_DIAGRAM):   end;
39088     +*** *************************;
MPRINT(EM_DIAGRAM):   *** *************************;
39089     +*** Writing the Node ord ;
MPRINT(EM_DIAGRAM):   *** Writing the Node ord ;
39090     +*** *************************;
MPRINT(EM_DIAGRAM):   *** *************************;
39091     +*** *************************;
MPRINT(EM_DIAGRAM):   *** *************************;
39092     +*** Writing the Node H1 ;
MPRINT(EM_DIAGRAM):   *** Writing the Node H1 ;
39093     +*** *************************;
MPRINT(EM_DIAGRAM):   *** *************************;
39094     +IF _DM_BAD EQ 0 THEN DO;
MPRINT(EM_DIAGRAM):   IF _DM_BAD EQ 0 THEN DO;
39095     +   H11  =  1.0000000827403E-10 * GRP_IMP_CLAGE2  +  1.0000000827403E-10 *
39096     +        GRP_IMP_CLAGE3  +  9.9999994396249E-11 * GRP_IMP_CLAGE4
39097     +          +     0.39611532196021 * GRP_IMP_DEBTINC2  +  9.9999994396249E-11 *
39098     +        GRP_IMP_DEBTINC3  +  1.0000000827403E-10 * GRP_IMP_DEBTINC4
39099     +          +  1.0000000827403E-10 * GRP_IMP_NINQ1  +     0.11502747149719 *
39100     +        GRP_IMP_NINQ2  +     0.10024614185186 * GRP_IMP_NINQ3
39101     +          +     0.19716792178802 * GRP_INDELINQ3 ;
MPRINT(EM_DIAGRAM):   H11 = 1.0000000827403E-10 * GRP_IMP_CLAGE2 + 1.0000000827403E-10 * 
GRP_IMP_CLAGE3 + 9.9999994396249E-11 * GRP_IMP_CLAGE4 + 0.39611532196021 * GRP_IMP_DEBTINC2 + 
9.9999994396249E-11 * GRP_IMP_DEBTINC3 + 1.0000000827403E-10 * GRP_IMP_DEBTINC4 + 
1.0000000827403E-10 * GRP_IMP_NINQ1 + 0.11502747149719 * GRP_IMP_NINQ2 + 0.10024614185186 * 
GRP_IMP_NINQ3 + 0.19716792178802 * GRP_INDELINQ3 ;
39102     +   H11  =     0.39348243075107 + H11 ;
MPRINT(EM_DIAGRAM):   H11 = 0.39348243075107 + H11 ;
39103     +   H11  = TANH(H11 );
MPRINT(EM_DIAGRAM):   H11 = TANH(H11 );
39104     +END;
MPRINT(EM_DIAGRAM):   END;
39105     +ELSE DO;
MPRINT(EM_DIAGRAM):   ELSE DO;
39106     +   H11  = .;
MPRINT(EM_DIAGRAM):   H11 = .;
39107     +END;
MPRINT(EM_DIAGRAM):   END;
39108     +*** *************************;
MPRINT(EM_DIAGRAM):   *** *************************;
39109     +*** Writing the Node BAD ;
MPRINT(EM_DIAGRAM):   *** Writing the Node BAD ;
39110     +*** *************************;
MPRINT(EM_DIAGRAM):   *** *************************;
39111     +
39112     +*** Generate dummy variables for BAD ;
MPRINT(EM_DIAGRAM):   *** Generate dummy variables for BAD ;
39113     +drop BAD1 BAD0 ;
MPRINT(EM_DIAGRAM):   drop BAD1 BAD0 ;
39114     +label F_BAD = 'From: BAD' ;
MPRINT(EM_DIAGRAM):   label F_BAD = 'From: BAD' ;
39115     +length F_BAD $ 12;
MPRINT(EM_DIAGRAM):   length F_BAD $ 12;
39116     +F_BAD = put( BAD , BEST12. );
MPRINT(EM_DIAGRAM):   F_BAD = put( BAD , BEST12. );
39117     +%DMNORMIP( F_BAD )
MPRINT(DMNORMIP):   call dmnorm(F_BAD,
MPRINT(DMNORLEN):  32
MPRINT(DMNORMIP):  );
39118     +if missing( BAD ) then do;
MPRINT(EM_DIAGRAM):   if missing( BAD ) then do;
39119     +   BAD1 = .;
MPRINT(EM_DIAGRAM):   BAD1 = .;
39120     +   BAD0 = .;
MPRINT(EM_DIAGRAM):   BAD0 = .;
39121     +end;
MPRINT(EM_DIAGRAM):   end;
39122     +else do;
MPRINT(EM_DIAGRAM):   else do;
39123     +   if F_BAD = '0'  then do;
MPRINT(EM_DIAGRAM):   if F_BAD = '0' then do;
39124     +      BAD1 = 0;
MPRINT(EM_DIAGRAM):   BAD1 = 0;
39125     +      BAD0 = 1;
MPRINT(EM_DIAGRAM):   BAD0 = 1;
39126     +   end;
MPRINT(EM_DIAGRAM):   end;
39127     +   else if F_BAD = '1'  then do;
MPRINT(EM_DIAGRAM):   else if F_BAD = '1' then do;
39128     +      BAD1 = 1;
MPRINT(EM_DIAGRAM):   BAD1 = 1;
39129     +      BAD0 = 0;
MPRINT(EM_DIAGRAM):   BAD0 = 0;
39130     +   end;
MPRINT(EM_DIAGRAM):   end;
39131     +   else do;
MPRINT(EM_DIAGRAM):   else do;
39132     +      BAD1 = .;
MPRINT(EM_DIAGRAM):   BAD1 = .;
39133     +      BAD0 = .;
MPRINT(EM_DIAGRAM):   BAD0 = .;
39134     +   end;
MPRINT(EM_DIAGRAM):   end;
39135     +end;
MPRINT(EM_DIAGRAM):   end;
39136     +IF _DM_BAD EQ 0 THEN DO;
MPRINT(EM_DIAGRAM):   IF _DM_BAD EQ 0 THEN DO;
39137     +   P_BAD1  =      4.2492734342721 * H11 ;
MPRINT(EM_DIAGRAM):   P_BAD1 = 4.2492734342721 * H11 ;
39138     +   P_BAD1  =    -3.07454550795861 + P_BAD1 ;
MPRINT(EM_DIAGRAM):   P_BAD1 = -3.07454550795861 + P_BAD1 ;
39139     +   P_BAD0  = 0;
MPRINT(EM_DIAGRAM):   P_BAD0 = 0;
39140     +   _MAX_ = MAX (P_BAD1 , P_BAD0 );
MPRINT(EM_DIAGRAM):   _MAX_ = MAX (P_BAD1 , P_BAD0 );
39141     +   _SUM_ = 0.;
MPRINT(EM_DIAGRAM):   _SUM_ = 0.;
39142     +   P_BAD1  = EXP(P_BAD1  - _MAX_);
MPRINT(EM_DIAGRAM):   P_BAD1 = EXP(P_BAD1 - _MAX_);
39143     +   _SUM_ = _SUM_ + P_BAD1 ;
MPRINT(EM_DIAGRAM):   _SUM_ = _SUM_ + P_BAD1 ;
39144     +   P_BAD0  = EXP(P_BAD0  - _MAX_);
MPRINT(EM_DIAGRAM):   P_BAD0 = EXP(P_BAD0 - _MAX_);
39145     +   _SUM_ = _SUM_ + P_BAD0 ;
MPRINT(EM_DIAGRAM):   _SUM_ = _SUM_ + P_BAD0 ;
39146     +   P_BAD1  = P_BAD1  / _SUM_;
MPRINT(EM_DIAGRAM):   P_BAD1 = P_BAD1 / _SUM_;
39147     +   P_BAD0  = P_BAD0  / _SUM_;
MPRINT(EM_DIAGRAM):   P_BAD0 = P_BAD0 / _SUM_;
39148     +END;
MPRINT(EM_DIAGRAM):   END;
39149     +ELSE DO;
MPRINT(EM_DIAGRAM):   ELSE DO;
39150     +   P_BAD1  = .;
MPRINT(EM_DIAGRAM):   P_BAD1 = .;
39151     +   P_BAD0  = .;
MPRINT(EM_DIAGRAM):   P_BAD0 = .;
39152     +END;
MPRINT(EM_DIAGRAM):   END;
39153     +IF _DM_BAD EQ 1 THEN DO;
MPRINT(EM_DIAGRAM):   IF _DM_BAD EQ 1 THEN DO;
39154     +   P_BAD1  =     0.19939577039274;
MPRINT(EM_DIAGRAM):   P_BAD1 = 0.19939577039274;
39155     +   P_BAD0  =     0.80060422960725;
MPRINT(EM_DIAGRAM):   P_BAD0 = 0.80060422960725;
39156     +END;
MPRINT(EM_DIAGRAM):   END;
39157     +*** *****************************;
MPRINT(EM_DIAGRAM):   *** *****************************;
39158     +*** Writing the Residuals  of the Node BAD ;
MPRINT(EM_DIAGRAM):   *** Writing the Residuals of the Node BAD ;
39159     +*** ******************************;
MPRINT(EM_DIAGRAM):   *** ******************************;
39160     +IF MISSING( BAD1 ) THEN R_BAD1  = . ;
MPRINT(EM_DIAGRAM):   IF MISSING( BAD1 ) THEN R_BAD1 = . ;
39161     +ELSE R_BAD1  = BAD1  - P_BAD1 ;
MPRINT(EM_DIAGRAM):   ELSE R_BAD1 = BAD1 - P_BAD1 ;
39162     +IF MISSING( BAD0 ) THEN R_BAD0  = . ;
MPRINT(EM_DIAGRAM):   IF MISSING( BAD0 ) THEN R_BAD0 = . ;
39163     +ELSE R_BAD0  = BAD0  - P_BAD0 ;
MPRINT(EM_DIAGRAM):   ELSE R_BAD0 = BAD0 - P_BAD0 ;
39164     +*** *************************;
MPRINT(EM_DIAGRAM):   *** *************************;
39165     +*** Writing the I_BAD  AND U_BAD ;
MPRINT(EM_DIAGRAM):   *** Writing the I_BAD AND U_BAD ;
39166     +*** *************************;
MPRINT(EM_DIAGRAM):   *** *************************;
39167     +_MAXP_ = P_BAD1 ;
MPRINT(EM_DIAGRAM):   _MAXP_ = P_BAD1 ;
39168     +I_BAD  = "1           " ;
MPRINT(EM_DIAGRAM):   I_BAD = "1           " ;
39169     +U_BAD  =                    1;
MPRINT(EM_DIAGRAM):   U_BAD = 1;
39170     +IF( _MAXP_ LT P_BAD0  ) THEN DO;
MPRINT(EM_DIAGRAM):   IF( _MAXP_ LT P_BAD0 ) THEN DO;
39171     +   _MAXP_ = P_BAD0 ;
MPRINT(EM_DIAGRAM):   _MAXP_ = P_BAD0 ;
39172     +   I_BAD  = "0           " ;
MPRINT(EM_DIAGRAM):   I_BAD = "0           " ;
39173     +   U_BAD  =                    0;
MPRINT(EM_DIAGRAM):   U_BAD = 0;
39174     +END;
MPRINT(EM_DIAGRAM):   END;
39175     +********************************;
MPRINT(EM_DIAGRAM):   ********************************;
39176     +*** End Scoring Code for Neural;
MPRINT(EM_DIAGRAM):   *** End Scoring Code for Neural;
39177     +********************************;
MPRINT(EM_DIAGRAM):   ********************************;
39178     +drop
39179     +H11
39180     +;
MPRINT(EM_DIAGRAM):   drop H11 ;
NOTE: %INCLUDE (level 1) ending.
MPRINT(EM_DIAGRAM):   run;
39181      run;

NOTE: DATA STEP view saved on file EMWS1.NEURAL6_VALIDATE.
NOTE: A stored DATA STEP view cannot run under a different operating system.
NOTE: View EMWS1.BINNING_VALIDATE.VIEW used (Total process time):
      real time           0.23 seconds
      cpu time            0.23 seconds
      
NOTE: DATA statement used (Total process time):
      real time           0.28 seconds
      cpu time            0.28 seconds
      

MPRINT(EM_DIAGRAM):   quit;
39182      quit;
39183      filename emflow;
MPRINT(EM_DIAGRAM):   filename emflow;
NOTE: Fileref EMFLOW has been deassigned.
39184      *------------------------------------------------------------*;
MPRINT(EM_DIAGRAM):    *------------------------------------------------------------*;
39185      * Neural6: Computing metadata for TRAIN data;
MPRINT(EM_DIAGRAM):   * Neural6: Computing metadata for TRAIN data;
39186      *------------------------------------------------------------*;
MPRINT(EM_DIAGRAM):   *------------------------------------------------------------*;

NOTE: View EMWS1.NEURAL6_TRAIN.VIEW used (Total process time):
      real time           0.26 seconds
      cpu time            0.25 seconds
      
MPRINT(EM_DIAGRAM):    *------------------------------------------------------------*;
MPRINT(EM_DIAGRAM):   * &nodeid: Computing Metadata for TRAIN data;
MPRINT(EM_DIAGRAM):   *------------------------------------------------------------*;
MPRINT(EM_DIAGRAM):   filename _delta "C:\Users\sakerb01\Desktop\SAS EM 12.3 Tutorials _ 
Projects\Project_3\Workspaces\EMWS1\Neural6\CDELTA_TRAIN.sas";
MPRINT(EMADVISECOLUMNS):   proc display c=sashelp.emmeta.advisecolumns.scl;
MPRINT(EMADVISECOLUMNS):   run;
MPRINT(EMADVISECOLUMNS):    options validvarname=any;
MPRINT(EMADVISECOLUMNS):   proc contents data=EMWS1.Neural6_TRAIN out=_tempAdvisor noprint;
MPRINT(EMADVISECOLUMNS):   run;
MPRINT(EMADVISECOLUMNS):   options validvarname=V7;
MPRINT(EMADVISECOLUMNS):    data _null_;
MPRINT(EMADVISECOLUMNS):   dsid = open('EMWS1.Neural6_TRAIN');
MPRINT(EMADVISECOLUMNS):   call symput('_dsidTable', strip(put(dsid, best.)));
MPRINT(EMADVISECOLUMNS):   if dsid then do;
MPRINT(EMADVISECOLUMNS):   call symput('_engineTable', attrc(dsid, 'ENGINE'));
MPRINT(EMADVISECOLUMNS):   dsid = close(dsid);
MPRINT(EMADVISECOLUMNS):   end;
MPRINT(EMADVISECOLUMNS):   run;
MPRINT(EMADVISECOLUMNS):    proc contents data=EMWS1.Neural6_TRAIN out=WORK.M1U7GUIA noprint;
MPRINT(EMADVISECOLUMNS):   run;
MPRINT(EMADVISECOLUMNS):    data WORK.M1U7GUIA;
MPRINT(EMADVISECOLUMNS):   length NAME $ 64 TYPE $ 1 LABEL $ 200 FORMAT $ 36 INFORMAT $36 
INDEX $ 1 INDEXTYPE $ 9;
MPRINT(EMADVISECOLUMNS):   label NAME =;
MPRINT(EMADVISECOLUMNS):   set WORK.M1U7GUIA(keep=name type length label format formatl 
formatd informat informl informd idxusage rename=(type=itype));
MPRINT(EMADVISECOLUMNS):   if itype = 1 then type = 'N';
MPRINT(EMADVISECOLUMNS):   else type = 'C';
MPRINT(EMADVISECOLUMNS):   if formatl > 0 then do;
MPRINT(EMADVISECOLUMNS):   if format ne ' ' then format = strip(format)!!strip(put(formatl, 
best12.))!!'.'!!strip(put(formatd, best12.));
MPRINT(EMADVISECOLUMNS):   else format = strip(put(formatl, best12.))!!'.'!!strip(put(formatd, 
best12.));
MPRINT(EMADVISECOLUMNS):   end;
MPRINT(EMADVISECOLUMNS):   else if format ne '' then format = strip(format)!!'.';
MPRINT(EMADVISECOLUMNS):   if informl > 0 then do;
MPRINT(EMADVISECOLUMNS):   if informat ne ' ' then informat = 
strip(informat)!!strip(put(informl, best12.))!!'.'!!strip(put(informd, best12.));
MPRINT(EMADVISECOLUMNS):   else informat = strip(put(informl, 
best12.))!!'.'!!strip(put(informd, best12.));
MPRINT(EMADVISECOLUMNS):   end;
MPRINT(EMADVISECOLUMNS):   else if informat ne '' then informat = strip(informat)!!'.';
MPRINT(EMADVISECOLUMNS):   if idxusage = 'NONE' then index ="N";
MPRINT(EMADVISECOLUMNS):   else index = "Y";
MPRINT(EMADVISECOLUMNS):   indextype = idxusage;
MPRINT(EMADVISECOLUMNS):   drop idxusage itype formatl formatd informl informd;
MPRINT(EMADVISECOLUMNS):   run;
MPRINT(EMADVISECOLUMNS):    data WORK.M1U7GUIA;
MPRINT(EMADVISECOLUMNS):   length UNAME $64;
MPRINT(EMADVISECOLUMNS):   set WORK.M1U7GUIA;
MPRINT(EMADVISECOLUMNS):   UNAME = upcase(NAME);
MPRINT(EMADVISECOLUMNS):   run;
MPRINT(EMADVISECOLUMNS):    proc sort data=WORK.M1D0OJ_X NOTHREADS;
MPRINT(EMADVISECOLUMNS):   by UNAME;
MPRINT(EMADVISECOLUMNS):   run;
MPRINT(EMADVISECOLUMNS):    data WORK.M1D0OJ_X;
MPRINT(EMADVISECOLUMNS):   drop UNAME;
MPRINT(EMADVISECOLUMNS):   set WORK.M1D0OJ_X;
MPRINT(EMADVISECOLUMNS):   run;
MPRINT(EMADVISECOLUMNS):    data WORK.M36E6VJX(keep=NAME ATTR);
MPRINT(EMADVISECOLUMNS):   length ATTR $ 20;
MPRINT(EMADVISECOLUMNS):   set WORK.M1D0OJ_X;
MPRINT(EMADVISECOLUMNS):   if level ne "INTERVAL" then do;
MPRINT(EMADVISECOLUMNS):   if order = ' ' then do;
MPRINT(EMADVISECOLUMNS):   attr = 'ORDER';
MPRINT(EMADVISECOLUMNS):   output;
MPRINT(EMADVISECOLUMNS):   end;
MPRINT(EMADVISECOLUMNS):   end;
MPRINT(EMADVISECOLUMNS):   if format ne ' ' and formattype = ' ' then do;
MPRINT(EMADVISECOLUMNS):   attr = 'FORMATTYPE';
MPRINT(EMADVISECOLUMNS):   output;
MPRINT(EMADVISECOLUMNS):   end;
MPRINT(EMADVISECOLUMNS):   if role = ' ' then do;
MPRINT(EMADVISECOLUMNS):   attr = 'ROLE';
MPRINT(EMADVISECOLUMNS):   output;
MPRINT(EMADVISECOLUMNS):   end;
MPRINT(EMADVISECOLUMNS):   if level = ' ' then do;
MPRINT(EMADVISECOLUMNS):   attr = 'LEVEL';
MPRINT(EMADVISECOLUMNS):   output;
MPRINT(EMADVISECOLUMNS):   end;
MPRINT(EMADVISECOLUMNS):   if type = ' ' then do;
MPRINT(EMADVISECOLUMNS):   attr = 'TYPE';
MPRINT(EMADVISECOLUMNS):   output;
MPRINT(EMADVISECOLUMNS):   end;
MPRINT(EMADVISECOLUMNS):   if index = ' ' then do;
MPRINT(EMADVISECOLUMNS):   attr = 'INDEX';
MPRINT(EMADVISECOLUMNS):   output;
MPRINT(EMADVISECOLUMNS):   end;
MPRINT(EMADVISECOLUMNS):   if report = ' ' then do;
MPRINT(EMADVISECOLUMNS):   attr = 'REPORT';
MPRINT(EMADVISECOLUMNS):   output;
MPRINT(EMADVISECOLUMNS):   end;
MPRINT(EMADVISECOLUMNS):   run;
MPRINT(EMADVISECOLUMNS):   proc sort NOTHREADS;
MPRINT(EMADVISECOLUMNS):   by attr;
MPRINT(EMADVISECOLUMNS):   run;
MPRINT(EMADVISECOLUMNS):    data WORK.M1D0OJ_X;
MPRINT(EMADVISECOLUMNS):   length NAME $64 ROLE $ 32 LEVEL $ 10 ORDER $ 8 CREATOR $32 
FORMATTYPE $ 10 FAMILY $ 10 LOWERLIMIT 8 UPPERLIMIT 8 REPORT $1 DISTRIBUTION $ 20 COMMENT $64;
MPRINT(EMADVISECOLUMNS):   length levelAssigned 8 roleAssigned 8 PRICE 8;
MPRINT(EMADVISECOLUMNS):   set WORK.M1D0OJ_X;
MPRINT(EMADVISECOLUMNS):   if formattype = ' ' then do;
MPRINT(EMADVISECOLUMNS):   if format ne ' ' then do;
MPRINT(EMADVISECOLUMNS):   if type = 'N' then do;
MPRINT(EMADVISECOLUMNS):   pos = indexc(format,'.1234567890');
MPRINT(EMADVISECOLUMNS):   if pos > 1 then tempfmt = substr(format,1, pos-1);
MPRINT(EMADVISECOLUMNS):   else tempfmt = ' ';
MPRINT(EMADVISECOLUMNS):   flen = length(tempfmt);
MPRINT(EMADVISECOLUMNS):   select;
MPRINT(EMADVISECOLUMNS):   when(tempfmt in ("DATE" "DAY" "DDMMYY" "DOWNAME" "JULDAY" "JULIAN" 
"MMDDYY" "MMDDYYD" "MMDDYYC" "MMDDYYN" "MMDDYYP" "MMDDYYS" "MONNAME" "MONTH" "MONYY" "NENGO" 
"QTR" "QTRR" "WEEKDATE" "WEEKDATX" "WEEKDAY" "WORDDATE" "WORDDATX" "YEAR" "YYMMDD" "YYMON" 
"YYMMDDC" "YYMMDDD" "YYMMDDN" "YYMMDDP" "YYMMDDS" "EURDFDE" "NJDATE" "NLDATE" "EURDFDD" 
"EURDFDWN" "EURDFMN" "EURDFMY" "EURDFWK" "EURDFWKX" "EURDFWDX" "EURDFDN" "EURDFDE" )) 
formattype = 'DATE';
MPRINT(EMADVISECOLUMNS):   when(tempfmt in ("DATETIME" "EURDFDT" "TOD" )) formattype = 
"DATETIME";
MPRINT(EMADVISECOLUMNS):   when(tempfmt in ("HHMM" "HOUR" "MMSS" "TIME" "TIMEAMPM" )) 
formattype = "TIME";
MPRINT(EMADVISECOLUMNS):   when(tempfmt in ("COMMA" "COMMAX" "DOLLAR" "DOLLARX" "E" "FRACT" 
"NEGPAREN" "PERCENT")) formattype="QUANTITY";
MPRINT(EMADVISECOLUMNS):   when(tempfmt in ("BINARY" "HEX" "IB" "OCTAL" "PD" "PIB" "PK" "RB" 
"SSN" "Z" "ZD")) formattype = "CODING";
MPRINT(EMADVISECOLUMNS):   otherwise do;
MPRINT(EMADVISECOLUMNS):   formattype = "USER";
MPRINT(EMADVISECOLUMNS):   if substr(tempfmt, 1, 6)='NLDATE' then formattype = "DATE";
MPRINT(EMADVISECOLUMNS):   else if substr(tempfmt, 1, 6)='NLDATM' then formattype = "DATETIME";
MPRINT(EMADVISECOLUMNS):   else if substr(tempfmt, 1, 4)='NLTIM' then formattype = "TIME";
MPRINT(EMADVISECOLUMNS):   else if flen >= 4 then do;
MPRINT(EMADVISECOLUMNS):   str = substr(tempfmt,1,4);
MPRINT(EMADVISECOLUMNS):   if str in ("MMYY" "YYMM" "YYQR") then formattype ="DATE";
MPRINT(EMADVISECOLUMNS):   else if str = "S370" then formattype = "CODING";
MPRINT(EMADVISECOLUMNS):   else if str = "BEST" then formattype = "NUM";
MPRINT(EMADVISECOLUMNS):   drop str;
MPRINT(EMADVISECOLUMNS):   end;
MPRINT(EMADVISECOLUMNS):   else if flen >=3 and substr(tempfmt,1,3) = "YYQ" then formatType = 
"DATE";
MPRINT(EMADVISECOLUMNS):   end;
MPRINT(EMADVISECOLUMNS):   end;
MPRINT(EMADVISECOLUMNS):   drop flen tempfmt pos;
MPRINT(EMADVISECOLUMNS):   end;
MPRINT(EMADVISECOLUMNS):   else do;
MPRINT(EMADVISECOLUMNS):   formatType = "CATEGORY";
MPRINT(EMADVISECOLUMNS):   end;
MPRINT(EMADVISECOLUMNS):   end;
MPRINT(EMADVISECOLUMNS):   if formatType = "NUM" then do;
MPRINT(EMADVISECOLUMNS):   if index = "Y" then formatType = "DISCRETE";
MPRINT(EMADVISECOLUMNS):   else formatType = "QUANTITY";
MPRINT(EMADVISECOLUMNS):   end;
MPRINT(EMADVISECOLUMNS):   end;
MPRINT(EMADVISECOLUMNS):   if level = ' ' then do;
MPRINT(EMADVISECOLUMNS):   if formatType in ("CATEGORY", "CODING", "ID") or type = "C" then 
level = "NOMINAL";
MPRINT(EMADVISECOLUMNS):   else level = "INTERVAL";
MPRINT(EMADVISECOLUMNS):   levelAssigned = 1;
MPRINT(EMADVISECOLUMNS):   end;
MPRINT(EMADVISECOLUMNS):   else level = upcase(level);
MPRINT(EMADVISECOLUMNS):   if role = ' ' then do;
MPRINT(EMADVISECOLUMNS):   length name_prefix $8 _uname $64;
MPRINT(EMADVISECOLUMNS):   drop name_prefix _uname _freqflag;
MPRINT(EMADVISECOLUMNS):   retain _freqflag;
MPRINT(EMADVISECOLUMNS):   if LENGTH> 80 then ROLE = 'TEXT';
MPRINT(EMADVISECOLUMNS):   _uname = upcase(NAME);
MPRINT(EMADVISECOLUMNS):   select(_uname);
MPRINT(EMADVISECOLUMNS):   when('_WARN_') ROLE = 'ASSESS';
MPRINT(EMADVISECOLUMNS):   when('EM_SEGMENT') do;
MPRINT(EMADVISECOLUMNS):   ROLE = 'SEGMENT';
MPRINT(EMADVISECOLUMNS):   LEVEL = 'NOMINAL';
MPRINT(EMADVISECOLUMNS):   end;
MPRINT(EMADVISECOLUMNS):   when('_NODE_') do;
MPRINT(EMADVISECOLUMNS):   ROLE = 'SEGMENT';
MPRINT(EMADVISECOLUMNS):   LEVEL = 'NOMINAL';
MPRINT(EMADVISECOLUMNS):   end;
MPRINT(EMADVISECOLUMNS):   when('EM_CLASSTARGET') ROLE = 'ASSESS';
MPRINT(EMADVISECOLUMNS):   when('EM_VALUETARGET') ROLE = 'ASSESS';
MPRINT(EMADVISECOLUMNS):   when('EM_PREDICTION') ROLE = 'PREDICT';
MPRINT(EMADVISECOLUMNS):   when('EM_PROBABILITY') ROLE = 'PREDICT';
MPRINT(EMADVISECOLUMNS):   when('EM_EVENTPROBABILITY') ROLE = 'PREDICT';
MPRINT(EMADVISECOLUMNS):   when('EM_CLASSIFICATION') ROLE = 'CLASSIFICATION';
MPRINT(EMADVISECOLUMNS):   when('EM_DECISION') ROLE = 'DECISION';
MPRINT(EMADVISECOLUMNS):   when('EM_PROFIT') ROLE = 'ASSESS';
MPRINT(EMADVISECOLUMNS):   when('EM_LOSS') ROLE = 'ASSESS';
MPRINT(EMADVISECOLUMNS):   when('EM_ROI') ROLE = 'ASSESS';
MPRINT(EMADVISECOLUMNS):   when('URI') ROLE = 'URL';
MPRINT(EMADVISECOLUMNS):   when('FILTERED') ROLE = 'TEXTLOC';
MPRINT(EMADVISECOLUMNS):   otherwise do;
MPRINT(EMADVISECOLUMNS):   if upcase(NAME) =: 'ZIP' then do;
MPRINT(EMADVISECOLUMNS):   ROLE = 'REJECTED';
MPRINT(EMADVISECOLUMNS):   LEVEL = 'NOMINAL';
MPRINT(EMADVISECOLUMNS):   COMMENT = 'Rejected by: Exceed the maximum class level of %s';
MPRINT(EMADVISECOLUMNS):   end;
MPRINT(EMADVISECOLUMNS):   else if upcase(NAME) in('FREQ', 'FREQUENCY') then do;
MPRINT(EMADVISECOLUMNS):   ROLE = 'FREQ';
MPRINT(EMADVISECOLUMNS):   if TYPE = 'C' then ROLE = 'INPUT';
MPRINT(EMADVISECOLUMNS):   else if _freqflag =1 then ROLE='REJECTED';
MPRINT(EMADVISECOLUMNS):   end;
MPRINT(EMADVISECOLUMNS):   else do;
MPRINT(EMADVISECOLUMNS):   name_prefix = scan(_uname, 1, '_');
MPRINT(EMADVISECOLUMNS):   if scan(_uname, 2, '_') = '' then name_prefix='';
MPRINT(EMADVISECOLUMNS):   if name_prefix in('F', 'I', 'U') then do;
MPRINT(EMADVISECOLUMNS):   ROLE = 'CLASSIFICATION';
MPRINT(EMADVISECOLUMNS):   LEVEL = 'NOMINAL';
MPRINT(EMADVISECOLUMNS):   end;
MPRINT(EMADVISECOLUMNS):   else if name_prefix in('P', 'V') then ROLE = 'PREDICT';
MPRINT(EMADVISECOLUMNS):   else if name_prefix in('R', 'RS', 'RT', 'RD', 'RDS', 'RDT', 'RA', 
'RAS', 'RAT') then ROLE = 'RESIDUAL';
MPRINT(EMADVISECOLUMNS):   else if name_prefix ='D' then do;
MPRINT(EMADVISECOLUMNS):   ROLE = 'DECISION';
MPRINT(EMADVISECOLUMNS):   LEVEL = 'NOMINAL';
MPRINT(EMADVISECOLUMNS):   end;
MPRINT(EMADVISECOLUMNS):   else if name_prefix ='B' then do;
MPRINT(EMADVISECOLUMNS):   ROLE = 'SEGMENT';
MPRINT(EMADVISECOLUMNS):   LEVEL = 'NOMINAL';
MPRINT(EMADVISECOLUMNS):   end;
MPRINT(EMADVISECOLUMNS):   else if name_prefix in('EP', 'BP', 'CP', 'EL', 'CL', 'BL', 'W', 
'ROI', 'IC') then ROLE = 'ASSESS';
MPRINT(EMADVISECOLUMNS):   else do;
MPRINT(EMADVISECOLUMNS):   array _ROLE_ (19) $32 _TEMPORARY_ 
('ASSESS','CLASSIFICATION','CENSOR', 'COST', 'CROSSID', 'DECISION', 'ID','INPUT', 'LABEL', 
'MISSING','PREDICT','REFERRER','REJECTED', 'RESIDUAL','SEGMENT', 'SEQUENCE','TARGET', 'TEXT', 
'TIMEID');
MPRINT(EMADVISECOLUMNS):   drop _found_ i;
MPRINT(EMADVISECOLUMNS):   _found_=0;
MPRINT(EMADVISECOLUMNS):   do i=1 to 19 until(_found_=1);
MPRINT(EMADVISECOLUMNS):   if index(_uname, trim(_ROLE_{i}))=1 then do;
MPRINT(EMADVISECOLUMNS):   ROLE=_ROLE_{i};
MPRINT(EMADVISECOLUMNS):   if ROLE = 'ID' then LEVEL = 'NOMINAL';
MPRINT(EMADVISECOLUMNS):   else if ROLE = 'SEGMENT' then LEVEL = 'NOMINAL';
MPRINT(EMADVISECOLUMNS):   else if ROLE = 'TIMEID' and TYPE='N' then LEVEL = 'INTERVAL';
MPRINT(EMADVISECOLUMNS):   _found_=1;
MPRINT(EMADVISECOLUMNS):   end;
MPRINT(EMADVISECOLUMNS):   end;
MPRINT(EMADVISECOLUMNS):   if length(_uname)>2 then do;
MPRINT(EMADVISECOLUMNS):   if substr(reverse(trim(_uname)), 1, 3) = 'DI_' then do;
MPRINT(EMADVISECOLUMNS):   ROLE = 'ID';
MPRINT(EMADVISECOLUMNS):   LEVEL = 'NOMINAL';
MPRINT(EMADVISECOLUMNS):   end;
MPRINT(EMADVISECOLUMNS):   end;
MPRINT(EMADVISECOLUMNS):   end;
MPRINT(EMADVISECOLUMNS):   end;
MPRINT(EMADVISECOLUMNS):   end;
MPRINT(EMADVISECOLUMNS):   end;
MPRINT(EMADVISECOLUMNS):   if ROLE='FREQ' then _freqflag=1;
MPRINT(EMADVISECOLUMNS):   else if ROLE = 'CLASSIFICATION' then LEVEL = 'NOMINAL';
MPRINT(EMADVISECOLUMNS):   if symexist('RATEMKG_ROLE') then do;
MPRINT(EMADVISECOLUMNS):   if upcase(symget('RATEMKG_ROLE')) in('Y', 'YES') then do;
MPRINT(EMADVISECOLUMNS):   if _uname =: 'POLICY' then ROLE = 'POLICYID';
MPRINT(EMADVISECOLUMNS):   else if _uname in ('PARTITION', '_PARTIND_') then ROLE = 
'PARTITION';
MPRINT(EMADVISECOLUMNS):   else if type = 'N' then do;
MPRINT(EMADVISECOLUMNS):   if _uname = 'EXPOSURE' then ROLE = 'EXPOSURE';
MPRINT(EMADVISECOLUMNS):   else if _uname = 'YEAR' then ROLE = 'YEAR';
MPRINT(EMADVISECOLUMNS):   else if _uname = 'WEIGHT' then ROLE = 'WEIGHT';
MPRINT(EMADVISECOLUMNS):   else if _uname = 'OFFSET' then ROLE = 'OFFSET';
MPRINT(EMADVISECOLUMNS):   end;
MPRINT(EMADVISECOLUMNS):   end;
MPRINT(EMADVISECOLUMNS):   end;
MPRINT(EMADVISECOLUMNS):   end;
MPRINT(EMADVISECOLUMNS):   if role = ' ' then do;
MPRINT(EMADVISECOLUMNS):   if formattype in('DATE', 'DATETIME', 'TIME') then role = 'TIMEID';
MPRINT(EMADVISECOLUMNS):   else role = 'INPUT';
MPRINT(EMADVISECOLUMNS):   roleAssigned = 1;
MPRINT(EMADVISECOLUMNS):   end;
MPRINT(EMADVISECOLUMNS):   else role = upcase(role);
MPRINT(EMADVISECOLUMNS):   if REPORT = '' then REPORT = 'N';
MPRINT(EMADVISECOLUMNS):   run;
MPRINT(EMADVISECOLUMNS):    data WORK.M1D0OJ_X;
MPRINT(EMADVISECOLUMNS):   set WORK.M1D0OJ_X;
MPRINT(EMADVISECOLUMNS):   label NAME = "Variable Name" TYPE = "Type" ROLE = "Role" LEVEL= 
"Measurement Level" ORDER= "Order" CREATOR= "Creator" FORMATTYPE= "Format Type" FAMILY= 
"Family" DISTRIBUTION= "Distribution" PRICE= "Price" LOWERLIMIT= "Lower limit" UPPERLIMIT= 
"Upper Limit" REPORT= "Report" COMMENT= "Comment" INDEX= "Index" INDEXTYPE= "IndexType" LABEL= 
"Label" LENGTH= "Length";
MPRINT(EMADVISECOLUMNS):   drop levelAssigned roleAssigned;
MPRINT(EMADVISECOLUMNS):   run;
MPRINT(EMADVISECOLUMNS):   
MPRINT(EM_DIAGRAM):  ;
MPRINT(EM_DIAGRAM):   proc sort data=WORK.COLUMNMETA;
MPRINT(EM_DIAGRAM):   by NAME;
MPRINT(EM_DIAGRAM):   run;
MPRINT(EM_DIAGRAM):   *------------------------------------------------------------*;
MPRINT(EM_DIAGRAM):   * &nodeid: Merge incoming metadata;
MPRINT(EM_DIAGRAM):   *------------------------------------------------------------*;
MPRINT(EM_DIAGRAM):   proc contents data=EMWS1.BINNING_TRAIN noprint out=_temp2(keep=NAME);
MPRINT(EM_DIAGRAM):   run;
MPRINT(EM_DIAGRAM):   proc sort data=_temp2;
MPRINT(EM_DIAGRAM):   by NAME;
MPRINT(EM_DIAGRAM):   run;
MPRINT(EM_DIAGRAM):   proc sort data=EMWS1.BINNING_CMeta_TRAIN out=_temp;
MPRINT(EM_DIAGRAM):   by NAME;
MPRINT(EM_DIAGRAM):   run;
MPRINT(EM_DIAGRAM):   data EMWS1.Neural6_CMeta_TRAIN;
MPRINT(EM_DIAGRAM):   merge WORK.COLUMNMETA(in=_a) _temp2(in=_b) _temp(drop=FORMAT INFORMAT 
LENGTH INDEX INDEXTYPE in=_c) end=_eof_;
MPRINT(EM_DIAGRAM):   by NAME;
MPRINT(EM_DIAGRAM):   if (^_a and _b) or (^_c and _a and _b) then delete;
MPRINT(EM_DIAGRAM):   if ^_b then CREATOR = "Neural6";
MPRINT(EM_DIAGRAM):   length model $200;
MPRINT(EM_DIAGRAM):   label MODEL = "Model Node";
MPRINT(EM_DIAGRAM):   select(upcase(name));
MPRINT(EM_DIAGRAM):   when("P_BAD1") creator = "Neural6";
MPRINT(EM_DIAGRAM):   when("R_BAD1") creator = "Neural6";
MPRINT(EM_DIAGRAM):   when("P_BAD0") creator = "Neural6";
MPRINT(EM_DIAGRAM):   when("R_BAD0") creator = "Neural6";
MPRINT(EM_DIAGRAM):   when("F_BAD") creator = "Neural6";
MPRINT(EM_DIAGRAM):   when("I_BAD") creator = "Neural6";
MPRINT(EM_DIAGRAM):   when("U_BAD") creator = "Neural6";
MPRINT(EM_DIAGRAM):   when("_WARN_") creator = "Neural6";
MPRINT(EM_DIAGRAM):   when("BAD") model = "Neural6";
MPRINT(EM_DIAGRAM):   when('');
MPRINT(EM_DIAGRAM):   otherwise;
MPRINT(EM_DIAGRAM):   end;
MPRINT(EM_DIAGRAM):   *------------------------------------------------------------*;
MPRINT(EM_DIAGRAM):   * Neural6: Apply Delta Code;
MPRINT(EM_DIAGRAM):   *------------------------------------------------------------*;
MPRINT(EM_DIAGRAM):   run;
MPRINT(EM_DIAGRAM):   filename _delta;
39521      data WORK.MODELTEMP_INFO;
MPRINT(EM_DIAGRAM):    data WORK.MODELTEMP_INFO;
39522      set EMWS1.Neural6_EMINFO;
MPRINT(EM_DIAGRAM):   set EMWS1.Neural6_EMINFO;
39523      where DATA='Neural6' and KEY ^in('DECDATA', 'DECMETA', 'IMPORTANCE', 'MODEL');
MPRINT(EM_DIAGRAM):   where DATA='Neural6' and KEY ^in('DECDATA', 'DECMETA', 'IMPORTANCE', 
'MODEL');
39524      run;
MPRINT(EM_DIAGRAM):   run;

NOTE: There were 0 observations read from the data set EMWS1.NEURAL6_EMINFO.
      WHERE (DATA='Neural6') and KEY not in ('DECDATA', 'DECMETA', 'IMPORTANCE', 'MODEL');
NOTE: The data set WORK.MODELTEMP_INFO has 0 observations and 3 variables.
NOTE: DATA statement used (Total process time):
      real time           0.01 seconds
      cpu time            0.01 seconds
      

39525      data EMWS1.Neural6_EMINFO;
MPRINT(EM_DIAGRAM):    data EMWS1.Neural6_EMINFO;
39526      length TARGET KEY $32 DATA $43;
MPRINT(EM_DIAGRAM):   length TARGET KEY $32 DATA $43;
39527      input TARGET KEY DATA $;
MPRINT(EM_DIAGRAM):   input TARGET KEY DATA $;
39528      cards;
MPRINT(EM_DIAGRAM):   cards;

NOTE: The data set EMWS1.NEURAL6_EMINFO has 3 observations and 3 variables.
NOTE: DATA statement used (Total process time):
      real time           0.01 seconds
      cpu time            0.01 seconds
      

MPRINT(EM_DIAGRAM):   run;
39532      run;
39533      data EMWS1.Neural6_EMINFO;
MPRINT(EM_DIAGRAM):   data EMWS1.Neural6_EMINFO;
39534      set EMWS1.Neural6_EMINFO WORK.MODELTEMP_INFO;
MPRINT(EM_DIAGRAM):   set EMWS1.Neural6_EMINFO WORK.MODELTEMP_INFO;
39535      run;
MPRINT(EM_DIAGRAM):   run;

NOTE: There were 3 observations read from the data set EMWS1.NEURAL6_EMINFO.
NOTE: There were 0 observations read from the data set WORK.MODELTEMP_INFO.
NOTE: The data set EMWS1.NEURAL6_EMINFO has 3 observations and 3 variables.
NOTE: DATA statement used (Total process time):
      real time           0.01 seconds
      cpu time            0.01 seconds
      

39536      proc sort data = EMWS1.Neural6_EMINFO NOTHREADS;
MPRINT(EM_DIAGRAM):    proc sort data = EMWS1.Neural6_EMINFO NOTHREADS;
39537      by TARGET KEY;
MPRINT(EM_DIAGRAM):   by TARGET KEY;
39538      run;
MPRINT(EM_DIAGRAM):   run;

NOTE: There were 3 observations read from the data set EMWS1.NEURAL6_EMINFO.
NOTE: The data set EMWS1.NEURAL6_EMINFO has 3 observations and 3 variables.
NOTE: PROCEDURE SORT used (Total process time):
      real time           0.01 seconds
      cpu time            0.01 seconds
      

39539      proc sort data = EMWS1.Ids_EMINFO OUT=WORK.SORTEDEMINFO NOTHREADS;
MPRINT(EM_DIAGRAM):    proc sort data = EMWS1.Ids_EMINFO OUT=WORK.SORTEDEMINFO NOTHREADS;
39540      by TARGET KEY;
MPRINT(EM_DIAGRAM):   by TARGET KEY;
39541      run;
MPRINT(EM_DIAGRAM):   run;

NOTE: There were 3 observations read from the data set EMWS1.IDS_EMINFO.
NOTE: The data set WORK.SORTEDEMINFO has 3 observations and 3 variables.
NOTE: PROCEDURE SORT used (Total process time):
      real time           0.01 seconds
      cpu time            0.01 seconds
      

39542      proc sort data = EMWS1.Neural6_EMINFO OUT=WORK.TEMP_INFO NOTHREADS;
MPRINT(EM_DIAGRAM):   proc sort data = EMWS1.Neural6_EMINFO OUT=WORK.TEMP_INFO NOTHREADS;
39543      by TARGET KEY;
MPRINT(EM_DIAGRAM):   by TARGET KEY;
39544      run;
MPRINT(EM_DIAGRAM):   run;

NOTE: Input data set is already sorted; it has been copied to the output data set.
NOTE: There were 3 observations read from the data set EMWS1.NEURAL6_EMINFO.
NOTE: The data set WORK.TEMP_INFO has 3 observations and 3 variables.
NOTE: PROCEDURE SORT used (Total process time):
      real time           0.00 seconds
      cpu time            0.00 seconds
      

39545      data EMWS1.Neural6_EMINFO;
MPRINT(EM_DIAGRAM):   data EMWS1.Neural6_EMINFO;
39546      merge WORK.SORTEDEMINFO WORK.TEMP_INFO;
MPRINT(EM_DIAGRAM):   merge WORK.SORTEDEMINFO WORK.TEMP_INFO;
39547      by TARGET KEY;
MPRINT(EM_DIAGRAM):   by TARGET KEY;
39548      run;
MPRINT(EM_DIAGRAM):   run;

NOTE: There were 3 observations read from the data set WORK.SORTEDEMINFO.
NOTE: There were 3 observations read from the data set WORK.TEMP_INFO.
NOTE: The data set EMWS1.NEURAL6_EMINFO has 4 observations and 3 variables.
NOTE: DATA statement used (Total process time):
      real time           0.01 seconds
      cpu time            0.01 seconds
      

39549      proc datasets lib=work nolist;
MPRINT(EM_DIAGRAM):   proc datasets lib=work nolist;
39550      delete TEMP_INFO SORTEDEMINFO;
MPRINT(EM_DIAGRAM):   delete TEMP_INFO SORTEDEMINFO;
39551      run;
MPRINT(EM_DIAGRAM):   run;

NOTE: Deleting WORK.TEMP_INFO (memtype=DATA).
NOTE: Deleting WORK.SORTEDEMINFO (memtype=DATA).
39552      quit;
MPRINT(EM_DIAGRAM):   quit;

NOTE: PROCEDURE DATASETS used (Total process time):
      real time           0.04 seconds
      cpu time            0.04 seconds
      

NOTE: View EMWS1.NEURAL6_TRAIN.VIEW used (Total process time):
      real time           0.26 seconds
      cpu time            0.26 seconds
      
NOTE: View EMWS1.NEURAL6_VALIDATE.VIEW used (Total process time):
      real time           0.25 seconds
      cpu time            0.25 seconds
      
MPRINT(EM_DIAGRAM):    proc printto;
MPRINT(EM_DIAGRAM):   run;
