 
                                                                                               
 
 
Fit Statistics

Target=BAD Target Label=' '

   Fit
Statistics    Statistics Label                     Train    Validation

 _DFT_        Total Degrees of Freedom           2979.00          .   
 _DFE_        Degrees of Freedom for Error       2942.00          .   
 _DFM_        Model Degrees of Freedom             37.00          .   
 _NW_         Number of Estimated Weights          37.00          .   
 _AIC_        Akaike's Information Criterion     2023.85          .   
 _SBC_        Schwarz's Bayesian Criterion       2245.82          .   
 _ASE_        Average Squared Error                 0.10         0.10 
 _MAX_        Maximum Absolute Error                1.00         0.99 
 _DIV_        Divisor for ASE                    5958.00      5962.00 
 _NOBS_       Sum of Frequencies                 2979.00      2981.00 
 _RASE_       Root Average Squared Error            0.31         0.32 
 _SSE_        Sum of Squared Errors               584.56       625.61 
 _SUMW_       Sum of Case Weights Times Freq     5958.00      5962.00 
 _FPE_        Final Prediction Error                0.10          .   
 _MSE_        Mean Squared Error                    0.10         0.10 
 _RFPE_       Root Final Prediction Error           0.32          .   
 _RMSE_       Root Mean Squared Error               0.32         0.32 
 _AVERR_      Average Error Function                0.33         0.35 
 _ERR_        Error Function                     1949.85      2085.05 
 _MISC_       Misclassification Rate                0.13         0.14 
 _WRONG_      Number of Wrong Classifications     399.00       409.00 
 
                                                                                               
 
 
Classification Table

Data Role=TRAIN Target Variable=BAD Target Label=' '

                       Target        Outcome     Frequency       Total
Target    Outcome    Percentage    Percentage      Count      Percentage

  0          0         87.6136       96.9811        2313        77.6435 
  1          0         12.3864       55.0505         327        10.9768 
  0          1         21.2389        3.0189          72         2.4169 
  1          1         78.7611       44.9495         267         8.9627 


Data Role=VALIDATE Target Variable=BAD Target Label=' '

                       Target        Outcome     Frequency       Total
Target    Outcome    Percentage    Percentage      Count      Percentage

  0          0         87.7434       96.3118        2298        77.0882 
  1          0         12.2566       53.9496         321        10.7682 
  0          1         24.3094        3.6882          88         2.9520 
  1          1         75.6906       46.0504         274         9.1915 
 
                                                                                               
 
 
Event Classification Table

Data Role=TRAIN Target=BAD Target Label=' '

  False       True        False       True
Negative    Negative    Positive    Positive

   327        2313         72          267  


Data Role=VALIDATE Target=BAD Target Label=' '

  False       True        False       True
Negative    Negative    Positive    Positive

   321        2298         88          274  
 
                                                                                               
 
 
Assessment Score Rankings

Data Role=TRAIN Target Variable=BAD Target Label=' '

                                                                                    Mean
                            Cumulative       %      Cumulative     Number of     Posterior
Depth      Gain     Lift       Lift      Response   % Response   Observations   Probability

   5    371.222   4.71222     4.71222     93.9597     93.9597         149         0.92697  
  10    315.685   3.60148     4.15685     71.8121     82.8859         149         0.67839  
  15    262.392   2.55806     3.62392     51.0067     72.2595         149         0.46600  
  20    215.551   1.75025     3.15551     34.8993     62.9195         149         0.36032  
  25    187.446   1.75025     2.87446     34.8993     57.3154         149         0.28848  
  30    156.367   1.00976     2.56367     20.1342     51.1186         149         0.23811  
  35    131.284   0.80781     2.31284     16.1074     46.1170         149         0.20173  
  40    111.209   0.70683     2.11209     14.0940     42.1141         149         0.16789  
  45     92.603   0.43756     1.92603      8.7248     38.4042         149         0.13965  
  50     79.401   0.60586     1.79401     12.0805     35.7718         149         0.11935  
  55     65.846   0.30293     1.65846      6.0403     33.0689         149         0.09722  
  60     54.830   0.33659     1.54830      6.7114     30.8725         149         0.07755  
  65     45.250   0.30293     1.45250      6.0403     28.9623         149         0.06093  
  70     36.318   0.20195     1.36318      4.0268     27.1812         149         0.04695  
  75     28.352   0.16829     1.28352      3.3557     25.5928         149         0.03641  
  80     21.803   0.23561     1.21803      4.6980     24.2869         149         0.02815  
  85     15.034   0.06732     1.15034      1.3423     22.9372         149         0.02213  
  90      9.391   0.13463     1.09391      2.6846     21.8121         149         0.01756  
  95      4.696   0.20195     1.04696      4.0268     20.8760         149         0.01286  
 100      0.000   0.10166     1.00000      2.0270     19.9396         148         0.00623  


Data Role=VALIDATE Target Variable=BAD Target Label=' '

                                                                                    Mean
                            Cumulative       %      Cumulative     Number of     Posterior
Depth      Gain     Lift       Lift      Response   % Response   Observations   Probability

   5    347.568   4.47568     4.47568     89.3333     89.3333         150         0.92290  
  10    295.445   3.42972     3.95445     68.4564     78.9298         149         0.69946  
  15    250.035   2.58910     3.50035     51.6779     69.8661         149         0.49298  
  20    206.312   1.74849     3.06312     34.8993     61.1390         149         0.38381  
  25    173.338   1.41224     2.73338     28.1879     54.5576         149         0.31018  
  30    147.425   1.17687     2.47425     23.4899     49.3855         149         0.25420  
  35    123.630   0.80699     2.23630     16.1074     44.6360         149         0.20907  
  40    104.519   0.70612     2.04519     14.0940     40.8215         149         0.17212  
  45     87.411   0.50437     1.87411     10.0671     37.4069         149         0.14628  
  50     73.387   0.47075     1.73387      9.3960     34.6076         149         0.12319  
  55     62.217   0.50437     1.62217     10.0671     32.3780         149         0.09970  
  60     53.187   0.53800     1.53187     10.7383     30.5757         149         0.07930  
  65     43.995   0.33625     1.43995      6.7114     28.7410         149         0.06223  
  70     35.155   0.20175     1.35155      4.0268     26.9765         149         0.04762  
  75     27.493   0.20175     1.27493      4.0268     25.4472         149         0.03624  
  80     20.578   0.16812     1.20578      3.3557     24.0671         149         0.02748  
  85     14.674   0.20175     1.14674      4.0268     22.8887         149         0.02186  
  90      9.426   0.20175     1.09426      4.0268     21.8412         149         0.01770  
  95      4.731   0.20175     1.04731      4.0268     20.9040         149         0.01285  
 100      0.000   0.10087     1.00000      2.0134     19.9597         149         0.00623  
 
                                                                                               
 
 
Assessment Score Distribution

Data Role=TRAIN Target Variable=BAD Target Label=' '

 Posterior     Number                     Mean
Probability      of      Number of     Posterior
   Range       Events    Nonevents    Probability    Percentage

 0.95-1.00       57           2         0.97873         1.9805 
 0.90-0.95       39           1         0.92420         1.3427 
 0.85-0.90       34           2         0.87967         1.2085 
 0.80-0.85       21           6         0.82668         0.9063 
 0.75-0.80       21           3         0.77577         0.8056 
 0.70-0.75       15           5         0.71920         0.6714 
 0.65-0.70       22           7         0.67591         0.9735 
 0.60-0.65       18          15         0.62104         1.1078 
 0.55-0.60       21          12         0.57752         1.1078 
 0.50-0.55       19          19         0.52222         1.2756 
 0.45-0.50       25          21         0.47633         1.5441 
 0.40-0.45       28          26         0.42288         1.8127 
 0.35-0.40       43          72         0.37120         3.8604 
 0.30-0.35       26          57         0.32522         2.7862 
 0.25-0.30       44          94         0.27444         4.6324 
 0.20-0.25       39         157         0.22421         6.5794 
 0.15-0.20       32         205         0.17434         7.9557 
 0.10-0.15       31         308         0.12411        11.3797 
 0.05-0.10       26         390         0.07347        13.9644 
 0.00-0.05       33         983         0.02366        34.1054 


Data Role=VALIDATE Target Variable=BAD Target Label=' '

 Posterior     Number                     Mean
Probability      of      Number of     Posterior
   Range       Events    Nonevents    Probability    Percentage

 0.95-1.00       47           2         0.97555         1.6437 
 0.90-0.95       44           7         0.92402         1.7108 
 0.85-0.90       36           6         0.87522         1.4089 
 0.80-0.85       19           3         0.82730         0.7380 
 0.75-0.80       21           8         0.77476         0.9728 
 0.70-0.75       23          10         0.72200         1.1070 
 0.65-0.70       24           6         0.67793         1.0064 
 0.60-0.65       12          15         0.61827         0.9057 
 0.55-0.60       19          13         0.57590         1.0735 
 0.50-0.55       29          18         0.52323         1.5767 
 0.45-0.50       29          35         0.47283         2.1469 
 0.40-0.45       24          38         0.42073         2.0798 
 0.35-0.40       39          72         0.37313         3.7236 
 0.30-0.35       27          65         0.32140         3.0862 
 0.25-0.30       31         112         0.27451         4.7970 
 0.20-0.25       33         133         0.22412         5.5686 
 0.15-0.20       35         207         0.17225         8.1181 
 0.10-0.15       34         289         0.12513        10.8353 
 0.05-0.10       33         386         0.07292        14.0557 
 0.00-0.05       36         961         0.02300        33.4452 
