MPRINT(EM_DIAGRAM):    data _null_;
MPRINT(EM_DIAGRAM):   call symput('NLDATE', strip(put(date(), NLDATE.)));
MPRINT(EM_DIAGRAM):   call symput('NLTIME', strip(put(datetime(), NLTIME.)));
MPRINT(EM_DIAGRAM):   run;
MPRINT(EM_DIAGRAM):   data _null_;
MPRINT(EM_DIAGRAM):   nldate= sasmsg("sashelp.dmine", "log_date_note", 'N', "November 04, 2015" );
MPRINT(EM_DIAGRAM):   nltime= sasmsg("sashelp.dmine", "log_time_note", 'N', "07:39:24" );
MPRINT(EM_DIAGRAM):   put "*------------------------------------------------------------*";
MPRINT(EM_DIAGRAM):   put "* Training Log";
MPRINT(EM_DIAGRAM):   put nldate;
MPRINT(EM_DIAGRAM):   put nltime;
MPRINT(EM_DIAGRAM):   put "*------------------------------------------------------------*";
MPRINT(EM_DIAGRAM):   run;
*------------------------------------------------------------*
* Training Log
Date:                November 04, 2015
Time:                07:39:24
*------------------------------------------------------------*
MPRINT(EM_DIAGRAM):    filename O2KC9LPE "C:\Users\sakerb01\Desktop\SAS EM 12.3 Tutorials _ Projects\Project_3\Workspaces\EMWS1\Neural3\EMTRAIN.out" encoding="UTF-8" NOBOM;
MPRINT(EM_DIAGRAM):   proc printto print=O2KC9LPE new;
MPRINT(EM_DIAGRAM):   run;
MPRINT(EM_DIAGRAM):    filename _LOG "C:\Users\sakerb01\Desktop\SAS EM 12.3 Tutorials _ Projects\Project_3\Workspaces\EMWS1\Neural3\EMLOG.log" encoding="UTF-8" NOBOM;
MPRINT(EM_DIAGRAM):    data _null_;
MPRINT(EM_DIAGRAM):   call symput('NLDATE', strip(put(date(), NLDATE.)));
MPRINT(EM_DIAGRAM):   call symput('NLTIME', strip(put(datetime(), NLTIME.)));
MPRINT(EM_DIAGRAM):   run;
MPRINT(EM_DIAGRAM):   data _null_;
MPRINT(EM_DIAGRAM):   nldate= sasmsg("sashelp.dmine", "log_date_note", 'N', "November 04, 2015" );
MPRINT(EM_DIAGRAM):   nltime= sasmsg("sashelp.dmine", "log_time_note", 'N', "07:39:24" );
MPRINT(EM_DIAGRAM):   file _LOG;
MPRINT(EM_DIAGRAM):   put "*------------------------------------------------------------*";
MPRINT(EM_DIAGRAM):   put "User:                sakerb01";
MPRINT(EM_DIAGRAM):   put nldate;
MPRINT(EM_DIAGRAM):   put nltime;
MPRINT(EM_DIAGRAM):   put "Site:                70080760";
MPRINT(EM_DIAGRAM):   put "Platform:            X64_7PRO";
MPRINT(EM_DIAGRAM):   put "Maintenance Release: 9.04.01M1P120413";
MPRINT(EM_DIAGRAM):   put "EM Version:          13.1";
MPRINT(EM_DIAGRAM):   put "* ";
MPRINT(EM_DIAGRAM):   run;
MPRINT(EM_DIAGRAM):    filename _LOGIN "C:\Users\sakerb01\Desktop\SAS EM 12.3 Tutorials _ Projects\Project_3\Workspaces\EMWS1\Neural3\EMTRAIN.log" encoding="UTF-8" NOBOM;
MPRINT(EM_COPYFILE):   data _null_;
MPRINT(EM_COPYFILE):   length line $20000;
MPRINT(EM_COPYFILE):   file _LOG MOD lrecl=20000;
MPRINT(EM_COPYFILE):   fid=fopen("_LOGIN",'i',20000,'v');
MPRINT(EM_COPYFILE):   if fid > 0 then do;
MPRINT(EM_COPYFILE):   do while(^fread(fid));
MPRINT(EM_COPYFILE):   rlen = frlen(fid);
MPRINT(EM_COPYFILE):   rc= fget(fid,line,20000);
MPRINT(EM_COPYFILE):   start = length(line)-length(left(line))+1;
MPRINT(EM_COPYFILE):   line=strip(line);
MPRINT(EM_COPYFILE):   put @start line;
MPRINT(EM_COPYFILE):   end;
MPRINT(EM_COPYFILE):   if fid > 0 then rc=fclose(fid);
MPRINT(EM_COPYFILE):   end;
MPRINT(EM_COPYFILE):   run;
MPRINT(EM_DIAGRAM):  ;
MPRINT(EM_DIAGRAM):   filename _LOGIN;
MPRINT(EM_DIAGRAM):    data _null_;
MPRINT(EM_DIAGRAM):   file _LOG mod;
MPRINT(EM_DIAGRAM):   put _page_;
MPRINT(EM_DIAGRAM):   run;
MPRINT(EM_DIAGRAM):   filename _LOGIN "C:\Users\sakerb01\Desktop\SAS EM 12.3 Tutorials _ Projects\Project_3\Workspaces\EMWS1\Neural3\EMSCORE.log" encoding="UTF-8" NOBOM;
MPRINT(EM_DIAGRAM):  ;
MPRINT(EM_DIAGRAM):   data _null_;
MPRINT(EM_DIAGRAM):   file _LOG mod;
MPRINT(EM_DIAGRAM):   put _page_;
MPRINT(EM_DIAGRAM):   run;
MPRINT(EM_DIAGRAM):    filename _LOGIN "C:\Users\sakerb01\Desktop\SAS EM 12.3 Tutorials _ Projects\Project_3\Workspaces\EMWS1\Neural3\EMREPORT.log" encoding="UTF-8" NOBOM;
MPRINT(EM_DIAGRAM):  ;
MPRINT(EM_DIAGRAM):   filename _LOGIN;
MPRINT(EM_DIAGRAM):    filename _LOG;
MPRINT(EM_DIAGRAM):    filename _OUT "C:\Users\sakerb01\Desktop\SAS EM 12.3 Tutorials _ Projects\Project_3\Workspaces\EMWS1\Neural3\EMOUTPUT.out" encoding="UTF-8" NOBOM;
MPRINT(EM_DIAGRAM):    data _null_;
MPRINT(EM_DIAGRAM):   call symput('NLDATE', strip(put(date(), NLDATE.)));
MPRINT(EM_DIAGRAM):   call symput('NLTIME', strip(put(datetime(), NLTIME.)));
MPRINT(EM_DIAGRAM):   run;
MPRINT(EM_DIAGRAM):   data _null_;
MPRINT(EM_DIAGRAM):   nldate= sasmsg("sashelp.dmine", "log_date_note", 'N', "November 04, 2015" );
MPRINT(EM_DIAGRAM):   nltime= sasmsg("sashelp.dmine", "log_time_note", 'N', "07:39:24" );
MPRINT(EM_DIAGRAM):   file _OUT;
MPRINT(EM_DIAGRAM):   put "*------------------------------------------------------------*";
MPRINT(EM_DIAGRAM):   put "User:                sakerb01";
MPRINT(EM_DIAGRAM):   put nldate;
MPRINT(EM_DIAGRAM):   put nltime;
MPRINT(EM_DIAGRAM):   put "*------------------------------------------------------------*";
MPRINT(EM_DIAGRAM):   put "* Training Output";
MPRINT(EM_DIAGRAM):   put "*------------------------------------------------------------*";
MPRINT(EM_DIAGRAM):   run;
MPRINT(EM_DIAGRAM):    filename _OUTIN "C:\Users\sakerb01\Desktop\SAS EM 12.3 Tutorials _ Projects\Project_3\Workspaces\EMWS1\Neural3\EMTRAIN.out" encoding="UTF-8" NOBOM;
MPRINT(EM_DIAGRAM):   ;
MPRINT(EM_COPYFILE):   data _null_;
MPRINT(EM_COPYFILE):   length line $20000;
MPRINT(EM_COPYFILE):   file _OUT MOD lrecl=20000;
MPRINT(EM_COPYFILE):   fid=fopen("_OUTIN",'i',20000,'v');
MPRINT(EM_COPYFILE):   if fid > 0 then do;
MPRINT(EM_COPYFILE):   do while(^fread(fid));
MPRINT(EM_COPYFILE):   rlen = frlen(fid);
MPRINT(EM_COPYFILE):   rc= fget(fid,line,20000);
MPRINT(EM_COPYFILE):   start = length(line)-length(left(line))+1;
MPRINT(EM_COPYFILE):   line=strip(line);
MPRINT(EM_COPYFILE):   put @start line;
MPRINT(EM_COPYFILE):   end;
MPRINT(EM_COPYFILE):   if fid > 0 then rc=fclose(fid);
MPRINT(EM_COPYFILE):   end;
MPRINT(EM_COPYFILE):   run;
MPRINT(EM_DIAGRAM):  ;
MPRINT(EM_DIAGRAM):   filename _OUTIN;
MPRINT(EM_DIAGRAM):    data _null_;
MPRINT(EM_DIAGRAM):   file _OUT mod;
MPRINT(EM_DIAGRAM):   put _page_;
MPRINT(EM_DIAGRAM):   put // "*------------------------------------------------------------*";
MPRINT(EM_DIAGRAM):   put "* Score Output";
MPRINT(EM_DIAGRAM):   put "*------------------------------------------------------------*";
MPRINT(EM_DIAGRAM):   run;
MPRINT(EM_DIAGRAM):    filename _OUTIN "C:\Users\sakerb01\Desktop\SAS EM 12.3 Tutorials _ Projects\Project_3\Workspaces\EMWS1\Neural3\EMSCORE.out" encoding="UTF-8" NOBOM;
MPRINT(EM_DIAGRAM):  ;
MPRINT(EM_DIAGRAM):   filename _OUTIN;
MPRINT(EM_DIAGRAM):    data _null_;
MPRINT(EM_DIAGRAM):   file _OUT mod;
MPRINT(EM_DIAGRAM):   put _page_;
MPRINT(EM_DIAGRAM):   put // "*------------------------------------------------------------*";
MPRINT(EM_DIAGRAM):   put "* Report Output";
MPRINT(EM_DIAGRAM):   put "*------------------------------------------------------------*";
MPRINT(EM_DIAGRAM):   run;
MPRINT(EM_DIAGRAM):    filename _OUTIN "C:\Users\sakerb01\Desktop\SAS EM 12.3 Tutorials _ Projects\Project_3\Workspaces\EMWS1\Neural3\EMREPORT.out" encoding="UTF-8" NOBOM;
MPRINT(EM_DIAGRAM):  ;
MPRINT(EM_DIAGRAM):   filename _OUTIN;
MPRINT(EM_DIAGRAM):    filename _OUT;
MPRINT(EM_DIAGRAM):    filename _emtool_ 'C:\Users\sakerb01\Desktop\SAS EM 12.3 Tutorials _ Projects\Project_3\Workspaces\EMWS1\Neural3\EMRUNSTATUS.xml' encoding="UTF-8" NOBOM;
39815      proc freq data=EMWS1.Neural3_VariableSet noprint;
MPRINT(EM_DIAGRAM):    proc freq data=EMWS1.Neural3_VariableSet noprint;
39816      table ROLE*LEVEL/out=WORK.Neural3META;
MPRINT(EM_DIAGRAM):   table ROLE*LEVEL/out=WORK.Neural3META;
39817      run;
MPRINT(EM_DIAGRAM):   run;

NOTE: There were 8 observations read from the data set EMWS1.NEURAL3_VARIABLESET.
NOTE: The data set WORK.NEURAL3META has 3 observations and 4 variables.
NOTE: PROCEDURE FREQ used (Total process time):
      real time           0.04 seconds
      cpu time            0.04 seconds
      

39818      proc print data=WORK.Neural3META label noobs;
MPRINT(EM_DIAGRAM):   proc print data=WORK.Neural3META label noobs;
39819      var ROLE LEVEL COUNT;
MPRINT(EM_DIAGRAM):   var ROLE LEVEL COUNT;
39820      label ROLE = "%sysfunc(sasmsg(sashelp.dmine, meta_role_vlabel, NOQUOTE))" LEVEL = "%sysfunc(sasmsg(sashelp.dmine, meta_level_vlabel, NOQUOTE))" COUNT = "%sysfunc(sasmsg(sashelp.dmine, rpt_count_vlabel, NOQUOTE))";
MPRINT(EM_DIAGRAM):   label ROLE = "Role" LEVEL = "Measurement Level" COUNT = "Frequency Count";
39821      title9 ' ';
MPRINT(EM_DIAGRAM):   title9 ' ';
39822      title10 "%sysfunc(sasmsg(sashelp.dmine, rpt_varSummary_title  , NOQUOTE))";
MPRINT(EM_DIAGRAM):   title10 "Variable Summary";
MPRINT(EM_DIAGRAM):   run;
39823      run;

NOTE: There were 3 observations read from the data set WORK.NEURAL3META.
NOTE: The PROCEDURE PRINT printed page 13.
NOTE: PROCEDURE PRINT used (Total process time):
      real time           0.03 seconds
      cpu time            0.03 seconds
      

39824      title10;
MPRINT(EM_DIAGRAM):   title10;
39825      %let EMNORLEN = %DMNORLEN;
MPRINT(EM_DIAGRAM):   
EMWS1.Varsel_TRAIN EMWS1.Varsel_TRAIN 
EMWS1.Varsel_TRAIN EMWS1.Varsel_TRAIN EMWS1 Varsel_TRAIN 
EMWS1.Varsel_TRAIN EMWS1.Varsel_TRAIN 
EMWS1.Varsel_TRAIN EMWS1.Varsel_TRAIN EMWS1 Varsel_TRAIN 
MPRINT(EM_DIAGRAM):    proc dmdb data=EMWS1.Varsel_TRAIN classout=WORK._DMDBCLASSTARGET(keep=NAME NRAW CRAW LEVEL FREQUENCY NMISSPERCENT);
MPRINT(EM_DIAGRAM):   class BAD(DESC) ;
MPRINT(EM_DIAGRAM):   run;
Executing  SASHELP.EMCORE.EMINFOITERATOR.SCL _INIT >> 
Executing  SASHELP.EMCORE.EMINFOITERATOR.SCL setMetaData >> 
Executing  SASHELP.EMCORE.EMINFOITERATOR.SCL next >> 
Executing  SASHELP.EMCORE.EMINFOITERATOR.SCL next >> 
Executing  SASHELP.EMCORE.EMINFOITERATOR.SCL setMetaData >> 
Executing  SASHELP.EMCORE.EMINFOITERATOR.SCL next >> 
Executing  SASHELP.EMCORE.EMINFOITERATOR.SCL next >> 
Executing  SASHELP.EMCORE.EMINFOITERATOR.SCL _term >> 
MPRINT(EM_DIAGRAM):    data _null_;
MPRINT(EM_DIAGRAM):   set WORK._DMDBCLASSTARGET;
MPRINT(EM_DIAGRAM):   where ^(NRAW eq . and CRAW eq '') and NAME="BAD";
MPRINT(EM_DIAGRAM):   if _N_=1 then call symput('_newevent', strip(LEVEL));
MPRINT(EM_DIAGRAM):   run;
MPRINT(EM_DIAGRAM):   proc sort data=WORK._DMDBCLASSTARGET out=_TEMPCLASS(keep=LEVEL FREQUENCY NMISSPERCENT rename=(LEVEL=BAD));
MPRINT(EM_DIAGRAM):   by LEVEL;
MPRINT(EM_DIAGRAM):   where ^(NRAW eq . and CRAW eq '') and NAME="BAD";
MPRINT(EM_DIAGRAM):   run;
MPRINT(EM_DIAGRAM):   data _TEMPCLASS;
MPRINT(EM_DIAGRAM):   set _TEMPCLASS;
MPRINT(EM_DIAGRAM):   NMISSPERCENT= NMISSPERCENT/100;
MPRINT(EM_DIAGRAM):   run;
>>>>>>>>>>>>>> TARGET(   NAME='BAD' 
                         ROLE='TARGET' 
                         LEVEL='BINARY' 
                         ORDER='' 
                         CREATOR='' 
                         FORMATTYPE='' 
                         FAMILY='' 
                         LOWERLIMIT=. 
                         UPPERLIMIT=. 
                         REPORT='N' 
                         DISTRIBUTION='' 
                         COMMENT='' 
                         PRICE=. 
                         TYPE='N' 
                         LABEL='' 
                         FORMAT='' 
                         INFORMAT='' 
                         INDEX='N' 
                         INDEXTYPE='NONE' 
                         LENGTH=8 
                         USE='Y' 
                      )[25505] 
MPRINT(EM_DIAGRAM):   
MPRINT(HPDM_PERFORMANCE):  ;
PERFORMANCE  DETAILS
MPRINT(EM_DIAGRAM):  ;
MPRINT(EM_DIAGRAM):    *------------------------------------------------------------* ;
MPRINT(EM_DIAGRAM):   * EM: DMDBClass Macro ;
MPRINT(EM_DIAGRAM):   *------------------------------------------------------------* ;
MPRINT(EM_DIAGRAM):   *------------------------------------------------------------* ;
MPRINT(EM_DIAGRAM):   * EM: DMDBVar Macro ;
MPRINT(EM_DIAGRAM):   *------------------------------------------------------------* ;
MPRINT(EM_DIAGRAM):   *------------------------------------------------------------*;
MPRINT(EM_DIAGRAM):   * EM: Create DMDB;
MPRINT(EM_DIAGRAM):   *------------------------------------------------------------*;
MPRINT(EM_DIAGRAM):   proc dmdb batch data=EMWS1.Varsel_TRAIN dmdbcat=WORK.EM_DMDB maxlevel = 513 ;
MPRINT(EM_DIAGRAM):   class
MPRINT(DMDBCLASS):   BAD(DESC)
MPRINT(EM_DIAGRAM):  ;
MPRINT(EM_DIAGRAM):   target BAD ;
MPRINT(EM_DIAGRAM):   run;
MPRINT(EM_DIAGRAM):   quit;
MPRINT(EM_DIAGRAM):   *--- end code ---*;
WORK.EM_DMDB WORK.EM_DMDB 
WORK.EM_DMDB WORK.EM_DMDB WORK EM_DMDB 
MPRINT(EM_DIAGRAM):    proc datasets lib=EMWS1 nolist;
MPRINT(EM_DIAGRAM):   modify Neural3_BAD_DD(type=PROFIT label= BAD);
MPRINT(EM_DIAGRAM):   run;
MPRINT(EM_DIAGRAM):   quit;
MPRINT(EM_DIAGRAM):    *------------------------------------------------------------*;
MPRINT(EM_DIAGRAM):   * Neural3: Determine decision variables for BAD;
MPRINT(EM_DIAGRAM):   *------------------------------------------------------------*;
MPRINT(EM_DIAGRAM):   data WORK.Neural3_SCORE;
MPRINT(EM_DIAGRAM):   set EMWS1.Varsel_TRAIN;
MPRINT(EM_DIAGRAM):   keep BAD;
MPRINT(EM_DIAGRAM):   keep 'P_BAD1'n;
MPRINT(EM_DIAGRAM):   'P_BAD1'n = 0.5;
MPRINT(EM_DIAGRAM):   keep 'P_BAD0'n;
MPRINT(EM_DIAGRAM):   'P_BAD0'n = 0.5;
MPRINT(EM_DIAGRAM):   if _N_=1 then do;
MPRINT(EM_DIAGRAM):   output;
MPRINT(EM_DIAGRAM):   stop;
MPRINT(EM_DIAGRAM):   end;
MPRINT(EM_DIAGRAM):   run;
MPRINT(EM_DIAGRAM):    data EMWS1.Neural3_BAD_DM;
MPRINT(EM_DIAGRAM):   set EMWS1.Neural3_BAD_DM;
MPRINT(EM_DIAGRAM):   where _TYPE_ ^in('FREQ', 'BESTPROFIT', 'COMPUTEDPROFIT', 'EXPECTEDPROFIT', 'BESTLOSS', 'COMPUTEDLOSS', 'EXPECTEDLOSS', 'ROI', 'INVESTMENTCOST', 'MODELDECISION');
MPRINT(EM_DIAGRAM):   run;
MPRINT(EM_DIAGRAM):    proc datasets lib=work nolist;
MPRINT(EM_DIAGRAM):   modify BAD(type=PROFIT label= BAD);
MPRINT(EM_DIAGRAM):   label DECISION1= '1';
MPRINT(EM_DIAGRAM):   label DECISION2= '0';
MPRINT(EM_DIAGRAM):   run;
MPRINT(EM_DIAGRAM):   quit;
MPRINT(EM_DIAGRAM):    data EMWS1.Neural3_BAD_DM;
MPRINT(EM_DIAGRAM):   set EMWS1.Neural3_BAD_DM end=eof;
MPRINT(EM_DIAGRAM):   output;
MPRINT(EM_DIAGRAM):   if eof then do;
MPRINT(EM_DIAGRAM):   end;
MPRINT(EM_DIAGRAM):   run;
39910      data WORK.Neural3_EVENT(KEEP=VARIABLE LABEL LEVEL EVENT NUMLEVELS ORDER);
MPRINT(EM_DIAGRAM):    data WORK.Neural3_EVENT(KEEP=VARIABLE LABEL LEVEL EVENT NUMLEVELS ORDER);
39911      length ORDER $20;
MPRINT(EM_DIAGRAM):   length ORDER $20;
39912      label VARIABLE = "%sysfunc(sasmsg(sashelp.dmine, rpt_target_vlabel,  NOQUOTE))" EVENT = "%sysfunc(sasmsg(sashelp.dmine, assmt_event_vlabel, NOQUOTE))" NUMLEVELS = "%sysfunc(sasmsg(sashelp.dmine, rpt_numcat_vlabel, NOQUOTE))" LEVEL =
39913         "%sysfunc(sasmsg(sashelp.dmine, meta_level_vlabel, NOQUOTE))" ORDER = "%sysfunc(sasmsg(sashelp.dmine, meta_order_vlabel, NOQUOTE))" LABEL = "%sysfunc(sasmsg(sashelp.dmine, meta_label_vlabel, NOQUOTE))";
MPRINT(EM_DIAGRAM):   label VARIABLE = "Target" EVENT = "Event" NUMLEVELS = "Number of Levels" LEVEL = "Measurement Level" ORDER = "Order" LABEL = "Label";
39914      set EMWS1.NEURAL3_BAD_DM( where=(_TYPE_="TARGET"));
MPRINT(EM_DIAGRAM):   set EMWS1.NEURAL3_BAD_DM( where=(_TYPE_="TARGET"));
39915      NumLevels=2;
MPRINT(EM_DIAGRAM):   NumLevels=2;
39916      select(upcase(ORDER));
MPRINT(EM_DIAGRAM):   select(upcase(ORDER));
39917      when('DESC') ORDER = 'Descending';
MPRINT(EM_DIAGRAM):   when('DESC') ORDER = 'Descending';
39918      when('ASC') ORDER = 'Ascending';
MPRINT(EM_DIAGRAM):   when('ASC') ORDER = 'Ascending';
39919      when('FMTDESC') ORDER = 'Formatted Descending';
MPRINT(EM_DIAGRAM):   when('FMTDESC') ORDER = 'Formatted Descending';
39920      when('FMTASC') ORDER = 'Formatted Ascending';
MPRINT(EM_DIAGRAM):   when('FMTASC') ORDER = 'Formatted Ascending';
39921      otherwise ORDER = 'Descending';
MPRINT(EM_DIAGRAM):   otherwise ORDER = 'Descending';
39922      end;
MPRINT(EM_DIAGRAM):   end;
39923      output;
MPRINT(EM_DIAGRAM):   output;
39924      run;
MPRINT(EM_DIAGRAM):   run;

NOTE: There were 1 observations read from the data set EMWS1.NEURAL3_BAD_DM.
      WHERE _TYPE_='TARGET';
NOTE: The data set WORK.NEURAL3_EVENT has 1 observations and 6 variables.
NOTE: DATA statement used (Total process time):
      real time           0.06 seconds
      cpu time            0.06 seconds
      

39925      title9 ' ';
MPRINT(EM_DIAGRAM):   title9 ' ';
39926      proc print data=WORK.Neural3_EVENT noobs label;
MPRINT(EM_DIAGRAM):   proc print data=WORK.Neural3_EVENT noobs label;
39927      var VARIABLE EVENT LEVEL NUMLEVELS ORDER LABEL;
MPRINT(EM_DIAGRAM):   var VARIABLE EVENT LEVEL NUMLEVELS ORDER LABEL;
39928      title9 ' ';
MPRINT(EM_DIAGRAM):   title9 ' ';
39929      title10 "%sysfunc(sasmsg(sashelp.dmine, rpt_modelEvent_title  , NOQUOTE))";
MPRINT(EM_DIAGRAM):   title10 "Model Events";
MPRINT(EM_DIAGRAM):   run;
39930      run;

NOTE: There were 1 observations read from the data set WORK.NEURAL3_EVENT.
NOTE: The PROCEDURE PRINT printed page 14.
NOTE: PROCEDURE PRINT used (Total process time):
      real time           0.01 seconds
      cpu time            0.01 seconds
      

39931      title10;
MPRINT(EM_DIAGRAM):   title10;
"No decisions defined for target "BAD"." 
39932      proc print data = EMWS1.Neural3_BAD_DM noobs label;
MPRINT(EM_DIAGRAM):    proc print data = EMWS1.Neural3_BAD_DM noobs label;
39933      var _type_ variable label;
MPRINT(EM_DIAGRAM):   var _type_ variable label;
39934      where _type_ ^in('MATRIX', 'DECISION', 'TRAINPRIOR', 'DATAPRIOR', 'DECPRIOR');
MPRINT(EM_DIAGRAM):   where _type_ ^in('MATRIX', 'DECISION', 'TRAINPRIOR', 'DATAPRIOR', 'DECPRIOR');
39935      label _TYPE_ = "%sysfunc(sasmsg(sashelp.dmine, rpt_type_vlabel,     NOQUOTE))" VARIABLE = "%sysfunc(sasmsg(sashelp.dmine, rpt_variable_vlabel, NOQUOTE))" LABEL = "%sysfunc(sasmsg(sashelp.dmine, meta_label_vlabel, NOQUOTE))";
MPRINT(EM_DIAGRAM):   label _TYPE_ = "Type" VARIABLE = "Variable" LABEL = "Label";
39936      title9 ' ';
MPRINT(EM_DIAGRAM):   title9 ' ';
39937      title10 "%sysfunc(sasmsg(sashelp.dmine, rpt_predDecVars_title  , NOQUOTE))";
MPRINT(EM_DIAGRAM):   title10 "Predicted and decision variables";
MPRINT(EM_DIAGRAM):   run;
39938      run;

NOTE: There were 7 observations read from the data set EMWS1.NEURAL3_BAD_DM.
      WHERE _type_ not in ('DATAPRIOR', 'DECISION', 'DECPRIOR', 'MATRIX', 'TRAINPRIOR');
NOTE: The PROCEDURE PRINT printed page 15.
NOTE: PROCEDURE PRINT used (Total process time):
      real time           0.03 seconds
      cpu time            0.03 seconds
      

39939      title10;
MPRINT(EM_DIAGRAM):   title10;
MPRINT(EM_DIAGRAM):    *------------------------------------------------------------*;
MPRINT(EM_DIAGRAM):   * Neural3: Preparing metadata for training;
MPRINT(EM_DIAGRAM):   ;
MPRINT(EM_DIAGRAM):   *------------------------------------------------------------*;
MPRINT(EM_DIAGRAM):   data WORK.M206X4W0;
MPRINT(EM_DIAGRAM):   set WORK.M206X4W0;
MPRINT(EM_DIAGRAM):   where(use = 'Y' or (role = 'INPUT' and use = 'D'));
MPRINT(EM_DIAGRAM):   if (role = 'REJECTED') then role = 'INPUT';
MPRINT(EM_DIAGRAM):   run;
39949      data WORK.M206X4W0;
MPRINT(EM_DIAGRAM):    data WORK.M206X4W0;
39950      set WORK.M206X4W0 end=eof;
MPRINT(EM_DIAGRAM):   set WORK.M206X4W0 end=eof;
39951      output;
MPRINT(EM_DIAGRAM):   output;
39952      if eof then do;
MPRINT(EM_DIAGRAM):   if eof then do;
39953      NAME="";
MPRINT(EM_DIAGRAM):   NAME="";
39954      ROLE="COST";
MPRINT(EM_DIAGRAM):   ROLE="COST";
39955      LEVEL="INTERVAL";
MPRINT(EM_DIAGRAM):   LEVEL="INTERVAL";
39956      TYPE="N";
MPRINT(EM_DIAGRAM):   TYPE="N";
39957      output;
MPRINT(EM_DIAGRAM):   output;
39958      end;
MPRINT(EM_DIAGRAM):   end;
39959      run;
MPRINT(EM_DIAGRAM):   run;

NOTE: There were 8 observations read from the data set WORK.M206X4W0.
NOTE: The data set WORK.M206X4W0 has 9 observations and 21 variables.
NOTE: DATA statement used (Total process time):
      real time           0.01 seconds
      cpu time            0.01 seconds
      

NOTE: There were 2 observations read from the data set EMWS1.NEURAL3_BAD_DD.
NOTE: The data set WORK.BAD has 2 observations and 7 variables.
39960      *------------------------------------------------------------*;
MPRINT(EM_DIAGRAM):    *------------------------------------------------------------*;
39961      * Neural3: Create decision matrix;
MPRINT(EM_DIAGRAM):   * Neural3: Create decision matrix;
39962      *------------------------------------------------------------*;
MPRINT(EM_DIAGRAM):   *------------------------------------------------------------*;
39963      data WORK.BAD(label="BAD");
MPRINT(EM_DIAGRAM):   data WORK.BAD(label="BAD");
39964        length   BAD                              $  32
39965                 COUNT                                8
39966                 DATAPRIOR                            8
39967                 TRAINPRIOR                           8
39968                 DECPRIOR                             8
39969                 DECISION1                            8
39970                 DECISION2                            8
39971                 ;
MPRINT(EM_DIAGRAM):   length BAD $ 32 COUNT 8 DATAPRIOR 8 TRAINPRIOR 8 DECPRIOR 8 DECISION1 8 DECISION2 8 ;
39972      
39973        label    COUNT="Level Counts"
39974                 DATAPRIOR="Data Proportions"
39975                 TRAINPRIOR="Training Proportions"
39976                 DECPRIOR="Decision Priors"
39977                 DECISION1="1"
39978                 DECISION2="0"
39979                 ;
MPRINT(EM_DIAGRAM):   label COUNT= "Level Counts" DATAPRIOR= "Data Proportions" TRAINPRIOR= "Training Proportions" DECPRIOR= "Decision Priors" DECISION1= "1" DECISION2= "0" ;
39980      BAD="1"; COUNT=594; DATAPRIOR=0.19939577039274; TRAINPRIOR=0.19939577039274; DECPRIOR=.; DECISION1=1; DECISION2=0;
MPRINT(EM_DIAGRAM):   BAD="1";
MPRINT(EM_DIAGRAM):   COUNT=594;
MPRINT(EM_DIAGRAM):   DATAPRIOR=0.19939577039274;
MPRINT(EM_DIAGRAM):   TRAINPRIOR=0.19939577039274;
MPRINT(EM_DIAGRAM):   DECPRIOR=.;
MPRINT(EM_DIAGRAM):   DECISION1=1;
MPRINT(EM_DIAGRAM):   DECISION2=0;
39981      output;
MPRINT(EM_DIAGRAM):   output;
39982      BAD="0"; COUNT=2385; DATAPRIOR=0.80060422960725; TRAINPRIOR=0.80060422960725; DECPRIOR=.; DECISION1=0; DECISION2=1;
MPRINT(EM_DIAGRAM):   BAD="0";
MPRINT(EM_DIAGRAM):   COUNT=2385;
MPRINT(EM_DIAGRAM):   DATAPRIOR=0.80060422960725;
MPRINT(EM_DIAGRAM):   TRAINPRIOR=0.80060422960725;
MPRINT(EM_DIAGRAM):   DECPRIOR=.;
MPRINT(EM_DIAGRAM):   DECISION1=0;
MPRINT(EM_DIAGRAM):   DECISION2=1;
39983      output;
MPRINT(EM_DIAGRAM):   output;
39984      ;
MPRINT(EM_DIAGRAM):   ;
39985      run;
MPRINT(EM_DIAGRAM):   run;

NOTE: The data set WORK.BAD has 2 observations and 7 variables.
NOTE: DATA statement used (Total process time):
      real time           0.01 seconds
      cpu time            0.01 seconds
      

39986      proc datasets lib=work nolist;
MPRINT(EM_DIAGRAM):   proc datasets lib=work nolist;
39987      modify BAD(type=PROFIT label=BAD);
MPRINT(EM_DIAGRAM):   modify BAD(type=PROFIT label= BAD);
MPRINT(EM_DIAGRAM):   label DECISION1= '1';
MPRINT(EM_DIAGRAM):   label DECISION2= '0';
MPRINT(EM_DIAGRAM):   run;
39988      label DECISION1= '1';
39989      label DECISION2= '0';
39990      run;

NOTE: MODIFY was successful for WORK.BAD.DATA.
39991      quit;
MPRINT(EM_DIAGRAM):   quit;

NOTE: PROCEDURE DATASETS used (Total process time):
      real time           0.03 seconds
      cpu time            0.03 seconds
      

39992      data EM_Neural3;
MPRINT(EM_DIAGRAM):   data EM_Neural3;
39993      set EMWS1.Varsel_TRAIN(keep=
39994      BAD G_IMP_JOB IMP_CLAGE IMP_DEBTINC IMP_DELINQ IMP_DEROG IMP_NINQ IMP_YOJ );
MPRINT(EM_DIAGRAM):   set EMWS1.Varsel_TRAIN(keep= BAD G_IMP_JOB IMP_CLAGE IMP_DEBTINC IMP_DELINQ IMP_DEROG IMP_NINQ IMP_YOJ );
39995      run;
MPRINT(EM_DIAGRAM):   run;

NOTE: There were 2979 observations read from the data set EMWS1.PART_TRAIN.
NOTE: View EMWS1.VARSEL_TRAIN.VIEW used (Total process time):
      real time           0.14 seconds
      cpu time            0.14 seconds
      
NOTE: There were 2979 observations read from the data set EMWS1.IMPT_TRAIN.
NOTE: There were 2979 observations read from the data set EMWS1.VARSEL_TRAIN.
NOTE: The data set WORK.EM_NEURAL3 has 2979 observations and 8 variables.
NOTE: DATA statement used (Total process time):
      real time           0.15 seconds
      cpu time            0.15 seconds
      

MPRINT(EM_DIAGRAM):   *------------------------------------------------------------* ;
MPRINT(EM_DIAGRAM):   * Neural3: DMDBClass Macro ;
MPRINT(EM_DIAGRAM):   *------------------------------------------------------------* ;
39996      *------------------------------------------------------------* ;
39997      * Neural3: DMDBClass Macro ;
39998      *------------------------------------------------------------* ;
39999      %macro DMDBClass;
40000          BAD(DESC) G_IMP_JOB(ASC)
40001      %mend DMDBClass;
40002      *------------------------------------------------------------* ;
MPRINT(EM_DIAGRAM):   *------------------------------------------------------------* ;
40003      * Neural3: DMDBVar Macro ;
MPRINT(EM_DIAGRAM):   * Neural3: DMDBVar Macro ;
40004      *------------------------------------------------------------* ;
MPRINT(EM_DIAGRAM):   *------------------------------------------------------------* ;
40005      %macro DMDBVar;
40006          IMP_CLAGE IMP_DEBTINC IMP_DELINQ IMP_DEROG IMP_NINQ IMP_YOJ
40007      %mend DMDBVar;
40008      *------------------------------------------------------------*;
MPRINT(EM_DIAGRAM):   *------------------------------------------------------------*;
40009      * Neural3: Create DMDB;
MPRINT(EM_DIAGRAM):   * Neural3: Create DMDB;
40010      *------------------------------------------------------------*;
MPRINT(EM_DIAGRAM):   *------------------------------------------------------------*;
40011      proc dmdb batch data=WORK.EM_Neural3
40012      dmdbcat=WORK.Neural3_DMDB
40013      maxlevel = 513
40014      ;
MPRINT(EM_DIAGRAM):   proc dmdb batch data=WORK.EM_Neural3 dmdbcat=WORK.Neural3_DMDB maxlevel = 513 ;
MPRINT(EM_DIAGRAM):   class
40015      class %DMDBClass;
MPRINT(DMDBCLASS):   BAD(DESC) G_IMP_JOB(ASC)
MPRINT(EM_DIAGRAM):  ;
MPRINT(EM_DIAGRAM):   var
40016      var %DMDBVar;
MPRINT(DMDBVAR):   IMP_CLAGE IMP_DEBTINC IMP_DELINQ IMP_DEROG IMP_NINQ IMP_YOJ
MPRINT(EM_DIAGRAM):  ;
40017      target
40018      BAD
40019      ;
MPRINT(EM_DIAGRAM):   target BAD ;
40020      run;
MPRINT(EM_DIAGRAM):   run;

NOTE: Records processed = 2979   Memory used = 511K.
NOTE: There were 2979 observations read from the data set WORK.EM_NEURAL3.
NOTE: PROCEDURE DMDB used (Total process time):
      real time           0.03 seconds
      cpu time            0.01 seconds
      

MPRINT(EM_DIAGRAM):   quit;
MPRINT(EM_DIAGRAM):   *--- end code ---*;
40021      quit;
40022      *--- end code ---*;

40023      *------------------------------------------------------------* ;
MPRINT(EM_DIAGRAM):    *------------------------------------------------------------* ;
40024      * Neural3: Interval Input Variables Macro ;
MPRINT(EM_DIAGRAM):   * Neural3: Interval Input Variables Macro ;
40025      *------------------------------------------------------------* ;
MPRINT(EM_DIAGRAM):   *------------------------------------------------------------* ;
40026      %macro INTINPUTS;
40027          IMP_CLAGE IMP_DEBTINC IMP_DELINQ IMP_DEROG IMP_NINQ IMP_YOJ
40028      %mend INTINPUTS;
40029      *------------------------------------------------------------* ;
MPRINT(EM_DIAGRAM):   *------------------------------------------------------------* ;
40030      * Neural3: Binary Inputs Macro ;
MPRINT(EM_DIAGRAM):   * Neural3: Binary Inputs Macro ;
40031      *------------------------------------------------------------* ;
MPRINT(EM_DIAGRAM):   *------------------------------------------------------------* ;
40032      %macro BININPUTS;
40033      
40034      %mend BININPUTS;
40035      *------------------------------------------------------------* ;
MPRINT(EM_DIAGRAM):   *------------------------------------------------------------* ;
40036      * Neural3: Nominal Inputs Macro ;
MPRINT(EM_DIAGRAM):   * Neural3: Nominal Inputs Macro ;
40037      *------------------------------------------------------------* ;
MPRINT(EM_DIAGRAM):   *------------------------------------------------------------* ;
40038      %macro NOMINPUTS;
40039          G_IMP_JOB
40040      %mend NOMINPUTS;
40041      *------------------------------------------------------------* ;
MPRINT(EM_DIAGRAM):   *------------------------------------------------------------* ;
40042      * Neural3: Ordinal Inputs Macro ;
MPRINT(EM_DIAGRAM):   * Neural3: Ordinal Inputs Macro ;
40043      *------------------------------------------------------------* ;
MPRINT(EM_DIAGRAM):   *------------------------------------------------------------* ;
40044      %macro ORDINPUTS;
40045      
40046      %mend ORDINPUTS;
40047      *------------------------------------------------------------*;
MPRINT(EM_DIAGRAM):   *------------------------------------------------------------*;
40048      * Neural Network Training;
MPRINT(EM_DIAGRAM):   * Neural Network Training;
40049      ;
MPRINT(EM_DIAGRAM):   ;
40050      *------------------------------------------------------------*;
MPRINT(EM_DIAGRAM):   *------------------------------------------------------------*;
40051      proc neural data=EM_Neural3 dmdbcat=WORK.Neural3_DMDB
40052      validdata = EMWS1.Varsel_VALIDATE
40053      random=12345
40054      ;
MPRINT(EM_DIAGRAM):   proc neural data=EM_Neural3 dmdbcat=WORK.Neural3_DMDB validdata = EMWS1.Varsel_VALIDATE random=12345 ;
40055      nloptions
40056      ;
MPRINT(EM_DIAGRAM):   nloptions ;
40057      performance alldetails noutilfile;
MPRINT(EM_DIAGRAM):   performance alldetails noutilfile;
40058      netopts
40059      decay=0;
MPRINT(EM_DIAGRAM):   netopts decay=0;
MPRINT(EM_DIAGRAM):   input
40060      input %INTINPUTS / level=interval id=intvl
MPRINT(INTINPUTS):   IMP_CLAGE IMP_DEBTINC IMP_DELINQ IMP_DEROG IMP_NINQ IMP_YOJ
40061      ;
MPRINT(EM_DIAGRAM):   / level=interval id=intvl ;
MPRINT(EM_DIAGRAM):   input
40062      input %NOMINPUTS / level=nominal id=nom
MPRINT(NOMINPUTS):   G_IMP_JOB
40063      ;
MPRINT(EM_DIAGRAM):   / level=nominal id=nom ;
40064      target BAD / level=NOMINAL id=BAD
40065      bias
40066      ;
MPRINT(EM_DIAGRAM):   target BAD / level=NOMINAL id=BAD bias ;
40067      arch MLP
40068      Hidden=3
40069      ;
MPRINT(EM_DIAGRAM):   arch MLP Hidden=3 ;
40070      Prelim 5 preiter=10
40071      pretime=3600
40072      Outest=EMWS1.Neural3_PRELIM_OUTEST
40073      ;
MPRINT(EM_DIAGRAM):   Prelim 5 preiter=10 pretime=3600 Outest=EMWS1.Neural3_PRELIM_OUTEST ;
NOTE:  Synchronizing the objectives and the Solution.
NOTE: LEVMAR Optimization cannot be completed.
NOTE: LEVMAR needs more than 10 iterations or 2147483647 function calls.
NOTE: LEVMAR Optimization cannot be completed.
NOTE: LEVMAR needs more than 10 iterations or 2147483647 function calls.
NOTE: LEVMAR Optimization cannot be completed.
NOTE: LEVMAR needs more than 10 iterations or 2147483647 function calls.
NOTE: LEVMAR Optimization cannot be completed.
NOTE: LEVMAR needs more than 10 iterations or 2147483647 function calls.
NOTE: LEVMAR Optimization cannot be completed.
NOTE: LEVMAR needs more than 10 iterations or 2147483647 function calls.
NOTE: The data set EMWS1.NEURAL3_PRELIM_OUTEST has 11 observations and 52 variables.
40074      save network=EMWS1.Neural3_NETWORK.dm_neural;
MPRINT(EM_DIAGRAM):   save network=EMWS1.Neural3_NETWORK.dm_neural;
NOTE: Entry EMWS1.NEURAL3_NETWORK.DM_NEURAL has been opened.
NOTE: Entry EMWS1.NEURAL3_NETWORK.DM_NEURAL has been closed.
40075      train Maxiter=50
40076      maxtime=14400
40077      Outest=EMWS1.Neural3_outest estiter=1
40078      Outfit=EMWS1.Neural3_OUTFIT
40079      ;
MPRINT(EM_DIAGRAM):   train Maxiter=50 maxtime=14400 Outest=EMWS1.Neural3_outest estiter=1 Outfit=EMWS1.Neural3_OUTFIT ;
WARNING: LEVMAR Optimization cannot be completed.
NOTE: LEVMAR needs more than 50 iterations or 2147483647 function calls.
NOTE: The data set EMWS1.NEURAL3_OUTEST has 90 observations and 52 variables.
NOTE: The data set EMWS1.NEURAL3_OUTFIT has 104 observations and 36 variables.
40080      run;
MPRINT(EM_DIAGRAM):   run;

NOTE: The data set WORK.EM_NEURAL3 has 2979 observations and 8 variables.
NOTE: The data set EMWS1.VARSEL_VALIDATE has . observations and 27 variables.
NOTE: There were 2981 observations read from the data set EMWS1.PART_VALIDATE.
NOTE: View EMWS1.VARSEL_VALIDATE.VIEW used (Total process time):
      real time           6.79 seconds
      cpu time            6.32 seconds
      
NOTE: There were 2981 observations read from the data set EMWS1.IMPT_VALIDATE.
NOTE: Closing the Neural Application.
NOTE: The PROCEDURE NEURAL printed pages 16-19.
NOTE: PROCEDURE NEURAL used (Total process time):
      real time           7.18 seconds
      cpu time            6.36 seconds
      

MPRINT(EM_DIAGRAM):   quit;
40081      quit;

40082      proc sort data=EMWS1.Neural3_OUTFIT(where=(_iter_ ne . and _NAME_="OVERALL")) out=fit_Neural3;
MPRINT(EM_DIAGRAM):    proc sort data=EMWS1.Neural3_OUTFIT(where=(_iter_ ne . and _NAME_="OVERALL")) out=fit_Neural3;
40083      by _VAVERR_;
MPRINT(EM_DIAGRAM):   by _VAVERR_;
40084      run;
MPRINT(EM_DIAGRAM):   run;

NOTE: There were 52 observations read from the data set EMWS1.NEURAL3_OUTFIT.
      WHERE (_iter_ not = .) and (_NAME_='OVERALL');
NOTE: The data set WORK.FIT_NEURAL3 has 52 observations and 36 variables.
NOTE: PROCEDURE SORT used (Total process time):
      real time           0.03 seconds
      cpu time            0.03 seconds
      

40085      %GLOBAL ITER;
40086      data _null_;
MPRINT(EM_DIAGRAM):   data _null_;
40087      set fit_Neural3(obs=1);
MPRINT(EM_DIAGRAM):   set fit_Neural3(obs=1);
40088      call symput('ITER',put(_ITER_, 6.));
MPRINT(EM_DIAGRAM):   call symput('ITER',put(_ITER_, 6.));
40089      run;
MPRINT(EM_DIAGRAM):   run;

NOTE: There were 1 observations read from the data set WORK.FIT_NEURAL3.
NOTE: DATA statement used (Total process time):
      real time           0.00 seconds
      cpu time            0.00 seconds
      

40090      data EMWS1.Neural3_INITIAL;
MPRINT(EM_DIAGRAM):   data EMWS1.Neural3_INITIAL;
40091      set EMWS1.Neural3_outest(where=(_ITER_ eq &ITER and _OBJ_ ne .));
MPRINT(EM_DIAGRAM):   set EMWS1.Neural3_outest(where=(_ITER_ eq 7 and _OBJ_ ne .));
40092      run;
MPRINT(EM_DIAGRAM):   run;

NOTE: There were 1 observations read from the data set EMWS1.NEURAL3_OUTEST.
      WHERE (_ITER_=7) and (_OBJ_ not = .);
NOTE: The data set EMWS1.NEURAL3_INITIAL has 1 observations and 52 variables.
NOTE: DATA statement used (Total process time):
      real time           0.03 seconds
      cpu time            0.01 seconds
      

40093      *------------------------------------------------------------*;
MPRINT(EM_DIAGRAM):    *------------------------------------------------------------*;
40094      * Neural Network Model Selection;
MPRINT(EM_DIAGRAM):   * Neural Network Model Selection;
40095      ;
MPRINT(EM_DIAGRAM):   ;
40096      *------------------------------------------------------------*;
MPRINT(EM_DIAGRAM):   *------------------------------------------------------------*;
40097      proc neural data=EM_Neural3 dmdbcat=WORK.Neural3_DMDB
40098      validdata = EMWS1.Varsel_VALIDATE
40099      network = EMWS1.Neural3_NETWORK.dm_neural
40100      random=12345
40101      ;
MPRINT(EM_DIAGRAM):   proc neural data=EM_Neural3 dmdbcat=WORK.Neural3_DMDB validdata = EMWS1.Varsel_VALIDATE network = EMWS1.Neural3_NETWORK.dm_neural random=12345 ;
NOTE: Entry EMWS1.NEURAL3_NETWORK.DM_NEURAL has been opened.
NOTE: Entry EMWS1.NEURAL3_NETWORK.DM_NEURAL has been closed.
40102      nloptions noprint;
MPRINT(EM_DIAGRAM):   nloptions noprint;
40103      performance alldetails noutilfile;
MPRINT(EM_DIAGRAM):   performance alldetails noutilfile;
40104      initial inest=EMWS1.Neural3_INITIAL;
MPRINT(EM_DIAGRAM):   initial inest=EMWS1.Neural3_INITIAL;
NOTE: The data set EMWS1.NEURAL3_INITIAL has 1 observations and 52 variables.
40105      train tech=NONE;
MPRINT(EM_DIAGRAM):   train tech=NONE;
NOTE: No optimization performed.
40106      code file="C:\Users\sakerb01\Desktop\SAS EM 12.3 Tutorials _ Projects\Project_3\Workspaces\EMWS1\Neural3\SCORECODE.sas"
40107      group=Neural3
40108      ;
MPRINT(EM_DIAGRAM):   code file="C:\Users\sakerb01\Desktop\SAS EM 12.3 Tutorials _ Projects\Project_3\Workspaces\EMWS1\Neural3\SCORECODE.sas" group=Neural3 ;
NOTE: External file C:\Users\sakerb01\Desktop\SAS EM 12.3 Tutorials _ Projects\Project_3\Workspaces\EMWS1\Neural3\SCORECODE.sas opened.
40109      ;
MPRINT(EM_DIAGRAM):   ;
40110      code file="C:\Users\sakerb01\Desktop\SAS EM 12.3 Tutorials _ Projects\Project_3\Workspaces\EMWS1\Neural3\RESIDUALSCORECODE.sas"
40111      group=Neural3
40112      residual
40113      ;
MPRINT(EM_DIAGRAM):   code file="C:\Users\sakerb01\Desktop\SAS EM 12.3 Tutorials _ Projects\Project_3\Workspaces\EMWS1\Neural3\RESIDUALSCORECODE.sas" group=Neural3 residual ;
NOTE: External file C:\Users\sakerb01\Desktop\SAS EM 12.3 Tutorials _ Projects\Project_3\Workspaces\EMWS1\Neural3\RESIDUALSCORECODE.sas opened.
40114      ;
MPRINT(EM_DIAGRAM):   ;
40115      score data=EMWS1.Varsel_TRAIN out=_NULL_
NOTE: View EMWS1.VARSEL_TRAIN.VIEW used (Total process time):
      real time           0.17 seconds
      cpu time            0.15 seconds
      
40116      outfit=WORK.FIT1
40117      role=TRAIN
40118      outkey=EMWS1.Neural3_OUTKEY;
MPRINT(EM_DIAGRAM):   score data=EMWS1.Varsel_TRAIN out=_NULL_ outfit=WORK.FIT1 role=TRAIN outkey=EMWS1.Neural3_OUTKEY;
NOTE: The data set EMWS1.NEURAL3_OUTKEY has 25 observations and 8 variables.
NOTE: The data set EMWS1.VARSEL_TRAIN has . observations and 27 variables.
NOTE: There were 2979 observations read from the data set EMWS1.PART_TRAIN.
NOTE: There were 2979 observations read from the data set EMWS1.IMPT_TRAIN.
NOTE: The data set WORK.FIT1 has 2 observations and 23 variables.
40119      score data=EMWS1.Varsel_VALIDATE out=_NULL_
NOTE: View EMWS1.VARSEL_VALIDATE.VIEW used (Total process time):
      real time           0.14 seconds
      cpu time            0.14 seconds
      
40120      outfit=WORK.FIT2
40121      role=VALID
40122      outkey=EMWS1.Neural3_OUTKEY;
MPRINT(EM_DIAGRAM):   score data=EMWS1.Varsel_VALIDATE out=_NULL_ outfit=WORK.FIT2 role=VALID outkey=EMWS1.Neural3_OUTKEY;
NOTE: The data set EMWS1.NEURAL3_OUTKEY has 25 observations and 8 variables.
NOTE: The data set EMWS1.VARSEL_VALIDATE has . observations and 27 variables.
NOTE: There were 2981 observations read from the data set EMWS1.PART_VALIDATE.
NOTE: There were 2981 observations read from the data set EMWS1.IMPT_VALIDATE.
NOTE: The data set WORK.FIT2 has 2 observations and 15 variables.
40123      run;
MPRINT(EM_DIAGRAM):   run;

NOTE: The data set WORK.EM_NEURAL3 has 2979 observations and 8 variables.
NOTE: The data set EMWS1.VARSEL_VALIDATE has . observations and 27 variables.
NOTE: There were 2981 observations read from the data set EMWS1.PART_VALIDATE.
NOTE: View EMWS1.VARSEL_VALIDATE.VIEW used (Total process time):
      real time           0.71 seconds
      cpu time            0.67 seconds
      
NOTE: There were 2981 observations read from the data set EMWS1.IMPT_VALIDATE.
NOTE: Closing the Neural Application.
NOTE: PROCEDURE NEURAL used (Total process time):
      real time           0.76 seconds
      cpu time            0.71 seconds
      

MPRINT(EM_DIAGRAM):   quit;
40124      quit;
40125      data EMWS1.Neural3_OUTFIT;
MPRINT(EM_DIAGRAM):   data EMWS1.Neural3_OUTFIT;
40126      merge WORK.FIT1 WORK.FIT2;
MPRINT(EM_DIAGRAM):   merge WORK.FIT1 WORK.FIT2;
40127      run;
MPRINT(EM_DIAGRAM):   run;

NOTE: There were 2 observations read from the data set WORK.FIT1.
NOTE: There were 2 observations read from the data set WORK.FIT2.
NOTE: The data set EMWS1.NEURAL3_OUTFIT has 2 observations and 36 variables.
NOTE: DATA statement used (Total process time):
      real time           0.01 seconds
      cpu time            0.01 seconds
      

40128      data EMWS1.Neural3_EMESTIMATE;
MPRINT(EM_DIAGRAM):   data EMWS1.Neural3_EMESTIMATE;
40129      set EMWS1.Neural3_outest;
MPRINT(EM_DIAGRAM):   set EMWS1.Neural3_outest;
40130      if _type_ ^in('HESSIAN' 'GRAD');
MPRINT(EM_DIAGRAM):   if _type_ ^in('HESSIAN' 'GRAD');
40131      run;
MPRINT(EM_DIAGRAM):   run;

NOTE: There were 90 observations read from the data set EMWS1.NEURAL3_OUTEST.
NOTE: The data set EMWS1.NEURAL3_EMESTIMATE has 52 observations and 52 variables.
NOTE: DATA statement used (Total process time):
      real time           0.01 seconds
      cpu time            0.00 seconds
      

40132      proc datasets lib=work nolist;
MPRINT(EM_DIAGRAM):   proc datasets lib=work nolist;
40133      delete EM_Neural3;
MPRINT(EM_DIAGRAM):   delete EM_Neural3;
40134      run;
MPRINT(EM_DIAGRAM):   run;

NOTE: Deleting WORK.EM_NEURAL3 (memtype=DATA).
40135      quit;
MPRINT(EM_DIAGRAM):   quit;

NOTE: PROCEDURE DATASETS used (Total process time):
      real time           0.03 seconds
      cpu time            0.03 seconds
      

40136      data EMWS1.Neural3_PLOTDS(where=(_iter_ ne . and _NAME_="OVERALL"));
MPRINT(EM_DIAGRAM):    data EMWS1.Neural3_PLOTDS(where=(_iter_ ne . and _NAME_="OVERALL"));
40137      set fit_Neural3;
MPRINT(EM_DIAGRAM):   set fit_Neural3;
40138      attrib _ITER_ label="%sysfunc(sasmsg(sashelp.dmine, rpt_trainiterations_vlabel  , NOQUOTE))";
MPRINT(EM_DIAGRAM):   attrib _ITER_ label="Training Iterations";
40139      attrib _NAME_ label="%sysfunc(sasmsg(sashelp.dmine, rpt_varsel_label_name  , NOQUOTE))";
MPRINT(EM_DIAGRAM):   attrib _NAME_ label="Name";
40140      run;
MPRINT(EM_DIAGRAM):   run;

NOTE: There were 52 observations read from the data set WORK.FIT_NEURAL3.
NOTE: The data set EMWS1.NEURAL3_PLOTDS has 52 observations and 36 variables.
NOTE: DATA statement used (Total process time):
      real time           0.03 seconds
      cpu time            0.03 seconds
      

40141      proc sort data=EMWS1.Neural3_PLOTDS;
MPRINT(EM_DIAGRAM):   proc sort data=EMWS1.Neural3_PLOTDS;
40142      by _ITER_;
MPRINT(EM_DIAGRAM):   by _ITER_;
40143      run;
MPRINT(EM_DIAGRAM):   run;

NOTE: There were 52 observations read from the data set EMWS1.NEURAL3_PLOTDS.
NOTE: The data set EMWS1.NEURAL3_PLOTDS has 52 observations and 36 variables.
NOTE: PROCEDURE SORT used (Total process time):
      real time           0.01 seconds
      cpu time            0.01 seconds
      

40144      data tempweight (drop= _tech_ _decay_ _seed_ _nobj_ _obj_ _objerr_ _averr_ _p_num_ where=(_type_ eq "PARMS" and _iter_ eq 7) );
MPRINT(EM_DIAGRAM):    data tempweight (drop= _tech_ _decay_ _seed_ _nobj_ _obj_ _objerr_ _averr_ _p_num_ where=(_type_ eq "PARMS" and _iter_ eq 7) );
40145      set EMWS1.Neural3_EMESTIMATE;
MPRINT(EM_DIAGRAM):   set EMWS1.Neural3_EMESTIMATE;
40146      run;
MPRINT(EM_DIAGRAM):   run;

NOTE: There were 52 observations read from the data set EMWS1.NEURAL3_EMESTIMATE.
NOTE: The data set WORK.TEMPWEIGHT has 1 observations and 44 variables.
NOTE: DATA statement used (Total process time):
      real time           0.01 seconds
      cpu time            0.01 seconds
      

40147      proc sort;
MPRINT(EM_DIAGRAM):   proc sort;
40148      by _name_;
MPRINT(EM_DIAGRAM):   by _name_;
40149      run;
MPRINT(EM_DIAGRAM):   run;

NOTE: There were 1 observations read from the data set WORK.TEMPWEIGHT.
NOTE: The data set WORK.TEMPWEIGHT has 1 observations and 44 variables.
NOTE: PROCEDURE SORT used (Total process time):
      real time           0.01 seconds
      cpu time            0.01 seconds
      

40150      proc transpose data=tempweight out=EMWS1.Neural3_WEIGHTDS;
MPRINT(EM_DIAGRAM):   proc transpose data=tempweight out=EMWS1.Neural3_WEIGHTDS;
40151      by _name_;
MPRINT(EM_DIAGRAM):   by _name_;
40152      run;
MPRINT(EM_DIAGRAM):   run;

NOTE: There were 1 observations read from the data set WORK.TEMPWEIGHT.
NOTE: The data set EMWS1.NEURAL3_WEIGHTDS has 42 observations and 3 variables.
NOTE: PROCEDURE TRANSPOSE used (Total process time):
      real time           0.01 seconds
      cpu time            0.01 seconds
      

40153      data EMWS1.Neural3_WEIGHTDS;
MPRINT(EM_DIAGRAM):   data EMWS1.Neural3_WEIGHTDS;
40154      set EMWS1.Neural3_WEIGHTDS;
MPRINT(EM_DIAGRAM):   set EMWS1.Neural3_WEIGHTDS;
40155      FROM = trim(left(scan(_LABEL_, 1, '->')));
MPRINT(EM_DIAGRAM):   FROM = trim(left(scan(_LABEL_, 1, '->')));
40156      TO = trim(left(scan(_LABEL_, 2, '>')));
MPRINT(EM_DIAGRAM):   TO = trim(left(scan(_LABEL_, 2, '>')));
40157      WEIGHT = COL1;
MPRINT(EM_DIAGRAM):   WEIGHT = COL1;
40158      if (TO eq '') or (FROM eq '') then delete;
MPRINT(EM_DIAGRAM):   if (TO eq '') or (FROM eq '') then delete;
40159      label _LABEL_ ="%sysfunc(sasmsg(sashelp.dmine, meta_label_vlabel  , NOQUOTE))" FROM = "%sysfunc(sasmsg(sashelp.dmine, rpt_from_vlabel  , NOQUOTE))" TO = "%sysfunc(sasmsg(sashelp.dmine, rpt_into_vlabel  , NOQUOTE))" WEIGHT =
40160         "%sysfunc(sasmsg(sashelp.dmine, rpt_weight_vlabel  , NOQUOTE))";
MPRINT(EM_DIAGRAM):   label _LABEL_ = "Label" FROM = "From" TO = "Into" WEIGHT = "Weight";
40161      keep FROM TO WEIGHT _LABEL_;
MPRINT(EM_DIAGRAM):   keep FROM TO WEIGHT _LABEL_;
40162      run;
MPRINT(EM_DIAGRAM):   run;

NOTE: There were 42 observations read from the data set EMWS1.NEURAL3_WEIGHTDS.
NOTE: The data set EMWS1.NEURAL3_WEIGHTDS has 37 observations and 4 variables.
NOTE: DATA statement used (Total process time):
      real time           0.04 seconds
      cpu time            0.04 seconds
      

40163      proc sort data=EMWS1.Neural3_WEIGHTDS nodupkey;
MPRINT(EM_DIAGRAM):   proc sort data=EMWS1.Neural3_WEIGHTDS nodupkey;
40164      by _LABEL_;
MPRINT(EM_DIAGRAM):   by _LABEL_;
40165      run;
MPRINT(EM_DIAGRAM):   run;

NOTE: There were 37 observations read from the data set EMWS1.NEURAL3_WEIGHTDS.
NOTE: 0 observations with duplicate key values were deleted.
NOTE: The data set EMWS1.NEURAL3_WEIGHTDS has 37 observations and 4 variables.
NOTE: PROCEDURE SORT used (Total process time):
      real time           0.01 seconds
      cpu time            0.01 seconds
      

MPRINT(EM_DIAGRAM):    proc printto;
MPRINT(EM_DIAGRAM):   run;
