 
                                                                                               
 
 
Fit Statistics

Target=BAD Target Label=' '

   Fit
Statistics    Statistics Label                     Train    Validation

 _DFT_        Total Degrees of Freedom           2979.00          .   
 _DFE_        Degrees of Freedom for Error       2918.00          .   
 _DFM_        Model Degrees of Freedom             61.00          .   
 _NW_         Number of Estimated Weights          61.00          .   
 _AIC_        Akaike's Information Criterion     1726.54          .   
 _SBC_        Schwarz's Bayesian Criterion       2092.50          .   
 _ASE_        Average Squared Error                 0.08         0.09 
 _MAX_        Maximum Absolute Error                0.99         1.00 
 _DIV_        Divisor for ASE                    5958.00      5962.00 
 _NOBS_       Sum of Frequencies                 2979.00      2981.00 
 _RASE_       Root Average Squared Error            0.28         0.30 
 _SSE_        Sum of Squared Errors               475.51       553.68 
 _SUMW_       Sum of Case Weights Times Freq     5958.00      5962.00 
 _FPE_        Final Prediction Error                0.08          .   
 _MSE_        Mean Squared Error                    0.08         0.09 
 _RFPE_       Root Final Prediction Error           0.29          .   
 _RMSE_       Root Mean Squared Error               0.29         0.30 
 _AVERR_      Average Error Function                0.27         0.32 
 _ERR_        Error Function                     1604.54      1903.23 
 _MISC_       Misclassification Rate                0.11         0.12 
 _WRONG_      Number of Wrong Classifications     322.00       372.00 
 
                                                                                               
 
 
Classification Table

Data Role=TRAIN Target Variable=BAD Target Label=' '

                       Target        Outcome     Frequency       Total
Target    Outcome    Percentage    Percentage      Count      Percentage

  0          0         91.6095       95.2201        2271        76.2336 
  1          0          8.3905       35.0168         208         6.9822 
  0          1         22.8000        4.7799         114         3.8268 
  1          1         77.2000       64.9832         386        12.9574 


Data Role=VALIDATE Target Variable=BAD Target Label=' '

                       Target        Outcome     Frequency       Total
Target    Outcome    Percentage    Percentage      Count      Percentage

  0          0         91.1693       93.4619        2230        74.8071 
  1          0          8.8307       36.3025         216         7.2459 
  0          1         29.1589        6.5381         156         5.2331 
  1          1         70.8411       63.6975         379        12.7139 
 
                                                                                               
 
 
Event Classification Table

Data Role=TRAIN Target=BAD Target Label=' '

  False       True        False       True
Negative    Negative    Positive    Positive

   208        2271         114         386  


Data Role=VALIDATE Target=BAD Target Label=' '

  False       True        False       True
Negative    Negative    Positive    Positive

   216        2230         156         379  
 
                                                                                               
 
 
Assessment Score Rankings

Data Role=TRAIN Target Variable=BAD Target Label=' '

                                                                                    Mean
                            Cumulative       %      Cumulative     Number of     Posterior
Depth      Gain     Lift       Lift      Response   % Response   Observations   Probability

   5    394.783   4.94783     4.94783     98.6577     98.6577         149         0.96819  
  10    351.027   4.07271     4.51027     81.2081     89.9329         149         0.80042  
  15    302.783   3.06294     4.02783     61.0738     80.3132         149         0.61346  
  20    261.831   2.38977     3.61831     47.6510     72.1477         149         0.46905  
  25    219.085   1.48098     3.19085     29.5302     63.6242         149         0.31381  
  30    182.733   1.00976     2.82733     20.1342     56.3758         149         0.19299  
  35    147.151   0.33659     2.47151      6.7114     49.2809         149         0.12896  
  40    123.410   0.57220     2.23410     11.4094     44.5470         149         0.09386  
  45    104.196   0.50488     2.04196     10.0671     40.7159         149         0.07452  
  50     86.133   0.23561     1.86133      4.6980     37.1141         149         0.06354  
  55     72.272   0.33659     1.72272      6.7114     34.3502         149         0.05597  
  60     59.038   0.13463     1.59038      2.6846     31.7114         149         0.04811  
  65     48.357   0.20195     1.48357      4.0268     29.5818         149         0.03998  
  70     38.962   0.16829     1.38962      3.3557     27.7085         149         0.03207  
  75     30.372   0.10098     1.30372      2.0134     25.9955         149         0.02667  
  80     23.696   0.23561     1.23696      4.6980     24.6644         149         0.02221  
  85     17.212   0.13463     1.17212      2.6846     23.3715         149         0.01696  
  90     10.887   0.03366     1.10887      0.6711     22.1104         149         0.01140  
  95      5.228   0.03366     1.05228      0.6711     20.9820         149         0.00690  
 100      0.000   0.00000     1.00000      0.0000     19.9396         148         0.00406  


Data Role=VALIDATE Target Variable=BAD Target Label=' '

                                                                                    Mean
                            Cumulative       %      Cumulative     Number of     Posterior
Depth      Gain     Lift       Lift      Response   % Response   Observations   Probability

   5    377.628   4.77628     4.77628     95.3333     95.3333         150         0.97836  
  10    318.903   3.59785     4.18903     71.8121     83.6120         149         0.81747  
  15    271.283   2.75723     3.71283     55.0336     74.1071         149         0.64510  
  20    234.845   2.25286     3.34845     44.9664     66.8342         149         0.51112  
  25    202.888   1.74849     3.02888     34.8993     60.4558         149         0.37091  
  30    173.176   1.24411     2.73176     24.8322     54.5251         149         0.22318  
  35    141.866   0.53800     2.41866     10.7383     48.2759         149         0.14099  
  40    114.598   0.23537     2.14598      4.6980     42.8332         149         0.09966  
  45     92.265   0.13450     1.92265      2.6846     38.3756         149         0.07794  
  50     77.083   0.40350     1.77083      8.0537     35.3454         149         0.06657  
  55     63.439   0.26900     1.63439      5.3691     32.6220         149         0.05853  
  60     50.667   0.10087     1.50667      2.0134     30.0727         149         0.05060  
  65     40.375   0.16812     1.40375      3.3557     28.0186         149         0.04311  
  70     33.234   0.40350     1.33234      8.0537     26.5932         149         0.03367  
  75     27.045   0.40350     1.27045      8.0537     25.3578         149         0.02690  
  80     21.208   0.33625     1.21208      6.7114     24.1929         149         0.02236  
  85     15.465   0.23537     1.15465      4.6980     23.0466         149         0.01726  
  90      9.426   0.06725     1.09426      1.3423     21.8412         149         0.01157  
  95      4.554   0.16812     1.04554      3.3557     20.8686         149         0.00719  
 100      0.000   0.13450     1.00000      2.6846     19.9597         149         0.00424  
 
                                                                                               
 
 
Assessment Score Distribution

Data Role=TRAIN Target Variable=BAD Target Label=' '

 Posterior     Number                     Mean
Probability      of      Number of     Posterior
   Range       Events    Nonevents    Probability    Percentage

 0.95-1.00       106           0        0.98305         3.5582 
 0.90-0.95        43           2        0.93019         1.5106 
 0.85-0.90        37           5        0.87824         1.4099 
 0.80-0.85        26           7        0.82805         1.1078 
 0.75-0.80        24           4        0.77453         0.9399 
 0.70-0.75        24          10        0.72533         1.1413 
 0.65-0.70        26          15        0.67137         1.3763 
 0.60-0.65        40          23        0.62461         2.1148 
 0.55-0.60        31          19        0.57377         1.6784 
 0.50-0.55        29          29        0.52688         1.9470 
 0.45-0.50        16          19        0.47349         1.1749 
 0.40-0.45        20          25        0.42825         1.5106 
 0.35-0.40        21          32        0.37320         1.7791 
 0.30-0.35        18          33        0.32512         1.7120 
 0.25-0.30        11          44        0.27534         1.8463 
 0.20-0.25        10          51        0.22338         2.0477 
 0.15-0.20        22          78        0.17516         3.3568 
 0.10-0.15        14         170        0.12284         6.1766 
 0.05-0.10        45         546        0.06841        19.8389 
 0.00-0.05        31        1273        0.02240        43.7731 


Data Role=VALIDATE Target Variable=BAD Target Label=' '

 Posterior     Number                     Mean
Probability      of      Number of     Posterior
   Range       Events    Nonevents    Probability    Percentage

 0.95-1.00       120           4        0.98727         4.1597 
 0.90-0.95        38           7        0.92521         1.5096 
 0.85-0.90        26           8        0.87337         1.1406 
 0.80-0.85        21          11        0.82319         1.0735 
 0.75-0.80        26           9        0.77488         1.1741 
 0.70-0.75        26          15        0.72985         1.3754 
 0.65-0.70        33          21        0.67373         1.8115 
 0.60-0.65        27          35        0.62554         2.0798 
 0.55-0.60        31          19        0.57712         1.6773 
 0.50-0.55        31          27        0.52700         1.9457 
 0.45-0.50        16          38        0.47299         1.8115 
 0.40-0.45        18          35        0.42691         1.7779 
 0.35-0.40        22          29        0.37652         1.7108 
 0.30-0.35        14          32        0.32532         1.5431 
 0.25-0.30        18          31        0.27380         1.6437 
 0.20-0.25        13          45        0.22235         1.9457 
 0.15-0.20        12          90        0.17099         3.4217 
 0.10-0.15        17         146        0.12103         5.4680 
 0.05-0.10        29         581        0.06913        20.4629 
 0.00-0.05        57        1203        0.02228        42.2677 
