MPRINT(EM_DIAGRAM):    data _null_;
MPRINT(EM_DIAGRAM):   call symput('NLDATE', strip(put(date(), NLDATE.)));
MPRINT(EM_DIAGRAM):   call symput('NLTIME', strip(put(datetime(), NLTIME.)));
MPRINT(EM_DIAGRAM):   run;
MPRINT(EM_DIAGRAM):   data _null_;
MPRINT(EM_DIAGRAM):   nldate= sasmsg("sashelp.dmine", "log_date_note", 'N', "November 04, 
2015" );
MPRINT(EM_DIAGRAM):   nltime= sasmsg("sashelp.dmine", "log_time_note", 'N', "07:40:22" );
MPRINT(EM_DIAGRAM):   put "*------------------------------------------------------------*";
MPRINT(EM_DIAGRAM):   put "* Score Log";
MPRINT(EM_DIAGRAM):   put nldate;
MPRINT(EM_DIAGRAM):   put nltime;
MPRINT(EM_DIAGRAM):   put "*------------------------------------------------------------*";
MPRINT(EM_DIAGRAM):   run;
*------------------------------------------------------------*
* Score Log
Date:                November 04, 2015
Time:                07:40:22
*------------------------------------------------------------*
MPRINT(EM_DIAGRAM):    filename O0_P9D44 "C:\Users\sakerb01\Desktop\SAS EM 12.3 Tutorials _ 
Projects\Project_3\Workspaces\EMWS1\Neural\EMSCORE.out" encoding="UTF-8" NOBOM;
MPRINT(EM_DIAGRAM):   proc printto print=O0_P9D44 new;
MPRINT(EM_DIAGRAM):   run;
71561      data work.outkey;
MPRINT(EM_DIAGRAM):    data work.outkey;
71562      set EMWS1.Neural_OUTKEY;
MPRINT(EM_DIAGRAM):   set EMWS1.Neural_OUTKEY;
71563      if upcase(ROLE) = 'HIDDEN';
MPRINT(EM_DIAGRAM):   if upcase(ROLE) = 'HIDDEN';
71564      run;
MPRINT(EM_DIAGRAM):   run;

NOTE: There were 27 observations read from the data set EMWS1.NEURAL_OUTKEY.
NOTE: The data set WORK.OUTKEY has 5 observations and 8 variables.
NOTE: DATA statement used (Total process time):
      real time           0.01 seconds
      cpu time            0.01 seconds
      

71565      filename emflow "C:\Users\sakerb01\Desktop\SAS EM 12.3 Tutorials _
71565    ! Projects\Project_3\Workspaces\EMWS1\Neural\EMFLOWSCORE.sas";
MPRINT(EM_DIAGRAM):    filename emflow "C:\Users\sakerb01\Desktop\SAS EM 12.3 Tutorials _ 
Projects\Project_3\Workspaces\EMWS1\Neural\EMFLOWSCORE.sas";
MPRINT(EM_DIAGRAM):   *------------------------------------------------------------*;
MPRINT(EM_DIAGRAM):   * Neural: Scoring DATA data;
MPRINT(EM_DIAGRAM):   *------------------------------------------------------------*;
71566      *------------------------------------------------------------*;
71567      * Neural: Scoring DATA data;
71568      *------------------------------------------------------------*;
71569      data EMWS1.Neural_TRAIN
71570      / view=EMWS1.Neural_TRAIN
71571      ;
MPRINT(EM_DIAGRAM):   data EMWS1.Neural_TRAIN / view=EMWS1.Neural_TRAIN ;
71572      set EMWS1.Varsel_TRAIN
71573      ;
MPRINT(EM_DIAGRAM):   set EMWS1.Varsel_TRAIN ;
71574      %inc emflow;
MPRINT(EM_DIAGRAM):   ***********************************;
MPRINT(EM_DIAGRAM):   *** Begin Scoring Code for Neural;
MPRINT(EM_DIAGRAM):   ***********************************;
MPRINT(EM_DIAGRAM):   DROP _DM_BAD _EPS _NOCL_ _MAX_ _MAXP_ _SUM_ _NTRIALS;
MPRINT(EM_DIAGRAM):   _DM_BAD = 0;
MPRINT(EM_DIAGRAM):   _NOCL_ = .;
MPRINT(EM_DIAGRAM):   _MAX_ = .;
MPRINT(EM_DIAGRAM):   _MAXP_ = .;
MPRINT(EM_DIAGRAM):   _SUM_ = .;
MPRINT(EM_DIAGRAM):   _NTRIALS = .;
MPRINT(EM_DIAGRAM):   _EPS = 1E-10;
MPRINT(EM_DIAGRAM):   LENGTH _WARN_ $4 F_BAD $ 12 ;
MPRINT(EM_DIAGRAM):   label S_IMP_CLAGE = 'Standard: IMP_CLAGE' ;
MPRINT(EM_DIAGRAM):   label S_IMP_DEBTINC = 'Standard: IMP_DEBTINC' ;
MPRINT(EM_DIAGRAM):   label S_IMP_DELINQ = 'Standard: IMP_DELINQ' ;
MPRINT(EM_DIAGRAM):   label S_IMP_DEROG = 'Standard: IMP_DEROG' ;
MPRINT(EM_DIAGRAM):   label S_IMP_NINQ = 'Standard: IMP_NINQ' ;
MPRINT(EM_DIAGRAM):   label S_IMP_YOJ = 'Standard: IMP_YOJ' ;
MPRINT(EM_DIAGRAM):   label G_IMP_JOB0 = 'Dummy: G_IMP_JOB=0' ;
MPRINT(EM_DIAGRAM):   label G_IMP_JOB1 = 'Dummy: G_IMP_JOB=1' ;
MPRINT(EM_DIAGRAM):   label G_IMP_JOB2 = 'Dummy: G_IMP_JOB=2' ;
MPRINT(EM_DIAGRAM):   label G_IMP_JOB3 = 'Dummy: G_IMP_JOB=3' ;
MPRINT(EM_DIAGRAM):   label H11 = 'Hidden: H1=1' ;
MPRINT(EM_DIAGRAM):   label H12 = 'Hidden: H1=2' ;
MPRINT(EM_DIAGRAM):   label H13 = 'Hidden: H1=3' ;
MPRINT(EM_DIAGRAM):   label H14 = 'Hidden: H1=4' ;
MPRINT(EM_DIAGRAM):   label H15 = 'Hidden: H1=5' ;
MPRINT(EM_DIAGRAM):   label I_BAD = 'Into: BAD' ;
MPRINT(EM_DIAGRAM):   label F_BAD = 'From: BAD' ;
MPRINT(EM_DIAGRAM):   label U_BAD = 'Unnormalized Into: BAD' ;
MPRINT(EM_DIAGRAM):   label P_BAD1 = 'Predicted: BAD=1' ;
MPRINT(EM_DIAGRAM):   label R_BAD1 = 'Residual: BAD=1' ;
MPRINT(EM_DIAGRAM):   label P_BAD0 = 'Predicted: BAD=0' ;
MPRINT(EM_DIAGRAM):   label R_BAD0 = 'Residual: BAD=0' ;
MPRINT(EM_DIAGRAM):   label _WARN_ = "Warnings";
MPRINT(EM_DIAGRAM):   *** Generate dummy variables for G_IMP_JOB ;
MPRINT(EM_DIAGRAM):   drop G_IMP_JOB0 G_IMP_JOB1 G_IMP_JOB2 G_IMP_JOB3 ;
MPRINT(EM_DIAGRAM):   *** encoding is sparse, initialize to zero;
MPRINT(EM_DIAGRAM):   G_IMP_JOB0 = 0;
MPRINT(EM_DIAGRAM):   G_IMP_JOB1 = 0;
MPRINT(EM_DIAGRAM):   G_IMP_JOB2 = 0;
MPRINT(EM_DIAGRAM):   G_IMP_JOB3 = 0;
MPRINT(EM_DIAGRAM):   if missing( G_IMP_JOB ) then do;
MPRINT(EM_DIAGRAM):   G_IMP_JOB0 = .;
MPRINT(EM_DIAGRAM):   G_IMP_JOB1 = .;
MPRINT(EM_DIAGRAM):   G_IMP_JOB2 = .;
MPRINT(EM_DIAGRAM):   G_IMP_JOB3 = .;
MPRINT(EM_DIAGRAM):   substr(_warn_,1,1) = 'M';
MPRINT(EM_DIAGRAM):   _DM_BAD = 1;
MPRINT(EM_DIAGRAM):   end;
MPRINT(EM_DIAGRAM):   else do;
MPRINT(EM_DIAGRAM):   length _dm12 $ 12;
MPRINT(EM_DIAGRAM):   drop _dm12 ;
MPRINT(EM_DIAGRAM):   _dm12 = put( G_IMP_JOB , BEST12. );
MPRINT(DMNORMIP):   call dmnorm(_dm12,
MPRINT(DMNORLEN):  32
MPRINT(DMNORMIP):  );
MPRINT(EM_DIAGRAM):   _dm_find = 0;
MPRINT(EM_DIAGRAM):   drop _dm_find;
MPRINT(EM_DIAGRAM):   if _dm12 <= '2' then do;
MPRINT(EM_DIAGRAM):   if _dm12 <= '1' then do;
MPRINT(EM_DIAGRAM):   if _dm12 = '0' then do;
MPRINT(EM_DIAGRAM):   G_IMP_JOB0 = 1;
MPRINT(EM_DIAGRAM):   _dm_find = 1;
MPRINT(EM_DIAGRAM):   end;
MPRINT(EM_DIAGRAM):   else do;
MPRINT(EM_DIAGRAM):   if _dm12 = '1' then do;
MPRINT(EM_DIAGRAM):   G_IMP_JOB1 = 1;
MPRINT(EM_DIAGRAM):   _dm_find = 1;
MPRINT(EM_DIAGRAM):   end;
MPRINT(EM_DIAGRAM):   end;
MPRINT(EM_DIAGRAM):   end;
MPRINT(EM_DIAGRAM):   else do;
MPRINT(EM_DIAGRAM):   if _dm12 = '2' then do;
MPRINT(EM_DIAGRAM):   G_IMP_JOB2 = 1;
MPRINT(EM_DIAGRAM):   _dm_find = 1;
MPRINT(EM_DIAGRAM):   end;
MPRINT(EM_DIAGRAM):   end;
MPRINT(EM_DIAGRAM):   end;
MPRINT(EM_DIAGRAM):   else do;
MPRINT(EM_DIAGRAM):   if _dm12 = '3' then do;
MPRINT(EM_DIAGRAM):   G_IMP_JOB3 = 1;
MPRINT(EM_DIAGRAM):   _dm_find = 1;
MPRINT(EM_DIAGRAM):   end;
MPRINT(EM_DIAGRAM):   else do;
MPRINT(EM_DIAGRAM):   if _dm12 = '4' then do;
MPRINT(EM_DIAGRAM):   G_IMP_JOB0 = -1;
MPRINT(EM_DIAGRAM):   G_IMP_JOB1 = -1;
MPRINT(EM_DIAGRAM):   G_IMP_JOB2 = -1;
MPRINT(EM_DIAGRAM):   G_IMP_JOB3 = -1;
MPRINT(EM_DIAGRAM):   _dm_find = 1;
MPRINT(EM_DIAGRAM):   end;
MPRINT(EM_DIAGRAM):   end;
MPRINT(EM_DIAGRAM):   end;
MPRINT(EM_DIAGRAM):   if not _dm_find then do;
MPRINT(EM_DIAGRAM):   G_IMP_JOB0 = .;
MPRINT(EM_DIAGRAM):   G_IMP_JOB1 = .;
MPRINT(EM_DIAGRAM):   G_IMP_JOB2 = .;
MPRINT(EM_DIAGRAM):   G_IMP_JOB3 = .;
MPRINT(EM_DIAGRAM):   substr(_warn_,2,1) = 'U';
MPRINT(EM_DIAGRAM):   _DM_BAD = 1;
MPRINT(EM_DIAGRAM):   end;
MPRINT(EM_DIAGRAM):   end;
MPRINT(EM_DIAGRAM):   *** *************************;
MPRINT(EM_DIAGRAM):   *** Checking missing input Interval *** *************************;
MPRINT(EM_DIAGRAM):   IF NMISS( IMP_CLAGE , IMP_DEBTINC , IMP_DELINQ , IMP_DEROG , IMP_NINQ , 
IMP_YOJ ) THEN DO;
MPRINT(EM_DIAGRAM):   SUBSTR(_WARN_, 1, 1) = 'M';
MPRINT(EM_DIAGRAM):   _DM_BAD = 1;
MPRINT(EM_DIAGRAM):   END;
MPRINT(EM_DIAGRAM):   *** *************************;
MPRINT(EM_DIAGRAM):   *** Writing the Node intvl ;
MPRINT(EM_DIAGRAM):   *** *************************;
MPRINT(EM_DIAGRAM):   IF _DM_BAD EQ 0 THEN DO;
MPRINT(EM_DIAGRAM):   S_IMP_CLAGE = -2.1324986323703 + 0.01177180625915 * IMP_CLAGE ;
MPRINT(EM_DIAGRAM):   S_IMP_DEBTINC = -4.21130359350115 + 0.12464292126092 * IMP_DEBTINC ;
MPRINT(EM_DIAGRAM):   S_IMP_DELINQ = -0.40381023676556 + 0.87362166360406 * IMP_DELINQ ;
MPRINT(EM_DIAGRAM):   S_IMP_DEROG = -0.31573464531037 + 1.31032371760165 * IMP_DEROG ;
MPRINT(EM_DIAGRAM):   S_IMP_NINQ = -0.7098195299189 + 0.61350782376294 * IMP_NINQ ;
MPRINT(EM_DIAGRAM):   S_IMP_YOJ = -1.21374892345752 + 0.13686286372334 * IMP_YOJ ;
MPRINT(EM_DIAGRAM):   END;
MPRINT(EM_DIAGRAM):   ELSE DO;
MPRINT(EM_DIAGRAM):   IF MISSING( IMP_CLAGE ) THEN S_IMP_CLAGE = . ;
MPRINT(EM_DIAGRAM):   ELSE S_IMP_CLAGE = -2.1324986323703 + 0.01177180625915 * IMP_CLAGE ;
MPRINT(EM_DIAGRAM):   IF MISSING( IMP_DEBTINC ) THEN S_IMP_DEBTINC = . ;
MPRINT(EM_DIAGRAM):   ELSE S_IMP_DEBTINC = -4.21130359350115 + 0.12464292126092 * IMP_DEBTINC ;
MPRINT(EM_DIAGRAM):   IF MISSING( IMP_DELINQ ) THEN S_IMP_DELINQ = . ;
MPRINT(EM_DIAGRAM):   ELSE S_IMP_DELINQ = -0.40381023676556 + 0.87362166360406 * IMP_DELINQ ;
MPRINT(EM_DIAGRAM):   IF MISSING( IMP_DEROG ) THEN S_IMP_DEROG = . ;
MPRINT(EM_DIAGRAM):   ELSE S_IMP_DEROG = -0.31573464531037 + 1.31032371760165 * IMP_DEROG ;
MPRINT(EM_DIAGRAM):   IF MISSING( IMP_NINQ ) THEN S_IMP_NINQ = . ;
MPRINT(EM_DIAGRAM):   ELSE S_IMP_NINQ = -0.7098195299189 + 0.61350782376294 * IMP_NINQ ;
MPRINT(EM_DIAGRAM):   IF MISSING( IMP_YOJ ) THEN S_IMP_YOJ = . ;
MPRINT(EM_DIAGRAM):   ELSE S_IMP_YOJ = -1.21374892345752 + 0.13686286372334 * IMP_YOJ ;
MPRINT(EM_DIAGRAM):   END;
MPRINT(EM_DIAGRAM):   *** *************************;
MPRINT(EM_DIAGRAM):   *** Writing the Node nom ;
MPRINT(EM_DIAGRAM):   *** *************************;
MPRINT(EM_DIAGRAM):   *** *************************;
MPRINT(EM_DIAGRAM):   *** Writing the Node H1 ;
MPRINT(EM_DIAGRAM):   *** *************************;
MPRINT(EM_DIAGRAM):   IF _DM_BAD EQ 0 THEN DO;
MPRINT(EM_DIAGRAM):   H11 = 0.58729800213932 * S_IMP_CLAGE + -2.34686795798741 * S_IMP_DEBTINC 
+ -0.06699115283235 * S_IMP_DELINQ + -0.51770331267765 * S_IMP_DEROG + 0.09607133016041 * 
S_IMP_NINQ + -0.38253146953445 * S_IMP_YOJ ;
MPRINT(EM_DIAGRAM):   H12 = 0.03707251252663 * S_IMP_CLAGE + 32.7627346836811 * S_IMP_DEBTINC 
+ 0.00508911864681 * S_IMP_DELINQ + 0.04895724984593 * S_IMP_DEROG + -0.17027829293006 * 
S_IMP_NINQ + 0.00124180413719 * S_IMP_YOJ ;
MPRINT(EM_DIAGRAM):   H13 = 0.14916936157583 * S_IMP_CLAGE + 25.2686268707396 * S_IMP_DEBTINC 
+ 0.02014122564755 * S_IMP_DELINQ + -0.171619531484 * S_IMP_DEROG + -0.16035663388263 * 
S_IMP_NINQ + -0.092036922923 * S_IMP_YOJ ;
MPRINT(EM_DIAGRAM):   H14 = 2.25889157201296 * S_IMP_CLAGE + 0.28492080847695 * S_IMP_DEBTINC 
+ 0.5249733361329 * S_IMP_DELINQ + -1.19857425393824 * S_IMP_DEROG + 1.13892105600959 * 
S_IMP_NINQ + 2.26778246599839 * S_IMP_YOJ ;
MPRINT(EM_DIAGRAM):   H15 = -0.17345558122763 * S_IMP_CLAGE + 0.22445075997402 * S_IMP_DEBTINC 
+ -0.49046368048744 * S_IMP_DELINQ + 0.34310775696216 * S_IMP_DEROG + -0.30707858970334 * 
S_IMP_NINQ + -0.13645064986779 * S_IMP_YOJ ;
MPRINT(EM_DIAGRAM):   H11 = H11 + 0.54222378087002 * G_IMP_JOB0 + -0.48965402720997 * 
G_IMP_JOB1 + 0.06975017608734 * G_IMP_JOB2 + -0.34586970375181 * G_IMP_JOB3 ;
MPRINT(EM_DIAGRAM):   H12 = H12 + -0.11831470850165 * G_IMP_JOB0 + 0.17766733141037 * 
G_IMP_JOB1 + -0.18309466705273 * G_IMP_JOB2 + 0.05699093421242 * G_IMP_JOB3 ;
MPRINT(EM_DIAGRAM):   H13 = H13 + -0.04970367901613 * G_IMP_JOB0 + -0.1390306943278 * 
G_IMP_JOB1 + -0.0679951554559 * G_IMP_JOB2 + 0.05695730175464 * G_IMP_JOB3 ;
MPRINT(EM_DIAGRAM):   H14 = H14 + 1.57845513003555 * G_IMP_JOB0 + 2.5363704113924 * G_IMP_JOB1 
+ -1.38461798652148 * G_IMP_JOB2 + 1.70232354078576 * G_IMP_JOB3 ;
MPRINT(EM_DIAGRAM):   H15 = H15 + -0.75998512952973 * G_IMP_JOB0 + -0.06049976159353 * 
G_IMP_JOB1 + 0.1048278032579 * G_IMP_JOB2 + 0.04061065892327 * G_IMP_JOB3 ;
MPRINT(EM_DIAGRAM):   H11 = 3.62607963134042 + H11 ;
MPRINT(EM_DIAGRAM):   H12 = 0.81465395661678 + H12 ;
MPRINT(EM_DIAGRAM):   H13 = -0.25900833088053 + H13 ;
MPRINT(EM_DIAGRAM):   H14 = -1.52846199129323 + H14 ;
MPRINT(EM_DIAGRAM):   H15 = 0.7343610624492 + H15 ;
MPRINT(EM_DIAGRAM):   H11 = TANH(H11 );
MPRINT(EM_DIAGRAM):   H12 = TANH(H12 );
MPRINT(EM_DIAGRAM):   H13 = TANH(H13 );
MPRINT(EM_DIAGRAM):   H14 = TANH(H14 );
MPRINT(EM_DIAGRAM):   H15 = TANH(H15 );
MPRINT(EM_DIAGRAM):   END;
MPRINT(EM_DIAGRAM):   ELSE DO;
MPRINT(EM_DIAGRAM):   H11 = .;
MPRINT(EM_DIAGRAM):   H12 = .;
MPRINT(EM_DIAGRAM):   H13 = .;
MPRINT(EM_DIAGRAM):   H14 = .;
MPRINT(EM_DIAGRAM):   H15 = .;
MPRINT(EM_DIAGRAM):   END;
MPRINT(EM_DIAGRAM):   *** *************************;
MPRINT(EM_DIAGRAM):   *** Writing the Node BAD ;
MPRINT(EM_DIAGRAM):   *** *************************;
MPRINT(EM_DIAGRAM):   *** Generate dummy variables for BAD ;
MPRINT(EM_DIAGRAM):   drop BAD1 BAD0 ;
MPRINT(EM_DIAGRAM):   label F_BAD = 'From: BAD' ;
MPRINT(EM_DIAGRAM):   length F_BAD $ 12;
MPRINT(EM_DIAGRAM):   F_BAD = put( BAD , BEST12. );
MPRINT(DMNORMIP):   call dmnorm(F_BAD,
MPRINT(DMNORLEN):  32
MPRINT(DMNORMIP):  );
MPRINT(EM_DIAGRAM):   if missing( BAD ) then do;
MPRINT(EM_DIAGRAM):   BAD1 = .;
MPRINT(EM_DIAGRAM):   BAD0 = .;
MPRINT(EM_DIAGRAM):   end;
MPRINT(EM_DIAGRAM):   else do;
MPRINT(EM_DIAGRAM):   if F_BAD = '0' then do;
MPRINT(EM_DIAGRAM):   BAD1 = 0;
MPRINT(EM_DIAGRAM):   BAD0 = 1;
MPRINT(EM_DIAGRAM):   end;
MPRINT(EM_DIAGRAM):   else if F_BAD = '1' then do;
MPRINT(EM_DIAGRAM):   BAD1 = 1;
MPRINT(EM_DIAGRAM):   BAD0 = 0;
MPRINT(EM_DIAGRAM):   end;
MPRINT(EM_DIAGRAM):   else do;
MPRINT(EM_DIAGRAM):   BAD1 = .;
MPRINT(EM_DIAGRAM):   BAD0 = .;
MPRINT(EM_DIAGRAM):   end;
MPRINT(EM_DIAGRAM):   end;
MPRINT(EM_DIAGRAM):   IF _DM_BAD EQ 0 THEN DO;
MPRINT(EM_DIAGRAM):   P_BAD1 = -4.53042429297557 * H11 + 3.90768655087799 * H12 + 
-3.38300098884084 * H13 + -1.51169140671043 * H14 + -3.44226582148895 * H15 ;
MPRINT(EM_DIAGRAM):   P_BAD1 = 2.70820978933811 + P_BAD1 ;
MPRINT(EM_DIAGRAM):   P_BAD0 = 0;
MPRINT(EM_DIAGRAM):   _MAX_ = MAX (P_BAD1 , P_BAD0 );
MPRINT(EM_DIAGRAM):   _SUM_ = 0.;
MPRINT(EM_DIAGRAM):   P_BAD1 = EXP(P_BAD1 - _MAX_);
MPRINT(EM_DIAGRAM):   _SUM_ = _SUM_ + P_BAD1 ;
MPRINT(EM_DIAGRAM):   P_BAD0 = EXP(P_BAD0 - _MAX_);
MPRINT(EM_DIAGRAM):   _SUM_ = _SUM_ + P_BAD0 ;
MPRINT(EM_DIAGRAM):   P_BAD1 = P_BAD1 / _SUM_;
MPRINT(EM_DIAGRAM):   P_BAD0 = P_BAD0 / _SUM_;
MPRINT(EM_DIAGRAM):   END;
MPRINT(EM_DIAGRAM):   ELSE DO;
MPRINT(EM_DIAGRAM):   P_BAD1 = .;
MPRINT(EM_DIAGRAM):   P_BAD0 = .;
MPRINT(EM_DIAGRAM):   END;
MPRINT(EM_DIAGRAM):   IF _DM_BAD EQ 1 THEN DO;
MPRINT(EM_DIAGRAM):   P_BAD1 = 0.19939577039274;
MPRINT(EM_DIAGRAM):   P_BAD0 = 0.80060422960725;
MPRINT(EM_DIAGRAM):   END;
MPRINT(EM_DIAGRAM):   *** *****************************;
MPRINT(EM_DIAGRAM):   *** Writing the Residuals of the Node BAD ;
MPRINT(EM_DIAGRAM):   *** ******************************;
MPRINT(EM_DIAGRAM):   IF MISSING( BAD1 ) THEN R_BAD1 = . ;
MPRINT(EM_DIAGRAM):   ELSE R_BAD1 = BAD1 - P_BAD1 ;
MPRINT(EM_DIAGRAM):   IF MISSING( BAD0 ) THEN R_BAD0 = . ;
MPRINT(EM_DIAGRAM):   ELSE R_BAD0 = BAD0 - P_BAD0 ;
MPRINT(EM_DIAGRAM):   *** *************************;
MPRINT(EM_DIAGRAM):   *** Writing the I_BAD AND U_BAD ;
MPRINT(EM_DIAGRAM):   *** *************************;
MPRINT(EM_DIAGRAM):   _MAXP_ = P_BAD1 ;
MPRINT(EM_DIAGRAM):   I_BAD = "1           " ;
MPRINT(EM_DIAGRAM):   U_BAD = 1;
MPRINT(EM_DIAGRAM):   IF( _MAXP_ LT P_BAD0 ) THEN DO;
MPRINT(EM_DIAGRAM):   _MAXP_ = P_BAD0 ;
MPRINT(EM_DIAGRAM):   I_BAD = "0           " ;
MPRINT(EM_DIAGRAM):   U_BAD = 0;
MPRINT(EM_DIAGRAM):   END;
MPRINT(EM_DIAGRAM):   ********************************;
MPRINT(EM_DIAGRAM):   *** End Scoring Code for Neural;
MPRINT(EM_DIAGRAM):   ********************************;
MPRINT(EM_DIAGRAM):   drop H11 H12 H13 H14 H15 ;
MPRINT(EM_DIAGRAM):   drop S_:;
71885      run;
MPRINT(EM_DIAGRAM):   run;

NOTE: DATA STEP view saved on file EMWS1.NEURAL_TRAIN.
NOTE: A stored DATA STEP view cannot run under a different operating system.
NOTE: View EMWS1.VARSEL_TRAIN.VIEW used (Total process time):
      real time           0.14 seconds
      cpu time            0.14 seconds
      
NOTE: DATA statement used (Total process time):
      real time           0.17 seconds
      cpu time            0.17 seconds
      

MPRINT(EM_DIAGRAM):   quit;
71886      quit;
71887      filename emflow;
MPRINT(EM_DIAGRAM):   filename emflow;
NOTE: Fileref EMFLOW has been deassigned.
71888      filename emflow "C:\Users\sakerb01\Desktop\SAS EM 12.3 Tutorials _
71888    ! Projects\Project_3\Workspaces\EMWS1\Neural\EMFLOWSCORE.sas";
MPRINT(EM_DIAGRAM):    filename emflow "C:\Users\sakerb01\Desktop\SAS EM 12.3 Tutorials _ 
Projects\Project_3\Workspaces\EMWS1\Neural\EMFLOWSCORE.sas";
MPRINT(EM_DIAGRAM):   *------------------------------------------------------------*;
MPRINT(EM_DIAGRAM):   * Neural: Scoring VALIDATE data;
MPRINT(EM_DIAGRAM):   *------------------------------------------------------------*;
71889      *------------------------------------------------------------*;
71890      * Neural: Scoring VALIDATE data;
71891      *------------------------------------------------------------*;
71892      data EMWS1.Neural_VALIDATE
71893      / view=EMWS1.Neural_VALIDATE
71894      ;
MPRINT(EM_DIAGRAM):   data EMWS1.Neural_VALIDATE / view=EMWS1.Neural_VALIDATE ;
71895      set EMWS1.Varsel_VALIDATE
71896      ;
MPRINT(EM_DIAGRAM):   set EMWS1.Varsel_VALIDATE ;
71897      %inc emflow;
MPRINT(EM_DIAGRAM):   ***********************************;
MPRINT(EM_DIAGRAM):   *** Begin Scoring Code for Neural;
MPRINT(EM_DIAGRAM):   ***********************************;
MPRINT(EM_DIAGRAM):   DROP _DM_BAD _EPS _NOCL_ _MAX_ _MAXP_ _SUM_ _NTRIALS;
MPRINT(EM_DIAGRAM):   _DM_BAD = 0;
MPRINT(EM_DIAGRAM):   _NOCL_ = .;
MPRINT(EM_DIAGRAM):   _MAX_ = .;
MPRINT(EM_DIAGRAM):   _MAXP_ = .;
MPRINT(EM_DIAGRAM):   _SUM_ = .;
MPRINT(EM_DIAGRAM):   _NTRIALS = .;
MPRINT(EM_DIAGRAM):   _EPS = 1E-10;
MPRINT(EM_DIAGRAM):   LENGTH _WARN_ $4 F_BAD $ 12 ;
MPRINT(EM_DIAGRAM):   label S_IMP_CLAGE = 'Standard: IMP_CLAGE' ;
MPRINT(EM_DIAGRAM):   label S_IMP_DEBTINC = 'Standard: IMP_DEBTINC' ;
MPRINT(EM_DIAGRAM):   label S_IMP_DELINQ = 'Standard: IMP_DELINQ' ;
MPRINT(EM_DIAGRAM):   label S_IMP_DEROG = 'Standard: IMP_DEROG' ;
MPRINT(EM_DIAGRAM):   label S_IMP_NINQ = 'Standard: IMP_NINQ' ;
MPRINT(EM_DIAGRAM):   label S_IMP_YOJ = 'Standard: IMP_YOJ' ;
MPRINT(EM_DIAGRAM):   label G_IMP_JOB0 = 'Dummy: G_IMP_JOB=0' ;
MPRINT(EM_DIAGRAM):   label G_IMP_JOB1 = 'Dummy: G_IMP_JOB=1' ;
MPRINT(EM_DIAGRAM):   label G_IMP_JOB2 = 'Dummy: G_IMP_JOB=2' ;
MPRINT(EM_DIAGRAM):   label G_IMP_JOB3 = 'Dummy: G_IMP_JOB=3' ;
MPRINT(EM_DIAGRAM):   label H11 = 'Hidden: H1=1' ;
MPRINT(EM_DIAGRAM):   label H12 = 'Hidden: H1=2' ;
MPRINT(EM_DIAGRAM):   label H13 = 'Hidden: H1=3' ;
MPRINT(EM_DIAGRAM):   label H14 = 'Hidden: H1=4' ;
MPRINT(EM_DIAGRAM):   label H15 = 'Hidden: H1=5' ;
MPRINT(EM_DIAGRAM):   label I_BAD = 'Into: BAD' ;
MPRINT(EM_DIAGRAM):   label F_BAD = 'From: BAD' ;
MPRINT(EM_DIAGRAM):   label U_BAD = 'Unnormalized Into: BAD' ;
MPRINT(EM_DIAGRAM):   label P_BAD1 = 'Predicted: BAD=1' ;
MPRINT(EM_DIAGRAM):   label R_BAD1 = 'Residual: BAD=1' ;
MPRINT(EM_DIAGRAM):   label P_BAD0 = 'Predicted: BAD=0' ;
MPRINT(EM_DIAGRAM):   label R_BAD0 = 'Residual: BAD=0' ;
MPRINT(EM_DIAGRAM):   label _WARN_ = "Warnings";
MPRINT(EM_DIAGRAM):   *** Generate dummy variables for G_IMP_JOB ;
MPRINT(EM_DIAGRAM):   drop G_IMP_JOB0 G_IMP_JOB1 G_IMP_JOB2 G_IMP_JOB3 ;
MPRINT(EM_DIAGRAM):   *** encoding is sparse, initialize to zero;
MPRINT(EM_DIAGRAM):   G_IMP_JOB0 = 0;
MPRINT(EM_DIAGRAM):   G_IMP_JOB1 = 0;
MPRINT(EM_DIAGRAM):   G_IMP_JOB2 = 0;
MPRINT(EM_DIAGRAM):   G_IMP_JOB3 = 0;
MPRINT(EM_DIAGRAM):   if missing( G_IMP_JOB ) then do;
MPRINT(EM_DIAGRAM):   G_IMP_JOB0 = .;
MPRINT(EM_DIAGRAM):   G_IMP_JOB1 = .;
MPRINT(EM_DIAGRAM):   G_IMP_JOB2 = .;
MPRINT(EM_DIAGRAM):   G_IMP_JOB3 = .;
MPRINT(EM_DIAGRAM):   substr(_warn_,1,1) = 'M';
MPRINT(EM_DIAGRAM):   _DM_BAD = 1;
MPRINT(EM_DIAGRAM):   end;
MPRINT(EM_DIAGRAM):   else do;
MPRINT(EM_DIAGRAM):   length _dm12 $ 12;
MPRINT(EM_DIAGRAM):   drop _dm12 ;
MPRINT(EM_DIAGRAM):   _dm12 = put( G_IMP_JOB , BEST12. );
MPRINT(DMNORMIP):   call dmnorm(_dm12,
MPRINT(DMNORLEN):  32
MPRINT(DMNORMIP):  );
MPRINT(EM_DIAGRAM):   _dm_find = 0;
MPRINT(EM_DIAGRAM):   drop _dm_find;
MPRINT(EM_DIAGRAM):   if _dm12 <= '2' then do;
MPRINT(EM_DIAGRAM):   if _dm12 <= '1' then do;
MPRINT(EM_DIAGRAM):   if _dm12 = '0' then do;
MPRINT(EM_DIAGRAM):   G_IMP_JOB0 = 1;
MPRINT(EM_DIAGRAM):   _dm_find = 1;
MPRINT(EM_DIAGRAM):   end;
MPRINT(EM_DIAGRAM):   else do;
MPRINT(EM_DIAGRAM):   if _dm12 = '1' then do;
MPRINT(EM_DIAGRAM):   G_IMP_JOB1 = 1;
MPRINT(EM_DIAGRAM):   _dm_find = 1;
MPRINT(EM_DIAGRAM):   end;
MPRINT(EM_DIAGRAM):   end;
MPRINT(EM_DIAGRAM):   end;
MPRINT(EM_DIAGRAM):   else do;
MPRINT(EM_DIAGRAM):   if _dm12 = '2' then do;
MPRINT(EM_DIAGRAM):   G_IMP_JOB2 = 1;
MPRINT(EM_DIAGRAM):   _dm_find = 1;
MPRINT(EM_DIAGRAM):   end;
MPRINT(EM_DIAGRAM):   end;
MPRINT(EM_DIAGRAM):   end;
MPRINT(EM_DIAGRAM):   else do;
MPRINT(EM_DIAGRAM):   if _dm12 = '3' then do;
MPRINT(EM_DIAGRAM):   G_IMP_JOB3 = 1;
MPRINT(EM_DIAGRAM):   _dm_find = 1;
MPRINT(EM_DIAGRAM):   end;
MPRINT(EM_DIAGRAM):   else do;
MPRINT(EM_DIAGRAM):   if _dm12 = '4' then do;
MPRINT(EM_DIAGRAM):   G_IMP_JOB0 = -1;
MPRINT(EM_DIAGRAM):   G_IMP_JOB1 = -1;
MPRINT(EM_DIAGRAM):   G_IMP_JOB2 = -1;
MPRINT(EM_DIAGRAM):   G_IMP_JOB3 = -1;
MPRINT(EM_DIAGRAM):   _dm_find = 1;
MPRINT(EM_DIAGRAM):   end;
MPRINT(EM_DIAGRAM):   end;
MPRINT(EM_DIAGRAM):   end;
MPRINT(EM_DIAGRAM):   if not _dm_find then do;
MPRINT(EM_DIAGRAM):   G_IMP_JOB0 = .;
MPRINT(EM_DIAGRAM):   G_IMP_JOB1 = .;
MPRINT(EM_DIAGRAM):   G_IMP_JOB2 = .;
MPRINT(EM_DIAGRAM):   G_IMP_JOB3 = .;
MPRINT(EM_DIAGRAM):   substr(_warn_,2,1) = 'U';
MPRINT(EM_DIAGRAM):   _DM_BAD = 1;
MPRINT(EM_DIAGRAM):   end;
MPRINT(EM_DIAGRAM):   end;
MPRINT(EM_DIAGRAM):   *** *************************;
MPRINT(EM_DIAGRAM):   *** Checking missing input Interval *** *************************;
MPRINT(EM_DIAGRAM):   IF NMISS( IMP_CLAGE , IMP_DEBTINC , IMP_DELINQ , IMP_DEROG , IMP_NINQ , 
IMP_YOJ ) THEN DO;
MPRINT(EM_DIAGRAM):   SUBSTR(_WARN_, 1, 1) = 'M';
MPRINT(EM_DIAGRAM):   _DM_BAD = 1;
MPRINT(EM_DIAGRAM):   END;
MPRINT(EM_DIAGRAM):   *** *************************;
MPRINT(EM_DIAGRAM):   *** Writing the Node intvl ;
MPRINT(EM_DIAGRAM):   *** *************************;
MPRINT(EM_DIAGRAM):   IF _DM_BAD EQ 0 THEN DO;
MPRINT(EM_DIAGRAM):   S_IMP_CLAGE = -2.1324986323703 + 0.01177180625915 * IMP_CLAGE ;
MPRINT(EM_DIAGRAM):   S_IMP_DEBTINC = -4.21130359350115 + 0.12464292126092 * IMP_DEBTINC ;
MPRINT(EM_DIAGRAM):   S_IMP_DELINQ = -0.40381023676556 + 0.87362166360406 * IMP_DELINQ ;
MPRINT(EM_DIAGRAM):   S_IMP_DEROG = -0.31573464531037 + 1.31032371760165 * IMP_DEROG ;
MPRINT(EM_DIAGRAM):   S_IMP_NINQ = -0.7098195299189 + 0.61350782376294 * IMP_NINQ ;
MPRINT(EM_DIAGRAM):   S_IMP_YOJ = -1.21374892345752 + 0.13686286372334 * IMP_YOJ ;
MPRINT(EM_DIAGRAM):   END;
MPRINT(EM_DIAGRAM):   ELSE DO;
MPRINT(EM_DIAGRAM):   IF MISSING( IMP_CLAGE ) THEN S_IMP_CLAGE = . ;
MPRINT(EM_DIAGRAM):   ELSE S_IMP_CLAGE = -2.1324986323703 + 0.01177180625915 * IMP_CLAGE ;
MPRINT(EM_DIAGRAM):   IF MISSING( IMP_DEBTINC ) THEN S_IMP_DEBTINC = . ;
MPRINT(EM_DIAGRAM):   ELSE S_IMP_DEBTINC = -4.21130359350115 + 0.12464292126092 * IMP_DEBTINC ;
MPRINT(EM_DIAGRAM):   IF MISSING( IMP_DELINQ ) THEN S_IMP_DELINQ = . ;
MPRINT(EM_DIAGRAM):   ELSE S_IMP_DELINQ = -0.40381023676556 + 0.87362166360406 * IMP_DELINQ ;
MPRINT(EM_DIAGRAM):   IF MISSING( IMP_DEROG ) THEN S_IMP_DEROG = . ;
MPRINT(EM_DIAGRAM):   ELSE S_IMP_DEROG = -0.31573464531037 + 1.31032371760165 * IMP_DEROG ;
MPRINT(EM_DIAGRAM):   IF MISSING( IMP_NINQ ) THEN S_IMP_NINQ = . ;
MPRINT(EM_DIAGRAM):   ELSE S_IMP_NINQ = -0.7098195299189 + 0.61350782376294 * IMP_NINQ ;
MPRINT(EM_DIAGRAM):   IF MISSING( IMP_YOJ ) THEN S_IMP_YOJ = . ;
MPRINT(EM_DIAGRAM):   ELSE S_IMP_YOJ = -1.21374892345752 + 0.13686286372334 * IMP_YOJ ;
MPRINT(EM_DIAGRAM):   END;
MPRINT(EM_DIAGRAM):   *** *************************;
MPRINT(EM_DIAGRAM):   *** Writing the Node nom ;
MPRINT(EM_DIAGRAM):   *** *************************;
MPRINT(EM_DIAGRAM):   *** *************************;
MPRINT(EM_DIAGRAM):   *** Writing the Node H1 ;
MPRINT(EM_DIAGRAM):   *** *************************;
MPRINT(EM_DIAGRAM):   IF _DM_BAD EQ 0 THEN DO;
MPRINT(EM_DIAGRAM):   H11 = 0.58729800213932 * S_IMP_CLAGE + -2.34686795798741 * S_IMP_DEBTINC 
+ -0.06699115283235 * S_IMP_DELINQ + -0.51770331267765 * S_IMP_DEROG + 0.09607133016041 * 
S_IMP_NINQ + -0.38253146953445 * S_IMP_YOJ ;
MPRINT(EM_DIAGRAM):   H12 = 0.03707251252663 * S_IMP_CLAGE + 32.7627346836811 * S_IMP_DEBTINC 
+ 0.00508911864681 * S_IMP_DELINQ + 0.04895724984593 * S_IMP_DEROG + -0.17027829293006 * 
S_IMP_NINQ + 0.00124180413719 * S_IMP_YOJ ;
MPRINT(EM_DIAGRAM):   H13 = 0.14916936157583 * S_IMP_CLAGE + 25.2686268707396 * S_IMP_DEBTINC 
+ 0.02014122564755 * S_IMP_DELINQ + -0.171619531484 * S_IMP_DEROG + -0.16035663388263 * 
S_IMP_NINQ + -0.092036922923 * S_IMP_YOJ ;
MPRINT(EM_DIAGRAM):   H14 = 2.25889157201296 * S_IMP_CLAGE + 0.28492080847695 * S_IMP_DEBTINC 
+ 0.5249733361329 * S_IMP_DELINQ + -1.19857425393824 * S_IMP_DEROG + 1.13892105600959 * 
S_IMP_NINQ + 2.26778246599839 * S_IMP_YOJ ;
MPRINT(EM_DIAGRAM):   H15 = -0.17345558122763 * S_IMP_CLAGE + 0.22445075997402 * S_IMP_DEBTINC 
+ -0.49046368048744 * S_IMP_DELINQ + 0.34310775696216 * S_IMP_DEROG + -0.30707858970334 * 
S_IMP_NINQ + -0.13645064986779 * S_IMP_YOJ ;
MPRINT(EM_DIAGRAM):   H11 = H11 + 0.54222378087002 * G_IMP_JOB0 + -0.48965402720997 * 
G_IMP_JOB1 + 0.06975017608734 * G_IMP_JOB2 + -0.34586970375181 * G_IMP_JOB3 ;
MPRINT(EM_DIAGRAM):   H12 = H12 + -0.11831470850165 * G_IMP_JOB0 + 0.17766733141037 * 
G_IMP_JOB1 + -0.18309466705273 * G_IMP_JOB2 + 0.05699093421242 * G_IMP_JOB3 ;
MPRINT(EM_DIAGRAM):   H13 = H13 + -0.04970367901613 * G_IMP_JOB0 + -0.1390306943278 * 
G_IMP_JOB1 + -0.0679951554559 * G_IMP_JOB2 + 0.05695730175464 * G_IMP_JOB3 ;
MPRINT(EM_DIAGRAM):   H14 = H14 + 1.57845513003555 * G_IMP_JOB0 + 2.5363704113924 * G_IMP_JOB1 
+ -1.38461798652148 * G_IMP_JOB2 + 1.70232354078576 * G_IMP_JOB3 ;
MPRINT(EM_DIAGRAM):   H15 = H15 + -0.75998512952973 * G_IMP_JOB0 + -0.06049976159353 * 
G_IMP_JOB1 + 0.1048278032579 * G_IMP_JOB2 + 0.04061065892327 * G_IMP_JOB3 ;
MPRINT(EM_DIAGRAM):   H11 = 3.62607963134042 + H11 ;
MPRINT(EM_DIAGRAM):   H12 = 0.81465395661678 + H12 ;
MPRINT(EM_DIAGRAM):   H13 = -0.25900833088053 + H13 ;
MPRINT(EM_DIAGRAM):   H14 = -1.52846199129323 + H14 ;
MPRINT(EM_DIAGRAM):   H15 = 0.7343610624492 + H15 ;
MPRINT(EM_DIAGRAM):   H11 = TANH(H11 );
MPRINT(EM_DIAGRAM):   H12 = TANH(H12 );
MPRINT(EM_DIAGRAM):   H13 = TANH(H13 );
MPRINT(EM_DIAGRAM):   H14 = TANH(H14 );
MPRINT(EM_DIAGRAM):   H15 = TANH(H15 );
MPRINT(EM_DIAGRAM):   END;
MPRINT(EM_DIAGRAM):   ELSE DO;
MPRINT(EM_DIAGRAM):   H11 = .;
MPRINT(EM_DIAGRAM):   H12 = .;
MPRINT(EM_DIAGRAM):   H13 = .;
MPRINT(EM_DIAGRAM):   H14 = .;
MPRINT(EM_DIAGRAM):   H15 = .;
MPRINT(EM_DIAGRAM):   END;
MPRINT(EM_DIAGRAM):   *** *************************;
MPRINT(EM_DIAGRAM):   *** Writing the Node BAD ;
MPRINT(EM_DIAGRAM):   *** *************************;
MPRINT(EM_DIAGRAM):   *** Generate dummy variables for BAD ;
MPRINT(EM_DIAGRAM):   drop BAD1 BAD0 ;
MPRINT(EM_DIAGRAM):   label F_BAD = 'From: BAD' ;
MPRINT(EM_DIAGRAM):   length F_BAD $ 12;
MPRINT(EM_DIAGRAM):   F_BAD = put( BAD , BEST12. );
MPRINT(DMNORMIP):   call dmnorm(F_BAD,
MPRINT(DMNORLEN):  32
MPRINT(DMNORMIP):  );
MPRINT(EM_DIAGRAM):   if missing( BAD ) then do;
MPRINT(EM_DIAGRAM):   BAD1 = .;
MPRINT(EM_DIAGRAM):   BAD0 = .;
MPRINT(EM_DIAGRAM):   end;
MPRINT(EM_DIAGRAM):   else do;
MPRINT(EM_DIAGRAM):   if F_BAD = '0' then do;
MPRINT(EM_DIAGRAM):   BAD1 = 0;
MPRINT(EM_DIAGRAM):   BAD0 = 1;
MPRINT(EM_DIAGRAM):   end;
MPRINT(EM_DIAGRAM):   else if F_BAD = '1' then do;
MPRINT(EM_DIAGRAM):   BAD1 = 1;
MPRINT(EM_DIAGRAM):   BAD0 = 0;
MPRINT(EM_DIAGRAM):   end;
MPRINT(EM_DIAGRAM):   else do;
MPRINT(EM_DIAGRAM):   BAD1 = .;
MPRINT(EM_DIAGRAM):   BAD0 = .;
MPRINT(EM_DIAGRAM):   end;
MPRINT(EM_DIAGRAM):   end;
MPRINT(EM_DIAGRAM):   IF _DM_BAD EQ 0 THEN DO;
MPRINT(EM_DIAGRAM):   P_BAD1 = -4.53042429297557 * H11 + 3.90768655087799 * H12 + 
-3.38300098884084 * H13 + -1.51169140671043 * H14 + -3.44226582148895 * H15 ;
MPRINT(EM_DIAGRAM):   P_BAD1 = 2.70820978933811 + P_BAD1 ;
MPRINT(EM_DIAGRAM):   P_BAD0 = 0;
MPRINT(EM_DIAGRAM):   _MAX_ = MAX (P_BAD1 , P_BAD0 );
MPRINT(EM_DIAGRAM):   _SUM_ = 0.;
MPRINT(EM_DIAGRAM):   P_BAD1 = EXP(P_BAD1 - _MAX_);
MPRINT(EM_DIAGRAM):   _SUM_ = _SUM_ + P_BAD1 ;
MPRINT(EM_DIAGRAM):   P_BAD0 = EXP(P_BAD0 - _MAX_);
MPRINT(EM_DIAGRAM):   _SUM_ = _SUM_ + P_BAD0 ;
MPRINT(EM_DIAGRAM):   P_BAD1 = P_BAD1 / _SUM_;
MPRINT(EM_DIAGRAM):   P_BAD0 = P_BAD0 / _SUM_;
MPRINT(EM_DIAGRAM):   END;
MPRINT(EM_DIAGRAM):   ELSE DO;
MPRINT(EM_DIAGRAM):   P_BAD1 = .;
MPRINT(EM_DIAGRAM):   P_BAD0 = .;
MPRINT(EM_DIAGRAM):   END;
MPRINT(EM_DIAGRAM):   IF _DM_BAD EQ 1 THEN DO;
MPRINT(EM_DIAGRAM):   P_BAD1 = 0.19939577039274;
MPRINT(EM_DIAGRAM):   P_BAD0 = 0.80060422960725;
MPRINT(EM_DIAGRAM):   END;
MPRINT(EM_DIAGRAM):   *** *****************************;
MPRINT(EM_DIAGRAM):   *** Writing the Residuals of the Node BAD ;
MPRINT(EM_DIAGRAM):   *** ******************************;
MPRINT(EM_DIAGRAM):   IF MISSING( BAD1 ) THEN R_BAD1 = . ;
MPRINT(EM_DIAGRAM):   ELSE R_BAD1 = BAD1 - P_BAD1 ;
MPRINT(EM_DIAGRAM):   IF MISSING( BAD0 ) THEN R_BAD0 = . ;
MPRINT(EM_DIAGRAM):   ELSE R_BAD0 = BAD0 - P_BAD0 ;
MPRINT(EM_DIAGRAM):   *** *************************;
MPRINT(EM_DIAGRAM):   *** Writing the I_BAD AND U_BAD ;
MPRINT(EM_DIAGRAM):   *** *************************;
MPRINT(EM_DIAGRAM):   _MAXP_ = P_BAD1 ;
MPRINT(EM_DIAGRAM):   I_BAD = "1           " ;
MPRINT(EM_DIAGRAM):   U_BAD = 1;
MPRINT(EM_DIAGRAM):   IF( _MAXP_ LT P_BAD0 ) THEN DO;
MPRINT(EM_DIAGRAM):   _MAXP_ = P_BAD0 ;
MPRINT(EM_DIAGRAM):   I_BAD = "0           " ;
MPRINT(EM_DIAGRAM):   U_BAD = 0;
MPRINT(EM_DIAGRAM):   END;
MPRINT(EM_DIAGRAM):   ********************************;
MPRINT(EM_DIAGRAM):   *** End Scoring Code for Neural;
MPRINT(EM_DIAGRAM):   ********************************;
MPRINT(EM_DIAGRAM):   drop H11 H12 H13 H14 H15 ;
MPRINT(EM_DIAGRAM):   drop S_:;
72208      run;
MPRINT(EM_DIAGRAM):   run;

NOTE: DATA STEP view saved on file EMWS1.NEURAL_VALIDATE.
NOTE: A stored DATA STEP view cannot run under a different operating system.
NOTE: View EMWS1.VARSEL_VALIDATE.VIEW used (Total process time):
      real time           0.15 seconds
      cpu time            0.14 seconds
      
NOTE: DATA statement used (Total process time):
      real time           0.17 seconds
      cpu time            0.15 seconds
      

MPRINT(EM_DIAGRAM):   quit;
72209      quit;
72210      filename emflow;
MPRINT(EM_DIAGRAM):   filename emflow;
NOTE: Fileref EMFLOW has been deassigned.
72211      *------------------------------------------------------------*;
MPRINT(EM_DIAGRAM):    *------------------------------------------------------------*;
72212      * Neural: Computing metadata for TRAIN data;
MPRINT(EM_DIAGRAM):   * Neural: Computing metadata for TRAIN data;
72213      *------------------------------------------------------------*;
MPRINT(EM_DIAGRAM):   *------------------------------------------------------------*;

NOTE: View EMWS1.NEURAL_TRAIN.VIEW used (Total process time):
      real time           0.18 seconds
      cpu time            0.18 seconds
      
MPRINT(EM_DIAGRAM):    *------------------------------------------------------------*;
MPRINT(EM_DIAGRAM):   * &nodeid: Computing Metadata for TRAIN data;
MPRINT(EM_DIAGRAM):   *------------------------------------------------------------*;
MPRINT(EM_DIAGRAM):   filename _delta "C:\Users\sakerb01\Desktop\SAS EM 12.3 Tutorials _ 
Projects\Project_3\Workspaces\EMWS1\Neural\CDELTA_TRAIN.sas";
MPRINT(EMADVISECOLUMNS):   proc display c=sashelp.emmeta.advisecolumns.scl;
MPRINT(EMADVISECOLUMNS):   run;
MPRINT(EMADVISECOLUMNS):    options validvarname=any;
MPRINT(EMADVISECOLUMNS):   proc contents data=EMWS1.Neural_TRAIN out=_tempAdvisor noprint;
MPRINT(EMADVISECOLUMNS):   run;
MPRINT(EMADVISECOLUMNS):   options validvarname=V7;
MPRINT(EMADVISECOLUMNS):    data _null_;
MPRINT(EMADVISECOLUMNS):   dsid = open('EMWS1.Neural_TRAIN');
MPRINT(EMADVISECOLUMNS):   call symput('_dsidTable', strip(put(dsid, best.)));
MPRINT(EMADVISECOLUMNS):   if dsid then do;
MPRINT(EMADVISECOLUMNS):   call symput('_engineTable', attrc(dsid, 'ENGINE'));
MPRINT(EMADVISECOLUMNS):   dsid = close(dsid);
MPRINT(EMADVISECOLUMNS):   end;
MPRINT(EMADVISECOLUMNS):   run;
MPRINT(EMADVISECOLUMNS):    proc contents data=EMWS1.Neural_TRAIN out=WORK.M1VW8IGZ noprint;
MPRINT(EMADVISECOLUMNS):   run;
MPRINT(EMADVISECOLUMNS):    data WORK.M1VW8IGZ;
MPRINT(EMADVISECOLUMNS):   length NAME $ 64 TYPE $ 1 LABEL $ 200 FORMAT $ 36 INFORMAT $36 
INDEX $ 1 INDEXTYPE $ 9;
MPRINT(EMADVISECOLUMNS):   label NAME =;
MPRINT(EMADVISECOLUMNS):   set WORK.M1VW8IGZ(keep=name type length label format formatl 
formatd informat informl informd idxusage rename=(type=itype));
MPRINT(EMADVISECOLUMNS):   if itype = 1 then type = 'N';
MPRINT(EMADVISECOLUMNS):   else type = 'C';
MPRINT(EMADVISECOLUMNS):   if formatl > 0 then do;
MPRINT(EMADVISECOLUMNS):   if format ne ' ' then format = strip(format)!!strip(put(formatl, 
best12.))!!'.'!!strip(put(formatd, best12.));
MPRINT(EMADVISECOLUMNS):   else format = strip(put(formatl, best12.))!!'.'!!strip(put(formatd, 
best12.));
MPRINT(EMADVISECOLUMNS):   end;
MPRINT(EMADVISECOLUMNS):   else if format ne '' then format = strip(format)!!'.';
MPRINT(EMADVISECOLUMNS):   if informl > 0 then do;
MPRINT(EMADVISECOLUMNS):   if informat ne ' ' then informat = 
strip(informat)!!strip(put(informl, best12.))!!'.'!!strip(put(informd, best12.));
MPRINT(EMADVISECOLUMNS):   else informat = strip(put(informl, 
best12.))!!'.'!!strip(put(informd, best12.));
MPRINT(EMADVISECOLUMNS):   end;
MPRINT(EMADVISECOLUMNS):   else if informat ne '' then informat = strip(informat)!!'.';
MPRINT(EMADVISECOLUMNS):   if idxusage = 'NONE' then index ="N";
MPRINT(EMADVISECOLUMNS):   else index = "Y";
MPRINT(EMADVISECOLUMNS):   indextype = idxusage;
MPRINT(EMADVISECOLUMNS):   drop idxusage itype formatl formatd informl informd;
MPRINT(EMADVISECOLUMNS):   run;
MPRINT(EMADVISECOLUMNS):    data WORK.M1VW8IGZ;
MPRINT(EMADVISECOLUMNS):   length UNAME $64;
MPRINT(EMADVISECOLUMNS):   set WORK.M1VW8IGZ;
MPRINT(EMADVISECOLUMNS):   UNAME = upcase(NAME);
MPRINT(EMADVISECOLUMNS):   run;
MPRINT(EMADVISECOLUMNS):    proc sort data=WORK.M2Y_2W76 NOTHREADS;
MPRINT(EMADVISECOLUMNS):   by UNAME;
MPRINT(EMADVISECOLUMNS):   run;
MPRINT(EMADVISECOLUMNS):    data WORK.M2Y_2W76;
MPRINT(EMADVISECOLUMNS):   drop UNAME;
MPRINT(EMADVISECOLUMNS):   set WORK.M2Y_2W76;
MPRINT(EMADVISECOLUMNS):   run;
MPRINT(EMADVISECOLUMNS):    data WORK.M0D5KYT9(keep=NAME ATTR);
MPRINT(EMADVISECOLUMNS):   length ATTR $ 20;
MPRINT(EMADVISECOLUMNS):   set WORK.M2Y_2W76;
MPRINT(EMADVISECOLUMNS):   if level ne "INTERVAL" then do;
MPRINT(EMADVISECOLUMNS):   if order = ' ' then do;
MPRINT(EMADVISECOLUMNS):   attr = 'ORDER';
MPRINT(EMADVISECOLUMNS):   output;
MPRINT(EMADVISECOLUMNS):   end;
MPRINT(EMADVISECOLUMNS):   end;
MPRINT(EMADVISECOLUMNS):   if format ne ' ' and formattype = ' ' then do;
MPRINT(EMADVISECOLUMNS):   attr = 'FORMATTYPE';
MPRINT(EMADVISECOLUMNS):   output;
MPRINT(EMADVISECOLUMNS):   end;
MPRINT(EMADVISECOLUMNS):   if role = ' ' then do;
MPRINT(EMADVISECOLUMNS):   attr = 'ROLE';
MPRINT(EMADVISECOLUMNS):   output;
MPRINT(EMADVISECOLUMNS):   end;
MPRINT(EMADVISECOLUMNS):   if level = ' ' then do;
MPRINT(EMADVISECOLUMNS):   attr = 'LEVEL';
MPRINT(EMADVISECOLUMNS):   output;
MPRINT(EMADVISECOLUMNS):   end;
MPRINT(EMADVISECOLUMNS):   if type = ' ' then do;
MPRINT(EMADVISECOLUMNS):   attr = 'TYPE';
MPRINT(EMADVISECOLUMNS):   output;
MPRINT(EMADVISECOLUMNS):   end;
MPRINT(EMADVISECOLUMNS):   if index = ' ' then do;
MPRINT(EMADVISECOLUMNS):   attr = 'INDEX';
MPRINT(EMADVISECOLUMNS):   output;
MPRINT(EMADVISECOLUMNS):   end;
MPRINT(EMADVISECOLUMNS):   if report = ' ' then do;
MPRINT(EMADVISECOLUMNS):   attr = 'REPORT';
MPRINT(EMADVISECOLUMNS):   output;
MPRINT(EMADVISECOLUMNS):   end;
MPRINT(EMADVISECOLUMNS):   run;
MPRINT(EMADVISECOLUMNS):   proc sort NOTHREADS;
MPRINT(EMADVISECOLUMNS):   by attr;
MPRINT(EMADVISECOLUMNS):   run;
MPRINT(EMADVISECOLUMNS):    data WORK.M2Y_2W76;
MPRINT(EMADVISECOLUMNS):   length NAME $64 ROLE $ 32 LEVEL $ 10 ORDER $ 8 CREATOR $32 
FORMATTYPE $ 10 FAMILY $ 10 LOWERLIMIT 8 UPPERLIMIT 8 REPORT $1 DISTRIBUTION $ 20 COMMENT $64;
MPRINT(EMADVISECOLUMNS):   length levelAssigned 8 roleAssigned 8 PRICE 8;
MPRINT(EMADVISECOLUMNS):   set WORK.M2Y_2W76;
MPRINT(EMADVISECOLUMNS):   if formattype = ' ' then do;
MPRINT(EMADVISECOLUMNS):   if format ne ' ' then do;
MPRINT(EMADVISECOLUMNS):   if type = 'N' then do;
MPRINT(EMADVISECOLUMNS):   pos = indexc(format,'.1234567890');
MPRINT(EMADVISECOLUMNS):   if pos > 1 then tempfmt = substr(format,1, pos-1);
MPRINT(EMADVISECOLUMNS):   else tempfmt = ' ';
MPRINT(EMADVISECOLUMNS):   flen = length(tempfmt);
MPRINT(EMADVISECOLUMNS):   select;
MPRINT(EMADVISECOLUMNS):   when(tempfmt in ("DATE" "DAY" "DDMMYY" "DOWNAME" "JULDAY" "JULIAN" 
"MMDDYY" "MMDDYYD" "MMDDYYC" "MMDDYYN" "MMDDYYP" "MMDDYYS" "MONNAME" "MONTH" "MONYY" "NENGO" 
"QTR" "QTRR" "WEEKDATE" "WEEKDATX" "WEEKDAY" "WORDDATE" "WORDDATX" "YEAR" "YYMMDD" "YYMON" 
"YYMMDDC" "YYMMDDD" "YYMMDDN" "YYMMDDP" "YYMMDDS" "EURDFDE" "NJDATE" "NLDATE" "EURDFDD" 
"EURDFDWN" "EURDFMN" "EURDFMY" "EURDFWK" "EURDFWKX" "EURDFWDX" "EURDFDN" "EURDFDE" )) 
formattype = 'DATE';
MPRINT(EMADVISECOLUMNS):   when(tempfmt in ("DATETIME" "EURDFDT" "TOD" )) formattype = 
"DATETIME";
MPRINT(EMADVISECOLUMNS):   when(tempfmt in ("HHMM" "HOUR" "MMSS" "TIME" "TIMEAMPM" )) 
formattype = "TIME";
MPRINT(EMADVISECOLUMNS):   when(tempfmt in ("COMMA" "COMMAX" "DOLLAR" "DOLLARX" "E" "FRACT" 
"NEGPAREN" "PERCENT")) formattype="QUANTITY";
MPRINT(EMADVISECOLUMNS):   when(tempfmt in ("BINARY" "HEX" "IB" "OCTAL" "PD" "PIB" "PK" "RB" 
"SSN" "Z" "ZD")) formattype = "CODING";
MPRINT(EMADVISECOLUMNS):   otherwise do;
MPRINT(EMADVISECOLUMNS):   formattype = "USER";
MPRINT(EMADVISECOLUMNS):   if substr(tempfmt, 1, 6)='NLDATE' then formattype = "DATE";
MPRINT(EMADVISECOLUMNS):   else if substr(tempfmt, 1, 6)='NLDATM' then formattype = "DATETIME";
MPRINT(EMADVISECOLUMNS):   else if substr(tempfmt, 1, 4)='NLTIM' then formattype = "TIME";
MPRINT(EMADVISECOLUMNS):   else if flen >= 4 then do;
MPRINT(EMADVISECOLUMNS):   str = substr(tempfmt,1,4);
MPRINT(EMADVISECOLUMNS):   if str in ("MMYY" "YYMM" "YYQR") then formattype ="DATE";
MPRINT(EMADVISECOLUMNS):   else if str = "S370" then formattype = "CODING";
MPRINT(EMADVISECOLUMNS):   else if str = "BEST" then formattype = "NUM";
MPRINT(EMADVISECOLUMNS):   drop str;
MPRINT(EMADVISECOLUMNS):   end;
MPRINT(EMADVISECOLUMNS):   else if flen >=3 and substr(tempfmt,1,3) = "YYQ" then formatType = 
"DATE";
MPRINT(EMADVISECOLUMNS):   end;
MPRINT(EMADVISECOLUMNS):   end;
MPRINT(EMADVISECOLUMNS):   drop flen tempfmt pos;
MPRINT(EMADVISECOLUMNS):   end;
MPRINT(EMADVISECOLUMNS):   else do;
MPRINT(EMADVISECOLUMNS):   formatType = "CATEGORY";
MPRINT(EMADVISECOLUMNS):   end;
MPRINT(EMADVISECOLUMNS):   end;
MPRINT(EMADVISECOLUMNS):   if formatType = "NUM" then do;
MPRINT(EMADVISECOLUMNS):   if index = "Y" then formatType = "DISCRETE";
MPRINT(EMADVISECOLUMNS):   else formatType = "QUANTITY";
MPRINT(EMADVISECOLUMNS):   end;
MPRINT(EMADVISECOLUMNS):   end;
MPRINT(EMADVISECOLUMNS):   if level = ' ' then do;
MPRINT(EMADVISECOLUMNS):   if formatType in ("CATEGORY", "CODING", "ID") or type = "C" then 
level = "NOMINAL";
MPRINT(EMADVISECOLUMNS):   else level = "INTERVAL";
MPRINT(EMADVISECOLUMNS):   levelAssigned = 1;
MPRINT(EMADVISECOLUMNS):   end;
MPRINT(EMADVISECOLUMNS):   else level = upcase(level);
MPRINT(EMADVISECOLUMNS):   if role = ' ' then do;
MPRINT(EMADVISECOLUMNS):   length name_prefix $8 _uname $64;
MPRINT(EMADVISECOLUMNS):   drop name_prefix _uname _freqflag;
MPRINT(EMADVISECOLUMNS):   retain _freqflag;
MPRINT(EMADVISECOLUMNS):   if LENGTH> 80 then ROLE = 'TEXT';
MPRINT(EMADVISECOLUMNS):   _uname = upcase(NAME);
MPRINT(EMADVISECOLUMNS):   select(_uname);
MPRINT(EMADVISECOLUMNS):   when('_WARN_') ROLE = 'ASSESS';
MPRINT(EMADVISECOLUMNS):   when('EM_SEGMENT') do;
MPRINT(EMADVISECOLUMNS):   ROLE = 'SEGMENT';
MPRINT(EMADVISECOLUMNS):   LEVEL = 'NOMINAL';
MPRINT(EMADVISECOLUMNS):   end;
MPRINT(EMADVISECOLUMNS):   when('_NODE_') do;
MPRINT(EMADVISECOLUMNS):   ROLE = 'SEGMENT';
MPRINT(EMADVISECOLUMNS):   LEVEL = 'NOMINAL';
MPRINT(EMADVISECOLUMNS):   end;
MPRINT(EMADVISECOLUMNS):   when('EM_CLASSTARGET') ROLE = 'ASSESS';
MPRINT(EMADVISECOLUMNS):   when('EM_VALUETARGET') ROLE = 'ASSESS';
MPRINT(EMADVISECOLUMNS):   when('EM_PREDICTION') ROLE = 'PREDICT';
MPRINT(EMADVISECOLUMNS):   when('EM_PROBABILITY') ROLE = 'PREDICT';
MPRINT(EMADVISECOLUMNS):   when('EM_EVENTPROBABILITY') ROLE = 'PREDICT';
MPRINT(EMADVISECOLUMNS):   when('EM_CLASSIFICATION') ROLE = 'CLASSIFICATION';
MPRINT(EMADVISECOLUMNS):   when('EM_DECISION') ROLE = 'DECISION';
MPRINT(EMADVISECOLUMNS):   when('EM_PROFIT') ROLE = 'ASSESS';
MPRINT(EMADVISECOLUMNS):   when('EM_LOSS') ROLE = 'ASSESS';
MPRINT(EMADVISECOLUMNS):   when('EM_ROI') ROLE = 'ASSESS';
MPRINT(EMADVISECOLUMNS):   when('URI') ROLE = 'URL';
MPRINT(EMADVISECOLUMNS):   when('FILTERED') ROLE = 'TEXTLOC';
MPRINT(EMADVISECOLUMNS):   otherwise do;
MPRINT(EMADVISECOLUMNS):   if upcase(NAME) =: 'ZIP' then do;
MPRINT(EMADVISECOLUMNS):   ROLE = 'REJECTED';
MPRINT(EMADVISECOLUMNS):   LEVEL = 'NOMINAL';
MPRINT(EMADVISECOLUMNS):   COMMENT = 'Rejected by: Exceed the maximum class level of %s';
MPRINT(EMADVISECOLUMNS):   end;
MPRINT(EMADVISECOLUMNS):   else if upcase(NAME) in('FREQ', 'FREQUENCY') then do;
MPRINT(EMADVISECOLUMNS):   ROLE = 'FREQ';
MPRINT(EMADVISECOLUMNS):   if TYPE = 'C' then ROLE = 'INPUT';
MPRINT(EMADVISECOLUMNS):   else if _freqflag =1 then ROLE='REJECTED';
MPRINT(EMADVISECOLUMNS):   end;
MPRINT(EMADVISECOLUMNS):   else do;
MPRINT(EMADVISECOLUMNS):   name_prefix = scan(_uname, 1, '_');
MPRINT(EMADVISECOLUMNS):   if scan(_uname, 2, '_') = '' then name_prefix='';
MPRINT(EMADVISECOLUMNS):   if name_prefix in('F', 'I', 'U') then do;
MPRINT(EMADVISECOLUMNS):   ROLE = 'CLASSIFICATION';
MPRINT(EMADVISECOLUMNS):   LEVEL = 'NOMINAL';
MPRINT(EMADVISECOLUMNS):   end;
MPRINT(EMADVISECOLUMNS):   else if name_prefix in('P', 'V') then ROLE = 'PREDICT';
MPRINT(EMADVISECOLUMNS):   else if name_prefix in('R', 'RS', 'RT', 'RD', 'RDS', 'RDT', 'RA', 
'RAS', 'RAT') then ROLE = 'RESIDUAL';
MPRINT(EMADVISECOLUMNS):   else if name_prefix ='D' then do;
MPRINT(EMADVISECOLUMNS):   ROLE = 'DECISION';
MPRINT(EMADVISECOLUMNS):   LEVEL = 'NOMINAL';
MPRINT(EMADVISECOLUMNS):   end;
MPRINT(EMADVISECOLUMNS):   else if name_prefix ='B' then do;
MPRINT(EMADVISECOLUMNS):   ROLE = 'SEGMENT';
MPRINT(EMADVISECOLUMNS):   LEVEL = 'NOMINAL';
MPRINT(EMADVISECOLUMNS):   end;
MPRINT(EMADVISECOLUMNS):   else if name_prefix in('EP', 'BP', 'CP', 'EL', 'CL', 'BL', 'W', 
'ROI', 'IC') then ROLE = 'ASSESS';
MPRINT(EMADVISECOLUMNS):   else do;
MPRINT(EMADVISECOLUMNS):   array _ROLE_ (19) $32 _TEMPORARY_ 
('ASSESS','CLASSIFICATION','CENSOR', 'COST', 'CROSSID', 'DECISION', 'ID','INPUT', 'LABEL', 
'MISSING','PREDICT','REFERRER','REJECTED', 'RESIDUAL','SEGMENT', 'SEQUENCE','TARGET', 'TEXT', 
'TIMEID');
MPRINT(EMADVISECOLUMNS):   drop _found_ i;
MPRINT(EMADVISECOLUMNS):   _found_=0;
MPRINT(EMADVISECOLUMNS):   do i=1 to 19 until(_found_=1);
MPRINT(EMADVISECOLUMNS):   if index(_uname, trim(_ROLE_{i}))=1 then do;
MPRINT(EMADVISECOLUMNS):   ROLE=_ROLE_{i};
MPRINT(EMADVISECOLUMNS):   if ROLE = 'ID' then LEVEL = 'NOMINAL';
MPRINT(EMADVISECOLUMNS):   else if ROLE = 'SEGMENT' then LEVEL = 'NOMINAL';
MPRINT(EMADVISECOLUMNS):   else if ROLE = 'TIMEID' and TYPE='N' then LEVEL = 'INTERVAL';
MPRINT(EMADVISECOLUMNS):   _found_=1;
MPRINT(EMADVISECOLUMNS):   end;
MPRINT(EMADVISECOLUMNS):   end;
MPRINT(EMADVISECOLUMNS):   if length(_uname)>2 then do;
MPRINT(EMADVISECOLUMNS):   if substr(reverse(trim(_uname)), 1, 3) = 'DI_' then do;
MPRINT(EMADVISECOLUMNS):   ROLE = 'ID';
MPRINT(EMADVISECOLUMNS):   LEVEL = 'NOMINAL';
MPRINT(EMADVISECOLUMNS):   end;
MPRINT(EMADVISECOLUMNS):   end;
MPRINT(EMADVISECOLUMNS):   end;
MPRINT(EMADVISECOLUMNS):   end;
MPRINT(EMADVISECOLUMNS):   end;
MPRINT(EMADVISECOLUMNS):   end;
MPRINT(EMADVISECOLUMNS):   if ROLE='FREQ' then _freqflag=1;
MPRINT(EMADVISECOLUMNS):   else if ROLE = 'CLASSIFICATION' then LEVEL = 'NOMINAL';
MPRINT(EMADVISECOLUMNS):   if symexist('RATEMKG_ROLE') then do;
MPRINT(EMADVISECOLUMNS):   if upcase(symget('RATEMKG_ROLE')) in('Y', 'YES') then do;
MPRINT(EMADVISECOLUMNS):   if _uname =: 'POLICY' then ROLE = 'POLICYID';
MPRINT(EMADVISECOLUMNS):   else if _uname in ('PARTITION', '_PARTIND_') then ROLE = 
'PARTITION';
MPRINT(EMADVISECOLUMNS):   else if type = 'N' then do;
MPRINT(EMADVISECOLUMNS):   if _uname = 'EXPOSURE' then ROLE = 'EXPOSURE';
MPRINT(EMADVISECOLUMNS):   else if _uname = 'YEAR' then ROLE = 'YEAR';
MPRINT(EMADVISECOLUMNS):   else if _uname = 'WEIGHT' then ROLE = 'WEIGHT';
MPRINT(EMADVISECOLUMNS):   else if _uname = 'OFFSET' then ROLE = 'OFFSET';
MPRINT(EMADVISECOLUMNS):   end;
MPRINT(EMADVISECOLUMNS):   end;
MPRINT(EMADVISECOLUMNS):   end;
MPRINT(EMADVISECOLUMNS):   end;
MPRINT(EMADVISECOLUMNS):   if role = ' ' then do;
MPRINT(EMADVISECOLUMNS):   if formattype in('DATE', 'DATETIME', 'TIME') then role = 'TIMEID';
MPRINT(EMADVISECOLUMNS):   else role = 'INPUT';
MPRINT(EMADVISECOLUMNS):   roleAssigned = 1;
MPRINT(EMADVISECOLUMNS):   end;
MPRINT(EMADVISECOLUMNS):   else role = upcase(role);
MPRINT(EMADVISECOLUMNS):   if REPORT = '' then REPORT = 'N';
MPRINT(EMADVISECOLUMNS):   run;
MPRINT(EMADVISECOLUMNS):    data WORK.M2Y_2W76;
MPRINT(EMADVISECOLUMNS):   set WORK.M2Y_2W76;
MPRINT(EMADVISECOLUMNS):   label NAME = "Variable Name" TYPE = "Type" ROLE = "Role" LEVEL= 
"Measurement Level" ORDER= "Order" CREATOR= "Creator" FORMATTYPE= "Format Type" FAMILY= 
"Family" DISTRIBUTION= "Distribution" PRICE= "Price" LOWERLIMIT= "Lower limit" UPPERLIMIT= 
"Upper Limit" REPORT= "Report" COMMENT= "Comment" INDEX= "Index" INDEXTYPE= "IndexType" LABEL= 
"Label" LENGTH= "Length";
MPRINT(EMADVISECOLUMNS):   drop levelAssigned roleAssigned;
MPRINT(EMADVISECOLUMNS):   run;
MPRINT(EMADVISECOLUMNS):   
MPRINT(EM_DIAGRAM):  ;
MPRINT(EM_DIAGRAM):   proc sort data=WORK.COLUMNMETA;
MPRINT(EM_DIAGRAM):   by NAME;
MPRINT(EM_DIAGRAM):   run;
MPRINT(EM_DIAGRAM):   *------------------------------------------------------------*;
MPRINT(EM_DIAGRAM):   * &nodeid: Merge incoming metadata;
MPRINT(EM_DIAGRAM):   *------------------------------------------------------------*;
MPRINT(EM_DIAGRAM):   proc contents data=EMWS1.Varsel_TRAIN noprint out=_temp2(keep=NAME);
MPRINT(EM_DIAGRAM):   run;
MPRINT(EM_DIAGRAM):   proc sort data=_temp2;
MPRINT(EM_DIAGRAM):   by NAME;
MPRINT(EM_DIAGRAM):   run;
MPRINT(EM_DIAGRAM):   proc sort data=EMWS1.Varsel_CMeta_TRAIN out=_temp;
MPRINT(EM_DIAGRAM):   by NAME;
MPRINT(EM_DIAGRAM):   run;
MPRINT(EM_DIAGRAM):   data EMWS1.Neural_CMeta_TRAIN;
MPRINT(EM_DIAGRAM):   merge WORK.COLUMNMETA(in=_a) _temp2(in=_b) _temp(drop=FORMAT INFORMAT 
LENGTH INDEX INDEXTYPE in=_c) end=_eof_;
MPRINT(EM_DIAGRAM):   by NAME;
MPRINT(EM_DIAGRAM):   if (^_a and _b) or (^_c and _a and _b) then delete;
MPRINT(EM_DIAGRAM):   if ^_b then CREATOR = "Neural";
MPRINT(EM_DIAGRAM):   length model $200;
MPRINT(EM_DIAGRAM):   label MODEL = "Model Node";
MPRINT(EM_DIAGRAM):   select(upcase(name));
MPRINT(EM_DIAGRAM):   when("_WARN_") creator = "Neural";
MPRINT(EM_DIAGRAM):   when("BAD") model = "Neural";
MPRINT(EM_DIAGRAM):   when('');
MPRINT(EM_DIAGRAM):   otherwise;
MPRINT(EM_DIAGRAM):   end;
MPRINT(EM_DIAGRAM):   *------------------------------------------------------------*;
MPRINT(EM_DIAGRAM):   * Neural: Apply Delta Code;
MPRINT(EM_DIAGRAM):   *------------------------------------------------------------*;
MPRINT(EM_DIAGRAM):   run;
MPRINT(EM_DIAGRAM):   filename _delta;
72541      data WORK.MODELTEMP_INFO;
MPRINT(EM_DIAGRAM):    data WORK.MODELTEMP_INFO;
72542      set EMWS1.Neural_EMINFO;
MPRINT(EM_DIAGRAM):   set EMWS1.Neural_EMINFO;
72543      where DATA='Neural' and KEY ^in('DECDATA', 'DECMETA', 'IMPORTANCE', 'MODEL');
MPRINT(EM_DIAGRAM):   where DATA='Neural' and KEY ^in('DECDATA', 'DECMETA', 'IMPORTANCE', 
'MODEL');
72544      run;
MPRINT(EM_DIAGRAM):   run;

NOTE: There were 0 observations read from the data set EMWS1.NEURAL_EMINFO.
      WHERE (DATA='Neural') and KEY not in ('DECDATA', 'DECMETA', 'IMPORTANCE', 'MODEL');
NOTE: The data set WORK.MODELTEMP_INFO has 0 observations and 3 variables.
NOTE: DATA statement used (Total process time):
      real time           0.01 seconds
      cpu time            0.01 seconds
      

72545      data EMWS1.Neural_EMINFO;
MPRINT(EM_DIAGRAM):    data EMWS1.Neural_EMINFO;
72546      length TARGET KEY $32 DATA $43;
MPRINT(EM_DIAGRAM):   length TARGET KEY $32 DATA $43;
72547      input TARGET KEY DATA $;
MPRINT(EM_DIAGRAM):   input TARGET KEY DATA $;
72548      cards;
MPRINT(EM_DIAGRAM):   cards;

NOTE: The data set EMWS1.NEURAL_EMINFO has 3 observations and 3 variables.
NOTE: DATA statement used (Total process time):
      real time           0.03 seconds
      cpu time            0.03 seconds
      

MPRINT(EM_DIAGRAM):   run;
72552      run;
72553      data EMWS1.Neural_EMINFO;
MPRINT(EM_DIAGRAM):   data EMWS1.Neural_EMINFO;
72554      set EMWS1.Neural_EMINFO WORK.MODELTEMP_INFO;
MPRINT(EM_DIAGRAM):   set EMWS1.Neural_EMINFO WORK.MODELTEMP_INFO;
72555      run;
MPRINT(EM_DIAGRAM):   run;

NOTE: There were 3 observations read from the data set EMWS1.NEURAL_EMINFO.
NOTE: There were 0 observations read from the data set WORK.MODELTEMP_INFO.
NOTE: The data set EMWS1.NEURAL_EMINFO has 3 observations and 3 variables.
NOTE: DATA statement used (Total process time):
      real time           0.01 seconds
      cpu time            0.01 seconds
      

72556      proc sort data = EMWS1.Neural_EMINFO NOTHREADS;
MPRINT(EM_DIAGRAM):    proc sort data = EMWS1.Neural_EMINFO NOTHREADS;
72557      by TARGET KEY;
MPRINT(EM_DIAGRAM):   by TARGET KEY;
72558      run;
MPRINT(EM_DIAGRAM):   run;

NOTE: There were 3 observations read from the data set EMWS1.NEURAL_EMINFO.
NOTE: The data set EMWS1.NEURAL_EMINFO has 3 observations and 3 variables.
NOTE: PROCEDURE SORT used (Total process time):
      real time           0.01 seconds
      cpu time            0.01 seconds
      

72559      proc sort data = EMWS1.Ids_EMINFO OUT=WORK.SORTEDEMINFO NOTHREADS;
MPRINT(EM_DIAGRAM):    proc sort data = EMWS1.Ids_EMINFO OUT=WORK.SORTEDEMINFO NOTHREADS;
72560      by TARGET KEY;
MPRINT(EM_DIAGRAM):   by TARGET KEY;
72561      run;
MPRINT(EM_DIAGRAM):   run;

NOTE: There were 3 observations read from the data set EMWS1.IDS_EMINFO.
NOTE: The data set WORK.SORTEDEMINFO has 3 observations and 3 variables.
NOTE: PROCEDURE SORT used (Total process time):
      real time           0.01 seconds
      cpu time            0.01 seconds
      

72562      proc sort data = EMWS1.Neural_EMINFO OUT=WORK.TEMP_INFO NOTHREADS;
MPRINT(EM_DIAGRAM):   proc sort data = EMWS1.Neural_EMINFO OUT=WORK.TEMP_INFO NOTHREADS;
72563      by TARGET KEY;
MPRINT(EM_DIAGRAM):   by TARGET KEY;
72564      run;
MPRINT(EM_DIAGRAM):   run;

NOTE: Input data set is already sorted; it has been copied to the output data set.
NOTE: There were 3 observations read from the data set EMWS1.NEURAL_EMINFO.
NOTE: The data set WORK.TEMP_INFO has 3 observations and 3 variables.
NOTE: PROCEDURE SORT used (Total process time):
      real time           0.00 seconds
      cpu time            0.00 seconds
      

72565      data EMWS1.Neural_EMINFO;
MPRINT(EM_DIAGRAM):   data EMWS1.Neural_EMINFO;
72566      merge WORK.SORTEDEMINFO WORK.TEMP_INFO;
MPRINT(EM_DIAGRAM):   merge WORK.SORTEDEMINFO WORK.TEMP_INFO;
72567      by TARGET KEY;
MPRINT(EM_DIAGRAM):   by TARGET KEY;
72568      run;
MPRINT(EM_DIAGRAM):   run;

NOTE: There were 3 observations read from the data set WORK.SORTEDEMINFO.
NOTE: There were 3 observations read from the data set WORK.TEMP_INFO.
NOTE: The data set EMWS1.NEURAL_EMINFO has 4 observations and 3 variables.
NOTE: DATA statement used (Total process time):
      real time           0.01 seconds
      cpu time            0.01 seconds
      

72569      proc datasets lib=work nolist;
MPRINT(EM_DIAGRAM):   proc datasets lib=work nolist;
72570      delete TEMP_INFO SORTEDEMINFO;
MPRINT(EM_DIAGRAM):   delete TEMP_INFO SORTEDEMINFO;
72571      run;
MPRINT(EM_DIAGRAM):   run;

NOTE: Deleting WORK.TEMP_INFO (memtype=DATA).
NOTE: Deleting WORK.SORTEDEMINFO (memtype=DATA).
72572      quit;
MPRINT(EM_DIAGRAM):   quit;

NOTE: PROCEDURE DATASETS used (Total process time):
      real time           0.04 seconds
      cpu time            0.04 seconds
      

NOTE: View EMWS1.NEURAL_TRAIN.VIEW used (Total process time):
      real time           0.17 seconds
      cpu time            0.17 seconds
      
NOTE: View EMWS1.NEURAL_VALIDATE.VIEW used (Total process time):
      real time           0.18 seconds
      cpu time            0.18 seconds
      
MPRINT(EM_DIAGRAM):    proc printto;
MPRINT(EM_DIAGRAM):   run;
