MPRINT(EM_DIAGRAM):    data _null_;
MPRINT(EM_DIAGRAM):   call symput('NLDATE', strip(put(date(), NLDATE.)));
MPRINT(EM_DIAGRAM):   call symput('NLTIME', strip(put(datetime(), NLTIME.)));
MPRINT(EM_DIAGRAM):   run;
MPRINT(EM_DIAGRAM):   data _null_;
MPRINT(EM_DIAGRAM):   nldate= sasmsg("sashelp.dmine", "log_date_note", 'N', "November 04, 
2015" );
MPRINT(EM_DIAGRAM):   nltime= sasmsg("sashelp.dmine", "log_time_note", 'N', "07:40:06" );
MPRINT(EM_DIAGRAM):   put "*------------------------------------------------------------*";
MPRINT(EM_DIAGRAM):   put "* Training Log";
MPRINT(EM_DIAGRAM):   put nldate;
MPRINT(EM_DIAGRAM):   put nltime;
MPRINT(EM_DIAGRAM):   put "*------------------------------------------------------------*";
MPRINT(EM_DIAGRAM):   run;
*------------------------------------------------------------*
* Training Log
Date:                November 04, 2015
Time:                07:40:06
*------------------------------------------------------------*
MPRINT(EM_DIAGRAM):    filename O1M8V0GR "C:\Users\sakerb01\Desktop\SAS EM 12.3 Tutorials _ 
Projects\Project_3\Workspaces\EMWS1\Neural\EMTRAIN.out" encoding="UTF-8" NOBOM;
MPRINT(EM_DIAGRAM):   proc printto print=O1M8V0GR new;
MPRINT(EM_DIAGRAM):   run;
MPRINT(EM_DIAGRAM):    filename _LOG "C:\Users\sakerb01\Desktop\SAS EM 12.3 Tutorials _ 
Projects\Project_3\Workspaces\EMWS1\Neural\EMLOG.log" encoding="UTF-8" NOBOM;
MPRINT(EM_DIAGRAM):    data _null_;
MPRINT(EM_DIAGRAM):   call symput('NLDATE', strip(put(date(), NLDATE.)));
MPRINT(EM_DIAGRAM):   call symput('NLTIME', strip(put(datetime(), NLTIME.)));
MPRINT(EM_DIAGRAM):   run;
MPRINT(EM_DIAGRAM):   data _null_;
MPRINT(EM_DIAGRAM):   nldate= sasmsg("sashelp.dmine", "log_date_note", 'N', "November 04, 
2015" );
MPRINT(EM_DIAGRAM):   nltime= sasmsg("sashelp.dmine", "log_time_note", 'N', "07:40:06" );
MPRINT(EM_DIAGRAM):   file _LOG;
MPRINT(EM_DIAGRAM):   put "*------------------------------------------------------------*";
MPRINT(EM_DIAGRAM):   put "User:                sakerb01";
MPRINT(EM_DIAGRAM):   put nldate;
MPRINT(EM_DIAGRAM):   put nltime;
MPRINT(EM_DIAGRAM):   put "Site:                70080760";
MPRINT(EM_DIAGRAM):   put "Platform:            X64_7PRO";
MPRINT(EM_DIAGRAM):   put "Maintenance Release: 9.04.01M1P120413";
MPRINT(EM_DIAGRAM):   put "EM Version:          13.1";
MPRINT(EM_DIAGRAM):   put "* ";
MPRINT(EM_DIAGRAM):   run;
MPRINT(EM_DIAGRAM):    filename _LOGIN "C:\Users\sakerb01\Desktop\SAS EM 12.3 Tutorials _ 
Projects\Project_3\Workspaces\EMWS1\Neural\EMTRAIN.log" encoding="UTF-8" NOBOM;
MPRINT(EM_COPYFILE):   data _null_;
MPRINT(EM_COPYFILE):   length line $20000;
MPRINT(EM_COPYFILE):   file _LOG MOD lrecl=20000;
MPRINT(EM_COPYFILE):   fid=fopen("_LOGIN",'i',20000,'v');
MPRINT(EM_COPYFILE):   if fid > 0 then do;
MPRINT(EM_COPYFILE):   do while(^fread(fid));
MPRINT(EM_COPYFILE):   rlen = frlen(fid);
MPRINT(EM_COPYFILE):   rc= fget(fid,line,20000);
MPRINT(EM_COPYFILE):   start = length(line)-length(left(line))+1;
MPRINT(EM_COPYFILE):   line=strip(line);
MPRINT(EM_COPYFILE):   put @start line;
MPRINT(EM_COPYFILE):   end;
MPRINT(EM_COPYFILE):   if fid > 0 then rc=fclose(fid);
MPRINT(EM_COPYFILE):   end;
MPRINT(EM_COPYFILE):   run;
MPRINT(EM_DIAGRAM):  ;
MPRINT(EM_DIAGRAM):   filename _LOGIN;
MPRINT(EM_DIAGRAM):    data _null_;
MPRINT(EM_DIAGRAM):   file _LOG mod;
MPRINT(EM_DIAGRAM):   put _page_;
MPRINT(EM_DIAGRAM):   run;
MPRINT(EM_DIAGRAM):   filename _LOGIN "C:\Users\sakerb01\Desktop\SAS EM 12.3 Tutorials _ 
Projects\Project_3\Workspaces\EMWS1\Neural\EMSCORE.log" encoding="UTF-8" NOBOM;
MPRINT(EM_DIAGRAM):  ;
MPRINT(EM_DIAGRAM):   data _null_;
MPRINT(EM_DIAGRAM):   file _LOG mod;
MPRINT(EM_DIAGRAM):   put _page_;
MPRINT(EM_DIAGRAM):   run;
MPRINT(EM_DIAGRAM):    filename _LOGIN "C:\Users\sakerb01\Desktop\SAS EM 12.3 Tutorials _ 
Projects\Project_3\Workspaces\EMWS1\Neural\EMREPORT.log" encoding="UTF-8" NOBOM;
MPRINT(EM_DIAGRAM):  ;
MPRINT(EM_DIAGRAM):   filename _LOGIN;
MPRINT(EM_DIAGRAM):    filename _LOG;
MPRINT(EM_DIAGRAM):    filename _OUT "C:\Users\sakerb01\Desktop\SAS EM 12.3 Tutorials _ 
Projects\Project_3\Workspaces\EMWS1\Neural\EMOUTPUT.out" encoding="UTF-8" NOBOM;
MPRINT(EM_DIAGRAM):    data _null_;
MPRINT(EM_DIAGRAM):   call symput('NLDATE', strip(put(date(), NLDATE.)));
MPRINT(EM_DIAGRAM):   call symput('NLTIME', strip(put(datetime(), NLTIME.)));
MPRINT(EM_DIAGRAM):   run;
MPRINT(EM_DIAGRAM):   data _null_;
MPRINT(EM_DIAGRAM):   nldate= sasmsg("sashelp.dmine", "log_date_note", 'N', "November 04, 
2015" );
MPRINT(EM_DIAGRAM):   nltime= sasmsg("sashelp.dmine", "log_time_note", 'N', "07:40:07" );
MPRINT(EM_DIAGRAM):   file _OUT;
MPRINT(EM_DIAGRAM):   put "*------------------------------------------------------------*";
MPRINT(EM_DIAGRAM):   put "User:                sakerb01";
MPRINT(EM_DIAGRAM):   put nldate;
MPRINT(EM_DIAGRAM):   put nltime;
MPRINT(EM_DIAGRAM):   put "*------------------------------------------------------------*";
MPRINT(EM_DIAGRAM):   put "* Training Output";
MPRINT(EM_DIAGRAM):   put "*------------------------------------------------------------*";
MPRINT(EM_DIAGRAM):   run;
MPRINT(EM_DIAGRAM):    filename _OUTIN "C:\Users\sakerb01\Desktop\SAS EM 12.3 Tutorials _ 
Projects\Project_3\Workspaces\EMWS1\Neural\EMTRAIN.out" encoding="UTF-8" NOBOM;
MPRINT(EM_DIAGRAM):   ;
MPRINT(EM_COPYFILE):   data _null_;
MPRINT(EM_COPYFILE):   length line $20000;
MPRINT(EM_COPYFILE):   file _OUT MOD lrecl=20000;
MPRINT(EM_COPYFILE):   fid=fopen("_OUTIN",'i',20000,'v');
MPRINT(EM_COPYFILE):   if fid > 0 then do;
MPRINT(EM_COPYFILE):   do while(^fread(fid));
MPRINT(EM_COPYFILE):   rlen = frlen(fid);
MPRINT(EM_COPYFILE):   rc= fget(fid,line,20000);
MPRINT(EM_COPYFILE):   start = length(line)-length(left(line))+1;
MPRINT(EM_COPYFILE):   line=strip(line);
MPRINT(EM_COPYFILE):   put @start line;
MPRINT(EM_COPYFILE):   end;
MPRINT(EM_COPYFILE):   if fid > 0 then rc=fclose(fid);
MPRINT(EM_COPYFILE):   end;
MPRINT(EM_COPYFILE):   run;
MPRINT(EM_DIAGRAM):  ;
MPRINT(EM_DIAGRAM):   filename _OUTIN;
MPRINT(EM_DIAGRAM):    data _null_;
MPRINT(EM_DIAGRAM):   file _OUT mod;
MPRINT(EM_DIAGRAM):   put _page_;
MPRINT(EM_DIAGRAM):   put // "*------------------------------------------------------------*";
MPRINT(EM_DIAGRAM):   put "* Score Output";
MPRINT(EM_DIAGRAM):   put "*------------------------------------------------------------*";
MPRINT(EM_DIAGRAM):   run;
MPRINT(EM_DIAGRAM):    filename _OUTIN "C:\Users\sakerb01\Desktop\SAS EM 12.3 Tutorials _ 
Projects\Project_3\Workspaces\EMWS1\Neural\EMSCORE.out" encoding="UTF-8" NOBOM;
MPRINT(EM_DIAGRAM):  ;
MPRINT(EM_DIAGRAM):   filename _OUTIN;
MPRINT(EM_DIAGRAM):    data _null_;
MPRINT(EM_DIAGRAM):   file _OUT mod;
MPRINT(EM_DIAGRAM):   put _page_;
MPRINT(EM_DIAGRAM):   put // "*------------------------------------------------------------*";
MPRINT(EM_DIAGRAM):   put "* Report Output";
MPRINT(EM_DIAGRAM):   put "*------------------------------------------------------------*";
MPRINT(EM_DIAGRAM):   run;
MPRINT(EM_DIAGRAM):    filename _OUTIN "C:\Users\sakerb01\Desktop\SAS EM 12.3 Tutorials _ 
Projects\Project_3\Workspaces\EMWS1\Neural\EMREPORT.out" encoding="UTF-8" NOBOM;
MPRINT(EM_DIAGRAM):  ;
MPRINT(EM_DIAGRAM):   filename _OUTIN;
MPRINT(EM_DIAGRAM):    filename _OUT;
MPRINT(EM_DIAGRAM):    filename _emtool_ 'C:\Users\sakerb01\Desktop\SAS EM 12.3 Tutorials _ 
Projects\Project_3\Workspaces\EMWS1\Neural\EMRUNSTATUS.xml' encoding="UTF-8" NOBOM;
71109      proc freq data=EMWS1.Neural_VariableSet noprint;
MPRINT(EM_DIAGRAM):    proc freq data=EMWS1.Neural_VariableSet noprint;
71110      table ROLE*LEVEL/out=WORK.NeuralMETA;
MPRINT(EM_DIAGRAM):   table ROLE*LEVEL/out=WORK.NeuralMETA;
71111      run;
MPRINT(EM_DIAGRAM):   run;

NOTE: There were 8 observations read from the data set EMWS1.NEURAL_VARIABLESET.
NOTE: The data set WORK.NEURALMETA has 3 observations and 4 variables.
NOTE: PROCEDURE FREQ used (Total process time):
      real time           0.03 seconds
      cpu time            0.03 seconds
      

71112      proc print data=WORK.NeuralMETA label noobs;
MPRINT(EM_DIAGRAM):   proc print data=WORK.NeuralMETA label noobs;
71113      var ROLE LEVEL COUNT;
MPRINT(EM_DIAGRAM):   var ROLE LEVEL COUNT;
71114      label ROLE = "%sysfunc(sasmsg(sashelp.dmine, meta_role_vlabel, NOQUOTE))" LEVEL =
71114    ! "%sysfunc(sasmsg(sashelp.dmine, meta_level_vlabel, NOQUOTE))" COUNT =
71114    ! "%sysfunc(sasmsg(sashelp.dmine, rpt_count_vlabel, NOQUOTE))";
MPRINT(EM_DIAGRAM):   label ROLE = "Role" LEVEL = "Measurement Level" COUNT = "Frequency 
Count";
71115      title9 ' ';
MPRINT(EM_DIAGRAM):   title9 ' ';
71116      title10 "%sysfunc(sasmsg(sashelp.dmine, rpt_varSummary_title  , NOQUOTE))";
MPRINT(EM_DIAGRAM):   title10 "Variable Summary";
MPRINT(EM_DIAGRAM):   run;
71117      run;

NOTE: There were 3 observations read from the data set WORK.NEURALMETA.
NOTE: The PROCEDURE PRINT printed page 37.
NOTE: PROCEDURE PRINT used (Total process time):
      real time           0.01 seconds
      cpu time            0.01 seconds
      

71118      title10;
MPRINT(EM_DIAGRAM):   title10;
71119      %let EMNORLEN = %DMNORLEN;
MPRINT(EM_DIAGRAM):   
EMWS1.Varsel_TRAIN EMWS1.Varsel_TRAIN 
EMWS1.Varsel_TRAIN EMWS1.Varsel_TRAIN EMWS1 Varsel_TRAIN 
EMWS1.Varsel_TRAIN EMWS1.Varsel_TRAIN 
EMWS1.Varsel_TRAIN EMWS1.Varsel_TRAIN EMWS1 Varsel_TRAIN 
MPRINT(EM_DIAGRAM):    proc dmdb data=EMWS1.Varsel_TRAIN 
classout=WORK._DMDBCLASSTARGET(keep=NAME NRAW CRAW LEVEL FREQUENCY NMISSPERCENT);
MPRINT(EM_DIAGRAM):   class BAD(DESC) ;
MPRINT(EM_DIAGRAM):   run;
Executing  SASHELP.EMCORE.EMINFOITERATOR.SCL _INIT >> 
Executing  SASHELP.EMCORE.EMINFOITERATOR.SCL setMetaData >> 
Executing  SASHELP.EMCORE.EMINFOITERATOR.SCL next >> 
Executing  SASHELP.EMCORE.EMINFOITERATOR.SCL next >> 
Executing  SASHELP.EMCORE.EMINFOITERATOR.SCL setMetaData >> 
Executing  SASHELP.EMCORE.EMINFOITERATOR.SCL next >> 
Executing  SASHELP.EMCORE.EMINFOITERATOR.SCL next >> 
Executing  SASHELP.EMCORE.EMINFOITERATOR.SCL _term >> 
MPRINT(EM_DIAGRAM):    data _null_;
MPRINT(EM_DIAGRAM):   set WORK._DMDBCLASSTARGET;
MPRINT(EM_DIAGRAM):   where ^(NRAW eq . and CRAW eq '') and NAME="BAD";
MPRINT(EM_DIAGRAM):   if _N_=1 then call symput('_newevent', strip(LEVEL));
MPRINT(EM_DIAGRAM):   run;
MPRINT(EM_DIAGRAM):   proc sort data=WORK._DMDBCLASSTARGET out=_TEMPCLASS(keep=LEVEL FREQUENCY 
NMISSPERCENT rename=(LEVEL=BAD));
MPRINT(EM_DIAGRAM):   by LEVEL;
MPRINT(EM_DIAGRAM):   where ^(NRAW eq . and CRAW eq '') and NAME="BAD";
MPRINT(EM_DIAGRAM):   run;
MPRINT(EM_DIAGRAM):   data _TEMPCLASS;
MPRINT(EM_DIAGRAM):   set _TEMPCLASS;
MPRINT(EM_DIAGRAM):   NMISSPERCENT= NMISSPERCENT/100;
MPRINT(EM_DIAGRAM):   run;
>>>>>>>>>>>>>> TARGET(   NAME='BAD' 
                         ROLE='TARGET' 
                         LEVEL='BINARY' 
                         ORDER='' 
                         CREATOR='' 
                         FORMATTYPE='' 
                         FAMILY='' 
                         LOWERLIMIT=. 
                         UPPERLIMIT=. 
                         REPORT='N' 
                         DISTRIBUTION='' 
                         COMMENT='' 
                         PRICE=. 
                         TYPE='N' 
                         LABEL='' 
                         FORMAT='' 
                         INFORMAT='' 
                         INDEX='N' 
                         INDEXTYPE='NONE' 
                         LENGTH=8 
                         USE='Y' 
                      )[30927] 
MPRINT(EM_DIAGRAM):   
MPRINT(HPDM_PERFORMANCE):  ;
PERFORMANCE  DETAILS
MPRINT(EM_DIAGRAM):  ;
MPRINT(EM_DIAGRAM):    *------------------------------------------------------------* ;
MPRINT(EM_DIAGRAM):   * EM: DMDBClass Macro ;
MPRINT(EM_DIAGRAM):   *------------------------------------------------------------* ;
MPRINT(EM_DIAGRAM):   *------------------------------------------------------------* ;
MPRINT(EM_DIAGRAM):   * EM: DMDBVar Macro ;
MPRINT(EM_DIAGRAM):   *------------------------------------------------------------* ;
MPRINT(EM_DIAGRAM):   *------------------------------------------------------------*;
MPRINT(EM_DIAGRAM):   * EM: Create DMDB;
MPRINT(EM_DIAGRAM):   *------------------------------------------------------------*;
MPRINT(EM_DIAGRAM):   proc dmdb batch data=EMWS1.Varsel_TRAIN dmdbcat=WORK.EM_DMDB maxlevel = 
513 ;
MPRINT(EM_DIAGRAM):   class
MPRINT(DMDBCLASS):   BAD(DESC)
MPRINT(EM_DIAGRAM):  ;
MPRINT(EM_DIAGRAM):   target BAD ;
MPRINT(EM_DIAGRAM):   run;
MPRINT(EM_DIAGRAM):   quit;
MPRINT(EM_DIAGRAM):   *--- end code ---*;
WORK.EM_DMDB WORK.EM_DMDB 
WORK.EM_DMDB WORK.EM_DMDB WORK EM_DMDB 
MPRINT(EM_DIAGRAM):    proc datasets lib=EMWS1 nolist;
MPRINT(EM_DIAGRAM):   modify Neural_BAD_DD(type=PROFIT label= BAD);
MPRINT(EM_DIAGRAM):   run;
MPRINT(EM_DIAGRAM):   quit;
MPRINT(EM_DIAGRAM):    *------------------------------------------------------------*;
MPRINT(EM_DIAGRAM):   * Neural: Determine decision variables for BAD;
MPRINT(EM_DIAGRAM):   *------------------------------------------------------------*;
MPRINT(EM_DIAGRAM):   data WORK.Neural_SCORE;
MPRINT(EM_DIAGRAM):   set EMWS1.Varsel_TRAIN;
MPRINT(EM_DIAGRAM):   keep BAD;
MPRINT(EM_DIAGRAM):   keep 'P_BAD1'n;
MPRINT(EM_DIAGRAM):   'P_BAD1'n = 0.5;
MPRINT(EM_DIAGRAM):   keep 'P_BAD0'n;
MPRINT(EM_DIAGRAM):   'P_BAD0'n = 0.5;
MPRINT(EM_DIAGRAM):   if _N_=1 then do;
MPRINT(EM_DIAGRAM):   output;
MPRINT(EM_DIAGRAM):   stop;
MPRINT(EM_DIAGRAM):   end;
MPRINT(EM_DIAGRAM):   run;
MPRINT(EM_DIAGRAM):    data EMWS1.Neural_BAD_DM;
MPRINT(EM_DIAGRAM):   set EMWS1.Neural_BAD_DM;
MPRINT(EM_DIAGRAM):   where _TYPE_ ^in('FREQ', 'BESTPROFIT', 'COMPUTEDPROFIT', 
'EXPECTEDPROFIT', 'BESTLOSS', 'COMPUTEDLOSS', 'EXPECTEDLOSS', 'ROI', 'INVESTMENTCOST', 
'MODELDECISION');
MPRINT(EM_DIAGRAM):   run;
MPRINT(EM_DIAGRAM):    proc datasets lib=work nolist;
MPRINT(EM_DIAGRAM):   modify BAD(type=PROFIT label= BAD);
MPRINT(EM_DIAGRAM):   label DECISION1= '1';
MPRINT(EM_DIAGRAM):   label DECISION2= '0';
MPRINT(EM_DIAGRAM):   run;
MPRINT(EM_DIAGRAM):   quit;
MPRINT(EM_DIAGRAM):    data EMWS1.Neural_BAD_DM;
MPRINT(EM_DIAGRAM):   set EMWS1.Neural_BAD_DM end=eof;
MPRINT(EM_DIAGRAM):   output;
MPRINT(EM_DIAGRAM):   if eof then do;
MPRINT(EM_DIAGRAM):   end;
MPRINT(EM_DIAGRAM):   run;
71204      data WORK.Neural_EVENT(KEEP=VARIABLE LABEL LEVEL EVENT NUMLEVELS ORDER);
MPRINT(EM_DIAGRAM):    data WORK.Neural_EVENT(KEEP=VARIABLE LABEL LEVEL EVENT NUMLEVELS ORDER);
71205      length ORDER $20;
MPRINT(EM_DIAGRAM):   length ORDER $20;
71206      label VARIABLE = "%sysfunc(sasmsg(sashelp.dmine, rpt_target_vlabel,  NOQUOTE))"
71206    ! EVENT = "%sysfunc(sasmsg(sashelp.dmine, assmt_event_vlabel, NOQUOTE))" NUMLEVELS =
71206    ! "%sysfunc(sasmsg(sashelp.dmine, rpt_numcat_vlabel, NOQUOTE))" LEVEL =
71207         "%sysfunc(sasmsg(sashelp.dmine, meta_level_vlabel, NOQUOTE))" ORDER =
71207    ! "%sysfunc(sasmsg(sashelp.dmine, meta_order_vlabel, NOQUOTE))" LABEL =
71207    ! "%sysfunc(sasmsg(sashelp.dmine, meta_label_vlabel, NOQUOTE))";
MPRINT(EM_DIAGRAM):   label VARIABLE = "Target" EVENT = "Event" NUMLEVELS = "Number of Levels" 
LEVEL = "Measurement Level" ORDER = "Order" LABEL = "Label";
71208      set EMWS1.NEURAL_BAD_DM( where=(_TYPE_="TARGET"));
MPRINT(EM_DIAGRAM):   set EMWS1.NEURAL_BAD_DM( where=(_TYPE_="TARGET"));
71209      NumLevels=2;
MPRINT(EM_DIAGRAM):   NumLevels=2;
71210      select(upcase(ORDER));
MPRINT(EM_DIAGRAM):   select(upcase(ORDER));
71211      when('DESC') ORDER = 'Descending';
MPRINT(EM_DIAGRAM):   when('DESC') ORDER = 'Descending';
71212      when('ASC') ORDER = 'Ascending';
MPRINT(EM_DIAGRAM):   when('ASC') ORDER = 'Ascending';
71213      when('FMTDESC') ORDER = 'Formatted Descending';
MPRINT(EM_DIAGRAM):   when('FMTDESC') ORDER = 'Formatted Descending';
71214      when('FMTASC') ORDER = 'Formatted Ascending';
MPRINT(EM_DIAGRAM):   when('FMTASC') ORDER = 'Formatted Ascending';
71215      otherwise ORDER = 'Descending';
MPRINT(EM_DIAGRAM):   otherwise ORDER = 'Descending';
71216      end;
MPRINT(EM_DIAGRAM):   end;
71217      output;
MPRINT(EM_DIAGRAM):   output;
71218      run;
MPRINT(EM_DIAGRAM):   run;

NOTE: There were 1 observations read from the data set EMWS1.NEURAL_BAD_DM.
      WHERE _TYPE_='TARGET';
NOTE: The data set WORK.NEURAL_EVENT has 1 observations and 6 variables.
NOTE: DATA statement used (Total process time):
      real time           0.06 seconds
      cpu time            0.06 seconds
      

71219      title9 ' ';
MPRINT(EM_DIAGRAM):   title9 ' ';
71220      proc print data=WORK.Neural_EVENT noobs label;
MPRINT(EM_DIAGRAM):   proc print data=WORK.Neural_EVENT noobs label;
71221      var VARIABLE EVENT LEVEL NUMLEVELS ORDER LABEL;
MPRINT(EM_DIAGRAM):   var VARIABLE EVENT LEVEL NUMLEVELS ORDER LABEL;
71222      title9 ' ';
MPRINT(EM_DIAGRAM):   title9 ' ';
71223      title10 "%sysfunc(sasmsg(sashelp.dmine, rpt_modelEvent_title  , NOQUOTE))";
MPRINT(EM_DIAGRAM):   title10 "Model Events";
MPRINT(EM_DIAGRAM):   run;
71224      run;

NOTE: There were 1 observations read from the data set WORK.NEURAL_EVENT.
NOTE: The PROCEDURE PRINT printed page 38.
NOTE: PROCEDURE PRINT used (Total process time):
      real time           0.01 seconds
      cpu time            0.01 seconds
      

71225      title10;
MPRINT(EM_DIAGRAM):   title10;
"No decisions defined for target "BAD"." 
71226      proc print data = EMWS1.Neural_BAD_DM noobs label;
MPRINT(EM_DIAGRAM):    proc print data = EMWS1.Neural_BAD_DM noobs label;
71227      var _type_ variable label;
MPRINT(EM_DIAGRAM):   var _type_ variable label;
71228      where _type_ ^in('MATRIX', 'DECISION', 'TRAINPRIOR', 'DATAPRIOR', 'DECPRIOR');
MPRINT(EM_DIAGRAM):   where _type_ ^in('MATRIX', 'DECISION', 'TRAINPRIOR', 'DATAPRIOR', 
'DECPRIOR');
71229      label _TYPE_ = "%sysfunc(sasmsg(sashelp.dmine, rpt_type_vlabel,     NOQUOTE))"
71229    ! VARIABLE = "%sysfunc(sasmsg(sashelp.dmine, rpt_variable_vlabel, NOQUOTE))" LABEL =
71229    ! "%sysfunc(sasmsg(sashelp.dmine, meta_label_vlabel, NOQUOTE))";
MPRINT(EM_DIAGRAM):   label _TYPE_ = "Type" VARIABLE = "Variable" LABEL = "Label";
71230      title9 ' ';
MPRINT(EM_DIAGRAM):   title9 ' ';
71231      title10 "%sysfunc(sasmsg(sashelp.dmine, rpt_predDecVars_title  , NOQUOTE))";
MPRINT(EM_DIAGRAM):   title10 "Predicted and decision variables";
MPRINT(EM_DIAGRAM):   run;
71232      run;

NOTE: There were 7 observations read from the data set EMWS1.NEURAL_BAD_DM.
      WHERE _type_ not in ('DATAPRIOR', 'DECISION', 'DECPRIOR', 'MATRIX', 'TRAINPRIOR');
NOTE: The PROCEDURE PRINT printed page 39.
NOTE: PROCEDURE PRINT used (Total process time):
      real time           0.03 seconds
      cpu time            0.03 seconds
      

71233      title10;
MPRINT(EM_DIAGRAM):   title10;
MPRINT(EM_DIAGRAM):    *------------------------------------------------------------*;
MPRINT(EM_DIAGRAM):   * Neural: Preparing metadata for training;
MPRINT(EM_DIAGRAM):   ;
MPRINT(EM_DIAGRAM):   *------------------------------------------------------------*;
MPRINT(EM_DIAGRAM):   data WORK.M24AM32J;
MPRINT(EM_DIAGRAM):   set WORK.M24AM32J;
MPRINT(EM_DIAGRAM):   where(use = 'Y' or (role = 'INPUT' and use = 'D'));
MPRINT(EM_DIAGRAM):   if (role = 'REJECTED') then role = 'INPUT';
MPRINT(EM_DIAGRAM):   run;
71243      data WORK.M24AM32J;
MPRINT(EM_DIAGRAM):    data WORK.M24AM32J;
71244      set WORK.M24AM32J end=eof;
MPRINT(EM_DIAGRAM):   set WORK.M24AM32J end=eof;
71245      output;
MPRINT(EM_DIAGRAM):   output;
71246      if eof then do;
MPRINT(EM_DIAGRAM):   if eof then do;
71247      NAME="";
MPRINT(EM_DIAGRAM):   NAME="";
71248      ROLE="COST";
MPRINT(EM_DIAGRAM):   ROLE="COST";
71249      LEVEL="INTERVAL";
MPRINT(EM_DIAGRAM):   LEVEL="INTERVAL";
71250      TYPE="N";
MPRINT(EM_DIAGRAM):   TYPE="N";
71251      output;
MPRINT(EM_DIAGRAM):   output;
71252      end;
MPRINT(EM_DIAGRAM):   end;
71253      run;
MPRINT(EM_DIAGRAM):   run;

NOTE: There were 8 observations read from the data set WORK.M24AM32J.
NOTE: The data set WORK.M24AM32J has 9 observations and 21 variables.
NOTE: DATA statement used (Total process time):
      real time           0.01 seconds
      cpu time            0.01 seconds
      

NOTE: There were 2 observations read from the data set EMWS1.NEURAL_BAD_DD.
NOTE: The data set WORK.BAD has 2 observations and 7 variables.
71254      *------------------------------------------------------------*;
MPRINT(EM_DIAGRAM):    *------------------------------------------------------------*;
71255      * Neural: Create decision matrix;
MPRINT(EM_DIAGRAM):   * Neural: Create decision matrix;
71256      *------------------------------------------------------------*;
MPRINT(EM_DIAGRAM):   *------------------------------------------------------------*;
71257      data WORK.BAD(label="BAD");
MPRINT(EM_DIAGRAM):   data WORK.BAD(label="BAD");
71258        length   BAD                              $  32
71259                 COUNT                                8
71260                 DATAPRIOR                            8
71261                 TRAINPRIOR                           8
71262                 DECPRIOR                             8
71263                 DECISION1                            8
71264                 DECISION2                            8
71265                 ;
MPRINT(EM_DIAGRAM):   length BAD $ 32 COUNT 8 DATAPRIOR 8 TRAINPRIOR 8 DECPRIOR 8 DECISION1 8 
DECISION2 8 ;
71266      
71267        label    COUNT="Level Counts"
71268                 DATAPRIOR="Data Proportions"
71269                 TRAINPRIOR="Training Proportions"
71270                 DECPRIOR="Decision Priors"
71271                 DECISION1="1"
71272                 DECISION2="0"
71273                 ;
MPRINT(EM_DIAGRAM):   label COUNT= "Level Counts" DATAPRIOR= "Data Proportions" TRAINPRIOR= 
"Training Proportions" DECPRIOR= "Decision Priors" DECISION1= "1" DECISION2= "0" ;
71274      BAD="1"; COUNT=594; DATAPRIOR=0.19939577039274; TRAINPRIOR=0.19939577039274;
71274    ! DECPRIOR=.; DECISION1=1; DECISION2=0;
MPRINT(EM_DIAGRAM):   BAD="1";
MPRINT(EM_DIAGRAM):   COUNT=594;
MPRINT(EM_DIAGRAM):   DATAPRIOR=0.19939577039274;
MPRINT(EM_DIAGRAM):   TRAINPRIOR=0.19939577039274;
MPRINT(EM_DIAGRAM):   DECPRIOR=.;
MPRINT(EM_DIAGRAM):   DECISION1=1;
MPRINT(EM_DIAGRAM):   DECISION2=0;
71275      output;
MPRINT(EM_DIAGRAM):   output;
71276      BAD="0"; COUNT=2385; DATAPRIOR=0.80060422960725; TRAINPRIOR=0.80060422960725;
71276    ! DECPRIOR=.; DECISION1=0; DECISION2=1;
MPRINT(EM_DIAGRAM):   BAD="0";
MPRINT(EM_DIAGRAM):   COUNT=2385;
MPRINT(EM_DIAGRAM):   DATAPRIOR=0.80060422960725;
MPRINT(EM_DIAGRAM):   TRAINPRIOR=0.80060422960725;
MPRINT(EM_DIAGRAM):   DECPRIOR=.;
MPRINT(EM_DIAGRAM):   DECISION1=0;
MPRINT(EM_DIAGRAM):   DECISION2=1;
71277      output;
MPRINT(EM_DIAGRAM):   output;
71278      ;
MPRINT(EM_DIAGRAM):   ;
71279      run;
MPRINT(EM_DIAGRAM):   run;

NOTE: The data set WORK.BAD has 2 observations and 7 variables.
NOTE: DATA statement used (Total process time):
      real time           0.01 seconds
      cpu time            0.01 seconds
      

71280      proc datasets lib=work nolist;
MPRINT(EM_DIAGRAM):   proc datasets lib=work nolist;
71281      modify BAD(type=PROFIT label=BAD);
MPRINT(EM_DIAGRAM):   modify BAD(type=PROFIT label= BAD);
MPRINT(EM_DIAGRAM):   label DECISION1= '1';
MPRINT(EM_DIAGRAM):   label DECISION2= '0';
MPRINT(EM_DIAGRAM):   run;
71282      label DECISION1= '1';
71283      label DECISION2= '0';
71284      run;

NOTE: MODIFY was successful for WORK.BAD.DATA.
71285      quit;
MPRINT(EM_DIAGRAM):   quit;

NOTE: PROCEDURE DATASETS used (Total process time):
      real time           0.04 seconds
      cpu time            0.04 seconds
      

71286      data EM_Neural;
MPRINT(EM_DIAGRAM):   data EM_Neural;
71287      set EMWS1.Varsel_TRAIN(keep=
71288      BAD G_IMP_JOB IMP_CLAGE IMP_DEBTINC IMP_DELINQ IMP_DEROG IMP_NINQ IMP_YOJ );
MPRINT(EM_DIAGRAM):   set EMWS1.Varsel_TRAIN(keep= BAD G_IMP_JOB IMP_CLAGE IMP_DEBTINC 
IMP_DELINQ IMP_DEROG IMP_NINQ IMP_YOJ );
71289      run;
MPRINT(EM_DIAGRAM):   run;

NOTE: There were 2979 observations read from the data set EMWS1.PART_TRAIN.
NOTE: View EMWS1.VARSEL_TRAIN.VIEW used (Total process time):
      real time           0.12 seconds
      cpu time            0.12 seconds
      
NOTE: There were 2979 observations read from the data set EMWS1.IMPT_TRAIN.
NOTE: There were 2979 observations read from the data set EMWS1.VARSEL_TRAIN.
NOTE: The data set WORK.EM_NEURAL has 2979 observations and 8 variables.
NOTE: DATA statement used (Total process time):
      real time           0.17 seconds
      cpu time            0.17 seconds
      

MPRINT(EM_DIAGRAM):   *------------------------------------------------------------* ;
MPRINT(EM_DIAGRAM):   * Neural: DMDBClass Macro ;
MPRINT(EM_DIAGRAM):   *------------------------------------------------------------* ;
71290      *------------------------------------------------------------* ;
71291      * Neural: DMDBClass Macro ;
71292      *------------------------------------------------------------* ;
71293      %macro DMDBClass;
71294          BAD(DESC) G_IMP_JOB(ASC)
71295      %mend DMDBClass;
71296      *------------------------------------------------------------* ;
MPRINT(EM_DIAGRAM):   *------------------------------------------------------------* ;
71297      * Neural: DMDBVar Macro ;
MPRINT(EM_DIAGRAM):   * Neural: DMDBVar Macro ;
71298      *------------------------------------------------------------* ;
MPRINT(EM_DIAGRAM):   *------------------------------------------------------------* ;
71299      %macro DMDBVar;
71300          IMP_CLAGE IMP_DEBTINC IMP_DELINQ IMP_DEROG IMP_NINQ IMP_YOJ
71301      %mend DMDBVar;
71302      *------------------------------------------------------------*;
MPRINT(EM_DIAGRAM):   *------------------------------------------------------------*;
71303      * Neural: Create DMDB;
MPRINT(EM_DIAGRAM):   * Neural: Create DMDB;
71304      *------------------------------------------------------------*;
MPRINT(EM_DIAGRAM):   *------------------------------------------------------------*;
71305      proc dmdb batch data=WORK.EM_Neural
71306      dmdbcat=WORK.Neural_DMDB
71307      maxlevel = 513
71308      ;
MPRINT(EM_DIAGRAM):   proc dmdb batch data=WORK.EM_Neural dmdbcat=WORK.Neural_DMDB maxlevel = 
513 ;
MPRINT(EM_DIAGRAM):   class
71309      class %DMDBClass;
MPRINT(DMDBCLASS):   BAD(DESC) G_IMP_JOB(ASC)
MPRINT(EM_DIAGRAM):  ;
MPRINT(EM_DIAGRAM):   var
71310      var %DMDBVar;
MPRINT(DMDBVAR):   IMP_CLAGE IMP_DEBTINC IMP_DELINQ IMP_DEROG IMP_NINQ IMP_YOJ
MPRINT(EM_DIAGRAM):  ;
71311      target
71312      BAD
71313      ;
MPRINT(EM_DIAGRAM):   target BAD ;
71314      run;
MPRINT(EM_DIAGRAM):   run;

NOTE: Records processed = 2979   Memory used = 511K.
NOTE: There were 2979 observations read from the data set WORK.EM_NEURAL.
NOTE: PROCEDURE DMDB used (Total process time):
      real time           0.03 seconds
      cpu time            0.01 seconds
      

MPRINT(EM_DIAGRAM):   quit;
MPRINT(EM_DIAGRAM):   *--- end code ---*;
71315      quit;
71316      *--- end code ---*;

71317      *------------------------------------------------------------* ;
MPRINT(EM_DIAGRAM):    *------------------------------------------------------------* ;
71318      * Neural: Interval Input Variables Macro ;
MPRINT(EM_DIAGRAM):   * Neural: Interval Input Variables Macro ;
71319      *------------------------------------------------------------* ;
MPRINT(EM_DIAGRAM):   *------------------------------------------------------------* ;
71320      %macro INTINPUTS;
71321          IMP_CLAGE IMP_DEBTINC IMP_DELINQ IMP_DEROG IMP_NINQ IMP_YOJ
71322      %mend INTINPUTS;
71323      *------------------------------------------------------------* ;
MPRINT(EM_DIAGRAM):   *------------------------------------------------------------* ;
71324      * Neural: Binary Inputs Macro ;
MPRINT(EM_DIAGRAM):   * Neural: Binary Inputs Macro ;
71325      *------------------------------------------------------------* ;
MPRINT(EM_DIAGRAM):   *------------------------------------------------------------* ;
71326      %macro BININPUTS;
71327      
71328      %mend BININPUTS;
71329      *------------------------------------------------------------* ;
MPRINT(EM_DIAGRAM):   *------------------------------------------------------------* ;
71330      * Neural: Nominal Inputs Macro ;
MPRINT(EM_DIAGRAM):   * Neural: Nominal Inputs Macro ;
71331      *------------------------------------------------------------* ;
MPRINT(EM_DIAGRAM):   *------------------------------------------------------------* ;
71332      %macro NOMINPUTS;
71333          G_IMP_JOB
71334      %mend NOMINPUTS;
71335      *------------------------------------------------------------* ;
MPRINT(EM_DIAGRAM):   *------------------------------------------------------------* ;
71336      * Neural: Ordinal Inputs Macro ;
MPRINT(EM_DIAGRAM):   * Neural: Ordinal Inputs Macro ;
71337      *------------------------------------------------------------* ;
MPRINT(EM_DIAGRAM):   *------------------------------------------------------------* ;
71338      %macro ORDINPUTS;
71339      
71340      %mend ORDINPUTS;
71341      *------------------------------------------------------------*;
MPRINT(EM_DIAGRAM):   *------------------------------------------------------------*;
71342      * Neural Network Training;
MPRINT(EM_DIAGRAM):   * Neural Network Training;
71343      ;
MPRINT(EM_DIAGRAM):   ;
71344      *------------------------------------------------------------*;
MPRINT(EM_DIAGRAM):   *------------------------------------------------------------*;
71345      proc neural data=EM_Neural dmdbcat=WORK.Neural_DMDB
71346      validdata = EMWS1.Varsel_VALIDATE
71347      random=12345
71348      ;
MPRINT(EM_DIAGRAM):   proc neural data=EM_Neural dmdbcat=WORK.Neural_DMDB validdata = 
EMWS1.Varsel_VALIDATE random=12345 ;
71349      nloptions
71350      ;
MPRINT(EM_DIAGRAM):   nloptions ;
71351      performance alldetails noutilfile;
MPRINT(EM_DIAGRAM):   performance alldetails noutilfile;
71352      netopts
71353      decay=0;
MPRINT(EM_DIAGRAM):   netopts decay=0;
MPRINT(EM_DIAGRAM):   input
71354      input %INTINPUTS / level=interval id=intvl
MPRINT(INTINPUTS):   IMP_CLAGE IMP_DEBTINC IMP_DELINQ IMP_DEROG IMP_NINQ IMP_YOJ
71355      ;
MPRINT(EM_DIAGRAM):   / level=interval id=intvl ;
MPRINT(EM_DIAGRAM):   input
71356      input %NOMINPUTS / level=nominal id=nom
MPRINT(NOMINPUTS):   G_IMP_JOB
71357      ;
MPRINT(EM_DIAGRAM):   / level=nominal id=nom ;
71358      target BAD / level=NOMINAL id=BAD
71359      bias
71360      ;
MPRINT(EM_DIAGRAM):   target BAD / level=NOMINAL id=BAD bias ;
71361      arch MLP
71362      Hidden=5
71363      ;
MPRINT(EM_DIAGRAM):   arch MLP Hidden=5 ;
71364      Prelim 5 preiter=10
71365      pretime=3600
71366      Outest=EMWS1.Neural_PRELIM_OUTEST
71367      ;
MPRINT(EM_DIAGRAM):   Prelim 5 preiter=10 pretime=3600 Outest=EMWS1.Neural_PRELIM_OUTEST ;
NOTE:  Synchronizing the objectives and the Solution.
NOTE: LEVMAR Optimization cannot be completed.
NOTE: LEVMAR needs more than 10 iterations or 2147483647 function calls.
NOTE: LEVMAR Optimization cannot be completed.
NOTE: LEVMAR needs more than 10 iterations or 2147483647 function calls.
NOTE: LEVMAR Optimization cannot be completed.
NOTE: LEVMAR needs more than 10 iterations or 2147483647 function calls.
NOTE: LEVMAR Optimization cannot be completed.
NOTE: LEVMAR needs more than 10 iterations or 2147483647 function calls.
NOTE: LEVMAR Optimization cannot be completed.
NOTE: LEVMAR needs more than 10 iterations or 2147483647 function calls.
NOTE: The data set EMWS1.NEURAL_PRELIM_OUTEST has 11 observations and 76 variables.
71368      save network=EMWS1.Neural_NETWORK.dm_neural;
MPRINT(EM_DIAGRAM):   save network=EMWS1.Neural_NETWORK.dm_neural;
NOTE: Entry EMWS1.NEURAL_NETWORK.DM_NEURAL has been opened.
NOTE: Entry EMWS1.NEURAL_NETWORK.DM_NEURAL has been closed.
71369      train Maxiter=50
71370      maxtime=14400
71371      Outest=EMWS1.Neural_outest estiter=1
71372      Outfit=EMWS1.Neural_OUTFIT
71373      ;
MPRINT(EM_DIAGRAM):   train Maxiter=50 maxtime=14400 Outest=EMWS1.Neural_outest estiter=1 
Outfit=EMWS1.Neural_OUTFIT ;
WARNING: LEVMAR Optimization cannot be completed.
NOTE: LEVMAR needs more than 50 iterations or 2147483647 function calls.
NOTE: The data set EMWS1.NEURAL_OUTEST has 114 observations and 76 variables.
NOTE: The data set EMWS1.NEURAL_OUTFIT has 104 observations and 36 variables.
71374      run;
MPRINT(EM_DIAGRAM):   run;

NOTE: The data set WORK.EM_NEURAL has 2979 observations and 8 variables.
NOTE: The data set EMWS1.VARSEL_VALIDATE has . observations and 27 variables.
NOTE: There were 2981 observations read from the data set EMWS1.PART_VALIDATE.
NOTE: View EMWS1.VARSEL_VALIDATE.VIEW used (Total process time):
      real time           10.32 seconds
      cpu time            10.26 seconds
      
NOTE: There were 2981 observations read from the data set EMWS1.IMPT_VALIDATE.
NOTE: Closing the Neural Application.
NOTE: The PROCEDURE NEURAL printed pages 40-43.
NOTE: PROCEDURE NEURAL used (Total process time):
      real time           10.36 seconds
      cpu time            10.29 seconds
      

MPRINT(EM_DIAGRAM):   quit;
71375      quit;

71376      proc sort data=EMWS1.Neural_OUTFIT(where=(_iter_ ne . and _NAME_="OVERALL"))
71376    ! out=fit_Neural;
MPRINT(EM_DIAGRAM):    proc sort data=EMWS1.Neural_OUTFIT(where=(_iter_ ne . and 
_NAME_="OVERALL")) out=fit_Neural;
71377      by _VAVERR_;
MPRINT(EM_DIAGRAM):   by _VAVERR_;
71378      run;
MPRINT(EM_DIAGRAM):   run;

NOTE: There were 52 observations read from the data set EMWS1.NEURAL_OUTFIT.
      WHERE (_iter_ not = .) and (_NAME_='OVERALL');
NOTE: The data set WORK.FIT_NEURAL has 52 observations and 36 variables.
NOTE: PROCEDURE SORT used (Total process time):
      real time           0.01 seconds
      cpu time            0.01 seconds
      

71379      %GLOBAL ITER;
71380      data _null_;
MPRINT(EM_DIAGRAM):   data _null_;
71381      set fit_Neural(obs=1);
MPRINT(EM_DIAGRAM):   set fit_Neural(obs=1);
71382      call symput('ITER',put(_ITER_, 6.));
MPRINT(EM_DIAGRAM):   call symput('ITER',put(_ITER_, 6.));
71383      run;
MPRINT(EM_DIAGRAM):   run;

NOTE: There were 1 observations read from the data set WORK.FIT_NEURAL.
NOTE: DATA statement used (Total process time):
      real time           0.00 seconds
      cpu time            0.00 seconds
      

71384      data EMWS1.Neural_INITIAL;
MPRINT(EM_DIAGRAM):   data EMWS1.Neural_INITIAL;
71385      set EMWS1.Neural_outest(where=(_ITER_ eq &ITER and _OBJ_ ne .));
MPRINT(EM_DIAGRAM):   set EMWS1.Neural_outest(where=(_ITER_ eq 49 and _OBJ_ ne .));
71386      run;
MPRINT(EM_DIAGRAM):   run;

NOTE: There were 1 observations read from the data set EMWS1.NEURAL_OUTEST.
      WHERE (_ITER_=49) and (_OBJ_ not = .);
NOTE: The data set EMWS1.NEURAL_INITIAL has 1 observations and 76 variables.
NOTE: DATA statement used (Total process time):
      real time           0.04 seconds
      cpu time            0.03 seconds
      

71387      *------------------------------------------------------------*;
MPRINT(EM_DIAGRAM):    *------------------------------------------------------------*;
71388      * Neural Network Model Selection;
MPRINT(EM_DIAGRAM):   * Neural Network Model Selection;
71389      ;
MPRINT(EM_DIAGRAM):   ;
71390      *------------------------------------------------------------*;
MPRINT(EM_DIAGRAM):   *------------------------------------------------------------*;
71391      proc neural data=EM_Neural dmdbcat=WORK.Neural_DMDB
71392      validdata = EMWS1.Varsel_VALIDATE
71393      network = EMWS1.Neural_NETWORK.dm_neural
71394      random=12345
71395      ;
MPRINT(EM_DIAGRAM):   proc neural data=EM_Neural dmdbcat=WORK.Neural_DMDB validdata = 
EMWS1.Varsel_VALIDATE network = EMWS1.Neural_NETWORK.dm_neural random=12345 ;
NOTE: Entry EMWS1.NEURAL_NETWORK.DM_NEURAL has been opened.
NOTE: Entry EMWS1.NEURAL_NETWORK.DM_NEURAL has been closed.
71396      nloptions noprint;
MPRINT(EM_DIAGRAM):   nloptions noprint;
71397      performance alldetails noutilfile;
MPRINT(EM_DIAGRAM):   performance alldetails noutilfile;
71398      initial inest=EMWS1.Neural_INITIAL;
MPRINT(EM_DIAGRAM):   initial inest=EMWS1.Neural_INITIAL;
NOTE: The data set EMWS1.NEURAL_INITIAL has 1 observations and 76 variables.
71399      train tech=NONE;
MPRINT(EM_DIAGRAM):   train tech=NONE;
NOTE: No optimization performed.
71400      code file="C:\Users\sakerb01\Desktop\SAS EM 12.3 Tutorials _
71400    ! Projects\Project_3\Workspaces\EMWS1\Neural\SCORECODE.sas"
71401      group=Neural
71402      ;
MPRINT(EM_DIAGRAM):   code file="C:\Users\sakerb01\Desktop\SAS EM 12.3 Tutorials _ 
Projects\Project_3\Workspaces\EMWS1\Neural\SCORECODE.sas" group=Neural ;
NOTE: External file C:\Users\sakerb01\Desktop\SAS EM 12.3 Tutorials _ 
      Projects\Project_3\Workspaces\EMWS1\Neural\SCORECODE.sas opened.
71403      ;
MPRINT(EM_DIAGRAM):   ;
71404      code file="C:\Users\sakerb01\Desktop\SAS EM 12.3 Tutorials _
71404    ! Projects\Project_3\Workspaces\EMWS1\Neural\RESIDUALSCORECODE.sas"
71405      group=Neural
71406      residual
71407      ;
MPRINT(EM_DIAGRAM):   code file="C:\Users\sakerb01\Desktop\SAS EM 12.3 Tutorials _ 
Projects\Project_3\Workspaces\EMWS1\Neural\RESIDUALSCORECODE.sas" group=Neural residual ;
NOTE: External file C:\Users\sakerb01\Desktop\SAS EM 12.3 Tutorials _ 
      Projects\Project_3\Workspaces\EMWS1\Neural\RESIDUALSCORECODE.sas opened.
71408      ;
MPRINT(EM_DIAGRAM):   ;
71409      score data=EMWS1.Varsel_TRAIN out=_NULL_
NOTE: View EMWS1.VARSEL_TRAIN.VIEW used (Total process time):
      real time           0.17 seconds
      cpu time            0.15 seconds
      
71410      outfit=WORK.FIT1
71411      role=TRAIN
71412      outkey=EMWS1.Neural_OUTKEY;
MPRINT(EM_DIAGRAM):   score data=EMWS1.Varsel_TRAIN out=_NULL_ outfit=WORK.FIT1 role=TRAIN 
outkey=EMWS1.Neural_OUTKEY;
NOTE: The data set EMWS1.NEURAL_OUTKEY has 27 observations and 8 variables.
NOTE: The data set EMWS1.VARSEL_TRAIN has . observations and 27 variables.
NOTE: There were 2979 observations read from the data set EMWS1.PART_TRAIN.
NOTE: There were 2979 observations read from the data set EMWS1.IMPT_TRAIN.
NOTE: The data set WORK.FIT1 has 2 observations and 23 variables.
71413      score data=EMWS1.Varsel_VALIDATE out=_NULL_
NOTE: View EMWS1.VARSEL_VALIDATE.VIEW used (Total process time):
      real time           0.14 seconds
      cpu time            0.14 seconds
      
71414      outfit=WORK.FIT2
71415      role=VALID
71416      outkey=EMWS1.Neural_OUTKEY;
MPRINT(EM_DIAGRAM):   score data=EMWS1.Varsel_VALIDATE out=_NULL_ outfit=WORK.FIT2 role=VALID 
outkey=EMWS1.Neural_OUTKEY;
NOTE: The data set EMWS1.NEURAL_OUTKEY has 27 observations and 8 variables.
NOTE: The data set EMWS1.VARSEL_VALIDATE has . observations and 27 variables.
NOTE: There were 2981 observations read from the data set EMWS1.PART_VALIDATE.
NOTE: There were 2981 observations read from the data set EMWS1.IMPT_VALIDATE.
NOTE: The data set WORK.FIT2 has 2 observations and 15 variables.
71417      run;
MPRINT(EM_DIAGRAM):   run;

NOTE: The data set WORK.EM_NEURAL has 2979 observations and 8 variables.
NOTE: The data set EMWS1.VARSEL_VALIDATE has . observations and 27 variables.
NOTE: There were 2981 observations read from the data set EMWS1.PART_VALIDATE.
NOTE: View EMWS1.VARSEL_VALIDATE.VIEW used (Total process time):
      real time           0.71 seconds
      cpu time            0.67 seconds
      
NOTE: There were 2981 observations read from the data set EMWS1.IMPT_VALIDATE.
NOTE: Closing the Neural Application.
NOTE: PROCEDURE NEURAL used (Total process time):
      real time           0.75 seconds
      cpu time            0.70 seconds
      

MPRINT(EM_DIAGRAM):   quit;
71418      quit;
71419      data EMWS1.Neural_OUTFIT;
MPRINT(EM_DIAGRAM):   data EMWS1.Neural_OUTFIT;
71420      merge WORK.FIT1 WORK.FIT2;
MPRINT(EM_DIAGRAM):   merge WORK.FIT1 WORK.FIT2;
71421      run;
MPRINT(EM_DIAGRAM):   run;

NOTE: There were 2 observations read from the data set WORK.FIT1.
NOTE: There were 2 observations read from the data set WORK.FIT2.
NOTE: The data set EMWS1.NEURAL_OUTFIT has 2 observations and 36 variables.
NOTE: DATA statement used (Total process time):
      real time           0.01 seconds
      cpu time            0.00 seconds
      

71422      data EMWS1.Neural_EMESTIMATE;
MPRINT(EM_DIAGRAM):   data EMWS1.Neural_EMESTIMATE;
71423      set EMWS1.Neural_outest;
MPRINT(EM_DIAGRAM):   set EMWS1.Neural_outest;
71424      if _type_ ^in('HESSIAN' 'GRAD');
MPRINT(EM_DIAGRAM):   if _type_ ^in('HESSIAN' 'GRAD');
71425      run;
MPRINT(EM_DIAGRAM):   run;

NOTE: There were 114 observations read from the data set EMWS1.NEURAL_OUTEST.
NOTE: The data set EMWS1.NEURAL_EMESTIMATE has 52 observations and 76 variables.
NOTE: DATA statement used (Total process time):
      real time           0.01 seconds
      cpu time            0.01 seconds
      

71426      proc datasets lib=work nolist;
MPRINT(EM_DIAGRAM):   proc datasets lib=work nolist;
71427      delete EM_Neural;
MPRINT(EM_DIAGRAM):   delete EM_Neural;
71428      run;
MPRINT(EM_DIAGRAM):   run;

NOTE: Deleting WORK.EM_NEURAL (memtype=DATA).
71429      quit;
MPRINT(EM_DIAGRAM):   quit;

NOTE: PROCEDURE DATASETS used (Total process time):
      real time           0.04 seconds
      cpu time            0.04 seconds
      

71430      data EMWS1.Neural_PLOTDS(where=(_iter_ ne . and _NAME_="OVERALL"));
MPRINT(EM_DIAGRAM):    data EMWS1.Neural_PLOTDS(where=(_iter_ ne . and _NAME_="OVERALL"));
71431      set fit_Neural;
MPRINT(EM_DIAGRAM):   set fit_Neural;
71432      attrib _ITER_ label="%sysfunc(sasmsg(sashelp.dmine, rpt_trainiterations_vlabel  ,
71432    ! NOQUOTE))";
MPRINT(EM_DIAGRAM):   attrib _ITER_ label="Training Iterations";
71433      attrib _NAME_ label="%sysfunc(sasmsg(sashelp.dmine, rpt_varsel_label_name  ,
71433    ! NOQUOTE))";
MPRINT(EM_DIAGRAM):   attrib _NAME_ label="Name";
71434      run;
MPRINT(EM_DIAGRAM):   run;

NOTE: There were 52 observations read from the data set WORK.FIT_NEURAL.
NOTE: The data set EMWS1.NEURAL_PLOTDS has 52 observations and 36 variables.
NOTE: DATA statement used (Total process time):
      real time           0.03 seconds
      cpu time            0.03 seconds
      

71435      proc sort data=EMWS1.Neural_PLOTDS;
MPRINT(EM_DIAGRAM):   proc sort data=EMWS1.Neural_PLOTDS;
71436      by _ITER_;
MPRINT(EM_DIAGRAM):   by _ITER_;
71437      run;
MPRINT(EM_DIAGRAM):   run;

NOTE: There were 52 observations read from the data set EMWS1.NEURAL_PLOTDS.
NOTE: The data set EMWS1.NEURAL_PLOTDS has 52 observations and 36 variables.
NOTE: PROCEDURE SORT used (Total process time):
      real time           0.01 seconds
      cpu time            0.01 seconds
      

71438      data tempweight (drop= _tech_ _decay_ _seed_ _nobj_ _obj_ _objerr_ _averr_ _p_num_
71438    ! where=(_type_ eq "PARMS" and _iter_ eq 49) );
MPRINT(EM_DIAGRAM):    data tempweight (drop= _tech_ _decay_ _seed_ _nobj_ _obj_ _objerr_ 
_averr_ _p_num_ where=(_type_ eq "PARMS" and _iter_ eq 49) );
71439      set EMWS1.Neural_EMESTIMATE;
MPRINT(EM_DIAGRAM):   set EMWS1.Neural_EMESTIMATE;
71440      run;
MPRINT(EM_DIAGRAM):   run;

NOTE: There were 52 observations read from the data set EMWS1.NEURAL_EMESTIMATE.
NOTE: The data set WORK.TEMPWEIGHT has 1 observations and 68 variables.
NOTE: DATA statement used (Total process time):
      real time           0.01 seconds
      cpu time            0.01 seconds
      

71441      proc sort;
MPRINT(EM_DIAGRAM):   proc sort;
71442      by _name_;
MPRINT(EM_DIAGRAM):   by _name_;
71443      run;
MPRINT(EM_DIAGRAM):   run;

NOTE: There were 1 observations read from the data set WORK.TEMPWEIGHT.
NOTE: The data set WORK.TEMPWEIGHT has 1 observations and 68 variables.
NOTE: PROCEDURE SORT used (Total process time):
      real time           0.01 seconds
      cpu time            0.01 seconds
      

71444      proc transpose data=tempweight out=EMWS1.Neural_WEIGHTDS;
MPRINT(EM_DIAGRAM):   proc transpose data=tempweight out=EMWS1.Neural_WEIGHTDS;
71445      by _name_;
MPRINT(EM_DIAGRAM):   by _name_;
71446      run;
MPRINT(EM_DIAGRAM):   run;

NOTE: There were 1 observations read from the data set WORK.TEMPWEIGHT.
NOTE: The data set EMWS1.NEURAL_WEIGHTDS has 66 observations and 3 variables.
NOTE: PROCEDURE TRANSPOSE used (Total process time):
      real time           0.03 seconds
      cpu time            0.03 seconds
      

71447      data EMWS1.Neural_WEIGHTDS;
MPRINT(EM_DIAGRAM):   data EMWS1.Neural_WEIGHTDS;
71448      set EMWS1.Neural_WEIGHTDS;
MPRINT(EM_DIAGRAM):   set EMWS1.Neural_WEIGHTDS;
71449      FROM = trim(left(scan(_LABEL_, 1, '->')));
MPRINT(EM_DIAGRAM):   FROM = trim(left(scan(_LABEL_, 1, '->')));
71450      TO = trim(left(scan(_LABEL_, 2, '>')));
MPRINT(EM_DIAGRAM):   TO = trim(left(scan(_LABEL_, 2, '>')));
71451      WEIGHT = COL1;
MPRINT(EM_DIAGRAM):   WEIGHT = COL1;
71452      if (TO eq '') or (FROM eq '') then delete;
MPRINT(EM_DIAGRAM):   if (TO eq '') or (FROM eq '') then delete;
71453      label _LABEL_ ="%sysfunc(sasmsg(sashelp.dmine, meta_label_vlabel  , NOQUOTE))" FROM
71453    ! = "%sysfunc(sasmsg(sashelp.dmine, rpt_from_vlabel  , NOQUOTE))" TO =
71453    ! "%sysfunc(sasmsg(sashelp.dmine, rpt_into_vlabel  , NOQUOTE))" WEIGHT =
71454         "%sysfunc(sasmsg(sashelp.dmine, rpt_weight_vlabel  , NOQUOTE))";
MPRINT(EM_DIAGRAM):   label _LABEL_ = "Label" FROM = "From" TO = "Into" WEIGHT = "Weight";
71455      keep FROM TO WEIGHT _LABEL_;
MPRINT(EM_DIAGRAM):   keep FROM TO WEIGHT _LABEL_;
71456      run;
MPRINT(EM_DIAGRAM):   run;

NOTE: There were 66 observations read from the data set EMWS1.NEURAL_WEIGHTDS.
NOTE: The data set EMWS1.NEURAL_WEIGHTDS has 61 observations and 4 variables.
NOTE: DATA statement used (Total process time):
      real time           0.04 seconds
      cpu time            0.03 seconds
      

71457      proc sort data=EMWS1.Neural_WEIGHTDS nodupkey;
MPRINT(EM_DIAGRAM):   proc sort data=EMWS1.Neural_WEIGHTDS nodupkey;
71458      by _LABEL_;
MPRINT(EM_DIAGRAM):   by _LABEL_;
71459      run;
MPRINT(EM_DIAGRAM):   run;

NOTE: There were 61 observations read from the data set EMWS1.NEURAL_WEIGHTDS.
NOTE: 0 observations with duplicate key values were deleted.
NOTE: The data set EMWS1.NEURAL_WEIGHTDS has 61 observations and 4 variables.
NOTE: PROCEDURE SORT used (Total process time):
      real time           0.01 seconds
      cpu time            0.01 seconds
      

MPRINT(EM_DIAGRAM):    proc printto;
MPRINT(EM_DIAGRAM):   run;
