MPRINT(EM_DIAGRAM):    data _null_;
MPRINT(EM_DIAGRAM):   call symput('NLDATE', strip(put(date(), NLDATE.)));
MPRINT(EM_DIAGRAM):   call symput('NLTIME', strip(put(datetime(), NLTIME.)));
MPRINT(EM_DIAGRAM):   run;
MPRINT(EM_DIAGRAM):   data _null_;
MPRINT(EM_DIAGRAM):   nldate= sasmsg("sashelp.dmine", "log_date_note", 'N', "November 04, 2015" );
MPRINT(EM_DIAGRAM):   nltime= sasmsg("sashelp.dmine", "log_time_note", 'N', "07:39:14" );
MPRINT(EM_DIAGRAM):   put "*------------------------------------------------------------*";
MPRINT(EM_DIAGRAM):   put "* Training Log";
MPRINT(EM_DIAGRAM):   put nldate;
MPRINT(EM_DIAGRAM):   put nltime;
MPRINT(EM_DIAGRAM):   put "*------------------------------------------------------------*";
MPRINT(EM_DIAGRAM):   run;
*------------------------------------------------------------*
* Training Log
Date:                November 04, 2015
Time:                07:39:14
*------------------------------------------------------------*
MPRINT(EM_DIAGRAM):    filename O10L2HPF "C:\Users\sakerb01\Desktop\SAS EM 12.3 Tutorials _ Projects\Project_3\Workspaces\EMWS1\Trans\EMTRAIN.out" encoding="UTF-8" NOBOM;
MPRINT(EM_DIAGRAM):   proc printto print=O10L2HPF new;
MPRINT(EM_DIAGRAM):   run;
MPRINT(EM_DIAGRAM):    filename _LOG "C:\Users\sakerb01\Desktop\SAS EM 12.3 Tutorials _ Projects\Project_3\Workspaces\EMWS1\Trans\EMLOG.log" encoding="UTF-8" NOBOM;
MPRINT(EM_DIAGRAM):    data _null_;
MPRINT(EM_DIAGRAM):   call symput('NLDATE', strip(put(date(), NLDATE.)));
MPRINT(EM_DIAGRAM):   call symput('NLTIME', strip(put(datetime(), NLTIME.)));
MPRINT(EM_DIAGRAM):   run;
MPRINT(EM_DIAGRAM):   data _null_;
MPRINT(EM_DIAGRAM):   nldate= sasmsg("sashelp.dmine", "log_date_note", 'N', "November 04, 2015" );
MPRINT(EM_DIAGRAM):   nltime= sasmsg("sashelp.dmine", "log_time_note", 'N', "07:39:14" );
MPRINT(EM_DIAGRAM):   file _LOG;
MPRINT(EM_DIAGRAM):   put "*------------------------------------------------------------*";
MPRINT(EM_DIAGRAM):   put "User:                sakerb01";
MPRINT(EM_DIAGRAM):   put nldate;
MPRINT(EM_DIAGRAM):   put nltime;
MPRINT(EM_DIAGRAM):   put "Site:                70080760";
MPRINT(EM_DIAGRAM):   put "Platform:            X64_7PRO";
MPRINT(EM_DIAGRAM):   put "Maintenance Release: 9.04.01M1P120413";
MPRINT(EM_DIAGRAM):   put "EM Version:          13.1";
MPRINT(EM_DIAGRAM):   put "* ";
MPRINT(EM_DIAGRAM):   run;
MPRINT(EM_DIAGRAM):    filename _LOGIN "C:\Users\sakerb01\Desktop\SAS EM 12.3 Tutorials _ Projects\Project_3\Workspaces\EMWS1\Trans\EMTRAIN.log" encoding="UTF-8" NOBOM;
MPRINT(EM_COPYFILE):   data _null_;
MPRINT(EM_COPYFILE):   length line $20000;
MPRINT(EM_COPYFILE):   file _LOG MOD lrecl=20000;
MPRINT(EM_COPYFILE):   fid=fopen("_LOGIN",'i',20000,'v');
MPRINT(EM_COPYFILE):   if fid > 0 then do;
MPRINT(EM_COPYFILE):   do while(^fread(fid));
MPRINT(EM_COPYFILE):   rlen = frlen(fid);
MPRINT(EM_COPYFILE):   rc= fget(fid,line,20000);
MPRINT(EM_COPYFILE):   start = length(line)-length(left(line))+1;
MPRINT(EM_COPYFILE):   line=strip(line);
MPRINT(EM_COPYFILE):   put @start line;
MPRINT(EM_COPYFILE):   end;
MPRINT(EM_COPYFILE):   if fid > 0 then rc=fclose(fid);
MPRINT(EM_COPYFILE):   end;
MPRINT(EM_COPYFILE):   run;
MPRINT(EM_DIAGRAM):  ;
MPRINT(EM_DIAGRAM):   filename _LOGIN;
MPRINT(EM_DIAGRAM):    data _null_;
MPRINT(EM_DIAGRAM):   file _LOG mod;
MPRINT(EM_DIAGRAM):   put _page_;
MPRINT(EM_DIAGRAM):   run;
MPRINT(EM_DIAGRAM):   filename _LOGIN "C:\Users\sakerb01\Desktop\SAS EM 12.3 Tutorials _ Projects\Project_3\Workspaces\EMWS1\Trans\EMSCORE.log" encoding="UTF-8" NOBOM;
MPRINT(EM_DIAGRAM):  ;
MPRINT(EM_DIAGRAM):   data _null_;
MPRINT(EM_DIAGRAM):   file _LOG mod;
MPRINT(EM_DIAGRAM):   put _page_;
MPRINT(EM_DIAGRAM):   run;
MPRINT(EM_DIAGRAM):    filename _LOGIN "C:\Users\sakerb01\Desktop\SAS EM 12.3 Tutorials _ Projects\Project_3\Workspaces\EMWS1\Trans\EMREPORT.log" encoding="UTF-8" NOBOM;
MPRINT(EM_DIAGRAM):  ;
MPRINT(EM_DIAGRAM):   filename _LOGIN;
MPRINT(EM_DIAGRAM):    filename _LOG;
MPRINT(EM_DIAGRAM):    filename _OUT "C:\Users\sakerb01\Desktop\SAS EM 12.3 Tutorials _ Projects\Project_3\Workspaces\EMWS1\Trans\EMOUTPUT.out" encoding="UTF-8" NOBOM;
MPRINT(EM_DIAGRAM):    data _null_;
MPRINT(EM_DIAGRAM):   call symput('NLDATE', strip(put(date(), NLDATE.)));
MPRINT(EM_DIAGRAM):   call symput('NLTIME', strip(put(datetime(), NLTIME.)));
MPRINT(EM_DIAGRAM):   run;
MPRINT(EM_DIAGRAM):   data _null_;
MPRINT(EM_DIAGRAM):   nldate= sasmsg("sashelp.dmine", "log_date_note", 'N', "November 04, 2015" );
MPRINT(EM_DIAGRAM):   nltime= sasmsg("sashelp.dmine", "log_time_note", 'N', "07:39:14" );
MPRINT(EM_DIAGRAM):   file _OUT;
MPRINT(EM_DIAGRAM):   put "*------------------------------------------------------------*";
MPRINT(EM_DIAGRAM):   put "User:                sakerb01";
MPRINT(EM_DIAGRAM):   put nldate;
MPRINT(EM_DIAGRAM):   put nltime;
MPRINT(EM_DIAGRAM):   put "*------------------------------------------------------------*";
MPRINT(EM_DIAGRAM):   put "* Training Output";
MPRINT(EM_DIAGRAM):   put "*------------------------------------------------------------*";
MPRINT(EM_DIAGRAM):   run;
MPRINT(EM_DIAGRAM):    filename _OUTIN "C:\Users\sakerb01\Desktop\SAS EM 12.3 Tutorials _ Projects\Project_3\Workspaces\EMWS1\Trans\EMTRAIN.out" encoding="UTF-8" NOBOM;
MPRINT(EM_DIAGRAM):   ;
MPRINT(EM_COPYFILE):   data _null_;
MPRINT(EM_COPYFILE):   length line $20000;
MPRINT(EM_COPYFILE):   file _OUT MOD lrecl=20000;
MPRINT(EM_COPYFILE):   fid=fopen("_OUTIN",'i',20000,'v');
MPRINT(EM_COPYFILE):   if fid > 0 then do;
MPRINT(EM_COPYFILE):   do while(^fread(fid));
MPRINT(EM_COPYFILE):   rlen = frlen(fid);
MPRINT(EM_COPYFILE):   rc= fget(fid,line,20000);
MPRINT(EM_COPYFILE):   start = length(line)-length(left(line))+1;
MPRINT(EM_COPYFILE):   line=strip(line);
MPRINT(EM_COPYFILE):   put @start line;
MPRINT(EM_COPYFILE):   end;
MPRINT(EM_COPYFILE):   if fid > 0 then rc=fclose(fid);
MPRINT(EM_COPYFILE):   end;
MPRINT(EM_COPYFILE):   run;
MPRINT(EM_DIAGRAM):  ;
MPRINT(EM_DIAGRAM):   filename _OUTIN;
MPRINT(EM_DIAGRAM):    data _null_;
MPRINT(EM_DIAGRAM):   file _OUT mod;
MPRINT(EM_DIAGRAM):   put _page_;
MPRINT(EM_DIAGRAM):   put // "*------------------------------------------------------------*";
MPRINT(EM_DIAGRAM):   put "* Score Output";
MPRINT(EM_DIAGRAM):   put "*------------------------------------------------------------*";
MPRINT(EM_DIAGRAM):   run;
MPRINT(EM_DIAGRAM):    filename _OUTIN "C:\Users\sakerb01\Desktop\SAS EM 12.3 Tutorials _ Projects\Project_3\Workspaces\EMWS1\Trans\EMSCORE.out" encoding="UTF-8" NOBOM;
MPRINT(EM_DIAGRAM):  ;
MPRINT(EM_DIAGRAM):   filename _OUTIN;
MPRINT(EM_DIAGRAM):    data _null_;
MPRINT(EM_DIAGRAM):   file _OUT mod;
MPRINT(EM_DIAGRAM):   put _page_;
MPRINT(EM_DIAGRAM):   put // "*------------------------------------------------------------*";
MPRINT(EM_DIAGRAM):   put "* Report Output";
MPRINT(EM_DIAGRAM):   put "*------------------------------------------------------------*";
MPRINT(EM_DIAGRAM):   run;
MPRINT(EM_DIAGRAM):    filename _OUTIN "C:\Users\sakerb01\Desktop\SAS EM 12.3 Tutorials _ Projects\Project_3\Workspaces\EMWS1\Trans\EMREPORT.out" encoding="UTF-8" NOBOM;
MPRINT(EM_DIAGRAM):  ;
MPRINT(EM_DIAGRAM):   filename _OUTIN;
MPRINT(EM_DIAGRAM):    filename _OUT;
MPRINT(EM_DIAGRAM):    filename _emtool_ 'C:\Users\sakerb01\Desktop\SAS EM 12.3 Tutorials _ Projects\Project_3\Workspaces\EMWS1\Trans\EMRUNSTATUS.xml' encoding="UTF-8" NOBOM;
33241      proc freq data=EMWS1.Trans_VariableSet noprint;
MPRINT(EM_DIAGRAM):    proc freq data=EMWS1.Trans_VariableSet noprint;
33242      table ROLE*LEVEL/out=WORK.TransMETA;
MPRINT(EM_DIAGRAM):   table ROLE*LEVEL/out=WORK.TransMETA;
33243      run;
MPRINT(EM_DIAGRAM):   run;

NOTE: There were 13 observations read from the data set EMWS1.TRANS_VARIABLESET.
NOTE: The data set WORK.TRANSMETA has 3 observations and 4 variables.
NOTE: PROCEDURE FREQ used (Total process time):
      real time           0.03 seconds
      cpu time            0.03 seconds
      

33244      proc print data=WORK.TransMETA label noobs;
MPRINT(EM_DIAGRAM):   proc print data=WORK.TransMETA label noobs;
33245      var ROLE LEVEL COUNT;
MPRINT(EM_DIAGRAM):   var ROLE LEVEL COUNT;
33246      label ROLE = "%sysfunc(sasmsg(sashelp.dmine, meta_role_vlabel, NOQUOTE))" LEVEL = "%sysfunc(sasmsg(sashelp.dmine, meta_level_vlabel, NOQUOTE))" COUNT = "%sysfunc(sasmsg(sashelp.dmine, rpt_count_vlabel, NOQUOTE))";
MPRINT(EM_DIAGRAM):   label ROLE = "Role" LEVEL = "Measurement Level" COUNT = "Frequency Count";
33247      title9 ' ';
MPRINT(EM_DIAGRAM):   title9 ' ';
33248      title10 "%sysfunc(sasmsg(sashelp.dmine, rpt_varSummary_title  , NOQUOTE))";
MPRINT(EM_DIAGRAM):   title10 "Variable Summary";
MPRINT(EM_DIAGRAM):   run;
33249      run;

NOTE: There were 3 observations read from the data set WORK.TRANSMETA.
NOTE: The PROCEDURE PRINT printed page 11.
NOTE: PROCEDURE PRINT used (Total process time):
      real time           0.01 seconds
      cpu time            0.01 seconds
      

33250      title10;
MPRINT(EM_DIAGRAM):   title10;
33251      data WORK.M0TTTOG1;
MPRINT(EM_DIAGRAM):    data WORK.M0TTTOG1;
33252      set WORK.M0TTTOG1;
MPRINT(EM_DIAGRAM):   set WORK.M0TTTOG1;
33253      if (METHOD='NONE' and ROLE ne 'FREQ') or (role = 'REJECTED' and METHOD = 'DEFAULT') then delete;
MPRINT(EM_DIAGRAM):   if (METHOD='NONE' and ROLE ne 'FREQ') or (role = 'REJECTED' and METHOD = 'DEFAULT') then delete;
33254      run;
MPRINT(EM_DIAGRAM):   run;

NOTE: There were 13 observations read from the data set WORK.M0TTTOG1.
NOTE: The data set WORK.M0TTTOG1 has 13 observations and 22 variables.
NOTE: DATA statement used (Total process time):
      real time           0.00 seconds
      cpu time            0.00 seconds
      

MPRINT(EM_DIAGRAM):   reset noprint;
MPRINT(EM_DIAGRAM):   select count(*) into :_tmpnobs from EMWS1.Impt_TRAIN;
NOTE: View EMWS1.IMPT_TRAIN.VIEW used (Total process time):
      real time           0.06 seconds
      cpu time            0.06 seconds
      
NOTE: There were 2979 observations read from the data set EMWS1.PART_TRAIN.
MPRINT(EM_DIAGRAM):   quit;
33319      *------------------------------------------------------------*;
MPRINT(EM_DIAGRAM):     *------------------------------------------------------------*;
33320      * Trans: Computing Summary Statistics;
MPRINT(EM_DIAGRAM):   * Trans: Computing Summary Statistics;
33321      *------------------------------------------------------------*;
MPRINT(EM_DIAGRAM):   *------------------------------------------------------------*;
33322      data WORK.M3OA02Z0;
MPRINT(EM_DIAGRAM):   data WORK.M3OA02Z0;
33323      set WORK.M3OA02Z0;
MPRINT(EM_DIAGRAM):   set WORK.M3OA02Z0;
33324      if (role = 'REJECTED') then role = 'INPUT';
MPRINT(EM_DIAGRAM):   if (role = 'REJECTED') then role = 'INPUT';
33325      run;
MPRINT(EM_DIAGRAM):   run;

NOTE: There were 13 observations read from the data set WORK.M3OA02Z0.
NOTE: The data set WORK.M3OA02Z0 has 13 observations and 22 variables.
NOTE: DATA statement used (Total process time):
      real time           0.01 seconds
      cpu time            0.01 seconds
      

33326      *------------------------------------------------------------* ;
MPRINT(EM_DIAGRAM):    *------------------------------------------------------------* ;
33327      * EM: DMDBClass Macro ;
MPRINT(EM_DIAGRAM):   * EM: DMDBClass Macro ;
33328      *------------------------------------------------------------* ;
MPRINT(EM_DIAGRAM):   *------------------------------------------------------------* ;
33329      %macro DMDBClass;
33330          BAD(DESC) IMP_JOB(ASC) IMP_REASON(ASC)
33331      %mend DMDBClass;
33332      *------------------------------------------------------------* ;
MPRINT(EM_DIAGRAM):   *------------------------------------------------------------* ;
33333      * EM: DMDBVar Macro ;
MPRINT(EM_DIAGRAM):   * EM: DMDBVar Macro ;
33334      *------------------------------------------------------------* ;
MPRINT(EM_DIAGRAM):   *------------------------------------------------------------* ;
33335      %macro DMDBVar;
33336          IMP_CLAGE IMP_CLNO IMP_DEBTINC IMP_DELINQ IMP_DEROG IMP_MORTDUE IMP_NINQ
33337         IMP_VALUE IMP_YOJ LOAN
33338      %mend DMDBVar;
33339      *------------------------------------------------------------*;
MPRINT(EM_DIAGRAM):   *------------------------------------------------------------*;
33340      * EM: Create DMDB;
MPRINT(EM_DIAGRAM):   * EM: Create DMDB;
33341      *------------------------------------------------------------*;
MPRINT(EM_DIAGRAM):   *------------------------------------------------------------*;
33342      proc dmdb batch data=EMWS1.Impt_TRAIN
33343      dmdbcat=WORK.EM_DMDB
33344      classout=WORK.Transclassout
33345      maxlevel = 513
33346      ;
MPRINT(EM_DIAGRAM):   proc dmdb batch data=EMWS1.Impt_TRAIN dmdbcat=WORK.EM_DMDB classout=WORK.Transclassout maxlevel = 513 ;
MPRINT(EM_DIAGRAM):   class
33347      class %DMDBClass;
MPRINT(DMDBCLASS):   BAD(DESC) IMP_JOB(ASC) IMP_REASON(ASC)
MPRINT(EM_DIAGRAM):  ;
MPRINT(EM_DIAGRAM):   var
33348      var %DMDBVar;
MPRINT(DMDBVAR):   IMP_CLAGE IMP_CLNO IMP_DEBTINC IMP_DELINQ IMP_DEROG IMP_MORTDUE IMP_NINQ IMP_VALUE IMP_YOJ LOAN
MPRINT(EM_DIAGRAM):  ;
33349      target
33350      BAD
33351      ;
MPRINT(EM_DIAGRAM):   target BAD ;
33352      run;
MPRINT(EM_DIAGRAM):   run;

NOTE: Records processed = 2979   Memory used = 511K.
NOTE: View EMWS1.IMPT_TRAIN.VIEW used (Total process time):
      real time           0.07 seconds
      cpu time            0.07 seconds
      
NOTE: There were 2979 observations read from the data set EMWS1.PART_TRAIN.
NOTE: There were 2979 observations read from the data set EMWS1.IMPT_TRAIN.
NOTE: The data set WORK.TRANSCLASSOUT has 10 observations and 9 variables.
NOTE: PROCEDURE DMDB used (Total process time):
      real time           0.11 seconds
      cpu time            0.11 seconds
      

MPRINT(EM_DIAGRAM):   quit;
MPRINT(EM_DIAGRAM):   *--- end code ---*;
33353      quit;
33354      *--- end code ---*;

33355      data WORK.TransINTERVALMETA;
MPRINT(EM_DIAGRAM):    data WORK.TransINTERVALMETA;
33356      set WORK.M0TTTOG1;
MPRINT(EM_DIAGRAM):   set WORK.M0TTTOG1;
33357      if LEVEL ne 'INTERVAL' then delete;
MPRINT(EM_DIAGRAM):   if LEVEL ne 'INTERVAL' then delete;
33358      run;
MPRINT(EM_DIAGRAM):   run;

NOTE: There were 13 observations read from the data set WORK.M0TTTOG1.
NOTE: The data set WORK.TRANSINTERVALMETA has 10 observations and 22 variables.
NOTE: DATA statement used (Total process time):
      real time           0.01 seconds
      cpu time            0.01 seconds
      

33359      *------------------------------------------------------------*;
MPRINT(EM_DIAGRAM):    *------------------------------------------------------------*;
33360      * Trans: Determining Variables to Scale;
MPRINT(EM_DIAGRAM):   * Trans: Determining Variables to Scale;
33361      *------------------------------------------------------------*;
MPRINT(EM_DIAGRAM):   *------------------------------------------------------------*;
33362      data WORK.M33B316Y;
MPRINT(EM_DIAGRAM):   data WORK.M33B316Y;
33363      set WORK.M33B316Y;
MPRINT(EM_DIAGRAM):   set WORK.M33B316Y;
33364      where (TYPE="N" and (METHOD in("MAX_NORM", "MAX_CORR", "EQUALIZE", "OP_MAX_NORM", "OP_EQUALIZE"))) or (ROLE eq "FREQ");
MPRINT(EM_DIAGRAM):   where (TYPE="N" and (METHOD in("MAX_NORM", "MAX_CORR", "EQUALIZE", "OP_MAX_NORM", "OP_EQUALIZE"))) or (ROLE eq "FREQ");
33365      run;
MPRINT(EM_DIAGRAM):   run;

NOTE: There were 0 observations read from the data set WORK.M33B316Y.
      WHERE ((TYPE='N') and METHOD in ('EQUALIZE', 'MAX_CORR', 'MAX_NORM', 'OP_EQUALIZE', 'OP_MAX_NORM')) or (ROLE='FREQ');
NOTE: The data set WORK.M33B316Y has 0 observations and 22 variables.
NOTE: DATA statement used (Total process time):
      real time           0.01 seconds
      cpu time            0.01 seconds
      

NOTE: View EMWS1.IMPT_TRAIN.VIEW used (Total process time):
      real time           0.59 seconds
      cpu time            0.54 seconds
      
33368      %exploreSample(DATA=EMWS1.Impt_TRAIN, OUTPUT=EMWS1.Trans_SAMPLE_DATA, METADATA=EMWS1.Impt_CMeta_TRAIN, VARS=, METHOD=FIRSTN, SIZE=DEFAULT, ALPHA=0.01, PVALUE=0.01, SEED=12345);
MPRINT(EM_DIAGRAM):     
MPRINT(EXPLORESAMPLE):   filename x catalog 'sashelp.emutil.exploreobs.source';
MPRINT(EXPLORESAMPLE):   filename x;
NOTE: Fileref X has been deassigned.
NOTE: EXPLOREOBS EMWS1.Impt_TRAIN : vars= 25 : recl= 196 : max=20000 : def= 2000
MPRINT(EXPLORESAMPLE):   ;
MPRINT(HPDM_PERFORMANCE):  ;
PERFORMANCE  DETAILS
MPRINT(EXPLORESAMPLE):  ;
*------------------------------------------------------------*
* FirstN/Top sample
*------------------------------------------------------------*
MPRINT(EXPLORESAMPLE):   data EMWS1.Trans_SAMPLE_DATA;
MPRINT(EXPLORESAMPLE):   set EMWS1.Impt_TRAIN(obs= 2000 );
MPRINT(EXPLORESAMPLE):   run;

NOTE: View EMWS1.IMPT_TRAIN.VIEW used (Total process time):
      real time           0.07 seconds
      cpu time            0.07 seconds
      
NOTE: There were 2979 observations read from the data set EMWS1.PART_TRAIN.
NOTE: There were 2000 observations read from the data set EMWS1.IMPT_TRAIN.
NOTE: The data set EMWS1.TRANS_SAMPLE_DATA has 2000 observations and 25 variables.
NOTE: DATA statement used (Total process time):
      real time           0.09 seconds
      cpu time            0.09 seconds
      

MPRINT(EM_DIAGRAM):  ;

MPRINT(EM_DIAGRAM):    proc printto;
MPRINT(EM_DIAGRAM):   run;
