NOTE: PROCEDURE PRINTTO used (Total process time):
      real time           0.00 seconds
      cpu time            0.00 seconds
      

Traverser: Traverser invoked.  MPCONNECT command is !sascmdv -nosyntaxcheck -noasynchio -noobjectserver. 
Traverser: Beginning flow traversal 
15780      data _null_;
MPRINT(EM_DIAGRAM):    data _null_;
15781      file emwipmsg;
MPRINT(EM_DIAGRAM):   file emwipmsg;
15782      put '<Node Id="Ids" Event="Run" Pid="2504" Gridid=""/>';
MPRINT(EM_DIAGRAM):   put '<Node Id="Ids" Event="Run" Pid="2504" Gridid=""/>';
15783      run;
MPRINT(EM_DIAGRAM):   run;

NOTE: The file EMWIPMSG is:
      Local Host Name=COB-IT-M21,
      Local Host IP addr=fe80::5c5d:1182:f7ca:ccdf%11,
      Peer Hostname Name=COB-IT-M21.ad.louisville.edu,
      Peer IP addr=127.0.0.1,Peer Name=N/A,
      Peer Portno=65022,Lrecl=32767,Recfm=Variable

NOTE: 1 record was written to the file EMWIPMSG.
      The minimum record length was 49.
      The maximum record length was 49.
NOTE: DATA statement used (Total process time):
      real time           0.01 seconds
      cpu time            0.01 seconds
      

15784      %let emloopmode =;
*------------------------------------------------------------* 
* 
* Ids : Beginning update before running 
* datetime : 04NOV2015:12:10:08 
* 
*------------------------------------------------------------* 
MPRINT(EM_DIAGRAM):     filename _emtool_ 'C:\Users\sakerb01\Desktop\SAS EM 12.3 Tutorials _ Projects\Project_3\Workspaces\EMWS1\Ids\PROPERTIES.xml' encoding="UTF-8" NOBOM;
15786      %let _HPDMGRIDHOST=;
15787      %let _HPDMGRIDINSTALLLOC=;
15788      %let _HPDMGRIDDATASERVER=;
15789      %hpdm_gridSetOPtions;
MPRINT(EM_DIAGRAM):   
MPRINT(HPDM_GRIDSETOPTIONS):   data _null_;
MPRINT(HPDM_GRIDSETOPTIONS):   length optionString string $2000;
MPRINT(HPDM_GRIDSETOPTIONS):   optionString = reverse(getoption('SET'));
MPRINT(HPDM_GRIDSETOPTIONS):   index = index(optionString, reverse('GRIDHOST'));
MPRINT(HPDM_GRIDSETOPTIONS):   if index then do;
MPRINT(HPDM_GRIDSETOPTIONS):   string = reverse(substr(optionString, 1, index-4));
MPRINT(HPDM_GRIDSETOPTIONS):   host = '"'!!strip(tranwrd(scan(string, 1, ']'), '"', ''))!!'"';
MPRINT(HPDM_GRIDSETOPTIONS):   call symput('_HPDMGRIDHOST', strip(host));
MPRINT(HPDM_GRIDSETOPTIONS):   end;
MPRINT(HPDM_GRIDSETOPTIONS):   index = index(optionString, reverse('GRIDINSTALLLOC'));
MPRINT(HPDM_GRIDSETOPTIONS):   if index then do;
MPRINT(HPDM_GRIDSETOPTIONS):   string = reverse(substr(optionString, 1, index-4));
MPRINT(HPDM_GRIDSETOPTIONS):   install = '"'!!strip(tranwrd(scan(string, 1, ']'), '"', ''))!!'"';
MPRINT(HPDM_GRIDSETOPTIONS):   call symput('_HPDMGRIDINSTALLLOC', strip(install));
MPRINT(HPDM_GRIDSETOPTIONS):   end;
MPRINT(HPDM_GRIDSETOPTIONS):   index = index(optionString, reverse('GRIDDATASERVER'));
MPRINT(HPDM_GRIDSETOPTIONS):   if index then do;
MPRINT(HPDM_GRIDSETOPTIONS):   string = reverse(substr(optionString, 1, index-4));
MPRINT(HPDM_GRIDSETOPTIONS):   server = '"'!!strip(tranwrd(scan(string, 1, ']'), '"', ''))!!'"';
MPRINT(HPDM_GRIDSETOPTIONS):   call symput('_HPDMGRIDDATASERVER', strip(server));
MPRINT(HPDM_GRIDSETOPTIONS):   end;
MPRINT(HPDM_GRIDSETOPTIONS):   run;

NOTE: DATA statement used (Total process time):
      real time           0.01 seconds
      cpu time            0.01 seconds
      

MPRINT(EM_DIAGRAM):  ;

*------------------------------------------------------------* 
* 
* Ids : End update 
* datetime : 04NOV2015:12:10:08 
* 
*------------------------------------------------------------* 
15790      %em_getactionstatus(emlib =EMWS1, nodeid=Ids);
MPRINT(EM_DIAGRAM):   
MPRINT(EM_GETACTIONSTATUS):   proc display c=sashelp.emutil.getactionstatus.scl;
MPRINT(EM_GETACTIONSTATUS):   run;

15791      %let em_Train = N;
15792      %let em_Score = N;
15793      %let em_Report = N;
15794      %let em_Run = N;
NOTE: PROCEDURE DISPLAY used (Total process time):
      real time           0.03 seconds
      cpu time            0.00 seconds
      

MPRINT(EM_GETACTIONSTATUS):   
MPRINT(EM_DIAGRAM):  ;

Node "Ids" has already run. 
Node "Ids" succeeded. 
15795      data _null_;
MPRINT(EM_DIAGRAM):    data _null_;
15796      file emwipmsg;
MPRINT(EM_DIAGRAM):   file emwipmsg;
15797      put '<Node Id="Ids" Event="Complete" Pid="2504" Gridid=""/>';
MPRINT(EM_DIAGRAM):   put '<Node Id="Ids" Event="Complete" Pid="2504" Gridid=""/>';
15798      run;
MPRINT(EM_DIAGRAM):   run;

NOTE: The file EMWIPMSG is:
      Local Host Name=COB-IT-M21,
      Local Host IP addr=fe80::5c5d:1182:f7ca:ccdf%11,
      Peer Hostname Name=COB-IT-M21.ad.louisville.edu,
      Peer IP addr=127.0.0.1,Peer Name=N/A,
      Peer Portno=65022,Lrecl=32767,Recfm=Variable

NOTE: 1 record was written to the file EMWIPMSG.
      The minimum record length was 54.
      The maximum record length was 54.
NOTE: DATA statement used (Total process time):
      real time           0.00 seconds
      cpu time            0.00 seconds
      

Traverser: WaitingNode "IMPT" 
Traverser: WaitingNode "VARSEL" 
traverser_readyNode_note 
15799      data _null_;
MPRINT(EM_DIAGRAM):    data _null_;
15800      file emwipmsg;
MPRINT(EM_DIAGRAM):   file emwipmsg;
15801      put '<Node Id="Part" Event="Run" Pid="2504" Gridid=""/>';
MPRINT(EM_DIAGRAM):   put '<Node Id="Part" Event="Run" Pid="2504" Gridid=""/>';
15802      run;
MPRINT(EM_DIAGRAM):   run;

NOTE: The file EMWIPMSG is:
      Local Host Name=COB-IT-M21,
      Local Host IP addr=fe80::5c5d:1182:f7ca:ccdf%11,
      Peer Hostname Name=COB-IT-M21.ad.louisville.edu,
      Peer IP addr=127.0.0.1,Peer Name=N/A,
      Peer Portno=65022,Lrecl=32767,Recfm=Variable

NOTE: 1 record was written to the file EMWIPMSG.
      The minimum record length was 50.
      The maximum record length was 50.
NOTE: DATA statement used (Total process time):
      real time           0.01 seconds
      cpu time            0.01 seconds
      

15803      %let emloopmode =;
*------------------------------------------------------------* 
* 
* Part : Beginning update before running 
* datetime : 04NOV2015:12:10:09 
* 
*------------------------------------------------------------* 
MPRINT(EM_DIAGRAM):     data WORK.Part_FILTERSET;
MPRINT(EM_DIAGRAM):   length PORT $32 USE $1;
MPRINT(EM_DIAGRAM):   DROP DELTACODE APPLYDELTA APPLYSCORE IMPORTPORT;
MPRINT(EM_DIAGRAM):   set EMWS1.Ids_exportSet ;
MPRINT(EM_DIAGRAM):   PORT = '';
MPRINT(EM_DIAGRAM):   USE = '';
MPRINT(EM_DIAGRAM):   where role in( "RAW" "TRAIN" "DOCUMENT" ) and EXPORT = 'Y' ;
MPRINT(EM_DIAGRAM):   run;
MPRINT(EM_DIAGRAM):    filename _emtool_ 'C:\Users\sakerb01\Desktop\SAS EM 12.3 Tutorials _ Projects\Project_3\Workspaces\EMWS1\Part\PROPERTIES.xml' encoding="UTF-8" NOBOM;
15822      %let _HPDMGRIDHOST=;
15823      %let _HPDMGRIDINSTALLLOC=;
15824      %let _HPDMGRIDDATASERVER=;
15825      %hpdm_gridSetOPtions;
MPRINT(EM_DIAGRAM):   
MPRINT(HPDM_GRIDSETOPTIONS):   data _null_;
MPRINT(HPDM_GRIDSETOPTIONS):   length optionString string $2000;
MPRINT(HPDM_GRIDSETOPTIONS):   optionString = reverse(getoption('SET'));
MPRINT(HPDM_GRIDSETOPTIONS):   index = index(optionString, reverse('GRIDHOST'));
MPRINT(HPDM_GRIDSETOPTIONS):   if index then do;
MPRINT(HPDM_GRIDSETOPTIONS):   string = reverse(substr(optionString, 1, index-4));
MPRINT(HPDM_GRIDSETOPTIONS):   host = '"'!!strip(tranwrd(scan(string, 1, ']'), '"', ''))!!'"';
MPRINT(HPDM_GRIDSETOPTIONS):   call symput('_HPDMGRIDHOST', strip(host));
MPRINT(HPDM_GRIDSETOPTIONS):   end;
MPRINT(HPDM_GRIDSETOPTIONS):   index = index(optionString, reverse('GRIDINSTALLLOC'));
MPRINT(HPDM_GRIDSETOPTIONS):   if index then do;
MPRINT(HPDM_GRIDSETOPTIONS):   string = reverse(substr(optionString, 1, index-4));
MPRINT(HPDM_GRIDSETOPTIONS):   install = '"'!!strip(tranwrd(scan(string, 1, ']'), '"', ''))!!'"';
MPRINT(HPDM_GRIDSETOPTIONS):   call symput('_HPDMGRIDINSTALLLOC', strip(install));
MPRINT(HPDM_GRIDSETOPTIONS):   end;
MPRINT(HPDM_GRIDSETOPTIONS):   index = index(optionString, reverse('GRIDDATASERVER'));
MPRINT(HPDM_GRIDSETOPTIONS):   if index then do;
MPRINT(HPDM_GRIDSETOPTIONS):   string = reverse(substr(optionString, 1, index-4));
MPRINT(HPDM_GRIDSETOPTIONS):   server = '"'!!strip(tranwrd(scan(string, 1, ']'), '"', ''))!!'"';
MPRINT(HPDM_GRIDSETOPTIONS):   call symput('_HPDMGRIDDATASERVER', strip(server));
MPRINT(HPDM_GRIDSETOPTIONS):   end;
MPRINT(HPDM_GRIDSETOPTIONS):   run;

NOTE: DATA statement used (Total process time):
      real time           0.01 seconds
      cpu time            0.01 seconds
      

MPRINT(EM_DIAGRAM):  ;

*------------------------------------------------------------* 
* 
* Part : End update 
* datetime : 04NOV2015:12:10:09 
* 
*------------------------------------------------------------* 
15826      %em_getactionstatus(emlib =EMWS1, nodeid=Part);
MPRINT(EM_DIAGRAM):   
MPRINT(EM_GETACTIONSTATUS):   proc display c=sashelp.emutil.getactionstatus.scl;
MPRINT(EM_GETACTIONSTATUS):   run;

15827      proc compare base=EMWS1.Part_emtrainvariable compare=EMWS1.Part_variableSet out=diffDS noprint outnoequal outbase outcomp outdiff;
MPRINT(EM_GETACTIONSTATUS):   proc compare base=EMWS1.Part_emtrainvariable compare=EMWS1.Part_variableSet out=diffDS noprint outnoequal outbase outcomp outdiff;
15828      run;
MPRINT(EM_GETACTIONSTATUS):   run;

NOTE: There were 13 observations read from the data set EMWS1.PART_EMTRAINVARIABLE.
NOTE: There were 13 observations read from the data set EMWS1.PART_VARIABLESET.
NOTE: The data set WORK.DIFFDS has 0 observations and 8 variables.
NOTE: PROCEDURE COMPARE used (Total process time):
      real time           0.01 seconds
      cpu time            0.01 seconds
      

15829      %let diffVar = N;
15830      data _null_;
MPRINT(EM_GETACTIONSTATUS):   data _null_;
15831      set diffDs end=eof;
MPRINT(EM_GETACTIONSTATUS):   set diffDs end=eof;
15832      if eof and _N_>0 then call symput('diffVar', 'Y');
MPRINT(EM_GETACTIONSTATUS):   if eof and _N_>0 then call symput('diffVar', 'Y');
15833      run;
MPRINT(EM_GETACTIONSTATUS):   run;

NOTE: There were 0 observations read from the data set WORK.DIFFDS.
NOTE: DATA statement used (Total process time):
      real time           0.00 seconds
      cpu time            0.00 seconds
      

15834      %let em_Train = N;
15835      %let em_Score = N;
15836      %let em_Report = N;
15837      %let em_Run = N;
NOTE: PROCEDURE DISPLAY used (Total process time):
      real time           0.06 seconds
      cpu time            0.04 seconds
      

MPRINT(EM_GETACTIONSTATUS):    
MPRINT(EM_DIAGRAM):  ;

Node "Part" has already run. 
Node "Part" succeeded. 
15838      data _null_;
MPRINT(EM_DIAGRAM):    data _null_;
15839      file emwipmsg;
MPRINT(EM_DIAGRAM):   file emwipmsg;
15840      put '<Node Id="Part" Event="Complete" Pid="2504" Gridid=""/>';
MPRINT(EM_DIAGRAM):   put '<Node Id="Part" Event="Complete" Pid="2504" Gridid=""/>';
15841      run;
MPRINT(EM_DIAGRAM):   run;

NOTE: The file EMWIPMSG is:
      Local Host Name=COB-IT-M21,
      Local Host IP addr=fe80::5c5d:1182:f7ca:ccdf%11,
      Peer Hostname Name=COB-IT-M21.ad.louisville.edu,
      Peer IP addr=127.0.0.1,Peer Name=N/A,
      Peer Portno=65022,Lrecl=32767,Recfm=Variable

NOTE: 1 record was written to the file EMWIPMSG.
      The minimum record length was 55.
      The maximum record length was 55.
NOTE: DATA statement used (Total process time):
      real time           0.00 seconds
      cpu time            0.00 seconds
      

Traverser: WaitingNode "VARSEL" 
traverser_readyNode_note 
15842      data _null_;
MPRINT(EM_DIAGRAM):    data _null_;
15843      file emwipmsg;
MPRINT(EM_DIAGRAM):   file emwipmsg;
15844      put '<Node Id="Impt" Event="Run" Pid="2504" Gridid=""/>';
MPRINT(EM_DIAGRAM):   put '<Node Id="Impt" Event="Run" Pid="2504" Gridid=""/>';
15845      run;
MPRINT(EM_DIAGRAM):   run;

NOTE: The file EMWIPMSG is:
      Local Host Name=COB-IT-M21,
      Local Host IP addr=fe80::5c5d:1182:f7ca:ccdf%11,
      Peer Hostname Name=COB-IT-M21.ad.louisville.edu,
      Peer IP addr=127.0.0.1,Peer Name=N/A,
      Peer Portno=65022,Lrecl=32767,Recfm=Variable

NOTE: 1 record was written to the file EMWIPMSG.
      The minimum record length was 50.
      The maximum record length was 50.
NOTE: DATA statement used (Total process time):
      real time           0.01 seconds
      cpu time            0.01 seconds
      

15846      %let emloopmode =;
*------------------------------------------------------------* 
* 
* Impt : Beginning update before running 
* datetime : 04NOV2015:12:10:10 
* 
*------------------------------------------------------------* 
MPRINT(EM_DIAGRAM):     data WORK.Impt_FILTERSET;
MPRINT(EM_DIAGRAM):   length PORT $32 USE $1;
MPRINT(EM_DIAGRAM):   DROP DELTACODE APPLYDELTA APPLYSCORE IMPORTPORT;
MPRINT(EM_DIAGRAM):   set EMWS1.Part_exportSet ;
MPRINT(EM_DIAGRAM):   PORT = '';
MPRINT(EM_DIAGRAM):   USE = '';
MPRINT(EM_DIAGRAM):   where role in( "RAW" "TRAIN" "VALIDATE" "TEST" ) and EXPORT = 'Y' ;
MPRINT(EM_DIAGRAM):   run;
MPRINT(EM_DIAGRAM):    filename _emtool_ 'C:\Users\sakerb01\Desktop\SAS EM 12.3 Tutorials _ Projects\Project_3\Workspaces\EMWS1\Impt\PROPERTIES.xml' encoding="UTF-8" NOBOM;
15866      %let _HPDMGRIDHOST=;
15867      %let _HPDMGRIDINSTALLLOC=;
15868      %let _HPDMGRIDDATASERVER=;
15869      %hpdm_gridSetOPtions;
MPRINT(EM_DIAGRAM):   
MPRINT(HPDM_GRIDSETOPTIONS):   data _null_;
MPRINT(HPDM_GRIDSETOPTIONS):   length optionString string $2000;
MPRINT(HPDM_GRIDSETOPTIONS):   optionString = reverse(getoption('SET'));
MPRINT(HPDM_GRIDSETOPTIONS):   index = index(optionString, reverse('GRIDHOST'));
MPRINT(HPDM_GRIDSETOPTIONS):   if index then do;
MPRINT(HPDM_GRIDSETOPTIONS):   string = reverse(substr(optionString, 1, index-4));
MPRINT(HPDM_GRIDSETOPTIONS):   host = '"'!!strip(tranwrd(scan(string, 1, ']'), '"', ''))!!'"';
MPRINT(HPDM_GRIDSETOPTIONS):   call symput('_HPDMGRIDHOST', strip(host));
MPRINT(HPDM_GRIDSETOPTIONS):   end;
MPRINT(HPDM_GRIDSETOPTIONS):   index = index(optionString, reverse('GRIDINSTALLLOC'));
MPRINT(HPDM_GRIDSETOPTIONS):   if index then do;
MPRINT(HPDM_GRIDSETOPTIONS):   string = reverse(substr(optionString, 1, index-4));
MPRINT(HPDM_GRIDSETOPTIONS):   install = '"'!!strip(tranwrd(scan(string, 1, ']'), '"', ''))!!'"';
MPRINT(HPDM_GRIDSETOPTIONS):   call symput('_HPDMGRIDINSTALLLOC', strip(install));
MPRINT(HPDM_GRIDSETOPTIONS):   end;
MPRINT(HPDM_GRIDSETOPTIONS):   index = index(optionString, reverse('GRIDDATASERVER'));
MPRINT(HPDM_GRIDSETOPTIONS):   if index then do;
MPRINT(HPDM_GRIDSETOPTIONS):   string = reverse(substr(optionString, 1, index-4));
MPRINT(HPDM_GRIDSETOPTIONS):   server = '"'!!strip(tranwrd(scan(string, 1, ']'), '"', ''))!!'"';
MPRINT(HPDM_GRIDSETOPTIONS):   call symput('_HPDMGRIDDATASERVER', strip(server));
MPRINT(HPDM_GRIDSETOPTIONS):   end;
MPRINT(HPDM_GRIDSETOPTIONS):   run;

NOTE: DATA statement used (Total process time):
      real time           0.00 seconds
      cpu time            0.00 seconds
      

MPRINT(EM_DIAGRAM):  ;

*------------------------------------------------------------* 
* 
* Impt : End update 
* datetime : 04NOV2015:12:10:10 
* 
*------------------------------------------------------------* 
15870      %em_getactionstatus(emlib =EMWS1, nodeid=Impt);
MPRINT(EM_DIAGRAM):   
MPRINT(EM_GETACTIONSTATUS):   proc display c=sashelp.emutil.getactionstatus.scl;
MPRINT(EM_GETACTIONSTATUS):   run;

15871      proc compare base=EMWS1.Impt_emtrainvariable compare=EMWS1.Impt_variableSet out=diffDS noprint outnoequal outbase outcomp outdiff;
MPRINT(EM_GETACTIONSTATUS):   proc compare base=EMWS1.Impt_emtrainvariable compare=EMWS1.Impt_variableSet out=diffDS noprint outnoequal outbase outcomp outdiff;
15872      run;
MPRINT(EM_GETACTIONSTATUS):   run;

NOTE: There were 13 observations read from the data set EMWS1.IMPT_EMTRAINVARIABLE.
NOTE: There were 13 observations read from the data set EMWS1.IMPT_VARIABLESET.
NOTE: The data set WORK.DIFFDS has 0 observations and 10 variables.
NOTE: PROCEDURE COMPARE used (Total process time):
      real time           0.01 seconds
      cpu time            0.01 seconds
      

15873      %let diffVar = N;
15874      data _null_;
MPRINT(EM_GETACTIONSTATUS):   data _null_;
15875      set diffDs end=eof;
MPRINT(EM_GETACTIONSTATUS):   set diffDs end=eof;
15876      if eof and _N_>0 then call symput('diffVar', 'Y');
MPRINT(EM_GETACTIONSTATUS):   if eof and _N_>0 then call symput('diffVar', 'Y');
15877      run;
MPRINT(EM_GETACTIONSTATUS):   run;

NOTE: There were 0 observations read from the data set WORK.DIFFDS.
NOTE: DATA statement used (Total process time):
      real time           0.01 seconds
      cpu time            0.01 seconds
      

15878      %let em_Train = N;
15879      %let em_Score = N;
15880      %let em_Report = N;
15881      %let em_Run = N;
NOTE: PROCEDURE DISPLAY used (Total process time):
      real time           0.06 seconds
      cpu time            0.06 seconds
      

MPRINT(EM_GETACTIONSTATUS):    
MPRINT(EM_DIAGRAM):  ;

Node "Impt" has already run. 
Node "Impt" succeeded. 
15882      data _null_;
MPRINT(EM_DIAGRAM):    data _null_;
15883      file emwipmsg;
MPRINT(EM_DIAGRAM):   file emwipmsg;
15884      put '<Node Id="Impt" Event="Complete" Pid="2504" Gridid=""/>';
MPRINT(EM_DIAGRAM):   put '<Node Id="Impt" Event="Complete" Pid="2504" Gridid=""/>';
15885      run;
MPRINT(EM_DIAGRAM):   run;

NOTE: The file EMWIPMSG is:
      Local Host Name=COB-IT-M21,
      Local Host IP addr=fe80::5c5d:1182:f7ca:ccdf%11,
      Peer Hostname Name=COB-IT-M21.ad.louisville.edu,
      Peer IP addr=127.0.0.1,Peer Name=N/A,
      Peer Portno=65022,Lrecl=32767,Recfm=Variable

NOTE: 1 record was written to the file EMWIPMSG.
      The minimum record length was 55.
      The maximum record length was 55.
NOTE: DATA statement used (Total process time):
      real time           0.01 seconds
      cpu time            0.00 seconds
      

traverser_readyNode_note 
15886      data _null_;
MPRINT(EM_DIAGRAM):    data _null_;
15887      file emwipmsg;
MPRINT(EM_DIAGRAM):   file emwipmsg;
15888      put '<Node Id="Varsel" Event="Run" Pid="2504" Gridid=""/>';
MPRINT(EM_DIAGRAM):   put '<Node Id="Varsel" Event="Run" Pid="2504" Gridid=""/>';
15889      run;
MPRINT(EM_DIAGRAM):   run;

NOTE: The file EMWIPMSG is:
      Local Host Name=COB-IT-M21,
      Local Host IP addr=fe80::5c5d:1182:f7ca:ccdf%11,
      Peer Hostname Name=COB-IT-M21.ad.louisville.edu,
      Peer IP addr=127.0.0.1,Peer Name=N/A,
      Peer Portno=65022,Lrecl=32767,Recfm=Variable

NOTE: 1 record was written to the file EMWIPMSG.
      The minimum record length was 52.
      The maximum record length was 52.
NOTE: DATA statement used (Total process time):
      real time           0.00 seconds
      cpu time            0.00 seconds
      

15890      %let emloopmode =;
*------------------------------------------------------------* 
* 
* Varsel : Beginning update before running 
* datetime : 04NOV2015:12:10:10 
* 
*------------------------------------------------------------* 
MPRINT(EM_DIAGRAM):     data WORK.Varsel_FILTERSET;
MPRINT(EM_DIAGRAM):   length PORT $32 USE $1;
MPRINT(EM_DIAGRAM):   DROP DELTACODE APPLYDELTA APPLYSCORE IMPORTPORT;
MPRINT(EM_DIAGRAM):   set EMWS1.Impt_exportSet ;
MPRINT(EM_DIAGRAM):   PORT = '';
MPRINT(EM_DIAGRAM):   USE = '';
MPRINT(EM_DIAGRAM):   where role in( "RAW" "TRAIN" "VALIDATE" "TEST" ) and EXPORT = 'Y' ;
MPRINT(EM_DIAGRAM):   run;
MPRINT(EM_DIAGRAM):    filename _emtool_ 'C:\Users\sakerb01\Desktop\SAS EM 12.3 Tutorials _ Projects\Project_3\Workspaces\EMWS1\Varsel\PROPERTIES.xml' encoding="UTF-8" NOBOM;
15910      %let _HPDMGRIDHOST=;
15911      %let _HPDMGRIDINSTALLLOC=;
15912      %let _HPDMGRIDDATASERVER=;
15913      %hpdm_gridSetOPtions;
MPRINT(EM_DIAGRAM):   
MPRINT(HPDM_GRIDSETOPTIONS):   data _null_;
MPRINT(HPDM_GRIDSETOPTIONS):   length optionString string $2000;
MPRINT(HPDM_GRIDSETOPTIONS):   optionString = reverse(getoption('SET'));
MPRINT(HPDM_GRIDSETOPTIONS):   index = index(optionString, reverse('GRIDHOST'));
MPRINT(HPDM_GRIDSETOPTIONS):   if index then do;
MPRINT(HPDM_GRIDSETOPTIONS):   string = reverse(substr(optionString, 1, index-4));
MPRINT(HPDM_GRIDSETOPTIONS):   host = '"'!!strip(tranwrd(scan(string, 1, ']'), '"', ''))!!'"';
MPRINT(HPDM_GRIDSETOPTIONS):   call symput('_HPDMGRIDHOST', strip(host));
MPRINT(HPDM_GRIDSETOPTIONS):   end;
MPRINT(HPDM_GRIDSETOPTIONS):   index = index(optionString, reverse('GRIDINSTALLLOC'));
MPRINT(HPDM_GRIDSETOPTIONS):   if index then do;
MPRINT(HPDM_GRIDSETOPTIONS):   string = reverse(substr(optionString, 1, index-4));
MPRINT(HPDM_GRIDSETOPTIONS):   install = '"'!!strip(tranwrd(scan(string, 1, ']'), '"', ''))!!'"';
MPRINT(HPDM_GRIDSETOPTIONS):   call symput('_HPDMGRIDINSTALLLOC', strip(install));
MPRINT(HPDM_GRIDSETOPTIONS):   end;
MPRINT(HPDM_GRIDSETOPTIONS):   index = index(optionString, reverse('GRIDDATASERVER'));
MPRINT(HPDM_GRIDSETOPTIONS):   if index then do;
MPRINT(HPDM_GRIDSETOPTIONS):   string = reverse(substr(optionString, 1, index-4));
MPRINT(HPDM_GRIDSETOPTIONS):   server = '"'!!strip(tranwrd(scan(string, 1, ']'), '"', ''))!!'"';
MPRINT(HPDM_GRIDSETOPTIONS):   call symput('_HPDMGRIDDATASERVER', strip(server));
MPRINT(HPDM_GRIDSETOPTIONS):   end;
MPRINT(HPDM_GRIDSETOPTIONS):   run;

NOTE: DATA statement used (Total process time):
      real time           0.01 seconds
      cpu time            0.01 seconds
      

MPRINT(EM_DIAGRAM):  ;

*------------------------------------------------------------* 
* 
* Varsel : End update 
* datetime : 04NOV2015:12:10:11 
* 
*------------------------------------------------------------* 
15914      %em_getactionstatus(emlib =EMWS1, nodeid=Varsel);
MPRINT(EM_DIAGRAM):   
MPRINT(EM_GETACTIONSTATUS):   proc display c=sashelp.emutil.getactionstatus.scl;
MPRINT(EM_GETACTIONSTATUS):   run;

15915      proc compare base=EMWS1.Varsel_emtrainvariable compare=EMWS1.Varsel_variableSet out=diffDS noprint outnoequal outbase outcomp outdiff;
MPRINT(EM_GETACTIONSTATUS):   proc compare base=EMWS1.Varsel_emtrainvariable compare=EMWS1.Varsel_variableSet out=diffDS noprint outnoequal outbase outcomp outdiff;
15916      run;
MPRINT(EM_GETACTIONSTATUS):   run;

NOTE: There were 13 observations read from the data set EMWS1.VARSEL_EMTRAINVARIABLE.
NOTE: There were 13 observations read from the data set EMWS1.VARSEL_VARIABLESET.
NOTE: The data set WORK.DIFFDS has 0 observations and 8 variables.
NOTE: PROCEDURE COMPARE used (Total process time):
      real time           0.03 seconds
      cpu time            0.03 seconds
      

15917      %let diffVar = N;
15918      data _null_;
MPRINT(EM_GETACTIONSTATUS):   data _null_;
15919      set diffDs end=eof;
MPRINT(EM_GETACTIONSTATUS):   set diffDs end=eof;
15920      if eof and _N_>0 then call symput('diffVar', 'Y');
MPRINT(EM_GETACTIONSTATUS):   if eof and _N_>0 then call symput('diffVar', 'Y');
15921      run;
MPRINT(EM_GETACTIONSTATUS):   run;

NOTE: There were 0 observations read from the data set WORK.DIFFDS.
NOTE: DATA statement used (Total process time):
      real time           0.00 seconds
      cpu time            0.00 seconds
      

15922      %let em_Train = N;
15923      %let em_Score = N;
15924      %let em_Report = N;
15925      %let em_Run = N;
NOTE: PROCEDURE DISPLAY used (Total process time):
      real time           0.07 seconds
      cpu time            0.06 seconds
      

MPRINT(EM_GETACTIONSTATUS):    
MPRINT(EM_DIAGRAM):  ;

Node "Varsel" has already run. 
Node "Varsel" succeeded. 
15926      data _null_;
MPRINT(EM_DIAGRAM):    data _null_;
15927      file emwipmsg;
MPRINT(EM_DIAGRAM):   file emwipmsg;
15928      put '<Node Id="Varsel" Event="Complete" Pid="2504" Gridid=""/>';
MPRINT(EM_DIAGRAM):   put '<Node Id="Varsel" Event="Complete" Pid="2504" Gridid=""/>';
15929      run;
MPRINT(EM_DIAGRAM):   run;

NOTE: The file EMWIPMSG is:
      Local Host Name=COB-IT-M21,
      Local Host IP addr=fe80::5c5d:1182:f7ca:ccdf%11,
      Peer Hostname Name=COB-IT-M21.ad.louisville.edu,
      Peer IP addr=127.0.0.1,Peer Name=N/A,
      Peer Portno=65022,Lrecl=32767,Recfm=Variable

NOTE: 1 record was written to the file EMWIPMSG.
      The minimum record length was 57.
      The maximum record length was 57.
NOTE: DATA statement used (Total process time):
      real time           0.01 seconds
      cpu time            0.01 seconds
      

Traverser: Run Completed 
15930      data _null_;
MPRINT(EM_DIAGRAM):    data _null_;
15931      file emwipmsg;
MPRINT(EM_DIAGRAM):   file emwipmsg;
15932      put '<Diagram Event="Complete"/>';
MPRINT(EM_DIAGRAM):   put '<Diagram Event="Complete"/>';
15933      run;
MPRINT(EM_DIAGRAM):   run;

NOTE: The file EMWIPMSG is:
      Local Host Name=COB-IT-M21,
      Local Host IP addr=fe80::5c5d:1182:f7ca:ccdf%11,
      Peer Hostname Name=COB-IT-M21.ad.louisville.edu,
      Peer IP addr=127.0.0.1,Peer Name=N/A,
      Peer Portno=65022,Lrecl=32767,Recfm=Variable

NOTE: 1 record was written to the file EMWIPMSG.
      The minimum record length was 27.
      The maximum record length was 27.
NOTE: DATA statement used (Total process time):
      real time           0.00 seconds
      cpu time            0.00 seconds
      

15934      filename emwipmsg;
MPRINT(EM_DIAGRAM):    filename emwipmsg;
NOTE: Fileref EMWIPMSG has been deassigned.
15935      proc printto;
MPRINT(EM_DIAGRAM):    proc printto;
15936      run;
MPRINT(EM_DIAGRAM):   run;

