 
                                                                                               
 
 
Fit Statistics

Target=BAD Target Label=' '

   Fit
Statistics    Statistics Label                     Train    Validation

 _DFT_        Total Degrees of Freedom           2979.00          .   
 _DFE_        Degrees of Freedom for Error       2966.00          .   
 _DFM_        Model Degrees of Freedom             13.00          .   
 _NW_         Number of Estimated Weights          13.00          .   
 _AIC_        Akaike's Information Criterion     2354.46          .   
 _SBC_        Schwarz's Bayesian Criterion       2432.45          .   
 _ASE_        Average Squared Error                 0.12         0.13 
 _MAX_        Maximum Absolute Error                0.99         0.98 
 _DIV_        Divisor for ASE                    5958.00      5962.00 
 _NOBS_       Sum of Frequencies                 2979.00      2981.00 
 _RASE_       Root Average Squared Error            0.35         0.36 
 _SSE_        Sum of Squared Errors               716.20       763.26 
 _SUMW_       Sum of Case Weights Times Freq     5958.00      5962.00 
 _FPE_        Final Prediction Error                0.12          .   
 _MSE_        Mean Squared Error                    0.12         0.13 
 _RFPE_       Root Final Prediction Error           0.35          .   
 _RMSE_       Root Mean Squared Error               0.35         0.36 
 _AVERR_      Average Error Function                0.39         0.41 
 _ERR_        Error Function                     2328.46      2443.05 
 _MISC_       Misclassification Rate                0.16         0.17 
 _WRONG_      Number of Wrong Classifications     471.00       506.00 
 
                                                                                               
 
 
Classification Table

Data Role=TRAIN Target Variable=BAD Target Label=' '

                       Target        Outcome     Frequency       Total
Target    Outcome    Percentage    Percentage      Count      Percentage

  0          0         85.2876       96.9811        2313        77.6435 
  1          0         14.7124       67.1717         399        13.3938 
  0          1         26.9663        3.0189          72         2.4169 
  1          1         73.0337       32.8283         195         6.5458 


Data Role=VALIDATE Target Variable=BAD Target Label=' '

                       Target        Outcome     Frequency       Total
Target    Outcome    Percentage    Percentage      Count      Percentage

  0          0         84.8406       95.9346        2289        76.7863 
  1          0         15.1594       68.7395         409        13.7202 
  0          1         34.2756        4.0654          97         3.2539 
  1          1         65.7244       31.2605         186         6.2395 
 
                                                                                               
 
 
Event Classification Table

Data Role=TRAIN Target=BAD Target Label=' '

  False       True        False       True
Negative    Negative    Positive    Positive

   399        2313         72          195  


Data Role=VALIDATE Target=BAD Target Label=' '

  False       True        False       True
Negative    Negative    Positive    Positive

   409        2289         97          186  
 
                                                                                               
 
 
Assessment Score Rankings

Data Role=TRAIN Target Variable=BAD Target Label=' '

                                                                                    Mean
                            Cumulative       %      Cumulative     Number of     Posterior
Depth      Gain     Lift       Lift      Response   % Response   Observations   Probability

   5    303.905   4.03905     4.03905     80.5369     80.5369         149         0.85380  
  10    256.783   3.09660     3.56783     61.7450     71.1409         149         0.57154  
  15    204.051   1.98587     3.04051     39.5973     60.6264         149         0.38930  
  20    170.953   1.71660     2.70953     34.2282     54.0268         149         0.30509  
  25    136.284   0.97610     2.36284     19.4631     47.1141         149         0.25220  
  30    112.611   0.94244     2.12611     18.7919     42.3937         149         0.21680  
  35     94.259   0.84147     1.94259     16.7785     38.7344         149         0.19069  
  40     83.019   1.04342     1.83019     20.8054     36.4933         149         0.16932  
  45     75.399   1.14440     1.75399     22.8188     34.9739         149         0.15334  
  50     64.928   0.70683     1.64928     14.0940     32.8859         149         0.13725  
  55     56.972   0.77415     1.56972     15.4362     31.2996         149         0.12235  
  60     46.415   0.30293     1.46415      6.0403     29.1946         149         0.11023  
  65     38.260   0.40390     1.38260      8.0537     27.5684         149         0.09998  
  70     31.750   0.47122     1.31750      9.3960     26.2704         149         0.09071  
  75     25.210   0.33659     1.25210      6.7114     24.9664         149         0.08312  
  80     18.647   0.20195     1.18647      4.0268     23.6577         149         0.07391  
  85     13.252   0.26927     1.13252      5.3691     22.5819         149         0.06427  
  90      9.391   0.43756     1.09391      8.7248     21.8121         149         0.05500  
  95      4.342   0.13463     1.04342      2.6846     20.8054         149         0.04397  
 100      0.000   0.16943     1.00000      3.3784     19.9396         148         0.03173  


Data Role=VALIDATE Target Variable=BAD Target Label=' '

                                                                                    Mean
                            Cumulative       %      Cumulative     Number of     Posterior
Depth      Gain     Lift       Lift      Response   % Response   Observations   Probability

   5    287.446   3.87446     3.87446     77.3333     77.3333         150         0.84113  
  10    220.042   2.52185     3.20042     50.3356     63.8796         149         0.58179  
  15    179.581   1.98386     2.79581     39.5973     55.8036         149         0.42281  
  20    150.085   1.61399     2.50085     32.2148     49.9162         149         0.32683  
  25    118.939   0.94149     2.18939     18.7919     43.6997         149         0.26545  
  30     99.284   1.00874     1.99284     20.1342     39.7765         149         0.22680  
  35     85.719   1.04237     1.85719     20.8054     37.0690         149         0.19835  
  40     74.702   0.97512     1.74702     19.4631     34.8701         149         0.17521  
  45     65.385   0.90787     1.65385     18.1208     33.0104         149         0.15637  
  50     57.930   0.90787     1.57930     18.1208     31.5225         149         0.14106  
  55     50.608   0.77337     1.50608     15.4362     30.0610         149         0.12631  
  60     45.066   0.84062     1.45066     16.7785     28.9547         149         0.11355  
  65     38.307   0.57162     1.38307     11.4094     27.6058         149         0.10175  
  70     32.034   0.50437     1.32034     10.0671     26.3536         149         0.09303  
  75     26.821   0.53800     1.26821     10.7383     25.3131         149         0.08481  
  80     20.578   0.26900     1.20578      5.3691     24.0671         149         0.07625  
  85     15.268   0.30262     1.15268      6.0403     23.0071         149         0.06651  
  90      9.613   0.13450     1.09613      2.6846     21.8785         149         0.05580  
  95      4.731   0.16812     1.04731      3.3557     20.9040         149         0.04557  
 100      0.000   0.10087     1.00000      2.0134     19.9597         149         0.03267  
 
                                                                                               
 
 
Assessment Score Distribution

Data Role=TRAIN Target Variable=BAD Target Label=' '

 Posterior     Number                     Mean
Probability      of      Number of     Posterior
   Range       Events    Nonevents    Probability    Percentage

 0.95-1.00       29           0         0.96621         0.9735 
 0.90-0.95       24           2         0.92290         0.8728 
 0.85-0.90       24           0         0.87627         0.8056 
 0.80-0.85       14           4         0.82468         0.6042 
 0.75-0.80       17          12         0.77698         0.9735 
 0.70-0.75       14          11         0.72804         0.8392 
 0.65-0.70       14          10         0.67551         0.8056 
 0.60-0.65       23           4         0.62666         0.9063 
 0.55-0.60       21          14         0.57520         1.1749 
 0.50-0.55       15          15         0.52422         1.0070 
 0.45-0.50       19          16         0.47368         1.1749 
 0.40-0.45       23          33         0.42060         1.8798 
 0.35-0.40       28          41         0.37288         2.3162 
 0.30-0.35       32          71         0.32359         3.4575 
 0.25-0.30       39         112         0.27291         5.0688 
 0.20-0.25       45         180         0.22275         7.5529 
 0.15-0.20       83         319         0.17209        13.4945 
 0.10-0.15       64         493         0.12185        18.6975 
 0.05-0.10       57         756         0.07565        27.2910 
 0.00-0.05        9         292         0.03803        10.1041 


Data Role=VALIDATE Target Variable=BAD Target Label=' '

 Posterior     Number                     Mean
Probability      of      Number of     Posterior
   Range       Events    Nonevents    Probability    Percentage

 0.95-1.00       24           0         0.96317         0.8051 
 0.90-0.95       17           0         0.92318         0.5703 
 0.85-0.90       20           7         0.88204         0.9057 
 0.80-0.85       23           8         0.82583         1.0399 
 0.75-0.80       15           8         0.76756         0.7716 
 0.70-0.75       18          11         0.72391         0.9728 
 0.65-0.70       18          12         0.67632         1.0064 
 0.60-0.65       13          12         0.62253         0.8386 
 0.55-0.60       20          22         0.57036         1.4089 
 0.50-0.55       18          17         0.52343         1.1741 
 0.45-0.50       29          30         0.47232         1.9792 
 0.40-0.45       24          36         0.42132         2.0127 
 0.35-0.40       21          59         0.37561         2.6837 
 0.30-0.35       30          54         0.32412         2.8178 
 0.25-0.30       32         124         0.27399         5.2331 
 0.20-0.25       43         193         0.22309         7.9168 
 0.15-0.20       73         295         0.17297        12.3449 
 0.10-0.15       89         474         0.12340        18.8863 
 0.05-0.10       61         750         0.07617        27.2056 
 0.00-0.05        7         274         0.03844         9.4264 
